[INFO] Scanning for projects...
[INFO] 
[INFO] --------------< org.apache.commons:commons-collections4 >---------------
[INFO] Building Apache Commons Collections 4.6.0-SNAPSHOT
[INFO]   from pom.xml
[INFO] --------------------------------[ jar ]---------------------------------
[INFO] 
[INFO] >>> nondex:2.1.7:nondex (default-cli) > test-compile @ commons-collections4 >>>
[INFO] 
[INFO] --- enforcer:3.5.0:enforce (enforce-maven-version) @ commons-collections4 ---
[INFO] Rule 0: org.apache.maven.enforcer.rules.version.RequireMavenVersion passed
[INFO] 
[INFO] --- enforcer:3.5.0:enforce (enforce-java-version) @ commons-collections4 ---
[INFO] Rule 0: org.apache.maven.enforcer.rules.version.RequireJavaVersion passed
[INFO] 
[INFO] --- apache-rat:0.17:check (rat-check) @ commons-collections4 ---
[WARNING] Basedir is : /home/pedro_campelo/projects/cin/testesDeValidacaoDeSoftware/flaky-tests-experiments/commons-collections
[INFO] Excluding patterns: site-content/**, .checkstyle, .fbprefs, .pmd, .asf.yaml, .gitattributes, src/site/resources/download_*.cgi, maven-eclipse.xml, .externalToolBuilders/**, .vscode/**, .project, .classpath, .settings/**, **/*.svg, **/*.xcf, .asf.yaml, site-content/**/*, src/test/resources/org/apache/commons/collections4/data/test/*
[INFO] Excluding MAVEN collection.
[INFO] Excluding ECLIPSE collection.
[INFO] Excluding IDEA collection.
[INFO] Processing exclude file from STANDARD_SCMS.
[INFO] Excluding STANDARD_SCMS collection.
[INFO] Excluding MISC collection.
[INFO] Excluding HIDDEN_DIR collection.
[INFO] RAT summary:
[INFO]   Approved:  707
[INFO]   Archives:  0
[INFO]   Binaries:  1
[INFO]   Document types:  4
[INFO]   Ignored:  190
[INFO]   License categories:  1
[INFO]   License names:  1
[INFO]   Notices:  3
[INFO]   Standards:  707
[INFO]   Unapproved:  0
[INFO]   Unknown:  0
[INFO] 
[INFO] --- artifact:3.6.1:check-buildplan (check-buildplan) @ commons-collections4 ---
[INFO] No known issue in 20 plugins
[INFO] 
[INFO] --- build-helper:3.6.1:parse-version (parse-version) @ commons-collections4 ---
[INFO] 
[INFO] --- antrun:3.1.0:run (javadoc.resources) @ commons-collections4 ---
[INFO] Executing tasks
[INFO] Executed tasks
[INFO] 
[INFO] --- remote-resources:3.3.0:process (process-resource-bundles) @ commons-collections4 ---
[INFO] Skipping remote resources execution.
[INFO] 
[INFO] --- resources:3.3.1:resources (default-resources) @ commons-collections4 ---
[INFO] skip non existing resourceDirectory /home/pedro_campelo/projects/cin/testesDeValidacaoDeSoftware/flaky-tests-experiments/commons-collections/src/main/resources
[INFO] Copying 2 resources from  to target/classes/META-INF
[INFO] 
[INFO] --- compiler:3.14.1:compile (default-compile) @ commons-collections4 ---
[INFO] Nothing to compile - all classes are up to date.
[INFO] 
[INFO] --- bundle:6.0.0:manifest (bundle-manifest) @ commons-collections4 ---
[INFO] Writing manifest: /home/pedro_campelo/projects/cin/testesDeValidacaoDeSoftware/flaky-tests-experiments/commons-collections/target/osgi/MANIFEST.MF
[INFO] 
[INFO] --- resources:3.3.1:testResources (default-testResources) @ commons-collections4 ---
[INFO] Copying 185 resources from src/test/resources to target/test-classes
[INFO] Copying 2 resources from  to target/test-classes/META-INF
[INFO] 
[INFO] --- compiler:3.14.1:testCompile (default-testCompile) @ commons-collections4 ---
[INFO] Nothing to compile - all classes are up to date.
[INFO] 
[INFO] <<< nondex:2.1.7:nondex (default-cli) < test-compile @ commons-collections4 <<<
[INFO] 
[INFO] 
[INFO] --- nondex:2.1.7:nondex (default-cli) @ commons-collections4 ---
INFO: The original argline is: 
INFO: Creating new argline for Surefire
CONFIG: nondexFilter=.*
nondexMode=FULL
nondexSeed=933178
nondexStart=0
nondexEnd=9223372036854775807
nondexPrintstack=false
nondexDir=/home/pedro_campelo/projects/cin/testesDeValidacaoDeSoftware/flaky-tests-experiments/commons-collections/.nondex
nondexJarDir=.nondex
nondexExecid=clean_3eLKoropG9R0vaz9DceASgt54nsvvofTVV98g9iIQ8M=
nondexLogging=CONFIG
test=
[WARNING]  Parameter 'disableXmlReport' (user property 'disableXmlReport') is deprecated: Instead use disable within statelessTestsetReporter since of 3.0.0-M6.
[INFO] Using auto detected provider org.apache.maven.surefire.junitplatform.JUnitPlatformProvider
[INFO] 
[INFO] -------------------------------------------------------
[INFO]  T E S T S
[INFO] -------------------------------------------------------
[INFO] Running org.apache.commons.collections4.SetUtilsTest
[INFO] Tests run: 14, Failures: 0, Errors: 0, Skipped: 0, Time elapsed: 0.167 s -- in org.apache.commons.collections4.SetUtilsTest
[INFO] Running org.apache.commons.collections4.TrieUtilsTest
[INFO] Tests run: 1, Failures: 0, Errors: 0, Skipped: 0, Time elapsed: 0.008 s -- in org.apache.commons.collections4.TrieUtilsTest
[INFO] Running org.apache.commons.collections4.multimap.ArrayListValuedLinkedHashMapTest
[WARNING] Tests run: 58, Failures: 0, Errors: 0, Skipped: 1, Time elapsed: 0.505 s -- in org.apache.commons.collections4.multimap.ArrayListValuedLinkedHashMapTest
[INFO] Running org.apache.commons.collections4.multimap.LinkedHashSetValuedLinkedHashMapTest
[WARNING] Tests run: 52, Failures: 0, Errors: 0, Skipped: 1, Time elapsed: 0.381 s -- in org.apache.commons.collections4.multimap.LinkedHashSetValuedLinkedHashMapTest
[INFO] Running org.apache.commons.collections4.multimap.UnmodifiableMultiValuedMapTest
[WARNING] Tests run: 59, Failures: 0, Errors: 0, Skipped: 16, Time elapsed: 0.228 s -- in org.apache.commons.collections4.multimap.UnmodifiableMultiValuedMapTest
[INFO] Running org.apache.commons.collections4.multimap.ArrayListValuedHashMapTest
[WARNING] Tests run: 57, Failures: 0, Errors: 0, Skipped: 1, Time elapsed: 0.313 s -- in org.apache.commons.collections4.multimap.ArrayListValuedHashMapTest
[INFO] Running org.apache.commons.collections4.multimap.HashSetValuedHashMapTest
[WARNING] Tests run: 52, Failures: 0, Errors: 0, Skipped: 1, Time elapsed: 0.390 s -- in org.apache.commons.collections4.multimap.HashSetValuedHashMapTest
[INFO] Running org.apache.commons.collections4.multimap.TransformedMultiValuedMapTest
[WARNING] Tests run: 49, Failures: 0, Errors: 0, Skipped: 1, Time elapsed: 0.302 s -- in org.apache.commons.collections4.multimap.TransformedMultiValuedMapTest
[INFO] Running org.apache.commons.collections4.splitmap.TransformedSplitMapTest
[INFO] Tests run: 4, Failures: 0, Errors: 0, Skipped: 0, Time elapsed: 0.009 s -- in org.apache.commons.collections4.splitmap.TransformedSplitMapTest
[INFO] Running org.apache.commons.collections4.EnumerationUtilsTest
[INFO] Tests run: 6, Failures: 0, Errors: 0, Skipped: 0, Time elapsed: 0.008 s -- in org.apache.commons.collections4.EnumerationUtilsTest
[INFO] Running org.apache.commons.collections4.bloomfilter.IndexExtractorFromSimpleBloomFilterTest
[INFO] Tests run: 9, Failures: 0, Errors: 0, Skipped: 0, Time elapsed: 0.015 s -- in org.apache.commons.collections4.bloomfilter.IndexExtractorFromSimpleBloomFilterTest
[INFO] Running org.apache.commons.collections4.bloomfilter.LayeredBloomFilterTest
[INFO] Tests run: 27, Failures: 0, Errors: 0, Skipped: 0, Time elapsed: 0.716 s -- in org.apache.commons.collections4.bloomfilter.LayeredBloomFilterTest
[INFO] Running org.apache.commons.collections4.bloomfilter.IndexExtractorFromIntArrayTest
[INFO] Tests run: 9, Failures: 0, Errors: 0, Skipped: 0, Time elapsed: 0.010 s -- in org.apache.commons.collections4.bloomfilter.IndexExtractorFromIntArrayTest
[INFO] Running org.apache.commons.collections4.bloomfilter.BloomFilterExtractorFromLayeredBloomFilterTest
[INFO] Tests run: 8, Failures: 0, Errors: 0, Skipped: 0, Time elapsed: 0.015 s -- in org.apache.commons.collections4.bloomfilter.BloomFilterExtractorFromLayeredBloomFilterTest
[INFO] Running org.apache.commons.collections4.bloomfilter.BitMapExtractorFromLongArrayTest
[INFO] Tests run: 7, Failures: 0, Errors: 0, Skipped: 0, Time elapsed: 0.012 s -- in org.apache.commons.collections4.bloomfilter.BitMapExtractorFromLongArrayTest
[INFO] Running org.apache.commons.collections4.bloomfilter.EnhancedDoubleHasherTest
[INFO] Tests run: 14, Failures: 0, Errors: 0, Skipped: 0, Time elapsed: 0.046 s -- in org.apache.commons.collections4.bloomfilter.EnhancedDoubleHasherTest
[INFO] Running org.apache.commons.collections4.bloomfilter.BloomFilterExtractorFromBloomFilterArrayTest
[INFO] Tests run: 8, Failures: 0, Errors: 0, Skipped: 0, Time elapsed: 0.007 s -- in org.apache.commons.collections4.bloomfilter.BloomFilterExtractorFromBloomFilterArrayTest
[INFO] Running org.apache.commons.collections4.bloomfilter.SparseBloomFilterTest
[INFO] Tests run: 20, Failures: 0, Errors: 0, Skipped: 0, Time elapsed: 0.025 s -- in org.apache.commons.collections4.bloomfilter.SparseBloomFilterTest
[INFO] Running org.apache.commons.collections4.bloomfilter.SimpleBloomFilterTest
[INFO] Tests run: 19, Failures: 0, Errors: 0, Skipped: 0, Time elapsed: 0.020 s -- in org.apache.commons.collections4.bloomfilter.SimpleBloomFilterTest
[INFO] Running org.apache.commons.collections4.bloomfilter.DefaultBloomFilterExtractorTest
[INFO] Tests run: 8, Failures: 0, Errors: 0, Skipped: 0, Time elapsed: 0.007 s -- in org.apache.commons.collections4.bloomfilter.DefaultBloomFilterExtractorTest
[INFO] Running org.apache.commons.collections4.bloomfilter.BitMapExtractorFromWrappedBloomFilterTest
[INFO] Tests run: 5, Failures: 0, Errors: 0, Skipped: 0, Time elapsed: 0.006 s -- in org.apache.commons.collections4.bloomfilter.BitMapExtractorFromWrappedBloomFilterTest
[INFO] Running org.apache.commons.collections4.bloomfilter.BitMapTrackerTest
[INFO] Tests run: 1, Failures: 0, Errors: 0, Skipped: 0, Time elapsed: 0.002 s -- in org.apache.commons.collections4.bloomfilter.BitMapTrackerTest
[INFO] Running org.apache.commons.collections4.bloomfilter.CellExtractorFromArrayCountingBloomFilterTest
[INFO] Tests run: 15, Failures: 0, Errors: 0, Skipped: 0, Time elapsed: 0.025 s -- in org.apache.commons.collections4.bloomfilter.CellExtractorFromArrayCountingBloomFilterTest
[INFO] Running org.apache.commons.collections4.bloomfilter.BitMapExtractorFromLayeredBloomFilterTest
[INFO] Tests run: 5, Failures: 0, Errors: 0, Skipped: 0, Time elapsed: 0.004 s -- in org.apache.commons.collections4.bloomfilter.BitMapExtractorFromLayeredBloomFilterTest
[INFO] Running org.apache.commons.collections4.bloomfilter.IndexExtractorTest
[INFO] Tests run: 3, Failures: 0, Errors: 0, Skipped: 0, Time elapsed: 0.009 s -- in org.apache.commons.collections4.bloomfilter.IndexExtractorTest
[INFO] Running org.apache.commons.collections4.bloomfilter.SetOperationsTest
[INFO] Tests run: 12, Failures: 0, Errors: 0, Skipped: 0, Time elapsed: 0.023 s -- in org.apache.commons.collections4.bloomfilter.SetOperationsTest
[INFO] Running org.apache.commons.collections4.bloomfilter.CellExtractorFromLayeredBloomFilterTest
[INFO] Tests run: 15, Failures: 0, Errors: 0, Skipped: 0, Time elapsed: 0.014 s -- in org.apache.commons.collections4.bloomfilter.CellExtractorFromLayeredBloomFilterTest
[INFO] Running org.apache.commons.collections4.bloomfilter.DefaultIndexExtractorTest
[INFO] Tests run: 13, Failures: 0, Errors: 0, Skipped: 0, Time elapsed: 0.013 s -- in org.apache.commons.collections4.bloomfilter.DefaultIndexExtractorTest
[INFO] Running org.apache.commons.collections4.bloomfilter.IndexExtractorFromArrayCountingBloomFilterTest
[INFO] Tests run: 9, Failures: 0, Errors: 0, Skipped: 0, Time elapsed: 0.007 s -- in org.apache.commons.collections4.bloomfilter.IndexExtractorFromArrayCountingBloomFilterTest
[INFO] Running org.apache.commons.collections4.bloomfilter.IndexExtractorFromSparseBloomFilterTest
[INFO] Tests run: 9, Failures: 0, Errors: 0, Skipped: 0, Time elapsed: 0.009 s -- in org.apache.commons.collections4.bloomfilter.IndexExtractorFromSparseBloomFilterTest
[INFO] Running org.apache.commons.collections4.bloomfilter.ArrayTrackerTest
[INFO] Tests run: 1, Failures: 0, Errors: 0, Skipped: 0, Time elapsed: 0.002 s -- in org.apache.commons.collections4.bloomfilter.ArrayTrackerTest
[INFO] Running org.apache.commons.collections4.bloomfilter.IndexExtractorFromUniqueHasherTest
[INFO] Tests run: 9, Failures: 0, Errors: 0, Skipped: 0, Time elapsed: 0.010 s -- in org.apache.commons.collections4.bloomfilter.IndexExtractorFromUniqueHasherTest
[INFO] Running org.apache.commons.collections4.bloomfilter.LayerManagerTest
[INFO] Tests run: 22, Failures: 0, Errors: 0, Skipped: 0, Time elapsed: 0.036 s -- in org.apache.commons.collections4.bloomfilter.LayerManagerTest
[INFO] Running org.apache.commons.collections4.bloomfilter.BloomFilterExtractorTest
[INFO] Tests run: 2, Failures: 0, Errors: 0, Skipped: 0, Time elapsed: 0.003 s -- in org.apache.commons.collections4.bloomfilter.BloomFilterExtractorTest
[INFO] Running org.apache.commons.collections4.bloomfilter.IndexExtractorFromBitmapExtractorTest
[INFO] Tests run: 10, Failures: 0, Errors: 0, Skipped: 0, Time elapsed: 0.011 s -- in org.apache.commons.collections4.bloomfilter.IndexExtractorFromBitmapExtractorTest
[INFO] Running org.apache.commons.collections4.bloomfilter.BitMapExtractorFromSimpleBloomFilterTest
[INFO] Tests run: 5, Failures: 0, Errors: 0, Skipped: 0, Time elapsed: 0.004 s -- in org.apache.commons.collections4.bloomfilter.BitMapExtractorFromSimpleBloomFilterTest
[INFO] Running org.apache.commons.collections4.bloomfilter.IndexFilterTest
[INFO] Tests run: 6, Failures: 0, Errors: 0, Skipped: 0, Time elapsed: 0.031 s -- in org.apache.commons.collections4.bloomfilter.IndexFilterTest
[INFO] Running org.apache.commons.collections4.bloomfilter.WrappedBloomFilterTest
[INFO] Tests run: 21, Failures: 0, Errors: 0, Skipped: 0, Time elapsed: 0.027 s -- in org.apache.commons.collections4.bloomfilter.WrappedBloomFilterTest
[INFO] Running org.apache.commons.collections4.bloomfilter.BitMapsTest
[INFO] Tests run: 7, Failures: 0, Errors: 0, Skipped: 0, Time elapsed: 0.039 s -- in org.apache.commons.collections4.bloomfilter.BitMapsTest
[INFO] Running org.apache.commons.collections4.bloomfilter.CountingPredicateTest
[INFO] Tests run: 3, Failures: 0, Errors: 0, Skipped: 0, Time elapsed: 0.005 s -- in org.apache.commons.collections4.bloomfilter.CountingPredicateTest
[INFO] Running org.apache.commons.collections4.bloomfilter.IndexExtractorFromHasherTest
[INFO] Tests run: 9, Failures: 0, Errors: 0, Skipped: 0, Time elapsed: 0.007 s -- in org.apache.commons.collections4.bloomfilter.IndexExtractorFromHasherTest
[INFO] Running org.apache.commons.collections4.bloomfilter.ShapeTest
[INFO] Tests run: 19, Failures: 0, Errors: 0, Skipped: 0, Time elapsed: 0.035 s -- in org.apache.commons.collections4.bloomfilter.ShapeTest
[INFO] Running org.apache.commons.collections4.bloomfilter.ArrayCountingBloomFilterTest
[INFO] Tests run: 28, Failures: 0, Errors: 0, Skipped: 0, Time elapsed: 0.040 s -- in org.apache.commons.collections4.bloomfilter.ArrayCountingBloomFilterTest
[INFO] Running org.apache.commons.collections4.bloomfilter.BitMapExtractorFromIndexExtractorTest
[INFO] Tests run: 6, Failures: 0, Errors: 0, Skipped: 0, Time elapsed: 0.005 s -- in org.apache.commons.collections4.bloomfilter.BitMapExtractorFromIndexExtractorTest
[INFO] Running org.apache.commons.collections4.bloomfilter.CellExtractorFromDefaultIndexExtractorTest
[INFO] Tests run: 15, Failures: 0, Errors: 0, Skipped: 0, Time elapsed: 0.014 s -- in org.apache.commons.collections4.bloomfilter.CellExtractorFromDefaultIndexExtractorTest
[INFO] Running org.apache.commons.collections4.bloomfilter.DefaultBloomFilterTest
[INFO] Tests run: 25, Failures: 0, Errors: 0, Skipped: 0, Time elapsed: 0.952 s -- in org.apache.commons.collections4.bloomfilter.DefaultBloomFilterTest
[INFO] Running org.apache.commons.collections4.bloomfilter.DefaultBitMapExtractorTest
[INFO] Tests run: 8, Failures: 0, Errors: 0, Skipped: 0, Time elapsed: 0.004 s -- in org.apache.commons.collections4.bloomfilter.DefaultBitMapExtractorTest
[INFO] Running org.apache.commons.collections4.bloomfilter.BitMapExtractorFromSparseBloomFilterTest
[INFO] Tests run: 5, Failures: 0, Errors: 0, Skipped: 0, Time elapsed: 0.002 s -- in org.apache.commons.collections4.bloomfilter.BitMapExtractorFromSparseBloomFilterTest
[INFO] Running org.apache.commons.collections4.bloomfilter.DefaultCellExtractorTest
[INFO] Tests run: 15, Failures: 0, Errors: 0, Skipped: 0, Time elapsed: 0.009 s -- in org.apache.commons.collections4.bloomfilter.DefaultCellExtractorTest
[INFO] Running org.apache.commons.collections4.bloomfilter.BitMapExtractorFromArrayCountingBloomFilterTest
[INFO] Tests run: 5, Failures: 0, Errors: 0, Skipped: 0, Time elapsed: 0.003 s -- in org.apache.commons.collections4.bloomfilter.BitMapExtractorFromArrayCountingBloomFilterTest
[INFO] Running org.apache.commons.collections4.list.NodeCachingLinkedListTest
[INFO] Tests run: 64, Failures: 0, Errors: 0, Skipped: 0, Time elapsed: 0.082 s -- in org.apache.commons.collections4.list.NodeCachingLinkedListTest
[INFO] Running org.apache.commons.collections4.list.PredicatedListTest
[INFO] Tests run: 63, Failures: 0, Errors: 0, Skipped: 0, Time elapsed: 0.050 s -- in org.apache.commons.collections4.list.PredicatedListTest
[INFO] Running org.apache.commons.collections4.list.LazyListTest
[INFO] Tests run: 15, Failures: 0, Errors: 0, Skipped: 0, Time elapsed: 0.011 s -- in org.apache.commons.collections4.list.LazyListTest
[INFO] Running org.apache.commons.collections4.list.DefaultAbstractLinkedListJava21Test
[INFO] Tests run: 68, Failures: 0, Errors: 0, Skipped: 0, Time elapsed: 0.058 s -- in org.apache.commons.collections4.list.DefaultAbstractLinkedListJava21Test
[INFO] Running org.apache.commons.collections4.list.GrowthListTest
[INFO] Tests run: 63, Failures: 0, Errors: 0, Skipped: 0, Time elapsed: 0.064 s -- in org.apache.commons.collections4.list.GrowthListTest
[INFO] Running org.apache.commons.collections4.list.UnmodifiableListTest
[INFO] Tests run: 61, Failures: 0, Errors: 0, Skipped: 0, Time elapsed: 0.059 s -- in org.apache.commons.collections4.list.UnmodifiableListTest
[INFO] Running org.apache.commons.collections4.list.Collections701Test
[INFO] Tests run: 3, Failures: 0, Errors: 0, Skipped: 0, Time elapsed: 0.003 s -- in org.apache.commons.collections4.list.Collections701Test
[INFO] Running org.apache.commons.collections4.list.SetUniqueListTest
[INFO] Tests run: 77, Failures: 0, Errors: 0, Skipped: 0, Time elapsed: 0.080 s -- in org.apache.commons.collections4.list.SetUniqueListTest
[INFO] Running org.apache.commons.collections4.list.TreeListTest
[INFO] Tests run: 66, Failures: 0, Errors: 0, Skipped: 0, Time elapsed: 0.181 s -- in org.apache.commons.collections4.list.TreeListTest
[INFO] Running org.apache.commons.collections4.list.CursorableLinkedListTest
[INFO] Tests run: 112, Failures: 0, Errors: 0, Skipped: 0, Time elapsed: 0.142 s -- in org.apache.commons.collections4.list.CursorableLinkedListTest
[INFO] Running org.apache.commons.collections4.list.TransformedListTest
[INFO] Tests run: 61, Failures: 0, Errors: 0, Skipped: 0, Time elapsed: 0.064 s -- in org.apache.commons.collections4.list.TransformedListTest
[INFO] Running org.apache.commons.collections4.list.FixedSizeListTest
[INFO] Tests run: 65, Failures: 0, Errors: 0, Skipped: 0, Time elapsed: 0.053 s -- in org.apache.commons.collections4.list.FixedSizeListTest
[INFO] Running org.apache.commons.collections4.ListUtilsTest
[INFO] Tests run: 27, Failures: 0, Errors: 0, Skipped: 0, Time elapsed: 0.028 s -- in org.apache.commons.collections4.ListUtilsTest
[INFO] Running org.apache.commons.collections4.IterableUtilsTest
[INFO] Tests run: 42, Failures: 0, Errors: 0, Skipped: 0, Time elapsed: 0.040 s -- in org.apache.commons.collections4.IterableUtilsTest
[INFO] Running org.apache.commons.collections4.functors.NullPredicateTest
[INFO] Tests run: 3, Failures: 0, Errors: 0, Skipped: 0, Time elapsed: 0.003 s -- in org.apache.commons.collections4.functors.NullPredicateTest
[INFO] Running org.apache.commons.collections4.functors.ComparatorPredicateTest
[INFO] Tests run: 6, Failures: 0, Errors: 0, Skipped: 0, Time elapsed: 0.005 s -- in org.apache.commons.collections4.functors.ComparatorPredicateTest
[INFO] Running org.apache.commons.collections4.functors.CatchAndRethrowClosureTest
[INFO] Tests run: 4, Failures: 0, Errors: 0, Skipped: 0, Time elapsed: 0.014 s -- in org.apache.commons.collections4.functors.CatchAndRethrowClosureTest
[INFO] Running org.apache.commons.collections4.functors.EqualPredicateTest
[INFO] Tests run: 4, Failures: 0, Errors: 0, Skipped: 0, Time elapsed: 0.003 s -- in org.apache.commons.collections4.functors.EqualPredicateTest
[INFO] Running org.apache.commons.collections4.functors.AllPredicateTest
[INFO] Tests run: 13, Failures: 0, Errors: 0, Skipped: 0, Time elapsed: 0.031 s -- in org.apache.commons.collections4.functors.AllPredicateTest
[INFO] Running org.apache.commons.collections4.bag.HashBagTest
[INFO] Tests run: 47, Failures: 0, Errors: 0, Skipped: 0, Time elapsed: 0.042 s -- in org.apache.commons.collections4.bag.HashBagTest
[INFO] Running org.apache.commons.collections4.bag.TreeBagTest
[INFO] Tests run: 50, Failures: 0, Errors: 0, Skipped: 0, Time elapsed: 0.039 s -- in org.apache.commons.collections4.bag.TreeBagTest
[INFO] Running org.apache.commons.collections4.bag.PredicatedBagTest
[INFO] Tests run: 50, Failures: 0, Errors: 0, Skipped: 0, Time elapsed: 0.034 s -- in org.apache.commons.collections4.bag.PredicatedBagTest
[INFO] Running org.apache.commons.collections4.bag.CollectionBagTest
[INFO] Tests run: 31, Failures: 0, Errors: 0, Skipped: 0, Time elapsed: 0.027 s -- in org.apache.commons.collections4.bag.CollectionBagTest
[INFO] Running org.apache.commons.collections4.bag.UnmodifiableSortedBagTest
[INFO] Tests run: 49, Failures: 0, Errors: 0, Skipped: 0, Time elapsed: 0.036 s -- in org.apache.commons.collections4.bag.UnmodifiableSortedBagTest
[INFO] Running org.apache.commons.collections4.bag.UnmodifiableBagTest
[INFO] Tests run: 49, Failures: 0, Errors: 0, Skipped: 0, Time elapsed: 0.038 s -- in org.apache.commons.collections4.bag.UnmodifiableBagTest
[INFO] Running org.apache.commons.collections4.bag.SynchronizedBagTest
[INFO] Tests run: 47, Failures: 0, Errors: 0, Skipped: 0, Time elapsed: 0.034 s -- in org.apache.commons.collections4.bag.SynchronizedBagTest
[INFO] Running org.apache.commons.collections4.bag.PredicatedSortedBagTest
[INFO] Tests run: 49, Failures: 0, Errors: 0, Skipped: 0, Time elapsed: 0.039 s -- in org.apache.commons.collections4.bag.PredicatedSortedBagTest
[INFO] Running org.apache.commons.collections4.bag.TransformedBagTest
[INFO] Tests run: 49, Failures: 0, Errors: 0, Skipped: 0, Time elapsed: 0.036 s -- in org.apache.commons.collections4.bag.TransformedBagTest
[INFO] Running org.apache.commons.collections4.bag.CollectionSortedBagTest
[INFO] Tests run: 29, Failures: 0, Errors: 0, Skipped: 0, Time elapsed: 0.022 s -- in org.apache.commons.collections4.bag.CollectionSortedBagTest
[INFO] Running org.apache.commons.collections4.bag.TransformedSortedBagTest
[INFO] Tests run: 49, Failures: 0, Errors: 0, Skipped: 0, Time elapsed: 0.036 s -- in org.apache.commons.collections4.bag.TransformedSortedBagTest
[INFO] Running org.apache.commons.collections4.FluentIterableTest
[INFO] Tests run: 26, Failures: 0, Errors: 0, Skipped: 0, Time elapsed: 0.046 s -- in org.apache.commons.collections4.FluentIterableTest
[INFO] Running org.apache.commons.collections4.PredicateUtilsTest
[INFO] Tests run: 65, Failures: 0, Errors: 0, Skipped: 0, Time elapsed: 0.081 s -- in org.apache.commons.collections4.PredicateUtilsTest
[INFO] Running org.apache.commons.collections4.sequence.SequencesComparatorTest
[INFO] Tests run: 4, Failures: 0, Errors: 0, Skipped: 0, Time elapsed: 0.210 s -- in org.apache.commons.collections4.sequence.SequencesComparatorTest
[INFO] Running org.apache.commons.collections4.IteratorUtilsTest
[INFO] Tests run: 53, Failures: 0, Errors: 0, Skipped: 0, Time elapsed: 0.384 s -- in org.apache.commons.collections4.IteratorUtilsTest
[INFO] Running org.apache.commons.collections4.CollectionUtilsTest
[INFO] Tests run: 161, Failures: 0, Errors: 0, Skipped: 0, Time elapsed: 0.111 s -- in org.apache.commons.collections4.CollectionUtilsTest
[INFO] Running org.apache.commons.collections4.keyvalue.MultiKeyTest
[INFO] Tests run: 18, Failures: 0, Errors: 0, Skipped: 0, Time elapsed: 0.026 s -- in org.apache.commons.collections4.keyvalue.MultiKeyTest
[INFO] Running org.apache.commons.collections4.keyvalue.DefaultMapEntryTest
[INFO] Tests run: 5, Failures: 0, Errors: 0, Skipped: 0, Time elapsed: 0.002 s -- in org.apache.commons.collections4.keyvalue.DefaultMapEntryTest
[INFO] Running org.apache.commons.collections4.keyvalue.DefaultKeyValueTest
[INFO] Tests run: 6, Failures: 0, Errors: 0, Skipped: 0, Time elapsed: 0.003 s -- in org.apache.commons.collections4.keyvalue.DefaultKeyValueTest
[INFO] Running org.apache.commons.collections4.keyvalue.TiedMapEntryTest
[INFO] Tests run: 6, Failures: 0, Errors: 0, Skipped: 0, Time elapsed: 0.004 s -- in org.apache.commons.collections4.keyvalue.TiedMapEntryTest
[INFO] Running org.apache.commons.collections4.keyvalue.UnmodifiableMapEntryTest
[INFO] Tests run: 6, Failures: 0, Errors: 0, Skipped: 0, Time elapsed: 0.004 s -- in org.apache.commons.collections4.keyvalue.UnmodifiableMapEntryTest
[INFO] Running org.apache.commons.collections4.BagUtilsTest
[INFO] Tests run: 8, Failures: 0, Errors: 0, Skipped: 0, Time elapsed: 0.008 s -- in org.apache.commons.collections4.BagUtilsTest
[INFO] Running org.apache.commons.collections4.TransformerUtilsTest
[INFO] Tests run: 18, Failures: 0, Errors: 0, Skipped: 0, Time elapsed: 0.023 s -- in org.apache.commons.collections4.TransformerUtilsTest
[INFO] Running org.apache.commons.collections4.comparators.FixedOrderComparatorTest
[INFO] Running org.apache.commons.collections4.comparators.FixedOrderComparatorTest$Equals
[INFO] Tests run: 28, Failures: 0, Errors: 0, Skipped: 0, Time elapsed: 0.003 s -- in org.apache.commons.collections4.comparators.FixedOrderComparatorTest$Equals
[INFO] Tests run: 0, Failures: 0, Errors: 0, Skipped: 0, Time elapsed: 0.017 s -- in org.apache.commons.collections4.comparators.FixedOrderComparatorTest
[INFO] Running org.apache.commons.collections4.comparators.ComparatorChainTest
[INFO] Tests run: 18, Failures: 0, Errors: 0, Skipped: 0, Time elapsed: 0.015 s -- in org.apache.commons.collections4.comparators.ComparatorChainTest
[INFO] Running org.apache.commons.collections4.comparators.ComparableComparatorTest
[INFO] Tests run: 13, Failures: 0, Errors: 0, Skipped: 0, Time elapsed: 0.006 s -- in org.apache.commons.collections4.comparators.ComparableComparatorTest
[INFO] Running org.apache.commons.collections4.comparators.ReverseComparatorTest
[INFO] Tests run: 13, Failures: 0, Errors: 0, Skipped: 0, Time elapsed: 0.008 s -- in org.apache.commons.collections4.comparators.ReverseComparatorTest
[INFO] Running org.apache.commons.collections4.comparators.BooleanComparatorTest
[INFO] Tests run: 16, Failures: 0, Errors: 0, Skipped: 0, Time elapsed: 0.011 s -- in org.apache.commons.collections4.comparators.BooleanComparatorTest
[INFO] Running org.apache.commons.collections4.comparators.TransformingComparatorTest
[INFO] Tests run: 14, Failures: 0, Errors: 0, Skipped: 0, Time elapsed: 0.009 s -- in org.apache.commons.collections4.comparators.TransformingComparatorTest
[INFO] Running org.apache.commons.collections4.ArrayUtilsTest
[INFO] Tests run: 3, Failures: 0, Errors: 0, Skipped: 0, Time elapsed: 0.002 s -- in org.apache.commons.collections4.ArrayUtilsTest
[INFO] Running org.apache.commons.collections4.queue.PredicatedQueueTest
[INFO] Tests run: 38, Failures: 0, Errors: 0, Skipped: 0, Time elapsed: 0.027 s -- in org.apache.commons.collections4.queue.PredicatedQueueTest
[INFO] Running org.apache.commons.collections4.queue.SynchronizedQueueTest
[WARNING] Tests run: 37, Failures: 0, Errors: 0, Skipped: 1, Time elapsed: 0.019 s -- in org.apache.commons.collections4.queue.SynchronizedQueueTest
[INFO] Running org.apache.commons.collections4.queue.UnmodifiableQueueTest
[INFO] Tests run: 40, Failures: 0, Errors: 0, Skipped: 0, Time elapsed: 0.026 s -- in org.apache.commons.collections4.queue.UnmodifiableQueueTest
[INFO] Running org.apache.commons.collections4.queue.TransformedQueueTest
[INFO] Tests run: 38, Failures: 0, Errors: 0, Skipped: 0, Time elapsed: 0.022 s -- in org.apache.commons.collections4.queue.TransformedQueueTest
[INFO] Running org.apache.commons.collections4.queue.CircularFifoQueueTest
[INFO] Tests run: 55, Failures: 0, Errors: 0, Skipped: 0, Time elapsed: 0.031 s -- in org.apache.commons.collections4.queue.CircularFifoQueueTest
[INFO] Running org.apache.commons.collections4.FactoryUtilsTest
[INFO] Tests run: 16, Failures: 0, Errors: 0, Skipped: 0, Time elapsed: 0.016 s -- in org.apache.commons.collections4.FactoryUtilsTest
[INFO] Running org.apache.commons.collections4.MapUtilsTest
[INFO] Tests run: 66, Failures: 0, Errors: 0, Skipped: 0, Time elapsed: 0.063 s -- in org.apache.commons.collections4.MapUtilsTest
[INFO] Running org.apache.commons.collections4.map.PredicatedMapTest
[INFO] Tests run: 62, Failures: 0, Errors: 0, Skipped: 0, Time elapsed: 0.071 s -- in org.apache.commons.collections4.map.PredicatedMapTest
[INFO] Running org.apache.commons.collections4.map.HashedMapTest
[INFO] Tests run: 63, Failures: 0, Errors: 0, Skipped: 0, Time elapsed: 0.053 s -- in org.apache.commons.collections4.map.HashedMapTest
[INFO] Running org.apache.commons.collections4.map.UnmodifiableOrderedMapTest
[WARNING] Tests run: 66, Failures: 0, Errors: 0, Skipped: 4, Time elapsed: 0.040 s -- in org.apache.commons.collections4.map.UnmodifiableOrderedMapTest
[INFO] Running org.apache.commons.collections4.map.HashMapSanityTest
[INFO] Tests run: 57, Failures: 0, Errors: 0, Skipped: 0, Time elapsed: 0.026 s -- in org.apache.commons.collections4.map.HashMapSanityTest
[INFO] Running org.apache.commons.collections4.map.ConcurrentReferenceHashMapKWeakVWeakIdCTest
[INFO] Tests run: 57, Failures: 0, Errors: 0, Skipped: 0, Time elapsed: 0.051 s -- in org.apache.commons.collections4.map.ConcurrentReferenceHashMapKWeakVWeakIdCTest
[INFO] Running org.apache.commons.collections4.map.CaseInsensitiveMapTest
[INFO] Tests run: 66, Failures: 0, Errors: 0, Skipped: 0, Time elapsed: 0.044 s -- in org.apache.commons.collections4.map.CaseInsensitiveMapTest
[INFO] Running org.apache.commons.collections4.map.TransformedSortedMapTest
[INFO] Tests run: 63, Failures: 0, Errors: 0, Skipped: 0, Time elapsed: 0.042 s -- in org.apache.commons.collections4.map.TransformedSortedMapTest
[INFO] Running org.apache.commons.collections4.map.Flat3MapTest
[INFO] Tests run: 105, Failures: 0, Errors: 0, Skipped: 0, Time elapsed: 0.048 s -- in org.apache.commons.collections4.map.Flat3MapTest
[INFO] Running org.apache.commons.collections4.map.LRUMapTest
[INFO] Tests run: 80, Failures: 0, Errors: 0, Skipped: 0, Time elapsed: 4.131 s -- in org.apache.commons.collections4.map.LRUMapTest
[INFO] Running org.apache.commons.collections4.map.UnmodifiableMapTest
[WARNING] Tests run: 62, Failures: 0, Errors: 0, Skipped: 4, Time elapsed: 0.025 s -- in org.apache.commons.collections4.map.UnmodifiableMapTest
[INFO] Running org.apache.commons.collections4.map.ConcurrentReferenceHashMapKWeakVSoftIdCTest
[INFO] Tests run: 57, Failures: 0, Errors: 0, Skipped: 0, Time elapsed: 0.038 s -- in org.apache.commons.collections4.map.ConcurrentReferenceHashMapKWeakVSoftIdCTest
[INFO] Running org.apache.commons.collections4.map.ConcurrentReferenceHashMapKStrongVWeakIdCTest
[INFO] Tests run: 57, Failures: 0, Errors: 0, Skipped: 0, Time elapsed: 0.042 s -- in org.apache.commons.collections4.map.ConcurrentReferenceHashMapKStrongVWeakIdCTest
[INFO] Running org.apache.commons.collections4.map.ListOrderedMap2Test
[INFO] Tests run: 68, Failures: 0, Errors: 0, Skipped: 0, Time elapsed: 0.049 s -- in org.apache.commons.collections4.map.ListOrderedMap2Test
[INFO] Running org.apache.commons.collections4.map.SingletonMapTest
[WARNING] Tests run: 67, Failures: 0, Errors: 0, Skipped: 3, Time elapsed: 0.032 s -- in org.apache.commons.collections4.map.SingletonMapTest
[INFO] Running org.apache.commons.collections4.map.ConcurrentReferenceHashMapKSoftVStrongTest
[INFO] Tests run: 57, Failures: 0, Errors: 0, Skipped: 0, Time elapsed: 0.038 s -- in org.apache.commons.collections4.map.ConcurrentReferenceHashMapKSoftVStrongTest
[INFO] Running org.apache.commons.collections4.map.FixedSizeSortedMapTest
[WARNING] Tests run: 60, Failures: 0, Errors: 0, Skipped: 3, Time elapsed: 0.053 s -- in org.apache.commons.collections4.map.FixedSizeSortedMapTest
[INFO] Running org.apache.commons.collections4.map.ConcurrentReferenceHashMapKSoftVSoftIdCTest
[INFO] Tests run: 57, Failures: 0, Errors: 0, Skipped: 0, Time elapsed: 0.030 s -- in org.apache.commons.collections4.map.ConcurrentReferenceHashMapKSoftVSoftIdCTest
[INFO] Running org.apache.commons.collections4.map.ConcurrentReferenceHashMapTest
[INFO] Tests run: 1, Failures: 0, Errors: 0, Skipped: 0, Time elapsed: 0 s -- in org.apache.commons.collections4.map.ConcurrentReferenceHashMapTest
[INFO] Running org.apache.commons.collections4.map.ConcurrentReferenceHashMapKWeakVStrongIdCTest
[INFO] Tests run: 57, Failures: 0, Errors: 0, Skipped: 0, Time elapsed: 0.031 s -- in org.apache.commons.collections4.map.ConcurrentReferenceHashMapKWeakVStrongIdCTest
[INFO] Running org.apache.commons.collections4.map.ConcurrentReferenceHashMapKStrongVWeakTest
[INFO] Tests run: 57, Failures: 0, Errors: 0, Skipped: 0, Time elapsed: 0.033 s -- in org.apache.commons.collections4.map.ConcurrentReferenceHashMapKStrongVWeakTest
[INFO] Running org.apache.commons.collections4.map.DefaultedMapTest
[INFO] Tests run: 64, Failures: 0, Errors: 0, Skipped: 0, Time elapsed: 0.036 s -- in org.apache.commons.collections4.map.DefaultedMapTest
[INFO] Running org.apache.commons.collections4.map.MultiKeyMapTest
[INFO] Tests run: 73, Failures: 0, Errors: 0, Skipped: 0, Time elapsed: 0.059 s -- in org.apache.commons.collections4.map.MultiKeyMapTest
[INFO] Running org.apache.commons.collections4.map.MultiKeyMapCompress672Test
[INFO] Tests run: 1, Failures: 0, Errors: 0, Skipped: 0, Time elapsed: 0.001 s -- in org.apache.commons.collections4.map.MultiKeyMapCompress672Test
[INFO] Running org.apache.commons.collections4.map.StaticBucketMapTest
[INFO] Tests run: 63, Failures: 0, Errors: 0, Skipped: 0, Time elapsed: 0.058 s -- in org.apache.commons.collections4.map.StaticBucketMapTest
[INFO] Running org.apache.commons.collections4.map.PredicatedSortedMapTest
[INFO] Tests run: 64, Failures: 0, Errors: 0, Skipped: 0, Time elapsed: 0.047 s -- in org.apache.commons.collections4.map.PredicatedSortedMapTest
[INFO] Running org.apache.commons.collections4.map.ConcurrentReferenceHashMapKSoftVWeakTest
[INFO] Tests run: 57, Failures: 0, Errors: 0, Skipped: 0, Time elapsed: 0.032 s -- in org.apache.commons.collections4.map.ConcurrentReferenceHashMapKSoftVWeakTest
[INFO] Running org.apache.commons.collections4.map.UnmodifiableSortedMapTest
[WARNING] Tests run: 65, Failures: 0, Errors: 0, Skipped: 4, Time elapsed: 0.023 s -- in org.apache.commons.collections4.map.UnmodifiableSortedMapTest
[INFO] Running org.apache.commons.collections4.map.ConcurrentReferenceHashMapKSoftVSoftTest
[INFO] Tests run: 57, Failures: 0, Errors: 0, Skipped: 0, Time elapsed: 0.028 s -- in org.apache.commons.collections4.map.ConcurrentReferenceHashMapKSoftVSoftTest
[INFO] Running org.apache.commons.collections4.map.ReferenceIdentityMapTest
[INFO] Tests run: 64, Failures: 0, Errors: 0, Skipped: 0, Time elapsed: 0.170 s -- in org.apache.commons.collections4.map.ReferenceIdentityMapTest
[INFO] Running org.apache.commons.collections4.map.MultiValueMapTest
[INFO] Tests run: 36, Failures: 0, Errors: 0, Skipped: 0, Time elapsed: 0.017 s -- in org.apache.commons.collections4.map.MultiValueMapTest
[INFO] Running org.apache.commons.collections4.map.ConcurrentReferenceHashMapKWeakVStrongTest
[INFO] Tests run: 57, Failures: 0, Errors: 0, Skipped: 0, Time elapsed: 0.044 s -- in org.apache.commons.collections4.map.ConcurrentReferenceHashMapKWeakVStrongTest
[INFO] Running org.apache.commons.collections4.map.LazyMapTest
[INFO] Tests run: 62, Failures: 0, Errors: 0, Skipped: 0, Time elapsed: 0.033 s -- in org.apache.commons.collections4.map.LazyMapTest
[INFO] Running org.apache.commons.collections4.map.ConcurrentReferenceHashMapKWeakVSoftTest
[INFO] Tests run: 57, Failures: 0, Errors: 0, Skipped: 0, Time elapsed: 0.025 s -- in org.apache.commons.collections4.map.ConcurrentReferenceHashMapKWeakVSoftTest
[INFO] Running org.apache.commons.collections4.map.LazySortedMapTest
[INFO] Tests run: 63, Failures: 0, Errors: 0, Skipped: 0, Time elapsed: 0.037 s -- in org.apache.commons.collections4.map.LazySortedMapTest
[INFO] Running org.apache.commons.collections4.map.ConcurrentReferenceHashMapKSoftVWeakIdCTest
[INFO] Tests run: 57, Failures: 0, Errors: 0, Skipped: 0, Time elapsed: 0.036 s -- in org.apache.commons.collections4.map.ConcurrentReferenceHashMapKSoftVWeakIdCTest
[INFO] Running org.apache.commons.collections4.map.ConcurrentReferenceHashMapKStrongVSoftTest
[INFO] Tests run: 57, Failures: 0, Errors: 0, Skipped: 0, Time elapsed: 0.044 s -- in org.apache.commons.collections4.map.ConcurrentReferenceHashMapKStrongVSoftTest
[INFO] Running org.apache.commons.collections4.map.ConcurrentReferenceHashMapKStrongVStrongTest
[INFO] Tests run: 57, Failures: 0, Errors: 0, Skipped: 0, Time elapsed: 0.041 s -- in org.apache.commons.collections4.map.ConcurrentReferenceHashMapKStrongVStrongTest
[INFO] Running org.apache.commons.collections4.map.TransformedMapTest
[INFO] Tests run: 63, Failures: 0, Errors: 0, Skipped: 0, Time elapsed: 0.041 s -- in org.apache.commons.collections4.map.TransformedMapTest
[INFO] Running org.apache.commons.collections4.map.ConcurrentHashMapSanityTest
[INFO] Tests run: 57, Failures: 0, Errors: 0, Skipped: 0, Time elapsed: 0.048 s -- in org.apache.commons.collections4.map.ConcurrentHashMapSanityTest
[INFO] Running org.apache.commons.collections4.map.CompositeMapTest
[INFO] Tests run: 68, Failures: 0, Errors: 0, Skipped: 0, Time elapsed: 0.080 s -- in org.apache.commons.collections4.map.CompositeMapTest
[INFO] Running org.apache.commons.collections4.map.ConcurrentReferenceHashMapKSoftVStrongIdCTest
[INFO] Tests run: 57, Failures: 0, Errors: 0, Skipped: 0, Time elapsed: 0.041 s -- in org.apache.commons.collections4.map.ConcurrentReferenceHashMapKSoftVStrongIdCTest
[INFO] Running org.apache.commons.collections4.map.LinkedMapTest
[INFO] Tests run: 72, Failures: 0, Errors: 0, Skipped: 0, Time elapsed: 0.046 s -- in org.apache.commons.collections4.map.LinkedMapTest
[INFO] Running org.apache.commons.collections4.map.ConcurrentReferenceHashMapKWeakVWeakTest
[INFO] Tests run: 57, Failures: 0, Errors: 0, Skipped: 0, Time elapsed: 0.049 s -- in org.apache.commons.collections4.map.ConcurrentReferenceHashMapKWeakVWeakTest
[INFO] Running org.apache.commons.collections4.map.ConcurrentReferenceHashMapKStrongVSoftIdCTest
[INFO] Tests run: 57, Failures: 0, Errors: 0, Skipped: 0, Time elapsed: 0.050 s -- in org.apache.commons.collections4.map.ConcurrentReferenceHashMapKStrongVSoftIdCTest
[INFO] Running org.apache.commons.collections4.map.ConcurrentReferenceHashMapKStrongVStrongIdCTest
[INFO] Tests run: 57, Failures: 0, Errors: 0, Skipped: 0, Time elapsed: 0.046 s -- in org.apache.commons.collections4.map.ConcurrentReferenceHashMapKStrongVStrongIdCTest
[INFO] Running org.apache.commons.collections4.map.ConcurrentReferenceHashMapDefaultsTest
[INFO] Tests run: 57, Failures: 0, Errors: 0, Skipped: 0, Time elapsed: 0.043 s -- in org.apache.commons.collections4.map.ConcurrentReferenceHashMapDefaultsTest
[INFO] Running org.apache.commons.collections4.map.ReferenceMapTest
[INFO] Tests run: 65, Failures: 0, Errors: 0, Skipped: 0, Time elapsed: 0.179 s -- in org.apache.commons.collections4.map.ReferenceMapTest
[INFO] Running org.apache.commons.collections4.map.FixedSizeMapTest
[WARNING] Tests run: 60, Failures: 0, Errors: 0, Skipped: 3, Time elapsed: 0.034 s -- in org.apache.commons.collections4.map.FixedSizeMapTest
[INFO] Running org.apache.commons.collections4.map.PassiveExpiringMapTest
[INFO] Tests run: 70, Failures: 0, Errors: 0, Skipped: 0, Time elapsed: 5.129 s -- in org.apache.commons.collections4.map.PassiveExpiringMapTest
[INFO] Running org.apache.commons.collections4.map.ListOrderedMapTest
[INFO] Tests run: 77, Failures: 0, Errors: 0, Skipped: 0, Time elapsed: 0.032 s -- in org.apache.commons.collections4.map.ListOrderedMapTest
[INFO] Running org.apache.commons.collections4.bidimap.UnmodifiableSortedBidiMapTest
[WARNING] Tests run: 89, Failures: 0, Errors: 0, Skipped: 4, Time elapsed: 0.040 s -- in org.apache.commons.collections4.bidimap.UnmodifiableSortedBidiMapTest
[INFO] Running org.apache.commons.collections4.bidimap.DualLinkedHashBidiMapTest
[INFO] Tests run: 71, Failures: 0, Errors: 0, Skipped: 0, Time elapsed: 0.039 s -- in org.apache.commons.collections4.bidimap.DualLinkedHashBidiMapTest
[INFO] Running org.apache.commons.collections4.bidimap.TreeBidiMapTest
[WARNING] Tests run: 75, Failures: 0, Errors: 0, Skipped: 1, Time elapsed: 0.069 s -- in org.apache.commons.collections4.bidimap.TreeBidiMapTest
[INFO] Running org.apache.commons.collections4.bidimap.DualTreeBidiMapTest
[INFO] Tests run: 87, Failures: 0, Errors: 0, Skipped: 0, Time elapsed: 0.040 s -- in org.apache.commons.collections4.bidimap.DualTreeBidiMapTest
[INFO] Running org.apache.commons.collections4.bidimap.UnmodifiableOrderedBidiMapTest
[WARNING] Tests run: 77, Failures: 0, Errors: 0, Skipped: 4, Time elapsed: 0.028 s -- in org.apache.commons.collections4.bidimap.UnmodifiableOrderedBidiMapTest
[INFO] Running org.apache.commons.collections4.bidimap.DualTreeBidiMap2Test
[INFO] Tests run: 92, Failures: 0, Errors: 0, Skipped: 0, Time elapsed: 0.053 s -- in org.apache.commons.collections4.bidimap.DualTreeBidiMap2Test
[INFO] Running org.apache.commons.collections4.bidimap.DualHashBidiMapTest
[WARNING] Tests run: 71, Failures: 0, Errors: 0, Skipped: 1, Time elapsed: 0.037 s -- in org.apache.commons.collections4.bidimap.DualHashBidiMapTest
[INFO] Running org.apache.commons.collections4.bidimap.UnmodifiableBidiMapTest
[WARNING] Tests run: 73, Failures: 0, Errors: 0, Skipped: 5, Time elapsed: 0.032 s -- in org.apache.commons.collections4.bidimap.UnmodifiableBidiMapTest
[INFO] Running org.apache.commons.collections4.ComparatorUtilsTest
[INFO] Tests run: 6, Failures: 0, Errors: 0, Skipped: 0, Time elapsed: 0.003 s -- in org.apache.commons.collections4.ComparatorUtilsTest
[INFO] Running org.apache.commons.collections4.QueueUtilsTest
[INFO] Tests run: 5, Failures: 0, Errors: 0, Skipped: 0, Time elapsed: 0.007 s -- in org.apache.commons.collections4.QueueUtilsTest
[INFO] Running org.apache.commons.collections4.properties.PropertiesFactoryTest
[WARNING] Tests run: 19, Failures: 0, Errors: 0, Skipped: 2, Time elapsed: 0.063 s -- in org.apache.commons.collections4.properties.PropertiesFactoryTest
[INFO] Running org.apache.commons.collections4.properties.OrderedPropertiesTest
[INFO] Tests run: 15, Failures: 0, Errors: 0, Skipped: 0, Time elapsed: 0.015 s -- in org.apache.commons.collections4.properties.OrderedPropertiesTest
[INFO] Running org.apache.commons.collections4.properties.SortedPropertiesTest
[INFO] Tests run: 17, Failures: 0, Errors: 0, Skipped: 0, Time elapsed: 0.013 s -- in org.apache.commons.collections4.properties.SortedPropertiesTest
[INFO] Running org.apache.commons.collections4.properties.EmptyPropertiesTest
[INFO] Tests run: 46, Failures: 0, Errors: 0, Skipped: 0, Time elapsed: 0.044 s -- in org.apache.commons.collections4.properties.EmptyPropertiesTest
[INFO] Running org.apache.commons.collections4.properties.SortedPropertiesFactoryTest
[WARNING] Tests run: 19, Failures: 0, Errors: 0, Skipped: 2, Time elapsed: 0.040 s -- in org.apache.commons.collections4.properties.SortedPropertiesFactoryTest
[INFO] Running org.apache.commons.collections4.properties.OrderedPropertiesFactoryTest
[WARNING] Tests run: 19, Failures: 0, Errors: 0, Skipped: 2, Time elapsed: 0.044 s -- in org.apache.commons.collections4.properties.OrderedPropertiesFactoryTest
[INFO] Running org.apache.commons.collections4.multiset.HashMultiSetTest
[INFO] Tests run: 48, Failures: 0, Errors: 0, Skipped: 0, Time elapsed: 0.026 s -- in org.apache.commons.collections4.multiset.HashMultiSetTest
[INFO] Running org.apache.commons.collections4.multiset.UnmodifiableMultiSetTest
[INFO] Tests run: 54, Failures: 0, Errors: 0, Skipped: 0, Time elapsed: 0.020 s -- in org.apache.commons.collections4.multiset.UnmodifiableMultiSetTest
[INFO] Running org.apache.commons.collections4.multiset.PredicatedMultiSetTest
[INFO] Tests run: 51, Failures: 0, Errors: 0, Skipped: 0, Time elapsed: 0.018 s -- in org.apache.commons.collections4.multiset.PredicatedMultiSetTest
[INFO] Running org.apache.commons.collections4.multiset.SynchronizedMultiSetTest
[INFO] Tests run: 48, Failures: 0, Errors: 0, Skipped: 0, Time elapsed: 0.019 s -- in org.apache.commons.collections4.multiset.SynchronizedMultiSetTest
[INFO] Running org.apache.commons.collections4.ClosureUtilsTest
[INFO] Tests run: 12, Failures: 0, Errors: 0, Skipped: 0, Time elapsed: 0.011 s -- in org.apache.commons.collections4.ClosureUtilsTest
[INFO] Running org.apache.commons.collections4.MultiSetUtilsTest
[INFO] Tests run: 4, Failures: 0, Errors: 0, Skipped: 0, Time elapsed: 0.003 s -- in org.apache.commons.collections4.MultiSetUtilsTest
[INFO] Running org.apache.commons.collections4.collection.IndexedCollectionTest
[INFO] Tests run: 31, Failures: 0, Errors: 0, Skipped: 0, Time elapsed: 0.016 s -- in org.apache.commons.collections4.collection.IndexedCollectionTest
[INFO] Running org.apache.commons.collections4.collection.PredicatedCollectionBuilderTest
[INFO] Tests run: 5, Failures: 0, Errors: 0, Skipped: 0, Time elapsed: 0.003 s -- in org.apache.commons.collections4.collection.PredicatedCollectionBuilderTest
[INFO] Running org.apache.commons.collections4.collection.UnmodifiableBoundedCollectionTest
[INFO] Tests run: 29, Failures: 0, Errors: 0, Skipped: 0, Time elapsed: 0.010 s -- in org.apache.commons.collections4.collection.UnmodifiableBoundedCollectionTest
[INFO] Running org.apache.commons.collections4.collection.UnmodifiableCollectionTest
[INFO] Tests run: 29, Failures: 0, Errors: 0, Skipped: 0, Time elapsed: 0.009 s -- in org.apache.commons.collections4.collection.UnmodifiableCollectionTest
[INFO] Running org.apache.commons.collections4.collection.CompositeCollectionTest
[INFO] Tests run: 45, Failures: 0, Errors: 0, Skipped: 0, Time elapsed: 0.013 s -- in org.apache.commons.collections4.collection.CompositeCollectionTest
[INFO] Running org.apache.commons.collections4.collection.TransformedCollectionTest
[INFO] Tests run: 29, Failures: 0, Errors: 0, Skipped: 0, Time elapsed: 0.005 s -- in org.apache.commons.collections4.collection.TransformedCollectionTest
[INFO] Running org.apache.commons.collections4.collection.SynchronizedCollectionTest
[INFO] Tests run: 27, Failures: 0, Errors: 0, Skipped: 0, Time elapsed: 0.008 s -- in org.apache.commons.collections4.collection.SynchronizedCollectionTest
[INFO] Running org.apache.commons.collections4.collection.PredicatedCollectionTest
[INFO] Tests run: 29, Failures: 0, Errors: 0, Skipped: 0, Time elapsed: 0.009 s -- in org.apache.commons.collections4.collection.PredicatedCollectionTest
[INFO] Running org.apache.commons.collections4.set.TransformedNavigableSetTest
[INFO] Tests run: 31, Failures: 0, Errors: 0, Skipped: 0, Time elapsed: 0.031 s -- in org.apache.commons.collections4.set.TransformedNavigableSetTest
[INFO] Running org.apache.commons.collections4.set.ListOrderedSet2Test
[INFO] Tests run: 32, Failures: 0, Errors: 0, Skipped: 0, Time elapsed: 0.014 s -- in org.apache.commons.collections4.set.ListOrderedSet2Test
[INFO] Running org.apache.commons.collections4.set.PredicatedSetTest
[INFO] Tests run: 32, Failures: 0, Errors: 0, Skipped: 0, Time elapsed: 0.012 s -- in org.apache.commons.collections4.set.PredicatedSetTest
[INFO] Running org.apache.commons.collections4.set.MapBackedSet2Test
[INFO] Tests run: 30, Failures: 0, Errors: 0, Skipped: 0, Time elapsed: 0.012 s -- in org.apache.commons.collections4.set.MapBackedSet2Test
[INFO] Running org.apache.commons.collections4.set.UnmodifiableSortedSetTest
[INFO] Tests run: 32, Failures: 0, Errors: 0, Skipped: 0, Time elapsed: 0.013 s -- in org.apache.commons.collections4.set.UnmodifiableSortedSetTest
[INFO] Running org.apache.commons.collections4.set.UnmodifiableSetTest
[INFO] Tests run: 31, Failures: 0, Errors: 0, Skipped: 0, Time elapsed: 0.010 s -- in org.apache.commons.collections4.set.UnmodifiableSetTest
[INFO] Running org.apache.commons.collections4.set.TransformedSetTest
[INFO] Tests run: 31, Failures: 0, Errors: 0, Skipped: 0, Time elapsed: 0.011 s -- in org.apache.commons.collections4.set.TransformedSetTest
[INFO] Running org.apache.commons.collections4.set.MapBackedSetTest
[INFO] Tests run: 29, Failures: 0, Errors: 0, Skipped: 0, Time elapsed: 0.010 s -- in org.apache.commons.collections4.set.MapBackedSetTest
[INFO] Running org.apache.commons.collections4.set.TransformedSortedSetTest
[INFO] Tests run: 31, Failures: 0, Errors: 0, Skipped: 0, Time elapsed: 0.015 s -- in org.apache.commons.collections4.set.TransformedSortedSetTest
[INFO] Running org.apache.commons.collections4.set.PredicatedSortedSetTest
[INFO] Tests run: 33, Failures: 0, Errors: 0, Skipped: 0, Time elapsed: 0.021 s -- in org.apache.commons.collections4.set.PredicatedSortedSetTest
[INFO] Running org.apache.commons.collections4.set.PredicatedNavigableSetTest
[INFO] Tests run: 33, Failures: 0, Errors: 0, Skipped: 0, Time elapsed: 0.025 s -- in org.apache.commons.collections4.set.PredicatedNavigableSetTest
[INFO] Running org.apache.commons.collections4.set.UnmodifiableNavigableSetTest
[INFO] Tests run: 32, Failures: 0, Errors: 0, Skipped: 0, Time elapsed: 0.018 s -- in org.apache.commons.collections4.set.UnmodifiableNavigableSetTest
[INFO] Running org.apache.commons.collections4.set.ListOrderedSetTest
[INFO] Tests run: 36, Failures: 0, Errors: 0, Skipped: 0, Time elapsed: 0.012 s -- in org.apache.commons.collections4.set.ListOrderedSetTest
[INFO] Running org.apache.commons.collections4.set.CompositeSetTest
[INFO] Tests run: 37, Failures: 0, Errors: 0, Skipped: 0, Time elapsed: 0.019 s -- in org.apache.commons.collections4.set.CompositeSetTest
[INFO] Running org.apache.commons.collections4.SplitMapUtilsTest
[INFO] Tests run: 4, Failures: 0, Errors: 0, Skipped: 0, Time elapsed: 0.004 s -- in org.apache.commons.collections4.SplitMapUtilsTest
[INFO] Running org.apache.commons.collections4.iterators.ArrayIterator2Test
[INFO] Tests run: 14, Failures: 0, Errors: 0, Skipped: 0, Time elapsed: 0.006 s -- in org.apache.commons.collections4.iterators.ArrayIterator2Test
[INFO] Running org.apache.commons.collections4.iterators.PermutationIteratorTest
[INFO] Tests run: 18, Failures: 0, Errors: 0, Skipped: 0, Time elapsed: 0.008 s -- in org.apache.commons.collections4.iterators.PermutationIteratorTest
[INFO] Running org.apache.commons.collections4.iterators.ListIteratorWrapper2Test
[INFO] Tests run: 14, Failures: 0, Errors: 0, Skipped: 0, Time elapsed: 0.004 s -- in org.apache.commons.collections4.iterators.ListIteratorWrapper2Test
[INFO] Running org.apache.commons.collections4.iterators.ObjectGraphIteratorTest
[INFO] Tests run: 27, Failures: 0, Errors: 0, Skipped: 0, Time elapsed: 0.014 s -- in org.apache.commons.collections4.iterators.ObjectGraphIteratorTest
[INFO] Running org.apache.commons.collections4.iterators.SingletonIterator2Test
[INFO] Tests run: 14, Failures: 0, Errors: 0, Skipped: 0, Time elapsed: 0.005 s -- in org.apache.commons.collections4.iterators.SingletonIterator2Test
[INFO] Running org.apache.commons.collections4.iterators.UnmodifiableOrderedMapIteratorTest
[INFO] Tests run: 21, Failures: 0, Errors: 0, Skipped: 0, Time elapsed: 0.007 s -- in org.apache.commons.collections4.iterators.UnmodifiableOrderedMapIteratorTest
[INFO] Running org.apache.commons.collections4.iterators.CartesianProductIteratorTest
[INFO] Tests run: 20, Failures: 0, Errors: 0, Skipped: 0, Time elapsed: 0.006 s -- in org.apache.commons.collections4.iterators.CartesianProductIteratorTest
[INFO] Running org.apache.commons.collections4.iterators.BoundedIteratorTest
[INFO] Tests run: 25, Failures: 0, Errors: 0, Skipped: 0, Time elapsed: 0.009 s -- in org.apache.commons.collections4.iterators.BoundedIteratorTest
[INFO] Running org.apache.commons.collections4.iterators.SingletonIteratorTest
[INFO] Tests run: 15, Failures: 0, Errors: 0, Skipped: 0, Time elapsed: 0.003 s -- in org.apache.commons.collections4.iterators.SingletonIteratorTest
[INFO] Running org.apache.commons.collections4.iterators.ObjectArrayIteratorTest
[INFO] Tests run: 15, Failures: 0, Errors: 0, Skipped: 0, Time elapsed: 0.003 s -- in org.apache.commons.collections4.iterators.ObjectArrayIteratorTest
[INFO] Running org.apache.commons.collections4.iterators.NodeListIteratorTest
[INFO] Tests run: 15, Failures: 0, Errors: 0, Skipped: 0, Time elapsed: 0.009 s -- in org.apache.commons.collections4.iterators.NodeListIteratorTest
[INFO] Running org.apache.commons.collections4.iterators.UnmodifiableIteratorTest
[INFO] Tests run: 16, Failures: 0, Errors: 0, Skipped: 0, Time elapsed: 0.005 s -- in org.apache.commons.collections4.iterators.UnmodifiableIteratorTest
[INFO] Running org.apache.commons.collections4.iterators.ObjectArrayListIteratorTest
[INFO] Tests run: 17, Failures: 0, Errors: 0, Skipped: 0, Time elapsed: 0.006 s -- in org.apache.commons.collections4.iterators.ObjectArrayListIteratorTest
[INFO] Running org.apache.commons.collections4.iterators.IteratorEnumerationTest
[INFO] Tests run: 1, Failures: 0, Errors: 0, Skipped: 0, Time elapsed: 0.001 s -- in org.apache.commons.collections4.iterators.IteratorEnumerationTest
[INFO] Running org.apache.commons.collections4.iterators.CollatingIteratorTest
[INFO] Tests run: 21, Failures: 0, Errors: 0, Skipped: 0, Time elapsed: 0.008 s -- in org.apache.commons.collections4.iterators.CollatingIteratorTest
[INFO] Running org.apache.commons.collections4.iterators.PeekingIteratorTest
[INFO] Tests run: 17, Failures: 0, Errors: 0, Skipped: 0, Time elapsed: 0.005 s -- in org.apache.commons.collections4.iterators.PeekingIteratorTest
[INFO] Running org.apache.commons.collections4.iterators.PushbackIteratorTest
[INFO] Tests run: 16, Failures: 0, Errors: 0, Skipped: 0, Time elapsed: 0.007 s -- in org.apache.commons.collections4.iterators.PushbackIteratorTest
[INFO] Running org.apache.commons.collections4.iterators.SingletonListIteratorTest
[INFO] Tests run: 21, Failures: 0, Errors: 0, Skipped: 0, Time elapsed: 0.010 s -- in org.apache.commons.collections4.iterators.SingletonListIteratorTest
[INFO] Running org.apache.commons.collections4.iterators.ListIteratorWrapperTest
[INFO] Tests run: 14, Failures: 0, Errors: 0, Skipped: 0, Time elapsed: 0.006 s -- in org.apache.commons.collections4.iterators.ListIteratorWrapperTest
[INFO] Running org.apache.commons.collections4.iterators.ObjectArrayListIterator2Test
[INFO] Tests run: 19, Failures: 0, Errors: 0, Skipped: 0, Time elapsed: 0.006 s -- in org.apache.commons.collections4.iterators.ObjectArrayListIterator2Test
[INFO] Running org.apache.commons.collections4.iterators.IteratorIterableTest
[INFO] Tests run: 2, Failures: 0, Errors: 0, Skipped: 0, Time elapsed: 0.002 s -- in org.apache.commons.collections4.iterators.IteratorIterableTest
[INFO] Running org.apache.commons.collections4.iterators.UnmodifiableMapIteratorTest
[INFO] Tests run: 20, Failures: 0, Errors: 0, Skipped: 0, Time elapsed: 0.006 s -- in org.apache.commons.collections4.iterators.UnmodifiableMapIteratorTest
[INFO] Running org.apache.commons.collections4.iterators.ExtendedIteratorTest
[INFO] Tests run: 11, Failures: 0, Errors: 0, Skipped: 0, Time elapsed: 0.005 s -- in org.apache.commons.collections4.iterators.ExtendedIteratorTest
[INFO] Running org.apache.commons.collections4.iterators.FilterIteratorTest
[INFO] Tests run: 30, Failures: 0, Errors: 0, Skipped: 0, Time elapsed: 0.013 s -- in org.apache.commons.collections4.iterators.FilterIteratorTest
[INFO] Running org.apache.commons.collections4.iterators.ZippingIteratorTest
[INFO] Tests run: 19, Failures: 0, Errors: 0, Skipped: 0, Time elapsed: 0.006 s -- in org.apache.commons.collections4.iterators.ZippingIteratorTest
[INFO] Running org.apache.commons.collections4.iterators.ArrayListIterator2Test
[INFO] Tests run: 14, Failures: 0, Errors: 0, Skipped: 0, Time elapsed: 0.003 s -- in org.apache.commons.collections4.iterators.ArrayListIterator2Test
[INFO] Running org.apache.commons.collections4.iterators.ArrayIteratorTest
[INFO] Tests run: 15, Failures: 0, Errors: 0, Skipped: 0, Time elapsed: 0.004 s -- in org.apache.commons.collections4.iterators.ArrayIteratorTest
[INFO] Running org.apache.commons.collections4.iterators.LoopingIteratorTest
[INFO] Tests run: 8, Failures: 0, Errors: 0, Skipped: 0, Time elapsed: 0.002 s -- in org.apache.commons.collections4.iterators.LoopingIteratorTest
[INFO] Running org.apache.commons.collections4.iterators.UniqueFilterIteratorTest
[INFO] Tests run: 13, Failures: 0, Errors: 0, Skipped: 0, Time elapsed: 0.003 s -- in org.apache.commons.collections4.iterators.UniqueFilterIteratorTest
[INFO] Running org.apache.commons.collections4.iterators.SkippingIteratorTest
[INFO] Tests run: 22, Failures: 0, Errors: 0, Skipped: 0, Time elapsed: 0.006 s -- in org.apache.commons.collections4.iterators.SkippingIteratorTest
[INFO] Running org.apache.commons.collections4.iterators.UnmodifiableListIteratorTest
[INFO] Tests run: 21, Failures: 0, Errors: 0, Skipped: 0, Time elapsed: 0.005 s -- in org.apache.commons.collections4.iterators.UnmodifiableListIteratorTest
[INFO] Running org.apache.commons.collections4.iterators.LoopingListIteratorTest
[INFO] Tests run: 12, Failures: 0, Errors: 0, Skipped: 0, Time elapsed: 0.003 s -- in org.apache.commons.collections4.iterators.LoopingListIteratorTest
[INFO] Running org.apache.commons.collections4.iterators.IteratorChainTest
[INFO] Tests run: 25, Failures: 0, Errors: 0, Skipped: 0, Time elapsed: 0.010 s -- in org.apache.commons.collections4.iterators.IteratorChainTest
[INFO] Running org.apache.commons.collections4.iterators.ReverseListIteratorTest
[INFO] Tests run: 21, Failures: 0, Errors: 0, Skipped: 0, Time elapsed: 0.004 s -- in org.apache.commons.collections4.iterators.ReverseListIteratorTest
[INFO] Running org.apache.commons.collections4.iterators.FilterListIteratorTest
[INFO] Tests run: 15, Failures: 0, Errors: 0, Skipped: 0, Time elapsed: 0.008 s -- in org.apache.commons.collections4.iterators.FilterListIteratorTest
[INFO] Running org.apache.commons.collections4.iterators.LazyIteratorChainTest
[INFO] Tests run: 16, Failures: 0, Errors: 0, Skipped: 0, Time elapsed: 0.003 s -- in org.apache.commons.collections4.iterators.LazyIteratorChainTest
[INFO] Running org.apache.commons.collections4.iterators.ArrayListIteratorTest
[INFO] Tests run: 17, Failures: 0, Errors: 0, Skipped: 0, Time elapsed: 0.008 s -- in org.apache.commons.collections4.iterators.ArrayListIteratorTest
[INFO] Running org.apache.commons.collections4.MultiMapUtilsTest
[INFO] Tests run: 10, Failures: 0, Errors: 0, Skipped: 0, Time elapsed: 0.002 s -- in org.apache.commons.collections4.MultiMapUtilsTest
[INFO] Running org.apache.commons.collections4.trie.UnmodifiableTrieTest
[WARNING] Tests run: 62, Failures: 0, Errors: 0, Skipped: 4, Time elapsed: 0.027 s -- in org.apache.commons.collections4.trie.UnmodifiableTrieTest
[INFO] Running org.apache.commons.collections4.trie.PatriciaTrieTest
[INFO] Tests run: 67, Failures: 0, Errors: 0, Skipped: 0, Time elapsed: 0.041 s -- in org.apache.commons.collections4.trie.PatriciaTrieTest
[INFO] Running org.apache.commons.collections4.trie.PatriciaTrie2Test
[INFO] Tests run: 64, Failures: 0, Errors: 0, Skipped: 0, Time elapsed: 0.042 s -- in org.apache.commons.collections4.trie.PatriciaTrie2Test
[INFO] Running org.apache.commons.collections4.ArrayStackTest
[INFO] Tests run: 62, Failures: 0, Errors: 0, Skipped: 0, Time elapsed: 0.022 s -- in org.apache.commons.collections4.ArrayStackTest
[INFO] 
[INFO] Results:
[INFO] 
[WARNING] Tests run: 8428, Failures: 0, Errors: 0, Skipped: 68
[INFO] 
INFO: Adding excluded groups to newly created one
INFO: Creating new argline for Surefire
CONFIG: nondexFilter=.*
nondexMode=FULL
nondexSeed=933178
nondexStart=0
nondexEnd=9223372036854775807
nondexPrintstack=false
nondexDir=/home/pedro_campelo/projects/cin/testesDeValidacaoDeSoftware/flaky-tests-experiments/commons-collections/.nondex
nondexJarDir=/home/pedro_campelo/projects/cin/testesDeValidacaoDeSoftware/flaky-tests-experiments/commons-collections/.nondex
nondexExecid=npSO52NRv9rykUpZWXnB7PJW4tvTa3FrBp6h71W2kVs=
nondexLogging=CONFIG
test=
[WARNING]  Parameter 'disableXmlReport' (user property 'disableXmlReport') is deprecated: Instead use disable within statelessTestsetReporter since of 3.0.0-M6.
[INFO] Using auto detected provider org.apache.maven.surefire.junitplatform.JUnitPlatformProvider
[INFO] 
[INFO] -------------------------------------------------------
[INFO]  T E S T S
[INFO] -------------------------------------------------------
[INFO] Running org.apache.commons.collections4.SetUtilsTest
[INFO] Tests run: 14, Failures: 0, Errors: 0, Skipped: 0, Time elapsed: 0.250 s -- in org.apache.commons.collections4.SetUtilsTest
[INFO] Running org.apache.commons.collections4.TrieUtilsTest
[INFO] Tests run: 1, Failures: 0, Errors: 0, Skipped: 0, Time elapsed: 0.008 s -- in org.apache.commons.collections4.TrieUtilsTest
[INFO] Running org.apache.commons.collections4.multimap.ArrayListValuedLinkedHashMapTest
[WARNING] Tests run: 58, Failures: 0, Errors: 0, Skipped: 1, Time elapsed: 0.537 s -- in org.apache.commons.collections4.multimap.ArrayListValuedLinkedHashMapTest
[INFO] Running org.apache.commons.collections4.multimap.LinkedHashSetValuedLinkedHashMapTest
[WARNING] Tests run: 52, Failures: 0, Errors: 0, Skipped: 1, Time elapsed: 0.424 s -- in org.apache.commons.collections4.multimap.LinkedHashSetValuedLinkedHashMapTest
[INFO] Running org.apache.commons.collections4.multimap.UnmodifiableMultiValuedMapTest
[WARNING] Tests run: 59, Failures: 0, Errors: 0, Skipped: 16, Time elapsed: 0.380 s -- in org.apache.commons.collections4.multimap.UnmodifiableMultiValuedMapTest
[INFO] Running org.apache.commons.collections4.multimap.ArrayListValuedHashMapTest
[WARNING] Tests run: 57, Failures: 0, Errors: 0, Skipped: 1, Time elapsed: 0.720 s -- in org.apache.commons.collections4.multimap.ArrayListValuedHashMapTest
[INFO] Running org.apache.commons.collections4.multimap.HashSetValuedHashMapTest
[ERROR] Tests run: 52, Failures: 1, Errors: 0, Skipped: 1, Time elapsed: 41.70 s <<< FAILURE! -- in org.apache.commons.collections4.multimap.HashSetValuedHashMapTest
[ERROR] org.apache.commons.collections4.multimap.HashSetValuedHashMapTest.testToString -- Time elapsed: 0.003 s <<< FAILURE!
org.opentest4j.AssertionFailedError: expected: <true> but was: <false>
	at org.apache.commons.collections4.multimap.AbstractMultiValuedMapTest.testToString(AbstractMultiValuedMapTest.java:1342)
	at java.base/java.lang.reflect.Method.invoke(Method.java:569)
	at java.base/java.util.ArrayList.forEach(ArrayList.java:1511)
	at java.base/java.util.ArrayList.forEach(ArrayList.java:1511)

[INFO] Running org.apache.commons.collections4.multimap.TransformedMultiValuedMapTest
[ERROR] Tests run: 49, Failures: 1, Errors: 0, Skipped: 1, Time elapsed: 0.772 s <<< FAILURE! -- in org.apache.commons.collections4.multimap.TransformedMultiValuedMapTest
[ERROR] org.apache.commons.collections4.multimap.TransformedMultiValuedMapTest.testToString -- Time elapsed: 0.001 s <<< FAILURE!
org.opentest4j.AssertionFailedError: expected: <true> but was: <false>
	at org.apache.commons.collections4.multimap.AbstractMultiValuedMapTest.testToString(AbstractMultiValuedMapTest.java:1346)
	at java.base/java.lang.reflect.Method.invoke(Method.java:569)
	at java.base/java.util.ArrayList.forEach(ArrayList.java:1511)
	at java.base/java.util.ArrayList.forEach(ArrayList.java:1511)

[INFO] Running org.apache.commons.collections4.splitmap.TransformedSplitMapTest
[INFO] Tests run: 4, Failures: 0, Errors: 0, Skipped: 0, Time elapsed: 0.017 s -- in org.apache.commons.collections4.splitmap.TransformedSplitMapTest
[INFO] Running org.apache.commons.collections4.EnumerationUtilsTest
[INFO] Tests run: 6, Failures: 0, Errors: 0, Skipped: 0, Time elapsed: 0.012 s -- in org.apache.commons.collections4.EnumerationUtilsTest
[INFO] Running org.apache.commons.collections4.bloomfilter.IndexExtractorFromSimpleBloomFilterTest
[INFO] Tests run: 9, Failures: 0, Errors: 0, Skipped: 0, Time elapsed: 0.027 s -- in org.apache.commons.collections4.bloomfilter.IndexExtractorFromSimpleBloomFilterTest
[INFO] Running org.apache.commons.collections4.bloomfilter.LayeredBloomFilterTest
[INFO] Tests run: 27, Failures: 0, Errors: 0, Skipped: 0, Time elapsed: 0.753 s -- in org.apache.commons.collections4.bloomfilter.LayeredBloomFilterTest
[INFO] Running org.apache.commons.collections4.bloomfilter.IndexExtractorFromIntArrayTest
[INFO] Tests run: 9, Failures: 0, Errors: 0, Skipped: 0, Time elapsed: 0.024 s -- in org.apache.commons.collections4.bloomfilter.IndexExtractorFromIntArrayTest
[INFO] Running org.apache.commons.collections4.bloomfilter.BloomFilterExtractorFromLayeredBloomFilterTest
[INFO] Tests run: 8, Failures: 0, Errors: 0, Skipped: 0, Time elapsed: 0.029 s -- in org.apache.commons.collections4.bloomfilter.BloomFilterExtractorFromLayeredBloomFilterTest
[INFO] Running org.apache.commons.collections4.bloomfilter.BitMapExtractorFromLongArrayTest
[INFO] Tests run: 7, Failures: 0, Errors: 0, Skipped: 0, Time elapsed: 0.026 s -- in org.apache.commons.collections4.bloomfilter.BitMapExtractorFromLongArrayTest
[INFO] Running org.apache.commons.collections4.bloomfilter.EnhancedDoubleHasherTest
[INFO] Tests run: 14, Failures: 0, Errors: 0, Skipped: 0, Time elapsed: 0.102 s -- in org.apache.commons.collections4.bloomfilter.EnhancedDoubleHasherTest
[INFO] Running org.apache.commons.collections4.bloomfilter.BloomFilterExtractorFromBloomFilterArrayTest
[INFO] Tests run: 8, Failures: 0, Errors: 0, Skipped: 0, Time elapsed: 0.022 s -- in org.apache.commons.collections4.bloomfilter.BloomFilterExtractorFromBloomFilterArrayTest
[INFO] Running org.apache.commons.collections4.bloomfilter.SparseBloomFilterTest
[INFO] Tests run: 20, Failures: 0, Errors: 0, Skipped: 0, Time elapsed: 0.056 s -- in org.apache.commons.collections4.bloomfilter.SparseBloomFilterTest
[INFO] Running org.apache.commons.collections4.bloomfilter.SimpleBloomFilterTest
[INFO] Tests run: 19, Failures: 0, Errors: 0, Skipped: 0, Time elapsed: 0.047 s -- in org.apache.commons.collections4.bloomfilter.SimpleBloomFilterTest
[INFO] Running org.apache.commons.collections4.bloomfilter.DefaultBloomFilterExtractorTest
[INFO] Tests run: 8, Failures: 0, Errors: 0, Skipped: 0, Time elapsed: 0.027 s -- in org.apache.commons.collections4.bloomfilter.DefaultBloomFilterExtractorTest
[INFO] Running org.apache.commons.collections4.bloomfilter.BitMapExtractorFromWrappedBloomFilterTest
[INFO] Tests run: 5, Failures: 0, Errors: 0, Skipped: 0, Time elapsed: 0.020 s -- in org.apache.commons.collections4.bloomfilter.BitMapExtractorFromWrappedBloomFilterTest
[INFO] Running org.apache.commons.collections4.bloomfilter.BitMapTrackerTest
[INFO] Tests run: 1, Failures: 0, Errors: 0, Skipped: 0, Time elapsed: 0.005 s -- in org.apache.commons.collections4.bloomfilter.BitMapTrackerTest
[INFO] Running org.apache.commons.collections4.bloomfilter.CellExtractorFromArrayCountingBloomFilterTest
[INFO] Tests run: 15, Failures: 0, Errors: 0, Skipped: 0, Time elapsed: 0.064 s -- in org.apache.commons.collections4.bloomfilter.CellExtractorFromArrayCountingBloomFilterTest
[INFO] Running org.apache.commons.collections4.bloomfilter.BitMapExtractorFromLayeredBloomFilterTest
[INFO] Tests run: 5, Failures: 0, Errors: 0, Skipped: 0, Time elapsed: 0.013 s -- in org.apache.commons.collections4.bloomfilter.BitMapExtractorFromLayeredBloomFilterTest
[INFO] Running org.apache.commons.collections4.bloomfilter.IndexExtractorTest
[INFO] Tests run: 3, Failures: 0, Errors: 0, Skipped: 0, Time elapsed: 0.028 s -- in org.apache.commons.collections4.bloomfilter.IndexExtractorTest
[INFO] Running org.apache.commons.collections4.bloomfilter.SetOperationsTest
[INFO] Tests run: 12, Failures: 0, Errors: 0, Skipped: 0, Time elapsed: 0.054 s -- in org.apache.commons.collections4.bloomfilter.SetOperationsTest
[INFO] Running org.apache.commons.collections4.bloomfilter.CellExtractorFromLayeredBloomFilterTest
[INFO] Tests run: 15, Failures: 0, Errors: 0, Skipped: 0, Time elapsed: 0.053 s -- in org.apache.commons.collections4.bloomfilter.CellExtractorFromLayeredBloomFilterTest
[INFO] Running org.apache.commons.collections4.bloomfilter.DefaultIndexExtractorTest
[INFO] Tests run: 13, Failures: 0, Errors: 0, Skipped: 0, Time elapsed: 0.051 s -- in org.apache.commons.collections4.bloomfilter.DefaultIndexExtractorTest
[INFO] Running org.apache.commons.collections4.bloomfilter.IndexExtractorFromArrayCountingBloomFilterTest
[INFO] Tests run: 9, Failures: 0, Errors: 0, Skipped: 0, Time elapsed: 0.017 s -- in org.apache.commons.collections4.bloomfilter.IndexExtractorFromArrayCountingBloomFilterTest
[INFO] Running org.apache.commons.collections4.bloomfilter.IndexExtractorFromSparseBloomFilterTest
[INFO] Tests run: 9, Failures: 0, Errors: 0, Skipped: 0, Time elapsed: 0.014 s -- in org.apache.commons.collections4.bloomfilter.IndexExtractorFromSparseBloomFilterTest
[INFO] Running org.apache.commons.collections4.bloomfilter.ArrayTrackerTest
[INFO] Tests run: 1, Failures: 0, Errors: 0, Skipped: 0, Time elapsed: 0.003 s -- in org.apache.commons.collections4.bloomfilter.ArrayTrackerTest
[INFO] Running org.apache.commons.collections4.bloomfilter.IndexExtractorFromUniqueHasherTest
[INFO] Tests run: 9, Failures: 0, Errors: 0, Skipped: 0, Time elapsed: 0.019 s -- in org.apache.commons.collections4.bloomfilter.IndexExtractorFromUniqueHasherTest
[INFO] Running org.apache.commons.collections4.bloomfilter.LayerManagerTest
[INFO] Tests run: 22, Failures: 0, Errors: 0, Skipped: 0, Time elapsed: 0.090 s -- in org.apache.commons.collections4.bloomfilter.LayerManagerTest
[INFO] Running org.apache.commons.collections4.bloomfilter.BloomFilterExtractorTest
[INFO] Tests run: 2, Failures: 0, Errors: 0, Skipped: 0, Time elapsed: 0.004 s -- in org.apache.commons.collections4.bloomfilter.BloomFilterExtractorTest
[INFO] Running org.apache.commons.collections4.bloomfilter.IndexExtractorFromBitmapExtractorTest
[INFO] Tests run: 10, Failures: 0, Errors: 0, Skipped: 0, Time elapsed: 0.022 s -- in org.apache.commons.collections4.bloomfilter.IndexExtractorFromBitmapExtractorTest
[INFO] Running org.apache.commons.collections4.bloomfilter.BitMapExtractorFromSimpleBloomFilterTest
[INFO] Tests run: 5, Failures: 0, Errors: 0, Skipped: 0, Time elapsed: 0.008 s -- in org.apache.commons.collections4.bloomfilter.BitMapExtractorFromSimpleBloomFilterTest
[INFO] Running org.apache.commons.collections4.bloomfilter.IndexFilterTest
[INFO] Tests run: 6, Failures: 0, Errors: 0, Skipped: 0, Time elapsed: 0.048 s -- in org.apache.commons.collections4.bloomfilter.IndexFilterTest
[INFO] Running org.apache.commons.collections4.bloomfilter.WrappedBloomFilterTest
[INFO] Tests run: 21, Failures: 0, Errors: 0, Skipped: 0, Time elapsed: 0.070 s -- in org.apache.commons.collections4.bloomfilter.WrappedBloomFilterTest
[INFO] Running org.apache.commons.collections4.bloomfilter.BitMapsTest
[INFO] Tests run: 7, Failures: 0, Errors: 0, Skipped: 0, Time elapsed: 0.041 s -- in org.apache.commons.collections4.bloomfilter.BitMapsTest
[INFO] Running org.apache.commons.collections4.bloomfilter.CountingPredicateTest
[INFO] Tests run: 3, Failures: 0, Errors: 0, Skipped: 0, Time elapsed: 0.006 s -- in org.apache.commons.collections4.bloomfilter.CountingPredicateTest
[INFO] Running org.apache.commons.collections4.bloomfilter.IndexExtractorFromHasherTest
[INFO] Tests run: 9, Failures: 0, Errors: 0, Skipped: 0, Time elapsed: 0.017 s -- in org.apache.commons.collections4.bloomfilter.IndexExtractorFromHasherTest
[INFO] Running org.apache.commons.collections4.bloomfilter.ShapeTest
[INFO] Tests run: 19, Failures: 0, Errors: 0, Skipped: 0, Time elapsed: 0.076 s -- in org.apache.commons.collections4.bloomfilter.ShapeTest
[INFO] Running org.apache.commons.collections4.bloomfilter.ArrayCountingBloomFilterTest
[INFO] Tests run: 28, Failures: 0, Errors: 0, Skipped: 0, Time elapsed: 0.066 s -- in org.apache.commons.collections4.bloomfilter.ArrayCountingBloomFilterTest
[INFO] Running org.apache.commons.collections4.bloomfilter.BitMapExtractorFromIndexExtractorTest
[INFO] Tests run: 6, Failures: 0, Errors: 0, Skipped: 0, Time elapsed: 0.013 s -- in org.apache.commons.collections4.bloomfilter.BitMapExtractorFromIndexExtractorTest
[INFO] Running org.apache.commons.collections4.bloomfilter.CellExtractorFromDefaultIndexExtractorTest
[INFO] Tests run: 15, Failures: 0, Errors: 0, Skipped: 0, Time elapsed: 0.027 s -- in org.apache.commons.collections4.bloomfilter.CellExtractorFromDefaultIndexExtractorTest
[INFO] Running org.apache.commons.collections4.bloomfilter.DefaultBloomFilterTest
[INFO] Tests run: 25, Failures: 0, Errors: 0, Skipped: 0, Time elapsed: 0.841 s -- in org.apache.commons.collections4.bloomfilter.DefaultBloomFilterTest
[INFO] Running org.apache.commons.collections4.bloomfilter.DefaultBitMapExtractorTest
[INFO] Tests run: 8, Failures: 0, Errors: 0, Skipped: 0, Time elapsed: 0.015 s -- in org.apache.commons.collections4.bloomfilter.DefaultBitMapExtractorTest
[INFO] Running org.apache.commons.collections4.bloomfilter.BitMapExtractorFromSparseBloomFilterTest
[INFO] Tests run: 5, Failures: 0, Errors: 0, Skipped: 0, Time elapsed: 0.009 s -- in org.apache.commons.collections4.bloomfilter.BitMapExtractorFromSparseBloomFilterTest
[INFO] Running org.apache.commons.collections4.bloomfilter.DefaultCellExtractorTest
[INFO] Tests run: 15, Failures: 0, Errors: 0, Skipped: 0, Time elapsed: 0.031 s -- in org.apache.commons.collections4.bloomfilter.DefaultCellExtractorTest
[INFO] Running org.apache.commons.collections4.bloomfilter.BitMapExtractorFromArrayCountingBloomFilterTest
[INFO] Tests run: 5, Failures: 0, Errors: 0, Skipped: 0, Time elapsed: 0.010 s -- in org.apache.commons.collections4.bloomfilter.BitMapExtractorFromArrayCountingBloomFilterTest
[INFO] Running org.apache.commons.collections4.list.NodeCachingLinkedListTest
[INFO] Tests run: 64, Failures: 0, Errors: 0, Skipped: 0, Time elapsed: 0.198 s -- in org.apache.commons.collections4.list.NodeCachingLinkedListTest
[INFO] Running org.apache.commons.collections4.list.PredicatedListTest
[INFO] Tests run: 63, Failures: 0, Errors: 0, Skipped: 0, Time elapsed: 0.186 s -- in org.apache.commons.collections4.list.PredicatedListTest
[INFO] Running org.apache.commons.collections4.list.LazyListTest
[INFO] Tests run: 15, Failures: 0, Errors: 0, Skipped: 0, Time elapsed: 0.033 s -- in org.apache.commons.collections4.list.LazyListTest
[INFO] Running org.apache.commons.collections4.list.DefaultAbstractLinkedListJava21Test
[INFO] Tests run: 68, Failures: 0, Errors: 0, Skipped: 0, Time elapsed: 0.187 s -- in org.apache.commons.collections4.list.DefaultAbstractLinkedListJava21Test
[INFO] Running org.apache.commons.collections4.list.GrowthListTest
[INFO] Tests run: 63, Failures: 0, Errors: 0, Skipped: 0, Time elapsed: 0.151 s -- in org.apache.commons.collections4.list.GrowthListTest
[INFO] Running org.apache.commons.collections4.list.UnmodifiableListTest
[INFO] Tests run: 61, Failures: 0, Errors: 0, Skipped: 0, Time elapsed: 0.131 s -- in org.apache.commons.collections4.list.UnmodifiableListTest
[INFO] Running org.apache.commons.collections4.list.Collections701Test
[INFO] Tests run: 3, Failures: 0, Errors: 0, Skipped: 0, Time elapsed: 0.005 s -- in org.apache.commons.collections4.list.Collections701Test
[INFO] Running org.apache.commons.collections4.list.SetUniqueListTest
[INFO] Tests run: 77, Failures: 0, Errors: 0, Skipped: 0, Time elapsed: 0.168 s -- in org.apache.commons.collections4.list.SetUniqueListTest
[INFO] Running org.apache.commons.collections4.list.TreeListTest
[INFO] Tests run: 66, Failures: 0, Errors: 0, Skipped: 0, Time elapsed: 0.228 s -- in org.apache.commons.collections4.list.TreeListTest
[INFO] Running org.apache.commons.collections4.list.CursorableLinkedListTest
[INFO] Tests run: 112, Failures: 0, Errors: 0, Skipped: 0, Time elapsed: 0.397 s -- in org.apache.commons.collections4.list.CursorableLinkedListTest
[INFO] Running org.apache.commons.collections4.list.TransformedListTest
[INFO] Tests run: 61, Failures: 0, Errors: 0, Skipped: 0, Time elapsed: 0.138 s -- in org.apache.commons.collections4.list.TransformedListTest
[INFO] Running org.apache.commons.collections4.list.FixedSizeListTest
[INFO] Tests run: 65, Failures: 0, Errors: 0, Skipped: 0, Time elapsed: 0.121 s -- in org.apache.commons.collections4.list.FixedSizeListTest
[INFO] Running org.apache.commons.collections4.ListUtilsTest
[INFO] Tests run: 27, Failures: 0, Errors: 0, Skipped: 0, Time elapsed: 0.059 s -- in org.apache.commons.collections4.ListUtilsTest
[INFO] Running org.apache.commons.collections4.IterableUtilsTest
[INFO] Tests run: 42, Failures: 0, Errors: 0, Skipped: 0, Time elapsed: 0.080 s -- in org.apache.commons.collections4.IterableUtilsTest
[INFO] Running org.apache.commons.collections4.functors.NullPredicateTest
[INFO] Tests run: 3, Failures: 0, Errors: 0, Skipped: 0, Time elapsed: 0.006 s -- in org.apache.commons.collections4.functors.NullPredicateTest
[INFO] Running org.apache.commons.collections4.functors.ComparatorPredicateTest
[INFO] Tests run: 6, Failures: 0, Errors: 0, Skipped: 0, Time elapsed: 0.011 s -- in org.apache.commons.collections4.functors.ComparatorPredicateTest
[INFO] Running org.apache.commons.collections4.functors.CatchAndRethrowClosureTest
[INFO] Tests run: 4, Failures: 0, Errors: 0, Skipped: 0, Time elapsed: 0.010 s -- in org.apache.commons.collections4.functors.CatchAndRethrowClosureTest
[INFO] Running org.apache.commons.collections4.functors.EqualPredicateTest
[INFO] Tests run: 4, Failures: 0, Errors: 0, Skipped: 0, Time elapsed: 0.009 s -- in org.apache.commons.collections4.functors.EqualPredicateTest
[INFO] Running org.apache.commons.collections4.functors.AllPredicateTest
[INFO] Tests run: 13, Failures: 0, Errors: 0, Skipped: 0, Time elapsed: 0.048 s -- in org.apache.commons.collections4.functors.AllPredicateTest
[INFO] Running org.apache.commons.collections4.bag.HashBagTest
[INFO] Tests run: 47, Failures: 0, Errors: 0, Skipped: 0, Time elapsed: 0.090 s -- in org.apache.commons.collections4.bag.HashBagTest
[INFO] Running org.apache.commons.collections4.bag.TreeBagTest
[INFO] Tests run: 50, Failures: 0, Errors: 0, Skipped: 0, Time elapsed: 0.098 s -- in org.apache.commons.collections4.bag.TreeBagTest
[INFO] Running org.apache.commons.collections4.bag.PredicatedBagTest
[INFO] Tests run: 50, Failures: 0, Errors: 0, Skipped: 0, Time elapsed: 0.105 s -- in org.apache.commons.collections4.bag.PredicatedBagTest
[INFO] Running org.apache.commons.collections4.bag.CollectionBagTest
[INFO] Tests run: 31, Failures: 0, Errors: 0, Skipped: 0, Time elapsed: 0.088 s -- in org.apache.commons.collections4.bag.CollectionBagTest
[INFO] Running org.apache.commons.collections4.bag.UnmodifiableSortedBagTest
[INFO] Tests run: 49, Failures: 0, Errors: 0, Skipped: 0, Time elapsed: 0.105 s -- in org.apache.commons.collections4.bag.UnmodifiableSortedBagTest
[INFO] Running org.apache.commons.collections4.bag.UnmodifiableBagTest
[INFO] Tests run: 49, Failures: 0, Errors: 0, Skipped: 0, Time elapsed: 0.115 s -- in org.apache.commons.collections4.bag.UnmodifiableBagTest
[INFO] Running org.apache.commons.collections4.bag.SynchronizedBagTest
[INFO] Tests run: 47, Failures: 0, Errors: 0, Skipped: 0, Time elapsed: 0.095 s -- in org.apache.commons.collections4.bag.SynchronizedBagTest
[INFO] Running org.apache.commons.collections4.bag.PredicatedSortedBagTest
[INFO] Tests run: 49, Failures: 0, Errors: 0, Skipped: 0, Time elapsed: 0.090 s -- in org.apache.commons.collections4.bag.PredicatedSortedBagTest
[INFO] Running org.apache.commons.collections4.bag.TransformedBagTest
[INFO] Tests run: 49, Failures: 0, Errors: 0, Skipped: 0, Time elapsed: 0.089 s -- in org.apache.commons.collections4.bag.TransformedBagTest
[INFO] Running org.apache.commons.collections4.bag.CollectionSortedBagTest
[INFO] Tests run: 29, Failures: 0, Errors: 0, Skipped: 0, Time elapsed: 0.050 s -- in org.apache.commons.collections4.bag.CollectionSortedBagTest
[INFO] Running org.apache.commons.collections4.bag.TransformedSortedBagTest
[INFO] Tests run: 49, Failures: 0, Errors: 0, Skipped: 0, Time elapsed: 0.087 s -- in org.apache.commons.collections4.bag.TransformedSortedBagTest
[INFO] Running org.apache.commons.collections4.FluentIterableTest
[INFO] Tests run: 26, Failures: 0, Errors: 0, Skipped: 0, Time elapsed: 0.055 s -- in org.apache.commons.collections4.FluentIterableTest
[INFO] Running org.apache.commons.collections4.PredicateUtilsTest
[INFO] Tests run: 65, Failures: 0, Errors: 0, Skipped: 0, Time elapsed: 0.117 s -- in org.apache.commons.collections4.PredicateUtilsTest
[INFO] Running org.apache.commons.collections4.sequence.SequencesComparatorTest
[INFO] Tests run: 4, Failures: 0, Errors: 0, Skipped: 0, Time elapsed: 0.189 s -- in org.apache.commons.collections4.sequence.SequencesComparatorTest
[INFO] Running org.apache.commons.collections4.IteratorUtilsTest
[INFO] Tests run: 53, Failures: 0, Errors: 0, Skipped: 0, Time elapsed: 0.495 s -- in org.apache.commons.collections4.IteratorUtilsTest
[INFO] Running org.apache.commons.collections4.CollectionUtilsTest
[INFO] Tests run: 161, Failures: 0, Errors: 0, Skipped: 0, Time elapsed: 0.343 s -- in org.apache.commons.collections4.CollectionUtilsTest
[INFO] Running org.apache.commons.collections4.keyvalue.MultiKeyTest
[INFO] Tests run: 18, Failures: 0, Errors: 0, Skipped: 0, Time elapsed: 0.052 s -- in org.apache.commons.collections4.keyvalue.MultiKeyTest
[INFO] Running org.apache.commons.collections4.keyvalue.DefaultMapEntryTest
[INFO] Tests run: 5, Failures: 0, Errors: 0, Skipped: 0, Time elapsed: 0.011 s -- in org.apache.commons.collections4.keyvalue.DefaultMapEntryTest
[INFO] Running org.apache.commons.collections4.keyvalue.DefaultKeyValueTest
[INFO] Tests run: 6, Failures: 0, Errors: 0, Skipped: 0, Time elapsed: 0.010 s -- in org.apache.commons.collections4.keyvalue.DefaultKeyValueTest
[INFO] Running org.apache.commons.collections4.keyvalue.TiedMapEntryTest
[INFO] Tests run: 6, Failures: 0, Errors: 0, Skipped: 0, Time elapsed: 0.013 s -- in org.apache.commons.collections4.keyvalue.TiedMapEntryTest
[INFO] Running org.apache.commons.collections4.keyvalue.UnmodifiableMapEntryTest
[INFO] Tests run: 6, Failures: 0, Errors: 0, Skipped: 0, Time elapsed: 0.011 s -- in org.apache.commons.collections4.keyvalue.UnmodifiableMapEntryTest
[INFO] Running org.apache.commons.collections4.BagUtilsTest
[INFO] Tests run: 8, Failures: 0, Errors: 0, Skipped: 0, Time elapsed: 0.016 s -- in org.apache.commons.collections4.BagUtilsTest
[INFO] Running org.apache.commons.collections4.TransformerUtilsTest
[INFO] Tests run: 18, Failures: 0, Errors: 0, Skipped: 0, Time elapsed: 0.045 s -- in org.apache.commons.collections4.TransformerUtilsTest
[INFO] Running org.apache.commons.collections4.comparators.FixedOrderComparatorTest
[INFO] Running org.apache.commons.collections4.comparators.FixedOrderComparatorTest$Equals
[INFO] Tests run: 28, Failures: 0, Errors: 0, Skipped: 0, Time elapsed: 0.017 s -- in org.apache.commons.collections4.comparators.FixedOrderComparatorTest$Equals
[INFO] Tests run: 0, Failures: 0, Errors: 0, Skipped: 0, Time elapsed: 0.059 s -- in org.apache.commons.collections4.comparators.FixedOrderComparatorTest
[INFO] Running org.apache.commons.collections4.comparators.ComparatorChainTest
[INFO] Tests run: 18, Failures: 0, Errors: 0, Skipped: 0, Time elapsed: 0.037 s -- in org.apache.commons.collections4.comparators.ComparatorChainTest
[INFO] Running org.apache.commons.collections4.comparators.ComparableComparatorTest
[INFO] Tests run: 13, Failures: 0, Errors: 0, Skipped: 0, Time elapsed: 0.022 s -- in org.apache.commons.collections4.comparators.ComparableComparatorTest
[INFO] Running org.apache.commons.collections4.comparators.ReverseComparatorTest
[INFO] Tests run: 13, Failures: 0, Errors: 0, Skipped: 0, Time elapsed: 0.025 s -- in org.apache.commons.collections4.comparators.ReverseComparatorTest
[INFO] Running org.apache.commons.collections4.comparators.BooleanComparatorTest
[INFO] Tests run: 16, Failures: 0, Errors: 0, Skipped: 0, Time elapsed: 0.025 s -- in org.apache.commons.collections4.comparators.BooleanComparatorTest
[INFO] Running org.apache.commons.collections4.comparators.TransformingComparatorTest
[INFO] Tests run: 14, Failures: 0, Errors: 0, Skipped: 0, Time elapsed: 0.023 s -- in org.apache.commons.collections4.comparators.TransformingComparatorTest
[INFO] Running org.apache.commons.collections4.ArrayUtilsTest
[INFO] Tests run: 3, Failures: 0, Errors: 0, Skipped: 0, Time elapsed: 0.005 s -- in org.apache.commons.collections4.ArrayUtilsTest
[INFO] Running org.apache.commons.collections4.queue.PredicatedQueueTest
[INFO] Tests run: 38, Failures: 0, Errors: 0, Skipped: 0, Time elapsed: 0.084 s -- in org.apache.commons.collections4.queue.PredicatedQueueTest
[INFO] Running org.apache.commons.collections4.queue.SynchronizedQueueTest
[WARNING] Tests run: 37, Failures: 0, Errors: 0, Skipped: 1, Time elapsed: 0.071 s -- in org.apache.commons.collections4.queue.SynchronizedQueueTest
[INFO] Running org.apache.commons.collections4.queue.UnmodifiableQueueTest
[INFO] Tests run: 40, Failures: 0, Errors: 0, Skipped: 0, Time elapsed: 0.087 s -- in org.apache.commons.collections4.queue.UnmodifiableQueueTest
[INFO] Running org.apache.commons.collections4.queue.TransformedQueueTest
[INFO] Tests run: 38, Failures: 0, Errors: 0, Skipped: 0, Time elapsed: 0.076 s -- in org.apache.commons.collections4.queue.TransformedQueueTest
[INFO] Running org.apache.commons.collections4.queue.CircularFifoQueueTest
[INFO] Tests run: 55, Failures: 0, Errors: 0, Skipped: 0, Time elapsed: 0.113 s -- in org.apache.commons.collections4.queue.CircularFifoQueueTest
[INFO] Running org.apache.commons.collections4.FactoryUtilsTest
[INFO] Tests run: 16, Failures: 0, Errors: 0, Skipped: 0, Time elapsed: 0.047 s -- in org.apache.commons.collections4.FactoryUtilsTest
[INFO] Running org.apache.commons.collections4.MapUtilsTest
[INFO] Tests run: 66, Failures: 0, Errors: 0, Skipped: 0, Time elapsed: 0.122 s -- in org.apache.commons.collections4.MapUtilsTest
[INFO] Running org.apache.commons.collections4.map.PredicatedMapTest
[INFO] Tests run: 62, Failures: 0, Errors: 0, Skipped: 0, Time elapsed: 0.286 s -- in org.apache.commons.collections4.map.PredicatedMapTest
[INFO] Running org.apache.commons.collections4.map.HashedMapTest
[INFO] Tests run: 63, Failures: 0, Errors: 0, Skipped: 0, Time elapsed: 0.239 s -- in org.apache.commons.collections4.map.HashedMapTest
[INFO] Running org.apache.commons.collections4.map.UnmodifiableOrderedMapTest
[WARNING] Tests run: 66, Failures: 0, Errors: 0, Skipped: 4, Time elapsed: 0.140 s -- in org.apache.commons.collections4.map.UnmodifiableOrderedMapTest
[INFO] Running org.apache.commons.collections4.map.HashMapSanityTest
[INFO] Tests run: 57, Failures: 0, Errors: 0, Skipped: 0, Time elapsed: 0.271 s -- in org.apache.commons.collections4.map.HashMapSanityTest
[INFO] Running org.apache.commons.collections4.map.ConcurrentReferenceHashMapKWeakVWeakIdCTest
[INFO] Tests run: 57, Failures: 0, Errors: 0, Skipped: 0, Time elapsed: 0.189 s -- in org.apache.commons.collections4.map.ConcurrentReferenceHashMapKWeakVWeakIdCTest
[INFO] Running org.apache.commons.collections4.map.CaseInsensitiveMapTest
[INFO] Tests run: 66, Failures: 0, Errors: 0, Skipped: 0, Time elapsed: 0.210 s -- in org.apache.commons.collections4.map.CaseInsensitiveMapTest
[INFO] Running org.apache.commons.collections4.map.TransformedSortedMapTest
[INFO] Tests run: 63, Failures: 0, Errors: 0, Skipped: 0, Time elapsed: 0.144 s -- in org.apache.commons.collections4.map.TransformedSortedMapTest
[INFO] Running org.apache.commons.collections4.map.Flat3MapTest
[INFO] Tests run: 105, Failures: 0, Errors: 0, Skipped: 0, Time elapsed: 0.280 s -- in org.apache.commons.collections4.map.Flat3MapTest
[INFO] Running org.apache.commons.collections4.map.LRUMapTest
[INFO] Tests run: 80, Failures: 0, Errors: 0, Skipped: 0, Time elapsed: 4.274 s -- in org.apache.commons.collections4.map.LRUMapTest
[INFO] Running org.apache.commons.collections4.map.UnmodifiableMapTest
[WARNING] Tests run: 62, Failures: 0, Errors: 0, Skipped: 4, Time elapsed: 0.118 s -- in org.apache.commons.collections4.map.UnmodifiableMapTest
[INFO] Running org.apache.commons.collections4.map.ConcurrentReferenceHashMapKWeakVSoftIdCTest
[INFO] Tests run: 57, Failures: 0, Errors: 0, Skipped: 0, Time elapsed: 0.194 s -- in org.apache.commons.collections4.map.ConcurrentReferenceHashMapKWeakVSoftIdCTest
[INFO] Running org.apache.commons.collections4.map.ConcurrentReferenceHashMapKStrongVWeakIdCTest
[INFO] Tests run: 57, Failures: 0, Errors: 0, Skipped: 0, Time elapsed: 0.211 s -- in org.apache.commons.collections4.map.ConcurrentReferenceHashMapKStrongVWeakIdCTest
[INFO] Running org.apache.commons.collections4.map.ListOrderedMap2Test
[INFO] Tests run: 68, Failures: 0, Errors: 0, Skipped: 0, Time elapsed: 0.208 s -- in org.apache.commons.collections4.map.ListOrderedMap2Test
[INFO] Running org.apache.commons.collections4.map.SingletonMapTest
[WARNING] Tests run: 67, Failures: 0, Errors: 0, Skipped: 3, Time elapsed: 0.123 s -- in org.apache.commons.collections4.map.SingletonMapTest
[INFO] Running org.apache.commons.collections4.map.ConcurrentReferenceHashMapKSoftVStrongTest
[INFO] Tests run: 57, Failures: 0, Errors: 0, Skipped: 0, Time elapsed: 0.237 s -- in org.apache.commons.collections4.map.ConcurrentReferenceHashMapKSoftVStrongTest
[INFO] Running org.apache.commons.collections4.map.FixedSizeSortedMapTest
[WARNING] Tests run: 60, Failures: 0, Errors: 0, Skipped: 3, Time elapsed: 0.175 s -- in org.apache.commons.collections4.map.FixedSizeSortedMapTest
[INFO] Running org.apache.commons.collections4.map.ConcurrentReferenceHashMapKSoftVSoftIdCTest
[INFO] Tests run: 57, Failures: 0, Errors: 0, Skipped: 0, Time elapsed: 0.195 s -- in org.apache.commons.collections4.map.ConcurrentReferenceHashMapKSoftVSoftIdCTest
[INFO] Running org.apache.commons.collections4.map.ConcurrentReferenceHashMapTest
[INFO] Tests run: 1, Failures: 0, Errors: 0, Skipped: 0, Time elapsed: 0.001 s -- in org.apache.commons.collections4.map.ConcurrentReferenceHashMapTest
[INFO] Running org.apache.commons.collections4.map.ConcurrentReferenceHashMapKWeakVStrongIdCTest
[INFO] Tests run: 57, Failures: 0, Errors: 0, Skipped: 0, Time elapsed: 0.202 s -- in org.apache.commons.collections4.map.ConcurrentReferenceHashMapKWeakVStrongIdCTest
[INFO] Running org.apache.commons.collections4.map.ConcurrentReferenceHashMapKStrongVWeakTest
[INFO] Tests run: 57, Failures: 0, Errors: 0, Skipped: 0, Time elapsed: 0.192 s -- in org.apache.commons.collections4.map.ConcurrentReferenceHashMapKStrongVWeakTest
[INFO] Running org.apache.commons.collections4.map.DefaultedMapTest
[INFO] Tests run: 64, Failures: 0, Errors: 0, Skipped: 0, Time elapsed: 0.305 s -- in org.apache.commons.collections4.map.DefaultedMapTest
[INFO] Running org.apache.commons.collections4.map.MultiKeyMapTest
[INFO] Tests run: 73, Failures: 0, Errors: 0, Skipped: 0, Time elapsed: 0.201 s -- in org.apache.commons.collections4.map.MultiKeyMapTest
[INFO] Running org.apache.commons.collections4.map.MultiKeyMapCompress672Test
[INFO] Tests run: 1, Failures: 0, Errors: 0, Skipped: 0, Time elapsed: 0.002 s -- in org.apache.commons.collections4.map.MultiKeyMapCompress672Test
[INFO] Running org.apache.commons.collections4.map.StaticBucketMapTest
[INFO] Tests run: 63, Failures: 0, Errors: 0, Skipped: 0, Time elapsed: 0.222 s -- in org.apache.commons.collections4.map.StaticBucketMapTest
[INFO] Running org.apache.commons.collections4.map.PredicatedSortedMapTest
[INFO] Tests run: 64, Failures: 0, Errors: 0, Skipped: 0, Time elapsed: 0.177 s -- in org.apache.commons.collections4.map.PredicatedSortedMapTest
[INFO] Running org.apache.commons.collections4.map.ConcurrentReferenceHashMapKSoftVWeakTest
[INFO] Tests run: 57, Failures: 0, Errors: 0, Skipped: 0, Time elapsed: 0.185 s -- in org.apache.commons.collections4.map.ConcurrentReferenceHashMapKSoftVWeakTest
[INFO] Running org.apache.commons.collections4.map.UnmodifiableSortedMapTest
[WARNING] Tests run: 65, Failures: 0, Errors: 0, Skipped: 4, Time elapsed: 0.128 s -- in org.apache.commons.collections4.map.UnmodifiableSortedMapTest
[INFO] Running org.apache.commons.collections4.map.ConcurrentReferenceHashMapKSoftVSoftTest
[INFO] Tests run: 57, Failures: 0, Errors: 0, Skipped: 0, Time elapsed: 0.177 s -- in org.apache.commons.collections4.map.ConcurrentReferenceHashMapKSoftVSoftTest
[INFO] Running org.apache.commons.collections4.map.ReferenceIdentityMapTest
[INFO] Tests run: 64, Failures: 0, Errors: 0, Skipped: 0, Time elapsed: 0.263 s -- in org.apache.commons.collections4.map.ReferenceIdentityMapTest
[INFO] Running org.apache.commons.collections4.map.MultiValueMapTest
[INFO] Tests run: 36, Failures: 0, Errors: 0, Skipped: 0, Time elapsed: 0.071 s -- in org.apache.commons.collections4.map.MultiValueMapTest
[INFO] Running org.apache.commons.collections4.map.ConcurrentReferenceHashMapKWeakVStrongTest
[INFO] Tests run: 57, Failures: 0, Errors: 0, Skipped: 0, Time elapsed: 0.186 s -- in org.apache.commons.collections4.map.ConcurrentReferenceHashMapKWeakVStrongTest
[INFO] Running org.apache.commons.collections4.map.LazyMapTest
[INFO] Tests run: 62, Failures: 0, Errors: 0, Skipped: 0, Time elapsed: 0.220 s -- in org.apache.commons.collections4.map.LazyMapTest
[INFO] Running org.apache.commons.collections4.map.ConcurrentReferenceHashMapKWeakVSoftTest
[INFO] Tests run: 57, Failures: 0, Errors: 0, Skipped: 0, Time elapsed: 0.201 s -- in org.apache.commons.collections4.map.ConcurrentReferenceHashMapKWeakVSoftTest
[INFO] Running org.apache.commons.collections4.map.LazySortedMapTest
[INFO] Tests run: 63, Failures: 0, Errors: 0, Skipped: 0, Time elapsed: 0.142 s -- in org.apache.commons.collections4.map.LazySortedMapTest
[INFO] Running org.apache.commons.collections4.map.ConcurrentReferenceHashMapKSoftVWeakIdCTest
[INFO] Tests run: 57, Failures: 0, Errors: 0, Skipped: 0, Time elapsed: 0.204 s -- in org.apache.commons.collections4.map.ConcurrentReferenceHashMapKSoftVWeakIdCTest
[INFO] Running org.apache.commons.collections4.map.ConcurrentReferenceHashMapKStrongVSoftTest
[INFO] Tests run: 57, Failures: 0, Errors: 0, Skipped: 0, Time elapsed: 0.199 s -- in org.apache.commons.collections4.map.ConcurrentReferenceHashMapKStrongVSoftTest
[INFO] Running org.apache.commons.collections4.map.ConcurrentReferenceHashMapKStrongVStrongTest
[INFO] Tests run: 57, Failures: 0, Errors: 0, Skipped: 0, Time elapsed: 0.193 s -- in org.apache.commons.collections4.map.ConcurrentReferenceHashMapKStrongVStrongTest
[INFO] Running org.apache.commons.collections4.map.TransformedMapTest
[INFO] Tests run: 63, Failures: 0, Errors: 0, Skipped: 0, Time elapsed: 0.295 s -- in org.apache.commons.collections4.map.TransformedMapTest
[INFO] Running org.apache.commons.collections4.map.ConcurrentHashMapSanityTest
[INFO] Tests run: 57, Failures: 0, Errors: 0, Skipped: 0, Time elapsed: 0.342 s -- in org.apache.commons.collections4.map.ConcurrentHashMapSanityTest
[INFO] Running org.apache.commons.collections4.map.CompositeMapTest
[INFO] Tests run: 68, Failures: 0, Errors: 0, Skipped: 0, Time elapsed: 0.349 s -- in org.apache.commons.collections4.map.CompositeMapTest
[INFO] Running org.apache.commons.collections4.map.ConcurrentReferenceHashMapKSoftVStrongIdCTest
[INFO] Tests run: 57, Failures: 0, Errors: 0, Skipped: 0, Time elapsed: 0.205 s -- in org.apache.commons.collections4.map.ConcurrentReferenceHashMapKSoftVStrongIdCTest
[INFO] Running org.apache.commons.collections4.map.LinkedMapTest
[INFO] Tests run: 72, Failures: 0, Errors: 0, Skipped: 0, Time elapsed: 0.171 s -- in org.apache.commons.collections4.map.LinkedMapTest
[INFO] Running org.apache.commons.collections4.map.ConcurrentReferenceHashMapKWeakVWeakTest
[INFO] Tests run: 57, Failures: 0, Errors: 0, Skipped: 0, Time elapsed: 0.192 s -- in org.apache.commons.collections4.map.ConcurrentReferenceHashMapKWeakVWeakTest
[INFO] Running org.apache.commons.collections4.map.ConcurrentReferenceHashMapKStrongVSoftIdCTest
[INFO] Tests run: 57, Failures: 0, Errors: 0, Skipped: 0, Time elapsed: 0.209 s -- in org.apache.commons.collections4.map.ConcurrentReferenceHashMapKStrongVSoftIdCTest
[INFO] Running org.apache.commons.collections4.map.ConcurrentReferenceHashMapKStrongVStrongIdCTest
[INFO] Tests run: 57, Failures: 0, Errors: 0, Skipped: 0, Time elapsed: 0.183 s -- in org.apache.commons.collections4.map.ConcurrentReferenceHashMapKStrongVStrongIdCTest
[INFO] Running org.apache.commons.collections4.map.ConcurrentReferenceHashMapDefaultsTest
[INFO] Tests run: 57, Failures: 0, Errors: 0, Skipped: 0, Time elapsed: 0.166 s -- in org.apache.commons.collections4.map.ConcurrentReferenceHashMapDefaultsTest
[INFO] Running org.apache.commons.collections4.map.ReferenceMapTest
[INFO] Tests run: 65, Failures: 0, Errors: 0, Skipped: 0, Time elapsed: 0.381 s -- in org.apache.commons.collections4.map.ReferenceMapTest
[INFO] Running org.apache.commons.collections4.map.FixedSizeMapTest
[WARNING] Tests run: 60, Failures: 0, Errors: 0, Skipped: 3, Time elapsed: 0.181 s -- in org.apache.commons.collections4.map.FixedSizeMapTest
[INFO] Running org.apache.commons.collections4.map.PassiveExpiringMapTest
[INFO] Tests run: 70, Failures: 0, Errors: 0, Skipped: 0, Time elapsed: 6.384 s -- in org.apache.commons.collections4.map.PassiveExpiringMapTest
[INFO] Running org.apache.commons.collections4.map.ListOrderedMapTest
[INFO] Tests run: 77, Failures: 0, Errors: 0, Skipped: 0, Time elapsed: 0.217 s -- in org.apache.commons.collections4.map.ListOrderedMapTest
[INFO] Running org.apache.commons.collections4.bidimap.UnmodifiableSortedBidiMapTest
[WARNING] Tests run: 89, Failures: 0, Errors: 0, Skipped: 4, Time elapsed: 0.179 s -- in org.apache.commons.collections4.bidimap.UnmodifiableSortedBidiMapTest
[INFO] Running org.apache.commons.collections4.bidimap.DualLinkedHashBidiMapTest
[INFO] Tests run: 71, Failures: 0, Errors: 0, Skipped: 0, Time elapsed: 0.262 s -- in org.apache.commons.collections4.bidimap.DualLinkedHashBidiMapTest
[INFO] Running org.apache.commons.collections4.bidimap.TreeBidiMapTest
[WARNING] Tests run: 75, Failures: 0, Errors: 0, Skipped: 1, Time elapsed: 0.265 s -- in org.apache.commons.collections4.bidimap.TreeBidiMapTest
[INFO] Running org.apache.commons.collections4.bidimap.DualTreeBidiMapTest
[INFO] Tests run: 87, Failures: 0, Errors: 0, Skipped: 0, Time elapsed: 0.240 s -- in org.apache.commons.collections4.bidimap.DualTreeBidiMapTest
[INFO] Running org.apache.commons.collections4.bidimap.UnmodifiableOrderedBidiMapTest
[WARNING] Tests run: 77, Failures: 0, Errors: 0, Skipped: 4, Time elapsed: 0.186 s -- in org.apache.commons.collections4.bidimap.UnmodifiableOrderedBidiMapTest
[INFO] Running org.apache.commons.collections4.bidimap.DualTreeBidiMap2Test
[INFO] Tests run: 92, Failures: 0, Errors: 0, Skipped: 0, Time elapsed: 0.245 s -- in org.apache.commons.collections4.bidimap.DualTreeBidiMap2Test
[INFO] Running org.apache.commons.collections4.bidimap.DualHashBidiMapTest
[WARNING] Tests run: 71, Failures: 0, Errors: 0, Skipped: 1, Time elapsed: 0.322 s -- in org.apache.commons.collections4.bidimap.DualHashBidiMapTest
[INFO] Running org.apache.commons.collections4.bidimap.UnmodifiableBidiMapTest
[WARNING] Tests run: 73, Failures: 0, Errors: 0, Skipped: 5, Time elapsed: 0.148 s -- in org.apache.commons.collections4.bidimap.UnmodifiableBidiMapTest
[INFO] Running org.apache.commons.collections4.ComparatorUtilsTest
[INFO] Tests run: 6, Failures: 0, Errors: 0, Skipped: 0, Time elapsed: 0 s -- in org.apache.commons.collections4.ComparatorUtilsTest
[INFO] Running org.apache.commons.collections4.QueueUtilsTest
[INFO] Tests run: 5, Failures: 0, Errors: 0, Skipped: 0, Time elapsed: 0.012 s -- in org.apache.commons.collections4.QueueUtilsTest
[INFO] Running org.apache.commons.collections4.properties.PropertiesFactoryTest
[WARNING] Tests run: 19, Failures: 0, Errors: 0, Skipped: 2, Time elapsed: 0.196 s -- in org.apache.commons.collections4.properties.PropertiesFactoryTest
[INFO] Running org.apache.commons.collections4.properties.OrderedPropertiesTest
[INFO] Tests run: 15, Failures: 0, Errors: 0, Skipped: 0, Time elapsed: 0.028 s -- in org.apache.commons.collections4.properties.OrderedPropertiesTest
[INFO] Running org.apache.commons.collections4.properties.SortedPropertiesTest
[ERROR] Tests run: 17, Failures: 1, Errors: 0, Skipped: 0, Time elapsed: 0.043 s <<< FAILURE! -- in org.apache.commons.collections4.properties.SortedPropertiesTest
[ERROR] org.apache.commons.collections4.properties.SortedPropertiesTest.testToString -- Time elapsed: 0.002 s <<< FAILURE!
org.opentest4j.AssertionFailedError: expected: <{A=ValueA, B=ValueB, C=ValueC, D=ValueD, E=ValueE, F=ValueF, G=ValueG, H=ValueH, I=ValueI, J=ValueJ, K=ValueK, L=ValueL, M=ValueM, N=ValueN, O=ValueO, P=ValueP, Q=ValueQ, R=ValueR, S=ValueS, T=ValueT, U=ValueU, V=ValueV, W=ValueW, X=ValueX, Y=ValueY, Z=ValueZ}> but was: <{K=ValueK, C=ValueC, O=ValueO, Y=ValueY, P=ValueP, D=ValueD, H=ValueH, X=ValueX, F=ValueF, L=ValueL, V=ValueV, Z=ValueZ, N=ValueN, G=ValueG, I=ValueI, R=ValueR, S=ValueS, J=ValueJ, A=ValueA, M=ValueM, E=ValueE, Q=ValueQ, T=ValueT, B=ValueB, W=ValueW, U=ValueU}>
	at org.junit.jupiter.api.AssertionFailureBuilder.build(AssertionFailureBuilder.java:151)
	at org.junit.jupiter.api.AssertionFailureBuilder.buildAndThrow(AssertionFailureBuilder.java:132)
	at org.junit.jupiter.api.AssertEquals.failNotEqual(AssertEquals.java:197)
	at org.junit.jupiter.api.AssertEquals.assertEquals(AssertEquals.java:182)
	at org.junit.jupiter.api.AssertEquals.assertEquals(AssertEquals.java:177)
	at org.junit.jupiter.api.Assertions.assertEquals(Assertions.java:1145)
	at org.apache.commons.collections4.properties.SortedPropertiesTest.testToString(SortedPropertiesTest.java:308)
	at java.base/java.lang.reflect.Method.invoke(Method.java:569)
	at java.base/java.util.ArrayList.forEach(ArrayList.java:1511)
	at java.base/java.util.ArrayList.forEach(ArrayList.java:1511)

[INFO] Running org.apache.commons.collections4.properties.EmptyPropertiesTest
[INFO] Tests run: 46, Failures: 0, Errors: 0, Skipped: 0, Time elapsed: 0.100 s -- in org.apache.commons.collections4.properties.EmptyPropertiesTest
[INFO] Running org.apache.commons.collections4.properties.SortedPropertiesFactoryTest
[WARNING] Tests run: 19, Failures: 0, Errors: 0, Skipped: 2, Time elapsed: 0.196 s -- in org.apache.commons.collections4.properties.SortedPropertiesFactoryTest
[INFO] Running org.apache.commons.collections4.properties.OrderedPropertiesFactoryTest
[WARNING] Tests run: 19, Failures: 0, Errors: 0, Skipped: 2, Time elapsed: 0.163 s -- in org.apache.commons.collections4.properties.OrderedPropertiesFactoryTest
[INFO] Running org.apache.commons.collections4.multiset.HashMultiSetTest
[INFO] Tests run: 48, Failures: 0, Errors: 0, Skipped: 0, Time elapsed: 0.086 s -- in org.apache.commons.collections4.multiset.HashMultiSetTest
[INFO] Running org.apache.commons.collections4.multiset.UnmodifiableMultiSetTest
[INFO] Tests run: 54, Failures: 0, Errors: 0, Skipped: 0, Time elapsed: 0.088 s -- in org.apache.commons.collections4.multiset.UnmodifiableMultiSetTest
[INFO] Running org.apache.commons.collections4.multiset.PredicatedMultiSetTest
[INFO] Tests run: 51, Failures: 0, Errors: 0, Skipped: 0, Time elapsed: 0.085 s -- in org.apache.commons.collections4.multiset.PredicatedMultiSetTest
[INFO] Running org.apache.commons.collections4.multiset.SynchronizedMultiSetTest
[INFO] Tests run: 48, Failures: 0, Errors: 0, Skipped: 0, Time elapsed: 0.092 s -- in org.apache.commons.collections4.multiset.SynchronizedMultiSetTest
[INFO] Running org.apache.commons.collections4.ClosureUtilsTest
[INFO] Tests run: 12, Failures: 0, Errors: 0, Skipped: 0, Time elapsed: 0.024 s -- in org.apache.commons.collections4.ClosureUtilsTest
[INFO] Running org.apache.commons.collections4.MultiSetUtilsTest
[INFO] Tests run: 4, Failures: 0, Errors: 0, Skipped: 0, Time elapsed: 0.008 s -- in org.apache.commons.collections4.MultiSetUtilsTest
[INFO] Running org.apache.commons.collections4.collection.IndexedCollectionTest
[INFO] Tests run: 31, Failures: 0, Errors: 0, Skipped: 0, Time elapsed: 0.050 s -- in org.apache.commons.collections4.collection.IndexedCollectionTest
[INFO] Running org.apache.commons.collections4.collection.PredicatedCollectionBuilderTest
[INFO] Tests run: 5, Failures: 0, Errors: 0, Skipped: 0, Time elapsed: 0.009 s -- in org.apache.commons.collections4.collection.PredicatedCollectionBuilderTest
[INFO] Running org.apache.commons.collections4.collection.UnmodifiableBoundedCollectionTest
[INFO] Tests run: 29, Failures: 0, Errors: 0, Skipped: 0, Time elapsed: 0.048 s -- in org.apache.commons.collections4.collection.UnmodifiableBoundedCollectionTest
[INFO] Running org.apache.commons.collections4.collection.UnmodifiableCollectionTest
[INFO] Tests run: 29, Failures: 0, Errors: 0, Skipped: 0, Time elapsed: 0.042 s -- in org.apache.commons.collections4.collection.UnmodifiableCollectionTest
[INFO] Running org.apache.commons.collections4.collection.CompositeCollectionTest
[INFO] Tests run: 45, Failures: 0, Errors: 0, Skipped: 0, Time elapsed: 0.071 s -- in org.apache.commons.collections4.collection.CompositeCollectionTest
[INFO] Running org.apache.commons.collections4.collection.TransformedCollectionTest
[INFO] Tests run: 29, Failures: 0, Errors: 0, Skipped: 0, Time elapsed: 0.051 s -- in org.apache.commons.collections4.collection.TransformedCollectionTest
[INFO] Running org.apache.commons.collections4.collection.SynchronizedCollectionTest
[INFO] Tests run: 27, Failures: 0, Errors: 0, Skipped: 0, Time elapsed: 0.049 s -- in org.apache.commons.collections4.collection.SynchronizedCollectionTest
[INFO] Running org.apache.commons.collections4.collection.PredicatedCollectionTest
[INFO] Tests run: 29, Failures: 0, Errors: 0, Skipped: 0, Time elapsed: 0.050 s -- in org.apache.commons.collections4.collection.PredicatedCollectionTest
[INFO] Running org.apache.commons.collections4.set.TransformedNavigableSetTest
[INFO] Tests run: 31, Failures: 0, Errors: 0, Skipped: 0, Time elapsed: 0.069 s -- in org.apache.commons.collections4.set.TransformedNavigableSetTest
[INFO] Running org.apache.commons.collections4.set.ListOrderedSet2Test
[INFO] Tests run: 32, Failures: 0, Errors: 0, Skipped: 0, Time elapsed: 0.063 s -- in org.apache.commons.collections4.set.ListOrderedSet2Test
[INFO] Running org.apache.commons.collections4.set.PredicatedSetTest
[INFO] Tests run: 32, Failures: 0, Errors: 0, Skipped: 0, Time elapsed: 0.060 s -- in org.apache.commons.collections4.set.PredicatedSetTest
[INFO] Running org.apache.commons.collections4.set.MapBackedSet2Test
[INFO] Tests run: 30, Failures: 0, Errors: 0, Skipped: 0, Time elapsed: 0.058 s -- in org.apache.commons.collections4.set.MapBackedSet2Test
[INFO] Running org.apache.commons.collections4.set.UnmodifiableSortedSetTest
[INFO] Tests run: 32, Failures: 0, Errors: 0, Skipped: 0, Time elapsed: 0.061 s -- in org.apache.commons.collections4.set.UnmodifiableSortedSetTest
[INFO] Running org.apache.commons.collections4.set.UnmodifiableSetTest
[INFO] Tests run: 31, Failures: 0, Errors: 0, Skipped: 0, Time elapsed: 0.060 s -- in org.apache.commons.collections4.set.UnmodifiableSetTest
[INFO] Running org.apache.commons.collections4.set.TransformedSetTest
[INFO] Tests run: 31, Failures: 0, Errors: 0, Skipped: 0, Time elapsed: 0.077 s -- in org.apache.commons.collections4.set.TransformedSetTest
[INFO] Running org.apache.commons.collections4.set.MapBackedSetTest
[INFO] Tests run: 29, Failures: 0, Errors: 0, Skipped: 0, Time elapsed: 0.051 s -- in org.apache.commons.collections4.set.MapBackedSetTest
[INFO] Running org.apache.commons.collections4.set.TransformedSortedSetTest
[INFO] Tests run: 31, Failures: 0, Errors: 0, Skipped: 0, Time elapsed: 0.053 s -- in org.apache.commons.collections4.set.TransformedSortedSetTest
[INFO] Running org.apache.commons.collections4.set.PredicatedSortedSetTest
[INFO] Tests run: 33, Failures: 0, Errors: 0, Skipped: 0, Time elapsed: 0.065 s -- in org.apache.commons.collections4.set.PredicatedSortedSetTest
[INFO] Running org.apache.commons.collections4.set.PredicatedNavigableSetTest
[INFO] Tests run: 33, Failures: 0, Errors: 0, Skipped: 0, Time elapsed: 0.080 s -- in org.apache.commons.collections4.set.PredicatedNavigableSetTest
[INFO] Running org.apache.commons.collections4.set.UnmodifiableNavigableSetTest
[INFO] Tests run: 32, Failures: 0, Errors: 0, Skipped: 0, Time elapsed: 0.069 s -- in org.apache.commons.collections4.set.UnmodifiableNavigableSetTest
[INFO] Running org.apache.commons.collections4.set.ListOrderedSetTest
[INFO] Tests run: 36, Failures: 0, Errors: 0, Skipped: 0, Time elapsed: 0.079 s -- in org.apache.commons.collections4.set.ListOrderedSetTest
[INFO] Running org.apache.commons.collections4.set.CompositeSetTest
[INFO] Tests run: 37, Failures: 0, Errors: 0, Skipped: 0, Time elapsed: 0.085 s -- in org.apache.commons.collections4.set.CompositeSetTest
[INFO] Running org.apache.commons.collections4.SplitMapUtilsTest
[INFO] Tests run: 4, Failures: 0, Errors: 0, Skipped: 0, Time elapsed: 0.011 s -- in org.apache.commons.collections4.SplitMapUtilsTest
[INFO] Running org.apache.commons.collections4.iterators.ArrayIterator2Test
[INFO] Tests run: 14, Failures: 0, Errors: 0, Skipped: 0, Time elapsed: 0.023 s -- in org.apache.commons.collections4.iterators.ArrayIterator2Test
[INFO] Running org.apache.commons.collections4.iterators.PermutationIteratorTest
[INFO] Tests run: 18, Failures: 0, Errors: 0, Skipped: 0, Time elapsed: 0.034 s -- in org.apache.commons.collections4.iterators.PermutationIteratorTest
[INFO] Running org.apache.commons.collections4.iterators.ListIteratorWrapper2Test
[INFO] Tests run: 14, Failures: 0, Errors: 0, Skipped: 0, Time elapsed: 0.024 s -- in org.apache.commons.collections4.iterators.ListIteratorWrapper2Test
[INFO] Running org.apache.commons.collections4.iterators.ObjectGraphIteratorTest
[INFO] Tests run: 27, Failures: 0, Errors: 0, Skipped: 0, Time elapsed: 0.045 s -- in org.apache.commons.collections4.iterators.ObjectGraphIteratorTest
[INFO] Running org.apache.commons.collections4.iterators.SingletonIterator2Test
[INFO] Tests run: 14, Failures: 0, Errors: 0, Skipped: 0, Time elapsed: 0.017 s -- in org.apache.commons.collections4.iterators.SingletonIterator2Test
[INFO] Running org.apache.commons.collections4.iterators.UnmodifiableOrderedMapIteratorTest
[INFO] Tests run: 21, Failures: 0, Errors: 0, Skipped: 0, Time elapsed: 0.034 s -- in org.apache.commons.collections4.iterators.UnmodifiableOrderedMapIteratorTest
[INFO] Running org.apache.commons.collections4.iterators.CartesianProductIteratorTest
[INFO] Tests run: 20, Failures: 0, Errors: 0, Skipped: 0, Time elapsed: 0.041 s -- in org.apache.commons.collections4.iterators.CartesianProductIteratorTest
[INFO] Running org.apache.commons.collections4.iterators.BoundedIteratorTest
[INFO] Tests run: 25, Failures: 0, Errors: 0, Skipped: 0, Time elapsed: 0.046 s -- in org.apache.commons.collections4.iterators.BoundedIteratorTest
[INFO] Running org.apache.commons.collections4.iterators.SingletonIteratorTest
[INFO] Tests run: 15, Failures: 0, Errors: 0, Skipped: 0, Time elapsed: 0.023 s -- in org.apache.commons.collections4.iterators.SingletonIteratorTest
[INFO] Running org.apache.commons.collections4.iterators.ObjectArrayIteratorTest
[INFO] Tests run: 15, Failures: 0, Errors: 0, Skipped: 0, Time elapsed: 0.021 s -- in org.apache.commons.collections4.iterators.ObjectArrayIteratorTest
[INFO] Running org.apache.commons.collections4.iterators.NodeListIteratorTest
[INFO] Tests run: 15, Failures: 0, Errors: 0, Skipped: 0, Time elapsed: 0.031 s -- in org.apache.commons.collections4.iterators.NodeListIteratorTest
[INFO] Running org.apache.commons.collections4.iterators.UnmodifiableIteratorTest
[INFO] Tests run: 16, Failures: 0, Errors: 0, Skipped: 0, Time elapsed: 0.033 s -- in org.apache.commons.collections4.iterators.UnmodifiableIteratorTest
[INFO] Running org.apache.commons.collections4.iterators.ObjectArrayListIteratorTest
[INFO] Tests run: 17, Failures: 0, Errors: 0, Skipped: 0, Time elapsed: 0.026 s -- in org.apache.commons.collections4.iterators.ObjectArrayListIteratorTest
[INFO] Running org.apache.commons.collections4.iterators.IteratorEnumerationTest
[INFO] Tests run: 1, Failures: 0, Errors: 0, Skipped: 0, Time elapsed: 0.002 s -- in org.apache.commons.collections4.iterators.IteratorEnumerationTest
[INFO] Running org.apache.commons.collections4.iterators.CollatingIteratorTest
[INFO] Tests run: 21, Failures: 0, Errors: 0, Skipped: 0, Time elapsed: 0.036 s -- in org.apache.commons.collections4.iterators.CollatingIteratorTest
[INFO] Running org.apache.commons.collections4.iterators.PeekingIteratorTest
[INFO] Tests run: 17, Failures: 0, Errors: 0, Skipped: 0, Time elapsed: 0.027 s -- in org.apache.commons.collections4.iterators.PeekingIteratorTest
[INFO] Running org.apache.commons.collections4.iterators.PushbackIteratorTest
[INFO] Tests run: 16, Failures: 0, Errors: 0, Skipped: 0, Time elapsed: 0.035 s -- in org.apache.commons.collections4.iterators.PushbackIteratorTest
[INFO] Running org.apache.commons.collections4.iterators.SingletonListIteratorTest
[INFO] Tests run: 21, Failures: 0, Errors: 0, Skipped: 0, Time elapsed: 0.033 s -- in org.apache.commons.collections4.iterators.SingletonListIteratorTest
[INFO] Running org.apache.commons.collections4.iterators.ListIteratorWrapperTest
[INFO] Tests run: 14, Failures: 0, Errors: 0, Skipped: 0, Time elapsed: 0.031 s -- in org.apache.commons.collections4.iterators.ListIteratorWrapperTest
[INFO] Running org.apache.commons.collections4.iterators.ObjectArrayListIterator2Test
[INFO] Tests run: 19, Failures: 0, Errors: 0, Skipped: 0, Time elapsed: 0.028 s -- in org.apache.commons.collections4.iterators.ObjectArrayListIterator2Test
[INFO] Running org.apache.commons.collections4.iterators.IteratorIterableTest
[INFO] Tests run: 2, Failures: 0, Errors: 0, Skipped: 0, Time elapsed: 0.004 s -- in org.apache.commons.collections4.iterators.IteratorIterableTest
[INFO] Running org.apache.commons.collections4.iterators.UnmodifiableMapIteratorTest
[INFO] Tests run: 20, Failures: 0, Errors: 0, Skipped: 0, Time elapsed: 0.029 s -- in org.apache.commons.collections4.iterators.UnmodifiableMapIteratorTest
[INFO] Running org.apache.commons.collections4.iterators.ExtendedIteratorTest
[INFO] Tests run: 11, Failures: 0, Errors: 0, Skipped: 0, Time elapsed: 0.019 s -- in org.apache.commons.collections4.iterators.ExtendedIteratorTest
[INFO] Running org.apache.commons.collections4.iterators.FilterIteratorTest
[INFO] Tests run: 30, Failures: 0, Errors: 0, Skipped: 0, Time elapsed: 0.056 s -- in org.apache.commons.collections4.iterators.FilterIteratorTest
[INFO] Running org.apache.commons.collections4.iterators.ZippingIteratorTest
[INFO] Tests run: 19, Failures: 0, Errors: 0, Skipped: 0, Time elapsed: 0.043 s -- in org.apache.commons.collections4.iterators.ZippingIteratorTest
[INFO] Running org.apache.commons.collections4.iterators.ArrayListIterator2Test
[INFO] Tests run: 14, Failures: 0, Errors: 0, Skipped: 0, Time elapsed: 0.020 s -- in org.apache.commons.collections4.iterators.ArrayListIterator2Test
[INFO] Running org.apache.commons.collections4.iterators.ArrayIteratorTest
[INFO] Tests run: 15, Failures: 0, Errors: 0, Skipped: 0, Time elapsed: 0.021 s -- in org.apache.commons.collections4.iterators.ArrayIteratorTest
[INFO] Running org.apache.commons.collections4.iterators.LoopingIteratorTest
[INFO] Tests run: 8, Failures: 0, Errors: 0, Skipped: 0, Time elapsed: 0.009 s -- in org.apache.commons.collections4.iterators.LoopingIteratorTest
[INFO] Running org.apache.commons.collections4.iterators.UniqueFilterIteratorTest
[INFO] Tests run: 13, Failures: 0, Errors: 0, Skipped: 0, Time elapsed: 0.019 s -- in org.apache.commons.collections4.iterators.UniqueFilterIteratorTest
[INFO] Running org.apache.commons.collections4.iterators.SkippingIteratorTest
[INFO] Tests run: 22, Failures: 0, Errors: 0, Skipped: 0, Time elapsed: 0.036 s -- in org.apache.commons.collections4.iterators.SkippingIteratorTest
[INFO] Running org.apache.commons.collections4.iterators.UnmodifiableListIteratorTest
[INFO] Tests run: 21, Failures: 0, Errors: 0, Skipped: 0, Time elapsed: 0.031 s -- in org.apache.commons.collections4.iterators.UnmodifiableListIteratorTest
[INFO] Running org.apache.commons.collections4.iterators.LoopingListIteratorTest
[INFO] Tests run: 12, Failures: 0, Errors: 0, Skipped: 0, Time elapsed: 0.016 s -- in org.apache.commons.collections4.iterators.LoopingListIteratorTest
[INFO] Running org.apache.commons.collections4.iterators.IteratorChainTest
[INFO] Tests run: 25, Failures: 0, Errors: 0, Skipped: 0, Time elapsed: 0.046 s -- in org.apache.commons.collections4.iterators.IteratorChainTest
[INFO] Running org.apache.commons.collections4.iterators.ReverseListIteratorTest
[INFO] Tests run: 21, Failures: 0, Errors: 0, Skipped: 0, Time elapsed: 0.035 s -- in org.apache.commons.collections4.iterators.ReverseListIteratorTest
[INFO] Running org.apache.commons.collections4.iterators.FilterListIteratorTest
[INFO] Tests run: 15, Failures: 0, Errors: 0, Skipped: 0, Time elapsed: 0.036 s -- in org.apache.commons.collections4.iterators.FilterListIteratorTest
[INFO] Running org.apache.commons.collections4.iterators.LazyIteratorChainTest
[INFO] Tests run: 16, Failures: 0, Errors: 0, Skipped: 0, Time elapsed: 0.027 s -- in org.apache.commons.collections4.iterators.LazyIteratorChainTest
[INFO] Running org.apache.commons.collections4.iterators.ArrayListIteratorTest
[INFO] Tests run: 17, Failures: 0, Errors: 0, Skipped: 0, Time elapsed: 0.028 s -- in org.apache.commons.collections4.iterators.ArrayListIteratorTest
[INFO] Running org.apache.commons.collections4.MultiMapUtilsTest
[INFO] Tests run: 10, Failures: 0, Errors: 0, Skipped: 0, Time elapsed: 0.016 s -- in org.apache.commons.collections4.MultiMapUtilsTest
[INFO] Running org.apache.commons.collections4.trie.UnmodifiableTrieTest
[WARNING] Tests run: 62, Failures: 0, Errors: 0, Skipped: 4, Time elapsed: 0.208 s -- in org.apache.commons.collections4.trie.UnmodifiableTrieTest
[INFO] Running org.apache.commons.collections4.trie.PatriciaTrieTest
[INFO] Tests run: 67, Failures: 0, Errors: 0, Skipped: 0, Time elapsed: 0.162 s -- in org.apache.commons.collections4.trie.PatriciaTrieTest
[INFO] Running org.apache.commons.collections4.trie.PatriciaTrie2Test
[INFO] Tests run: 64, Failures: 0, Errors: 0, Skipped: 0, Time elapsed: 0.136 s -- in org.apache.commons.collections4.trie.PatriciaTrie2Test
[INFO] Running org.apache.commons.collections4.ArrayStackTest
[INFO] Tests run: 62, Failures: 0, Errors: 0, Skipped: 0, Time elapsed: 0.098 s -- in org.apache.commons.collections4.ArrayStackTest
[INFO] 
[INFO] Results:
[INFO] 
[ERROR] Failures: 
[ERROR]   HashSetValuedHashMapTest>AbstractMultiValuedMapTest.testToString:1342 expected: <true> but was: <false>
[ERROR]   TransformedMultiValuedMapTest>AbstractMultiValuedMapTest.testToString:1346 expected: <true> but was: <false>
[ERROR]   SortedPropertiesTest.testToString:308 expected: <{A=ValueA, B=ValueB, C=ValueC, D=ValueD, E=ValueE, F=ValueF, G=ValueG, H=ValueH, I=ValueI, J=ValueJ, K=ValueK, L=ValueL, M=ValueM, N=ValueN, O=ValueO, P=ValueP, Q=ValueQ, R=ValueR, S=ValueS, T=ValueT, U=ValueU, V=ValueV, W=ValueW, X=ValueX, Y=ValueY, Z=ValueZ}> but was: <{K=ValueK, C=ValueC, O=ValueO, Y=ValueY, P=ValueP, D=ValueD, H=ValueH, X=ValueX, F=ValueF, L=ValueL, V=ValueV, Z=ValueZ, N=ValueN, G=ValueG, I=ValueI, R=ValueR, S=ValueS, J=ValueJ, A=ValueA, M=ValueM, E=ValueE, Q=ValueQ, T=ValueT, B=ValueB, W=ValueW, U=ValueU}>
[INFO] 
[ERROR] Tests run: 8428, Failures: 3, Errors: 0, Skipped: 68
[INFO] 
INFO: Surefire failed when running tests for npSO52NRv9rykUpZWXnB7PJW4tvTa3FrBp6h71W2kVs=
INFO: Adding excluded groups to newly created one
INFO: Creating new argline for Surefire
CONFIG: nondexFilter=.*
nondexMode=FULL
nondexSeed=974622
nondexStart=0
nondexEnd=9223372036854775807
nondexPrintstack=false
nondexDir=/home/pedro_campelo/projects/cin/testesDeValidacaoDeSoftware/flaky-tests-experiments/commons-collections/.nondex
nondexJarDir=/home/pedro_campelo/projects/cin/testesDeValidacaoDeSoftware/flaky-tests-experiments/commons-collections/.nondex
nondexExecid=192EwClcTzhU5Xg0iMgegUMPsluLBp7M1EtvLETJ0IY=
nondexLogging=CONFIG
test=
[WARNING]  Parameter 'disableXmlReport' (user property 'disableXmlReport') is deprecated: Instead use disable within statelessTestsetReporter since of 3.0.0-M6.
[INFO] Using auto detected provider org.apache.maven.surefire.junitplatform.JUnitPlatformProvider
[INFO] 
[INFO] -------------------------------------------------------
[INFO]  T E S T S
[INFO] -------------------------------------------------------
[INFO] Running org.apache.commons.collections4.SetUtilsTest
[INFO] Tests run: 14, Failures: 0, Errors: 0, Skipped: 0, Time elapsed: 0.291 s -- in org.apache.commons.collections4.SetUtilsTest
[INFO] Running org.apache.commons.collections4.TrieUtilsTest
[INFO] Tests run: 1, Failures: 0, Errors: 0, Skipped: 0, Time elapsed: 0.010 s -- in org.apache.commons.collections4.TrieUtilsTest
[INFO] Running org.apache.commons.collections4.multimap.ArrayListValuedLinkedHashMapTest
[WARNING] Tests run: 58, Failures: 0, Errors: 0, Skipped: 1, Time elapsed: 0.583 s -- in org.apache.commons.collections4.multimap.ArrayListValuedLinkedHashMapTest
[INFO] Running org.apache.commons.collections4.multimap.LinkedHashSetValuedLinkedHashMapTest
[WARNING] Tests run: 52, Failures: 0, Errors: 0, Skipped: 1, Time elapsed: 0.449 s -- in org.apache.commons.collections4.multimap.LinkedHashSetValuedLinkedHashMapTest
[INFO] Running org.apache.commons.collections4.multimap.UnmodifiableMultiValuedMapTest
[WARNING] Tests run: 59, Failures: 0, Errors: 0, Skipped: 16, Time elapsed: 0.399 s -- in org.apache.commons.collections4.multimap.UnmodifiableMultiValuedMapTest
[INFO] Running org.apache.commons.collections4.multimap.ArrayListValuedHashMapTest
[WARNING] Tests run: 57, Failures: 0, Errors: 0, Skipped: 1, Time elapsed: 0.770 s -- in org.apache.commons.collections4.multimap.ArrayListValuedHashMapTest
[INFO] Running org.apache.commons.collections4.multimap.HashSetValuedHashMapTest
[ERROR] Tests run: 52, Failures: 1, Errors: 0, Skipped: 1, Time elapsed: 42.12 s <<< FAILURE! -- in org.apache.commons.collections4.multimap.HashSetValuedHashMapTest
[ERROR] org.apache.commons.collections4.multimap.HashSetValuedHashMapTest.testToString -- Time elapsed: 0.004 s <<< FAILURE!
org.opentest4j.AssertionFailedError: expected: <true> but was: <false>
	at org.apache.commons.collections4.multimap.AbstractMultiValuedMapTest.testToString(AbstractMultiValuedMapTest.java:1342)
	at java.base/java.lang.reflect.Method.invoke(Method.java:569)
	at java.base/java.util.ArrayList.forEach(ArrayList.java:1511)
	at java.base/java.util.ArrayList.forEach(ArrayList.java:1511)

[INFO] Running org.apache.commons.collections4.multimap.TransformedMultiValuedMapTest
[ERROR] Tests run: 49, Failures: 1, Errors: 0, Skipped: 1, Time elapsed: 0.674 s <<< FAILURE! -- in org.apache.commons.collections4.multimap.TransformedMultiValuedMapTest
[ERROR] org.apache.commons.collections4.multimap.TransformedMultiValuedMapTest.testToString -- Time elapsed: 0.001 s <<< FAILURE!
org.opentest4j.AssertionFailedError: expected: <true> but was: <false>
	at org.apache.commons.collections4.multimap.AbstractMultiValuedMapTest.testToString(AbstractMultiValuedMapTest.java:1342)
	at java.base/java.lang.reflect.Method.invoke(Method.java:569)
	at java.base/java.util.ArrayList.forEach(ArrayList.java:1511)
	at java.base/java.util.ArrayList.forEach(ArrayList.java:1511)

[INFO] Running org.apache.commons.collections4.splitmap.TransformedSplitMapTest
[INFO] Tests run: 4, Failures: 0, Errors: 0, Skipped: 0, Time elapsed: 0.012 s -- in org.apache.commons.collections4.splitmap.TransformedSplitMapTest
[INFO] Running org.apache.commons.collections4.EnumerationUtilsTest
[INFO] Tests run: 6, Failures: 0, Errors: 0, Skipped: 0, Time elapsed: 0.009 s -- in org.apache.commons.collections4.EnumerationUtilsTest
[INFO] Running org.apache.commons.collections4.bloomfilter.IndexExtractorFromSimpleBloomFilterTest
[INFO] Tests run: 9, Failures: 0, Errors: 0, Skipped: 0, Time elapsed: 0.022 s -- in org.apache.commons.collections4.bloomfilter.IndexExtractorFromSimpleBloomFilterTest
[INFO] Running org.apache.commons.collections4.bloomfilter.LayeredBloomFilterTest
[INFO] Tests run: 27, Failures: 0, Errors: 0, Skipped: 0, Time elapsed: 0.750 s -- in org.apache.commons.collections4.bloomfilter.LayeredBloomFilterTest
[INFO] Running org.apache.commons.collections4.bloomfilter.IndexExtractorFromIntArrayTest
[INFO] Tests run: 9, Failures: 0, Errors: 0, Skipped: 0, Time elapsed: 0.014 s -- in org.apache.commons.collections4.bloomfilter.IndexExtractorFromIntArrayTest
[INFO] Running org.apache.commons.collections4.bloomfilter.BloomFilterExtractorFromLayeredBloomFilterTest
[INFO] Tests run: 8, Failures: 0, Errors: 0, Skipped: 0, Time elapsed: 0.020 s -- in org.apache.commons.collections4.bloomfilter.BloomFilterExtractorFromLayeredBloomFilterTest
[INFO] Running org.apache.commons.collections4.bloomfilter.BitMapExtractorFromLongArrayTest
[INFO] Tests run: 7, Failures: 0, Errors: 0, Skipped: 0, Time elapsed: 0.013 s -- in org.apache.commons.collections4.bloomfilter.BitMapExtractorFromLongArrayTest
[INFO] Running org.apache.commons.collections4.bloomfilter.EnhancedDoubleHasherTest
[INFO] Tests run: 14, Failures: 0, Errors: 0, Skipped: 0, Time elapsed: 0.066 s -- in org.apache.commons.collections4.bloomfilter.EnhancedDoubleHasherTest
[INFO] Running org.apache.commons.collections4.bloomfilter.BloomFilterExtractorFromBloomFilterArrayTest
[INFO] Tests run: 8, Failures: 0, Errors: 0, Skipped: 0, Time elapsed: 0.017 s -- in org.apache.commons.collections4.bloomfilter.BloomFilterExtractorFromBloomFilterArrayTest
[INFO] Running org.apache.commons.collections4.bloomfilter.SparseBloomFilterTest
[INFO] Tests run: 20, Failures: 0, Errors: 0, Skipped: 0, Time elapsed: 0.035 s -- in org.apache.commons.collections4.bloomfilter.SparseBloomFilterTest
[INFO] Running org.apache.commons.collections4.bloomfilter.SimpleBloomFilterTest
[INFO] Tests run: 19, Failures: 0, Errors: 0, Skipped: 0, Time elapsed: 0.032 s -- in org.apache.commons.collections4.bloomfilter.SimpleBloomFilterTest
[INFO] Running org.apache.commons.collections4.bloomfilter.DefaultBloomFilterExtractorTest
[INFO] Tests run: 8, Failures: 0, Errors: 0, Skipped: 0, Time elapsed: 0.014 s -- in org.apache.commons.collections4.bloomfilter.DefaultBloomFilterExtractorTest
[INFO] Running org.apache.commons.collections4.bloomfilter.BitMapExtractorFromWrappedBloomFilterTest
[INFO] Tests run: 5, Failures: 0, Errors: 0, Skipped: 0, Time elapsed: 0.009 s -- in org.apache.commons.collections4.bloomfilter.BitMapExtractorFromWrappedBloomFilterTest
[INFO] Running org.apache.commons.collections4.bloomfilter.BitMapTrackerTest
[INFO] Tests run: 1, Failures: 0, Errors: 0, Skipped: 0, Time elapsed: 0.003 s -- in org.apache.commons.collections4.bloomfilter.BitMapTrackerTest
[INFO] Running org.apache.commons.collections4.bloomfilter.CellExtractorFromArrayCountingBloomFilterTest
[INFO] Tests run: 15, Failures: 0, Errors: 0, Skipped: 0, Time elapsed: 0.039 s -- in org.apache.commons.collections4.bloomfilter.CellExtractorFromArrayCountingBloomFilterTest
[INFO] Running org.apache.commons.collections4.bloomfilter.BitMapExtractorFromLayeredBloomFilterTest
[INFO] Tests run: 5, Failures: 0, Errors: 0, Skipped: 0, Time elapsed: 0.013 s -- in org.apache.commons.collections4.bloomfilter.BitMapExtractorFromLayeredBloomFilterTest
[INFO] Running org.apache.commons.collections4.bloomfilter.IndexExtractorTest
[INFO] Tests run: 3, Failures: 0, Errors: 0, Skipped: 0, Time elapsed: 0.020 s -- in org.apache.commons.collections4.bloomfilter.IndexExtractorTest
[INFO] Running org.apache.commons.collections4.bloomfilter.SetOperationsTest
[INFO] Tests run: 12, Failures: 0, Errors: 0, Skipped: 0, Time elapsed: 0.034 s -- in org.apache.commons.collections4.bloomfilter.SetOperationsTest
[INFO] Running org.apache.commons.collections4.bloomfilter.CellExtractorFromLayeredBloomFilterTest
[INFO] Tests run: 15, Failures: 0, Errors: 0, Skipped: 0, Time elapsed: 0.028 s -- in org.apache.commons.collections4.bloomfilter.CellExtractorFromLayeredBloomFilterTest
[INFO] Running org.apache.commons.collections4.bloomfilter.DefaultIndexExtractorTest
[INFO] Tests run: 13, Failures: 0, Errors: 0, Skipped: 0, Time elapsed: 0.034 s -- in org.apache.commons.collections4.bloomfilter.DefaultIndexExtractorTest
[INFO] Running org.apache.commons.collections4.bloomfilter.IndexExtractorFromArrayCountingBloomFilterTest
[INFO] Tests run: 9, Failures: 0, Errors: 0, Skipped: 0, Time elapsed: 0.018 s -- in org.apache.commons.collections4.bloomfilter.IndexExtractorFromArrayCountingBloomFilterTest
[INFO] Running org.apache.commons.collections4.bloomfilter.IndexExtractorFromSparseBloomFilterTest
[INFO] Tests run: 9, Failures: 0, Errors: 0, Skipped: 0, Time elapsed: 0.017 s -- in org.apache.commons.collections4.bloomfilter.IndexExtractorFromSparseBloomFilterTest
[INFO] Running org.apache.commons.collections4.bloomfilter.ArrayTrackerTest
[INFO] Tests run: 1, Failures: 0, Errors: 0, Skipped: 0, Time elapsed: 0.002 s -- in org.apache.commons.collections4.bloomfilter.ArrayTrackerTest
[INFO] Running org.apache.commons.collections4.bloomfilter.IndexExtractorFromUniqueHasherTest
[INFO] Tests run: 9, Failures: 0, Errors: 0, Skipped: 0, Time elapsed: 0.017 s -- in org.apache.commons.collections4.bloomfilter.IndexExtractorFromUniqueHasherTest
[INFO] Running org.apache.commons.collections4.bloomfilter.LayerManagerTest
[INFO] Tests run: 22, Failures: 0, Errors: 0, Skipped: 0, Time elapsed: 0.078 s -- in org.apache.commons.collections4.bloomfilter.LayerManagerTest
[INFO] Running org.apache.commons.collections4.bloomfilter.BloomFilterExtractorTest
[INFO] Tests run: 2, Failures: 0, Errors: 0, Skipped: 0, Time elapsed: 0.004 s -- in org.apache.commons.collections4.bloomfilter.BloomFilterExtractorTest
[INFO] Running org.apache.commons.collections4.bloomfilter.IndexExtractorFromBitmapExtractorTest
[INFO] Tests run: 10, Failures: 0, Errors: 0, Skipped: 0, Time elapsed: 0.025 s -- in org.apache.commons.collections4.bloomfilter.IndexExtractorFromBitmapExtractorTest
[INFO] Running org.apache.commons.collections4.bloomfilter.BitMapExtractorFromSimpleBloomFilterTest
[INFO] Tests run: 5, Failures: 0, Errors: 0, Skipped: 0, Time elapsed: 0.010 s -- in org.apache.commons.collections4.bloomfilter.BitMapExtractorFromSimpleBloomFilterTest
[INFO] Running org.apache.commons.collections4.bloomfilter.IndexFilterTest
[INFO] Tests run: 6, Failures: 0, Errors: 0, Skipped: 0, Time elapsed: 0.048 s -- in org.apache.commons.collections4.bloomfilter.IndexFilterTest
[INFO] Running org.apache.commons.collections4.bloomfilter.WrappedBloomFilterTest
[INFO] Tests run: 21, Failures: 0, Errors: 0, Skipped: 0, Time elapsed: 0.063 s -- in org.apache.commons.collections4.bloomfilter.WrappedBloomFilterTest
[INFO] Running org.apache.commons.collections4.bloomfilter.BitMapsTest
[INFO] Tests run: 7, Failures: 0, Errors: 0, Skipped: 0, Time elapsed: 0.039 s -- in org.apache.commons.collections4.bloomfilter.BitMapsTest
[INFO] Running org.apache.commons.collections4.bloomfilter.CountingPredicateTest
[INFO] Tests run: 3, Failures: 0, Errors: 0, Skipped: 0, Time elapsed: 0.012 s -- in org.apache.commons.collections4.bloomfilter.CountingPredicateTest
[INFO] Running org.apache.commons.collections4.bloomfilter.IndexExtractorFromHasherTest
[INFO] Tests run: 9, Failures: 0, Errors: 0, Skipped: 0, Time elapsed: 0.019 s -- in org.apache.commons.collections4.bloomfilter.IndexExtractorFromHasherTest
[INFO] Running org.apache.commons.collections4.bloomfilter.ShapeTest
[INFO] Tests run: 19, Failures: 0, Errors: 0, Skipped: 0, Time elapsed: 0.072 s -- in org.apache.commons.collections4.bloomfilter.ShapeTest
[INFO] Running org.apache.commons.collections4.bloomfilter.ArrayCountingBloomFilterTest
[INFO] Tests run: 28, Failures: 0, Errors: 0, Skipped: 0, Time elapsed: 0.058 s -- in org.apache.commons.collections4.bloomfilter.ArrayCountingBloomFilterTest
[INFO] Running org.apache.commons.collections4.bloomfilter.BitMapExtractorFromIndexExtractorTest
[INFO] Tests run: 6, Failures: 0, Errors: 0, Skipped: 0, Time elapsed: 0.011 s -- in org.apache.commons.collections4.bloomfilter.BitMapExtractorFromIndexExtractorTest
[INFO] Running org.apache.commons.collections4.bloomfilter.CellExtractorFromDefaultIndexExtractorTest
[INFO] Tests run: 15, Failures: 0, Errors: 0, Skipped: 0, Time elapsed: 0.026 s -- in org.apache.commons.collections4.bloomfilter.CellExtractorFromDefaultIndexExtractorTest
[INFO] Running org.apache.commons.collections4.bloomfilter.DefaultBloomFilterTest
[INFO] Tests run: 25, Failures: 0, Errors: 0, Skipped: 0, Time elapsed: 0.784 s -- in org.apache.commons.collections4.bloomfilter.DefaultBloomFilterTest
[INFO] Running org.apache.commons.collections4.bloomfilter.DefaultBitMapExtractorTest
[INFO] Tests run: 8, Failures: 0, Errors: 0, Skipped: 0, Time elapsed: 0.015 s -- in org.apache.commons.collections4.bloomfilter.DefaultBitMapExtractorTest
[INFO] Running org.apache.commons.collections4.bloomfilter.BitMapExtractorFromSparseBloomFilterTest
[INFO] Tests run: 5, Failures: 0, Errors: 0, Skipped: 0, Time elapsed: 0.011 s -- in org.apache.commons.collections4.bloomfilter.BitMapExtractorFromSparseBloomFilterTest
[INFO] Running org.apache.commons.collections4.bloomfilter.DefaultCellExtractorTest
[INFO] Tests run: 15, Failures: 0, Errors: 0, Skipped: 0, Time elapsed: 0.031 s -- in org.apache.commons.collections4.bloomfilter.DefaultCellExtractorTest
[INFO] Running org.apache.commons.collections4.bloomfilter.BitMapExtractorFromArrayCountingBloomFilterTest
[INFO] Tests run: 5, Failures: 0, Errors: 0, Skipped: 0, Time elapsed: 0.009 s -- in org.apache.commons.collections4.bloomfilter.BitMapExtractorFromArrayCountingBloomFilterTest
[INFO] Running org.apache.commons.collections4.list.NodeCachingLinkedListTest
[INFO] Tests run: 64, Failures: 0, Errors: 0, Skipped: 0, Time elapsed: 0.155 s -- in org.apache.commons.collections4.list.NodeCachingLinkedListTest
[INFO] Running org.apache.commons.collections4.list.PredicatedListTest
[INFO] Tests run: 63, Failures: 0, Errors: 0, Skipped: 0, Time elapsed: 0.140 s -- in org.apache.commons.collections4.list.PredicatedListTest
[INFO] Running org.apache.commons.collections4.list.LazyListTest
[INFO] Tests run: 15, Failures: 0, Errors: 0, Skipped: 0, Time elapsed: 0.032 s -- in org.apache.commons.collections4.list.LazyListTest
[INFO] Running org.apache.commons.collections4.list.DefaultAbstractLinkedListJava21Test
[INFO] Tests run: 68, Failures: 0, Errors: 0, Skipped: 0, Time elapsed: 0.168 s -- in org.apache.commons.collections4.list.DefaultAbstractLinkedListJava21Test
[INFO] Running org.apache.commons.collections4.list.GrowthListTest
[INFO] Tests run: 63, Failures: 0, Errors: 0, Skipped: 0, Time elapsed: 0.149 s -- in org.apache.commons.collections4.list.GrowthListTest
[INFO] Running org.apache.commons.collections4.list.UnmodifiableListTest
[INFO] Tests run: 61, Failures: 0, Errors: 0, Skipped: 0, Time elapsed: 0.134 s -- in org.apache.commons.collections4.list.UnmodifiableListTest
[INFO] Running org.apache.commons.collections4.list.Collections701Test
[INFO] Tests run: 3, Failures: 0, Errors: 0, Skipped: 0, Time elapsed: 0.007 s -- in org.apache.commons.collections4.list.Collections701Test
[INFO] Running org.apache.commons.collections4.list.SetUniqueListTest
[INFO] Tests run: 77, Failures: 0, Errors: 0, Skipped: 0, Time elapsed: 0.208 s -- in org.apache.commons.collections4.list.SetUniqueListTest
[INFO] Running org.apache.commons.collections4.list.TreeListTest
[INFO] Tests run: 66, Failures: 0, Errors: 0, Skipped: 0, Time elapsed: 0.271 s -- in org.apache.commons.collections4.list.TreeListTest
[INFO] Running org.apache.commons.collections4.list.CursorableLinkedListTest
[INFO] Tests run: 112, Failures: 0, Errors: 0, Skipped: 0, Time elapsed: 0.492 s -- in org.apache.commons.collections4.list.CursorableLinkedListTest
[INFO] Running org.apache.commons.collections4.list.TransformedListTest
[INFO] Tests run: 61, Failures: 0, Errors: 0, Skipped: 0, Time elapsed: 0.134 s -- in org.apache.commons.collections4.list.TransformedListTest
[INFO] Running org.apache.commons.collections4.list.FixedSizeListTest
[INFO] Tests run: 65, Failures: 0, Errors: 0, Skipped: 0, Time elapsed: 0.147 s -- in org.apache.commons.collections4.list.FixedSizeListTest
[INFO] Running org.apache.commons.collections4.ListUtilsTest
[INFO] Tests run: 27, Failures: 0, Errors: 0, Skipped: 0, Time elapsed: 0.054 s -- in org.apache.commons.collections4.ListUtilsTest
[INFO] Running org.apache.commons.collections4.IterableUtilsTest
[INFO] Tests run: 42, Failures: 0, Errors: 0, Skipped: 0, Time elapsed: 0.085 s -- in org.apache.commons.collections4.IterableUtilsTest
[INFO] Running org.apache.commons.collections4.functors.NullPredicateTest
[INFO] Tests run: 3, Failures: 0, Errors: 0, Skipped: 0, Time elapsed: 0.005 s -- in org.apache.commons.collections4.functors.NullPredicateTest
[INFO] Running org.apache.commons.collections4.functors.ComparatorPredicateTest
[INFO] Tests run: 6, Failures: 0, Errors: 0, Skipped: 0, Time elapsed: 0.013 s -- in org.apache.commons.collections4.functors.ComparatorPredicateTest
[INFO] Running org.apache.commons.collections4.functors.CatchAndRethrowClosureTest
[INFO] Tests run: 4, Failures: 0, Errors: 0, Skipped: 0, Time elapsed: 0.013 s -- in org.apache.commons.collections4.functors.CatchAndRethrowClosureTest
[INFO] Running org.apache.commons.collections4.functors.EqualPredicateTest
[INFO] Tests run: 4, Failures: 0, Errors: 0, Skipped: 0, Time elapsed: 0.009 s -- in org.apache.commons.collections4.functors.EqualPredicateTest
[INFO] Running org.apache.commons.collections4.functors.AllPredicateTest
[INFO] Tests run: 13, Failures: 0, Errors: 0, Skipped: 0, Time elapsed: 0.045 s -- in org.apache.commons.collections4.functors.AllPredicateTest
[INFO] Running org.apache.commons.collections4.bag.HashBagTest
[INFO] Tests run: 47, Failures: 0, Errors: 0, Skipped: 0, Time elapsed: 0.087 s -- in org.apache.commons.collections4.bag.HashBagTest
[INFO] Running org.apache.commons.collections4.bag.TreeBagTest
[INFO] Tests run: 50, Failures: 0, Errors: 0, Skipped: 0, Time elapsed: 0.104 s -- in org.apache.commons.collections4.bag.TreeBagTest
[INFO] Running org.apache.commons.collections4.bag.PredicatedBagTest
[INFO] Tests run: 50, Failures: 0, Errors: 0, Skipped: 0, Time elapsed: 0.114 s -- in org.apache.commons.collections4.bag.PredicatedBagTest
[INFO] Running org.apache.commons.collections4.bag.CollectionBagTest
[INFO] Tests run: 31, Failures: 0, Errors: 0, Skipped: 0, Time elapsed: 0.078 s -- in org.apache.commons.collections4.bag.CollectionBagTest
[INFO] Running org.apache.commons.collections4.bag.UnmodifiableSortedBagTest
[INFO] Tests run: 49, Failures: 0, Errors: 0, Skipped: 0, Time elapsed: 0.090 s -- in org.apache.commons.collections4.bag.UnmodifiableSortedBagTest
[INFO] Running org.apache.commons.collections4.bag.UnmodifiableBagTest
[INFO] Tests run: 49, Failures: 0, Errors: 0, Skipped: 0, Time elapsed: 0.087 s -- in org.apache.commons.collections4.bag.UnmodifiableBagTest
[INFO] Running org.apache.commons.collections4.bag.SynchronizedBagTest
[INFO] Tests run: 47, Failures: 0, Errors: 0, Skipped: 0, Time elapsed: 0.084 s -- in org.apache.commons.collections4.bag.SynchronizedBagTest
[INFO] Running org.apache.commons.collections4.bag.PredicatedSortedBagTest
[INFO] Tests run: 49, Failures: 0, Errors: 0, Skipped: 0, Time elapsed: 0.084 s -- in org.apache.commons.collections4.bag.PredicatedSortedBagTest
[INFO] Running org.apache.commons.collections4.bag.TransformedBagTest
[INFO] Tests run: 49, Failures: 0, Errors: 0, Skipped: 0, Time elapsed: 0.084 s -- in org.apache.commons.collections4.bag.TransformedBagTest
[INFO] Running org.apache.commons.collections4.bag.CollectionSortedBagTest
[INFO] Tests run: 29, Failures: 0, Errors: 0, Skipped: 0, Time elapsed: 0.057 s -- in org.apache.commons.collections4.bag.CollectionSortedBagTest
[INFO] Running org.apache.commons.collections4.bag.TransformedSortedBagTest
[INFO] Tests run: 49, Failures: 0, Errors: 0, Skipped: 0, Time elapsed: 0.084 s -- in org.apache.commons.collections4.bag.TransformedSortedBagTest
[INFO] Running org.apache.commons.collections4.FluentIterableTest
[INFO] Tests run: 26, Failures: 0, Errors: 0, Skipped: 0, Time elapsed: 0.060 s -- in org.apache.commons.collections4.FluentIterableTest
[INFO] Running org.apache.commons.collections4.PredicateUtilsTest
[INFO] Tests run: 65, Failures: 0, Errors: 0, Skipped: 0, Time elapsed: 0.118 s -- in org.apache.commons.collections4.PredicateUtilsTest
[INFO] Running org.apache.commons.collections4.sequence.SequencesComparatorTest
[INFO] Tests run: 4, Failures: 0, Errors: 0, Skipped: 0, Time elapsed: 0.198 s -- in org.apache.commons.collections4.sequence.SequencesComparatorTest
[INFO] Running org.apache.commons.collections4.IteratorUtilsTest
[INFO] Tests run: 53, Failures: 0, Errors: 0, Skipped: 0, Time elapsed: 0.525 s -- in org.apache.commons.collections4.IteratorUtilsTest
[INFO] Running org.apache.commons.collections4.CollectionUtilsTest
[INFO] Tests run: 161, Failures: 0, Errors: 0, Skipped: 0, Time elapsed: 0.416 s -- in org.apache.commons.collections4.CollectionUtilsTest
[INFO] Running org.apache.commons.collections4.keyvalue.MultiKeyTest
[INFO] Tests run: 18, Failures: 0, Errors: 0, Skipped: 0, Time elapsed: 0.063 s -- in org.apache.commons.collections4.keyvalue.MultiKeyTest
[INFO] Running org.apache.commons.collections4.keyvalue.DefaultMapEntryTest
[INFO] Tests run: 5, Failures: 0, Errors: 0, Skipped: 0, Time elapsed: 0.015 s -- in org.apache.commons.collections4.keyvalue.DefaultMapEntryTest
[INFO] Running org.apache.commons.collections4.keyvalue.DefaultKeyValueTest
[INFO] Tests run: 6, Failures: 0, Errors: 0, Skipped: 0, Time elapsed: 0.022 s -- in org.apache.commons.collections4.keyvalue.DefaultKeyValueTest
[INFO] Running org.apache.commons.collections4.keyvalue.TiedMapEntryTest
[INFO] Tests run: 6, Failures: 0, Errors: 0, Skipped: 0, Time elapsed: 0.016 s -- in org.apache.commons.collections4.keyvalue.TiedMapEntryTest
[INFO] Running org.apache.commons.collections4.keyvalue.UnmodifiableMapEntryTest
[INFO] Tests run: 6, Failures: 0, Errors: 0, Skipped: 0, Time elapsed: 0.016 s -- in org.apache.commons.collections4.keyvalue.UnmodifiableMapEntryTest
[INFO] Running org.apache.commons.collections4.BagUtilsTest
[INFO] Tests run: 8, Failures: 0, Errors: 0, Skipped: 0, Time elapsed: 0.024 s -- in org.apache.commons.collections4.BagUtilsTest
[INFO] Running org.apache.commons.collections4.TransformerUtilsTest
[INFO] Tests run: 18, Failures: 0, Errors: 0, Skipped: 0, Time elapsed: 0.045 s -- in org.apache.commons.collections4.TransformerUtilsTest
[INFO] Running org.apache.commons.collections4.comparators.FixedOrderComparatorTest
[INFO] Running org.apache.commons.collections4.comparators.FixedOrderComparatorTest$Equals
[INFO] Tests run: 28, Failures: 0, Errors: 0, Skipped: 0, Time elapsed: 0.019 s -- in org.apache.commons.collections4.comparators.FixedOrderComparatorTest$Equals
[INFO] Tests run: 0, Failures: 0, Errors: 0, Skipped: 0, Time elapsed: 0.062 s -- in org.apache.commons.collections4.comparators.FixedOrderComparatorTest
[INFO] Running org.apache.commons.collections4.comparators.ComparatorChainTest
[INFO] Tests run: 18, Failures: 0, Errors: 0, Skipped: 0, Time elapsed: 0.037 s -- in org.apache.commons.collections4.comparators.ComparatorChainTest
[INFO] Running org.apache.commons.collections4.comparators.ComparableComparatorTest
[INFO] Tests run: 13, Failures: 0, Errors: 0, Skipped: 0, Time elapsed: 0.031 s -- in org.apache.commons.collections4.comparators.ComparableComparatorTest
[INFO] Running org.apache.commons.collections4.comparators.ReverseComparatorTest
[INFO] Tests run: 13, Failures: 0, Errors: 0, Skipped: 0, Time elapsed: 0.022 s -- in org.apache.commons.collections4.comparators.ReverseComparatorTest
[INFO] Running org.apache.commons.collections4.comparators.BooleanComparatorTest
[INFO] Tests run: 16, Failures: 0, Errors: 0, Skipped: 0, Time elapsed: 0.030 s -- in org.apache.commons.collections4.comparators.BooleanComparatorTest
[INFO] Running org.apache.commons.collections4.comparators.TransformingComparatorTest
[INFO] Tests run: 14, Failures: 0, Errors: 0, Skipped: 0, Time elapsed: 0.026 s -- in org.apache.commons.collections4.comparators.TransformingComparatorTest
[INFO] Running org.apache.commons.collections4.ArrayUtilsTest
[INFO] Tests run: 3, Failures: 0, Errors: 0, Skipped: 0, Time elapsed: 0.005 s -- in org.apache.commons.collections4.ArrayUtilsTest
[INFO] Running org.apache.commons.collections4.queue.PredicatedQueueTest
[INFO] Tests run: 38, Failures: 0, Errors: 0, Skipped: 0, Time elapsed: 0.085 s -- in org.apache.commons.collections4.queue.PredicatedQueueTest
[INFO] Running org.apache.commons.collections4.queue.SynchronizedQueueTest
[WARNING] Tests run: 37, Failures: 0, Errors: 0, Skipped: 1, Time elapsed: 0.072 s -- in org.apache.commons.collections4.queue.SynchronizedQueueTest
[INFO] Running org.apache.commons.collections4.queue.UnmodifiableQueueTest
[INFO] Tests run: 40, Failures: 0, Errors: 0, Skipped: 0, Time elapsed: 0.075 s -- in org.apache.commons.collections4.queue.UnmodifiableQueueTest
[INFO] Running org.apache.commons.collections4.queue.TransformedQueueTest
[INFO] Tests run: 38, Failures: 0, Errors: 0, Skipped: 0, Time elapsed: 0.085 s -- in org.apache.commons.collections4.queue.TransformedQueueTest
[INFO] Running org.apache.commons.collections4.queue.CircularFifoQueueTest
[INFO] Tests run: 55, Failures: 0, Errors: 0, Skipped: 0, Time elapsed: 0.123 s -- in org.apache.commons.collections4.queue.CircularFifoQueueTest
[INFO] Running org.apache.commons.collections4.FactoryUtilsTest
[INFO] Tests run: 16, Failures: 0, Errors: 0, Skipped: 0, Time elapsed: 0.037 s -- in org.apache.commons.collections4.FactoryUtilsTest
[INFO] Running org.apache.commons.collections4.MapUtilsTest
[INFO] Tests run: 66, Failures: 0, Errors: 0, Skipped: 0, Time elapsed: 0.160 s -- in org.apache.commons.collections4.MapUtilsTest
[INFO] Running org.apache.commons.collections4.map.PredicatedMapTest
[INFO] Tests run: 62, Failures: 0, Errors: 0, Skipped: 0, Time elapsed: 0.364 s -- in org.apache.commons.collections4.map.PredicatedMapTest
[INFO] Running org.apache.commons.collections4.map.HashedMapTest
[INFO] Tests run: 63, Failures: 0, Errors: 0, Skipped: 0, Time elapsed: 0.296 s -- in org.apache.commons.collections4.map.HashedMapTest
[INFO] Running org.apache.commons.collections4.map.UnmodifiableOrderedMapTest
[WARNING] Tests run: 66, Failures: 0, Errors: 0, Skipped: 4, Time elapsed: 0.149 s -- in org.apache.commons.collections4.map.UnmodifiableOrderedMapTest
[INFO] Running org.apache.commons.collections4.map.HashMapSanityTest
[INFO] Tests run: 57, Failures: 0, Errors: 0, Skipped: 0, Time elapsed: 0.302 s -- in org.apache.commons.collections4.map.HashMapSanityTest
[INFO] Running org.apache.commons.collections4.map.ConcurrentReferenceHashMapKWeakVWeakIdCTest
[INFO] Tests run: 57, Failures: 0, Errors: 0, Skipped: 0, Time elapsed: 0.330 s -- in org.apache.commons.collections4.map.ConcurrentReferenceHashMapKWeakVWeakIdCTest
[INFO] Running org.apache.commons.collections4.map.CaseInsensitiveMapTest
[INFO] Tests run: 66, Failures: 0, Errors: 0, Skipped: 0, Time elapsed: 0.211 s -- in org.apache.commons.collections4.map.CaseInsensitiveMapTest
[INFO] Running org.apache.commons.collections4.map.TransformedSortedMapTest
[INFO] Tests run: 63, Failures: 0, Errors: 0, Skipped: 0, Time elapsed: 0.118 s -- in org.apache.commons.collections4.map.TransformedSortedMapTest
[INFO] Running org.apache.commons.collections4.map.Flat3MapTest
[INFO] Tests run: 105, Failures: 0, Errors: 0, Skipped: 0, Time elapsed: 0.254 s -- in org.apache.commons.collections4.map.Flat3MapTest
[INFO] Running org.apache.commons.collections4.map.LRUMapTest
[INFO] Tests run: 80, Failures: 0, Errors: 0, Skipped: 0, Time elapsed: 4.287 s -- in org.apache.commons.collections4.map.LRUMapTest
[INFO] Running org.apache.commons.collections4.map.UnmodifiableMapTest
[WARNING] Tests run: 62, Failures: 0, Errors: 0, Skipped: 4, Time elapsed: 0.101 s -- in org.apache.commons.collections4.map.UnmodifiableMapTest
[INFO] Running org.apache.commons.collections4.map.ConcurrentReferenceHashMapKWeakVSoftIdCTest
[INFO] Tests run: 57, Failures: 0, Errors: 0, Skipped: 0, Time elapsed: 0.188 s -- in org.apache.commons.collections4.map.ConcurrentReferenceHashMapKWeakVSoftIdCTest
[INFO] Running org.apache.commons.collections4.map.ConcurrentReferenceHashMapKStrongVWeakIdCTest
[INFO] Tests run: 57, Failures: 0, Errors: 0, Skipped: 0, Time elapsed: 0.164 s -- in org.apache.commons.collections4.map.ConcurrentReferenceHashMapKStrongVWeakIdCTest
[INFO] Running org.apache.commons.collections4.map.ListOrderedMap2Test
[INFO] Tests run: 68, Failures: 0, Errors: 0, Skipped: 0, Time elapsed: 0.181 s -- in org.apache.commons.collections4.map.ListOrderedMap2Test
[INFO] Running org.apache.commons.collections4.map.SingletonMapTest
[WARNING] Tests run: 67, Failures: 0, Errors: 0, Skipped: 3, Time elapsed: 0.105 s -- in org.apache.commons.collections4.map.SingletonMapTest
[INFO] Running org.apache.commons.collections4.map.ConcurrentReferenceHashMapKSoftVStrongTest
[INFO] Tests run: 57, Failures: 0, Errors: 0, Skipped: 0, Time elapsed: 0.162 s -- in org.apache.commons.collections4.map.ConcurrentReferenceHashMapKSoftVStrongTest
[INFO] Running org.apache.commons.collections4.map.FixedSizeSortedMapTest
[WARNING] Tests run: 60, Failures: 0, Errors: 0, Skipped: 3, Time elapsed: 0.104 s -- in org.apache.commons.collections4.map.FixedSizeSortedMapTest
[INFO] Running org.apache.commons.collections4.map.ConcurrentReferenceHashMapKSoftVSoftIdCTest
[INFO] Tests run: 57, Failures: 0, Errors: 0, Skipped: 0, Time elapsed: 0.156 s -- in org.apache.commons.collections4.map.ConcurrentReferenceHashMapKSoftVSoftIdCTest
[INFO] Running org.apache.commons.collections4.map.ConcurrentReferenceHashMapTest
[INFO] Tests run: 1, Failures: 0, Errors: 0, Skipped: 0, Time elapsed: 0.002 s -- in org.apache.commons.collections4.map.ConcurrentReferenceHashMapTest
[INFO] Running org.apache.commons.collections4.map.ConcurrentReferenceHashMapKWeakVStrongIdCTest
[INFO] Tests run: 57, Failures: 0, Errors: 0, Skipped: 0, Time elapsed: 0.156 s -- in org.apache.commons.collections4.map.ConcurrentReferenceHashMapKWeakVStrongIdCTest
[INFO] Running org.apache.commons.collections4.map.ConcurrentReferenceHashMapKStrongVWeakTest
[INFO] Tests run: 57, Failures: 0, Errors: 0, Skipped: 0, Time elapsed: 0.150 s -- in org.apache.commons.collections4.map.ConcurrentReferenceHashMapKStrongVWeakTest
[INFO] Running org.apache.commons.collections4.map.DefaultedMapTest
[INFO] Tests run: 64, Failures: 0, Errors: 0, Skipped: 0, Time elapsed: 0.240 s -- in org.apache.commons.collections4.map.DefaultedMapTest
[INFO] Running org.apache.commons.collections4.map.MultiKeyMapTest
[INFO] Tests run: 73, Failures: 0, Errors: 0, Skipped: 0, Time elapsed: 0.170 s -- in org.apache.commons.collections4.map.MultiKeyMapTest
[INFO] Running org.apache.commons.collections4.map.MultiKeyMapCompress672Test
[INFO] Tests run: 1, Failures: 0, Errors: 0, Skipped: 0, Time elapsed: 0.002 s -- in org.apache.commons.collections4.map.MultiKeyMapCompress672Test
[INFO] Running org.apache.commons.collections4.map.StaticBucketMapTest
[INFO] Tests run: 63, Failures: 0, Errors: 0, Skipped: 0, Time elapsed: 0.191 s -- in org.apache.commons.collections4.map.StaticBucketMapTest
[INFO] Running org.apache.commons.collections4.map.PredicatedSortedMapTest
[INFO] Tests run: 64, Failures: 0, Errors: 0, Skipped: 0, Time elapsed: 0.114 s -- in org.apache.commons.collections4.map.PredicatedSortedMapTest
[INFO] Running org.apache.commons.collections4.map.ConcurrentReferenceHashMapKSoftVWeakTest
[INFO] Tests run: 57, Failures: 0, Errors: 0, Skipped: 0, Time elapsed: 0.155 s -- in org.apache.commons.collections4.map.ConcurrentReferenceHashMapKSoftVWeakTest
[INFO] Running org.apache.commons.collections4.map.UnmodifiableSortedMapTest
[WARNING] Tests run: 65, Failures: 0, Errors: 0, Skipped: 4, Time elapsed: 0.107 s -- in org.apache.commons.collections4.map.UnmodifiableSortedMapTest
[INFO] Running org.apache.commons.collections4.map.ConcurrentReferenceHashMapKSoftVSoftTest
[INFO] Tests run: 57, Failures: 0, Errors: 0, Skipped: 0, Time elapsed: 0.163 s -- in org.apache.commons.collections4.map.ConcurrentReferenceHashMapKSoftVSoftTest
[INFO] Running org.apache.commons.collections4.map.ReferenceIdentityMapTest
[INFO] Tests run: 64, Failures: 0, Errors: 0, Skipped: 0, Time elapsed: 0.218 s -- in org.apache.commons.collections4.map.ReferenceIdentityMapTest
[INFO] Running org.apache.commons.collections4.map.MultiValueMapTest
[INFO] Tests run: 36, Failures: 0, Errors: 0, Skipped: 0, Time elapsed: 0.064 s -- in org.apache.commons.collections4.map.MultiValueMapTest
[INFO] Running org.apache.commons.collections4.map.ConcurrentReferenceHashMapKWeakVStrongTest
[INFO] Tests run: 57, Failures: 0, Errors: 0, Skipped: 0, Time elapsed: 0.184 s -- in org.apache.commons.collections4.map.ConcurrentReferenceHashMapKWeakVStrongTest
[INFO] Running org.apache.commons.collections4.map.LazyMapTest
[INFO] Tests run: 62, Failures: 0, Errors: 0, Skipped: 0, Time elapsed: 0.198 s -- in org.apache.commons.collections4.map.LazyMapTest
[INFO] Running org.apache.commons.collections4.map.ConcurrentReferenceHashMapKWeakVSoftTest
[INFO] Tests run: 57, Failures: 0, Errors: 0, Skipped: 0, Time elapsed: 0.152 s -- in org.apache.commons.collections4.map.ConcurrentReferenceHashMapKWeakVSoftTest
[INFO] Running org.apache.commons.collections4.map.LazySortedMapTest
[INFO] Tests run: 63, Failures: 0, Errors: 0, Skipped: 0, Time elapsed: 0.104 s -- in org.apache.commons.collections4.map.LazySortedMapTest
[INFO] Running org.apache.commons.collections4.map.ConcurrentReferenceHashMapKSoftVWeakIdCTest
[INFO] Tests run: 57, Failures: 0, Errors: 0, Skipped: 0, Time elapsed: 0.159 s -- in org.apache.commons.collections4.map.ConcurrentReferenceHashMapKSoftVWeakIdCTest
[INFO] Running org.apache.commons.collections4.map.ConcurrentReferenceHashMapKStrongVSoftTest
[INFO] Tests run: 57, Failures: 0, Errors: 0, Skipped: 0, Time elapsed: 0.155 s -- in org.apache.commons.collections4.map.ConcurrentReferenceHashMapKStrongVSoftTest
[INFO] Running org.apache.commons.collections4.map.ConcurrentReferenceHashMapKStrongVStrongTest
[INFO] Tests run: 57, Failures: 0, Errors: 0, Skipped: 0, Time elapsed: 0.203 s -- in org.apache.commons.collections4.map.ConcurrentReferenceHashMapKStrongVStrongTest
[INFO] Running org.apache.commons.collections4.map.TransformedMapTest
[INFO] Tests run: 63, Failures: 0, Errors: 0, Skipped: 0, Time elapsed: 0.387 s -- in org.apache.commons.collections4.map.TransformedMapTest
[INFO] Running org.apache.commons.collections4.map.ConcurrentHashMapSanityTest
[INFO] Tests run: 57, Failures: 0, Errors: 0, Skipped: 0, Time elapsed: 0.304 s -- in org.apache.commons.collections4.map.ConcurrentHashMapSanityTest
[INFO] Running org.apache.commons.collections4.map.CompositeMapTest
[INFO] Tests run: 68, Failures: 0, Errors: 0, Skipped: 0, Time elapsed: 0.306 s -- in org.apache.commons.collections4.map.CompositeMapTest
[INFO] Running org.apache.commons.collections4.map.ConcurrentReferenceHashMapKSoftVStrongIdCTest
[INFO] Tests run: 57, Failures: 0, Errors: 0, Skipped: 0, Time elapsed: 0.209 s -- in org.apache.commons.collections4.map.ConcurrentReferenceHashMapKSoftVStrongIdCTest
[INFO] Running org.apache.commons.collections4.map.LinkedMapTest
[INFO] Tests run: 72, Failures: 0, Errors: 0, Skipped: 0, Time elapsed: 0.152 s -- in org.apache.commons.collections4.map.LinkedMapTest
[INFO] Running org.apache.commons.collections4.map.ConcurrentReferenceHashMapKWeakVWeakTest
[INFO] Tests run: 57, Failures: 0, Errors: 0, Skipped: 0, Time elapsed: 0.182 s -- in org.apache.commons.collections4.map.ConcurrentReferenceHashMapKWeakVWeakTest
[INFO] Running org.apache.commons.collections4.map.ConcurrentReferenceHashMapKStrongVSoftIdCTest
[INFO] Tests run: 57, Failures: 0, Errors: 0, Skipped: 0, Time elapsed: 0.204 s -- in org.apache.commons.collections4.map.ConcurrentReferenceHashMapKStrongVSoftIdCTest
[INFO] Running org.apache.commons.collections4.map.ConcurrentReferenceHashMapKStrongVStrongIdCTest
[INFO] Tests run: 57, Failures: 0, Errors: 0, Skipped: 0, Time elapsed: 0.199 s -- in org.apache.commons.collections4.map.ConcurrentReferenceHashMapKStrongVStrongIdCTest
[INFO] Running org.apache.commons.collections4.map.ConcurrentReferenceHashMapDefaultsTest
[INFO] Tests run: 57, Failures: 0, Errors: 0, Skipped: 0, Time elapsed: 0.166 s -- in org.apache.commons.collections4.map.ConcurrentReferenceHashMapDefaultsTest
[INFO] Running org.apache.commons.collections4.map.ReferenceMapTest
[INFO] Tests run: 65, Failures: 0, Errors: 0, Skipped: 0, Time elapsed: 0.674 s -- in org.apache.commons.collections4.map.ReferenceMapTest
[INFO] Running org.apache.commons.collections4.map.FixedSizeMapTest
[WARNING] Tests run: 60, Failures: 0, Errors: 0, Skipped: 3, Time elapsed: 0.149 s -- in org.apache.commons.collections4.map.FixedSizeMapTest
[INFO] Running org.apache.commons.collections4.map.PassiveExpiringMapTest
[INFO] Tests run: 70, Failures: 0, Errors: 0, Skipped: 0, Time elapsed: 5.424 s -- in org.apache.commons.collections4.map.PassiveExpiringMapTest
[INFO] Running org.apache.commons.collections4.map.ListOrderedMapTest
[INFO] Tests run: 77, Failures: 0, Errors: 0, Skipped: 0, Time elapsed: 0.232 s -- in org.apache.commons.collections4.map.ListOrderedMapTest
[INFO] Running org.apache.commons.collections4.bidimap.UnmodifiableSortedBidiMapTest
[WARNING] Tests run: 89, Failures: 0, Errors: 0, Skipped: 4, Time elapsed: 0.185 s -- in org.apache.commons.collections4.bidimap.UnmodifiableSortedBidiMapTest
[INFO] Running org.apache.commons.collections4.bidimap.DualLinkedHashBidiMapTest
[INFO] Tests run: 71, Failures: 0, Errors: 0, Skipped: 0, Time elapsed: 0.212 s -- in org.apache.commons.collections4.bidimap.DualLinkedHashBidiMapTest
[INFO] Running org.apache.commons.collections4.bidimap.TreeBidiMapTest
[WARNING] Tests run: 75, Failures: 0, Errors: 0, Skipped: 1, Time elapsed: 0.180 s -- in org.apache.commons.collections4.bidimap.TreeBidiMapTest
[INFO] Running org.apache.commons.collections4.bidimap.DualTreeBidiMapTest
[INFO] Tests run: 87, Failures: 0, Errors: 0, Skipped: 0, Time elapsed: 0.163 s -- in org.apache.commons.collections4.bidimap.DualTreeBidiMapTest
[INFO] Running org.apache.commons.collections4.bidimap.UnmodifiableOrderedBidiMapTest
[WARNING] Tests run: 77, Failures: 0, Errors: 0, Skipped: 4, Time elapsed: 0.116 s -- in org.apache.commons.collections4.bidimap.UnmodifiableOrderedBidiMapTest
[INFO] Running org.apache.commons.collections4.bidimap.DualTreeBidiMap2Test
[INFO] Tests run: 92, Failures: 0, Errors: 0, Skipped: 0, Time elapsed: 0.184 s -- in org.apache.commons.collections4.bidimap.DualTreeBidiMap2Test
[INFO] Running org.apache.commons.collections4.bidimap.DualHashBidiMapTest
[WARNING] Tests run: 71, Failures: 0, Errors: 0, Skipped: 1, Time elapsed: 0.328 s -- in org.apache.commons.collections4.bidimap.DualHashBidiMapTest
[INFO] Running org.apache.commons.collections4.bidimap.UnmodifiableBidiMapTest
[WARNING] Tests run: 73, Failures: 0, Errors: 0, Skipped: 5, Time elapsed: 0.123 s -- in org.apache.commons.collections4.bidimap.UnmodifiableBidiMapTest
[INFO] Running org.apache.commons.collections4.ComparatorUtilsTest
[INFO] Tests run: 6, Failures: 0, Errors: 0, Skipped: 0, Time elapsed: 0.013 s -- in org.apache.commons.collections4.ComparatorUtilsTest
[INFO] Running org.apache.commons.collections4.QueueUtilsTest
[INFO] Tests run: 5, Failures: 0, Errors: 0, Skipped: 0, Time elapsed: 0.007 s -- in org.apache.commons.collections4.QueueUtilsTest
[INFO] Running org.apache.commons.collections4.properties.PropertiesFactoryTest
[WARNING] Tests run: 19, Failures: 0, Errors: 0, Skipped: 2, Time elapsed: 0.165 s -- in org.apache.commons.collections4.properties.PropertiesFactoryTest
[INFO] Running org.apache.commons.collections4.properties.OrderedPropertiesTest
[INFO] Tests run: 15, Failures: 0, Errors: 0, Skipped: 0, Time elapsed: 0.025 s -- in org.apache.commons.collections4.properties.OrderedPropertiesTest
[INFO] Running org.apache.commons.collections4.properties.SortedPropertiesTest
[ERROR] Tests run: 17, Failures: 1, Errors: 0, Skipped: 0, Time elapsed: 0.033 s <<< FAILURE! -- in org.apache.commons.collections4.properties.SortedPropertiesTest
[ERROR] org.apache.commons.collections4.properties.SortedPropertiesTest.testToString -- Time elapsed: 0.001 s <<< FAILURE!
org.opentest4j.AssertionFailedError: expected: <{A=ValueA, B=ValueB, C=ValueC, D=ValueD, E=ValueE, F=ValueF, G=ValueG, H=ValueH, I=ValueI, J=ValueJ, K=ValueK, L=ValueL, M=ValueM, N=ValueN, O=ValueO, P=ValueP, Q=ValueQ, R=ValueR, S=ValueS, T=ValueT, U=ValueU, V=ValueV, W=ValueW, X=ValueX, Y=ValueY, Z=ValueZ}> but was: <{O=ValueO, H=ValueH, I=ValueI, G=ValueG, M=ValueM, E=ValueE, J=ValueJ, L=ValueL, V=ValueV, U=ValueU, K=ValueK, Y=ValueY, C=ValueC, N=ValueN, Q=ValueQ, D=ValueD, B=ValueB, W=ValueW, A=ValueA, X=ValueX, P=ValueP, Z=ValueZ, R=ValueR, T=ValueT, S=ValueS, F=ValueF}>
	at org.junit.jupiter.api.AssertionFailureBuilder.build(AssertionFailureBuilder.java:151)
	at org.junit.jupiter.api.AssertionFailureBuilder.buildAndThrow(AssertionFailureBuilder.java:132)
	at org.junit.jupiter.api.AssertEquals.failNotEqual(AssertEquals.java:197)
	at org.junit.jupiter.api.AssertEquals.assertEquals(AssertEquals.java:182)
	at org.junit.jupiter.api.AssertEquals.assertEquals(AssertEquals.java:177)
	at org.junit.jupiter.api.Assertions.assertEquals(Assertions.java:1145)
	at org.apache.commons.collections4.properties.SortedPropertiesTest.testToString(SortedPropertiesTest.java:308)
	at java.base/java.lang.reflect.Method.invoke(Method.java:569)
	at java.base/java.util.ArrayList.forEach(ArrayList.java:1511)
	at java.base/java.util.ArrayList.forEach(ArrayList.java:1511)

[INFO] Running org.apache.commons.collections4.properties.EmptyPropertiesTest
[INFO] Tests run: 46, Failures: 0, Errors: 0, Skipped: 0, Time elapsed: 0.074 s -- in org.apache.commons.collections4.properties.EmptyPropertiesTest
[INFO] Running org.apache.commons.collections4.properties.SortedPropertiesFactoryTest
[WARNING] Tests run: 19, Failures: 0, Errors: 0, Skipped: 2, Time elapsed: 0.145 s -- in org.apache.commons.collections4.properties.SortedPropertiesFactoryTest
[INFO] Running org.apache.commons.collections4.properties.OrderedPropertiesFactoryTest
[WARNING] Tests run: 19, Failures: 0, Errors: 0, Skipped: 2, Time elapsed: 0.134 s -- in org.apache.commons.collections4.properties.OrderedPropertiesFactoryTest
[INFO] Running org.apache.commons.collections4.multiset.HashMultiSetTest
[INFO] Tests run: 48, Failures: 0, Errors: 0, Skipped: 0, Time elapsed: 0.071 s -- in org.apache.commons.collections4.multiset.HashMultiSetTest
[INFO] Running org.apache.commons.collections4.multiset.UnmodifiableMultiSetTest
[INFO] Tests run: 54, Failures: 0, Errors: 0, Skipped: 0, Time elapsed: 0.074 s -- in org.apache.commons.collections4.multiset.UnmodifiableMultiSetTest
[INFO] Running org.apache.commons.collections4.multiset.PredicatedMultiSetTest
[INFO] Tests run: 51, Failures: 0, Errors: 0, Skipped: 0, Time elapsed: 0.079 s -- in org.apache.commons.collections4.multiset.PredicatedMultiSetTest
[INFO] Running org.apache.commons.collections4.multiset.SynchronizedMultiSetTest
[INFO] Tests run: 48, Failures: 0, Errors: 0, Skipped: 0, Time elapsed: 0.094 s -- in org.apache.commons.collections4.multiset.SynchronizedMultiSetTest
[INFO] Running org.apache.commons.collections4.ClosureUtilsTest
[INFO] Tests run: 12, Failures: 0, Errors: 0, Skipped: 0, Time elapsed: 0.022 s -- in org.apache.commons.collections4.ClosureUtilsTest
[INFO] Running org.apache.commons.collections4.MultiSetUtilsTest
[INFO] Tests run: 4, Failures: 0, Errors: 0, Skipped: 0, Time elapsed: 0.009 s -- in org.apache.commons.collections4.MultiSetUtilsTest
[INFO] Running org.apache.commons.collections4.collection.IndexedCollectionTest
[INFO] Tests run: 31, Failures: 0, Errors: 0, Skipped: 0, Time elapsed: 0.047 s -- in org.apache.commons.collections4.collection.IndexedCollectionTest
[INFO] Running org.apache.commons.collections4.collection.PredicatedCollectionBuilderTest
[INFO] Tests run: 5, Failures: 0, Errors: 0, Skipped: 0, Time elapsed: 0.008 s -- in org.apache.commons.collections4.collection.PredicatedCollectionBuilderTest
[INFO] Running org.apache.commons.collections4.collection.UnmodifiableBoundedCollectionTest
[INFO] Tests run: 29, Failures: 0, Errors: 0, Skipped: 0, Time elapsed: 0.040 s -- in org.apache.commons.collections4.collection.UnmodifiableBoundedCollectionTest
[INFO] Running org.apache.commons.collections4.collection.UnmodifiableCollectionTest
[INFO] Tests run: 29, Failures: 0, Errors: 0, Skipped: 0, Time elapsed: 0.044 s -- in org.apache.commons.collections4.collection.UnmodifiableCollectionTest
[INFO] Running org.apache.commons.collections4.collection.CompositeCollectionTest
[INFO] Tests run: 45, Failures: 0, Errors: 0, Skipped: 0, Time elapsed: 0.072 s -- in org.apache.commons.collections4.collection.CompositeCollectionTest
[INFO] Running org.apache.commons.collections4.collection.TransformedCollectionTest
[INFO] Tests run: 29, Failures: 0, Errors: 0, Skipped: 0, Time elapsed: 0.048 s -- in org.apache.commons.collections4.collection.TransformedCollectionTest
[INFO] Running org.apache.commons.collections4.collection.SynchronizedCollectionTest
[INFO] Tests run: 27, Failures: 0, Errors: 0, Skipped: 0, Time elapsed: 0.033 s -- in org.apache.commons.collections4.collection.SynchronizedCollectionTest
[INFO] Running org.apache.commons.collections4.collection.PredicatedCollectionTest
[INFO] Tests run: 29, Failures: 0, Errors: 0, Skipped: 0, Time elapsed: 0.040 s -- in org.apache.commons.collections4.collection.PredicatedCollectionTest
[INFO] Running org.apache.commons.collections4.set.TransformedNavigableSetTest
[INFO] Tests run: 31, Failures: 0, Errors: 0, Skipped: 0, Time elapsed: 0.076 s -- in org.apache.commons.collections4.set.TransformedNavigableSetTest
[INFO] Running org.apache.commons.collections4.set.ListOrderedSet2Test
[INFO] Tests run: 32, Failures: 0, Errors: 0, Skipped: 0, Time elapsed: 0.068 s -- in org.apache.commons.collections4.set.ListOrderedSet2Test
[INFO] Running org.apache.commons.collections4.set.PredicatedSetTest
[INFO] Tests run: 32, Failures: 0, Errors: 0, Skipped: 0, Time elapsed: 0.058 s -- in org.apache.commons.collections4.set.PredicatedSetTest
[INFO] Running org.apache.commons.collections4.set.MapBackedSet2Test
[INFO] Tests run: 30, Failures: 0, Errors: 0, Skipped: 0, Time elapsed: 0.060 s -- in org.apache.commons.collections4.set.MapBackedSet2Test
[INFO] Running org.apache.commons.collections4.set.UnmodifiableSortedSetTest
[INFO] Tests run: 32, Failures: 0, Errors: 0, Skipped: 0, Time elapsed: 0.047 s -- in org.apache.commons.collections4.set.UnmodifiableSortedSetTest
[INFO] Running org.apache.commons.collections4.set.UnmodifiableSetTest
[INFO] Tests run: 31, Failures: 0, Errors: 0, Skipped: 0, Time elapsed: 0.046 s -- in org.apache.commons.collections4.set.UnmodifiableSetTest
[INFO] Running org.apache.commons.collections4.set.TransformedSetTest
[INFO] Tests run: 31, Failures: 0, Errors: 0, Skipped: 0, Time elapsed: 0.063 s -- in org.apache.commons.collections4.set.TransformedSetTest
[INFO] Running org.apache.commons.collections4.set.MapBackedSetTest
[INFO] Tests run: 29, Failures: 0, Errors: 0, Skipped: 0, Time elapsed: 0.046 s -- in org.apache.commons.collections4.set.MapBackedSetTest
[INFO] Running org.apache.commons.collections4.set.TransformedSortedSetTest
[INFO] Tests run: 31, Failures: 0, Errors: 0, Skipped: 0, Time elapsed: 0.042 s -- in org.apache.commons.collections4.set.TransformedSortedSetTest
[INFO] Running org.apache.commons.collections4.set.PredicatedSortedSetTest
[INFO] Tests run: 33, Failures: 0, Errors: 0, Skipped: 0, Time elapsed: 0.049 s -- in org.apache.commons.collections4.set.PredicatedSortedSetTest
[INFO] Running org.apache.commons.collections4.set.PredicatedNavigableSetTest
[INFO] Tests run: 33, Failures: 0, Errors: 0, Skipped: 0, Time elapsed: 0.062 s -- in org.apache.commons.collections4.set.PredicatedNavigableSetTest
[INFO] Running org.apache.commons.collections4.set.UnmodifiableNavigableSetTest
[INFO] Tests run: 32, Failures: 0, Errors: 0, Skipped: 0, Time elapsed: 0.051 s -- in org.apache.commons.collections4.set.UnmodifiableNavigableSetTest
[INFO] Running org.apache.commons.collections4.set.ListOrderedSetTest
[INFO] Tests run: 36, Failures: 0, Errors: 0, Skipped: 0, Time elapsed: 0.057 s -- in org.apache.commons.collections4.set.ListOrderedSetTest
[INFO] Running org.apache.commons.collections4.set.CompositeSetTest
[INFO] Tests run: 37, Failures: 0, Errors: 0, Skipped: 0, Time elapsed: 0.070 s -- in org.apache.commons.collections4.set.CompositeSetTest
[INFO] Running org.apache.commons.collections4.SplitMapUtilsTest
[INFO] Tests run: 4, Failures: 0, Errors: 0, Skipped: 0, Time elapsed: 0.009 s -- in org.apache.commons.collections4.SplitMapUtilsTest
[INFO] Running org.apache.commons.collections4.iterators.ArrayIterator2Test
[INFO] Tests run: 14, Failures: 0, Errors: 0, Skipped: 0, Time elapsed: 0.018 s -- in org.apache.commons.collections4.iterators.ArrayIterator2Test
[INFO] Running org.apache.commons.collections4.iterators.PermutationIteratorTest
[INFO] Tests run: 18, Failures: 0, Errors: 0, Skipped: 0, Time elapsed: 0.031 s -- in org.apache.commons.collections4.iterators.PermutationIteratorTest
[INFO] Running org.apache.commons.collections4.iterators.ListIteratorWrapper2Test
[INFO] Tests run: 14, Failures: 0, Errors: 0, Skipped: 0, Time elapsed: 0.030 s -- in org.apache.commons.collections4.iterators.ListIteratorWrapper2Test
[INFO] Running org.apache.commons.collections4.iterators.ObjectGraphIteratorTest
[INFO] Tests run: 27, Failures: 0, Errors: 0, Skipped: 0, Time elapsed: 0.056 s -- in org.apache.commons.collections4.iterators.ObjectGraphIteratorTest
[INFO] Running org.apache.commons.collections4.iterators.SingletonIterator2Test
[INFO] Tests run: 14, Failures: 0, Errors: 0, Skipped: 0, Time elapsed: 0.021 s -- in org.apache.commons.collections4.iterators.SingletonIterator2Test
[INFO] Running org.apache.commons.collections4.iterators.UnmodifiableOrderedMapIteratorTest
[INFO] Tests run: 21, Failures: 0, Errors: 0, Skipped: 0, Time elapsed: 0.028 s -- in org.apache.commons.collections4.iterators.UnmodifiableOrderedMapIteratorTest
[INFO] Running org.apache.commons.collections4.iterators.CartesianProductIteratorTest
[INFO] Tests run: 20, Failures: 0, Errors: 0, Skipped: 0, Time elapsed: 0.030 s -- in org.apache.commons.collections4.iterators.CartesianProductIteratorTest
[INFO] Running org.apache.commons.collections4.iterators.BoundedIteratorTest
[INFO] Tests run: 25, Failures: 0, Errors: 0, Skipped: 0, Time elapsed: 0.038 s -- in org.apache.commons.collections4.iterators.BoundedIteratorTest
[INFO] Running org.apache.commons.collections4.iterators.SingletonIteratorTest
[INFO] Tests run: 15, Failures: 0, Errors: 0, Skipped: 0, Time elapsed: 0.017 s -- in org.apache.commons.collections4.iterators.SingletonIteratorTest
[INFO] Running org.apache.commons.collections4.iterators.ObjectArrayIteratorTest
[INFO] Tests run: 15, Failures: 0, Errors: 0, Skipped: 0, Time elapsed: 0.017 s -- in org.apache.commons.collections4.iterators.ObjectArrayIteratorTest
[INFO] Running org.apache.commons.collections4.iterators.NodeListIteratorTest
[INFO] Tests run: 15, Failures: 0, Errors: 0, Skipped: 0, Time elapsed: 0.026 s -- in org.apache.commons.collections4.iterators.NodeListIteratorTest
[INFO] Running org.apache.commons.collections4.iterators.UnmodifiableIteratorTest
[INFO] Tests run: 16, Failures: 0, Errors: 0, Skipped: 0, Time elapsed: 0.025 s -- in org.apache.commons.collections4.iterators.UnmodifiableIteratorTest
[INFO] Running org.apache.commons.collections4.iterators.ObjectArrayListIteratorTest
[INFO] Tests run: 17, Failures: 0, Errors: 0, Skipped: 0, Time elapsed: 0.020 s -- in org.apache.commons.collections4.iterators.ObjectArrayListIteratorTest
[INFO] Running org.apache.commons.collections4.iterators.IteratorEnumerationTest
[INFO] Tests run: 1, Failures: 0, Errors: 0, Skipped: 0, Time elapsed: 0.002 s -- in org.apache.commons.collections4.iterators.IteratorEnumerationTest
[INFO] Running org.apache.commons.collections4.iterators.CollatingIteratorTest
[INFO] Tests run: 21, Failures: 0, Errors: 0, Skipped: 0, Time elapsed: 0.033 s -- in org.apache.commons.collections4.iterators.CollatingIteratorTest
[INFO] Running org.apache.commons.collections4.iterators.PeekingIteratorTest
[INFO] Tests run: 17, Failures: 0, Errors: 0, Skipped: 0, Time elapsed: 0.023 s -- in org.apache.commons.collections4.iterators.PeekingIteratorTest
[INFO] Running org.apache.commons.collections4.iterators.PushbackIteratorTest
[INFO] Tests run: 16, Failures: 0, Errors: 0, Skipped: 0, Time elapsed: 0.022 s -- in org.apache.commons.collections4.iterators.PushbackIteratorTest
[INFO] Running org.apache.commons.collections4.iterators.SingletonListIteratorTest
[INFO] Tests run: 21, Failures: 0, Errors: 0, Skipped: 0, Time elapsed: 0.025 s -- in org.apache.commons.collections4.iterators.SingletonListIteratorTest
[INFO] Running org.apache.commons.collections4.iterators.ListIteratorWrapperTest
[INFO] Tests run: 14, Failures: 0, Errors: 0, Skipped: 0, Time elapsed: 0.021 s -- in org.apache.commons.collections4.iterators.ListIteratorWrapperTest
[INFO] Running org.apache.commons.collections4.iterators.ObjectArrayListIterator2Test
[INFO] Tests run: 19, Failures: 0, Errors: 0, Skipped: 0, Time elapsed: 0.029 s -- in org.apache.commons.collections4.iterators.ObjectArrayListIterator2Test
[INFO] Running org.apache.commons.collections4.iterators.IteratorIterableTest
[INFO] Tests run: 2, Failures: 0, Errors: 0, Skipped: 0, Time elapsed: 0.002 s -- in org.apache.commons.collections4.iterators.IteratorIterableTest
[INFO] Running org.apache.commons.collections4.iterators.UnmodifiableMapIteratorTest
[ERROR] Tests run: 20, Failures: 1, Errors: 0, Skipped: 0, Time elapsed: 0.024 s <<< FAILURE! -- in org.apache.commons.collections4.iterators.UnmodifiableMapIteratorTest
[ERROR] org.apache.commons.collections4.iterators.UnmodifiableMapIteratorTest.testForEachRemaining -- Time elapsed: 0 s <<< FAILURE!
org.opentest4j.AssertionFailedError: expected: <[C, A, B]> but was: <[A, B, C]>
	at org.apache.commons.collections4.iterators.AbstractIteratorTest.testForEachRemaining(AbstractIteratorTest.java:124)
	at java.base/java.lang.reflect.Method.invoke(Method.java:569)
	at java.base/java.util.ArrayList.forEach(ArrayList.java:1511)
	at java.base/java.util.ArrayList.forEach(ArrayList.java:1511)

[INFO] Running org.apache.commons.collections4.iterators.ExtendedIteratorTest
[INFO] Tests run: 11, Failures: 0, Errors: 0, Skipped: 0, Time elapsed: 0.016 s -- in org.apache.commons.collections4.iterators.ExtendedIteratorTest
[INFO] Running org.apache.commons.collections4.iterators.FilterIteratorTest
[INFO] Tests run: 30, Failures: 0, Errors: 0, Skipped: 0, Time elapsed: 0.046 s -- in org.apache.commons.collections4.iterators.FilterIteratorTest
[INFO] Running org.apache.commons.collections4.iterators.ZippingIteratorTest
[INFO] Tests run: 19, Failures: 0, Errors: 0, Skipped: 0, Time elapsed: 0.030 s -- in org.apache.commons.collections4.iterators.ZippingIteratorTest
[INFO] Running org.apache.commons.collections4.iterators.ArrayListIterator2Test
[INFO] Tests run: 14, Failures: 0, Errors: 0, Skipped: 0, Time elapsed: 0.016 s -- in org.apache.commons.collections4.iterators.ArrayListIterator2Test
[INFO] Running org.apache.commons.collections4.iterators.ArrayIteratorTest
[INFO] Tests run: 15, Failures: 0, Errors: 0, Skipped: 0, Time elapsed: 0.021 s -- in org.apache.commons.collections4.iterators.ArrayIteratorTest
[INFO] Running org.apache.commons.collections4.iterators.LoopingIteratorTest
[INFO] Tests run: 8, Failures: 0, Errors: 0, Skipped: 0, Time elapsed: 0.009 s -- in org.apache.commons.collections4.iterators.LoopingIteratorTest
[INFO] Running org.apache.commons.collections4.iterators.UniqueFilterIteratorTest
[INFO] Tests run: 13, Failures: 0, Errors: 0, Skipped: 0, Time elapsed: 0.017 s -- in org.apache.commons.collections4.iterators.UniqueFilterIteratorTest
[INFO] Running org.apache.commons.collections4.iterators.SkippingIteratorTest
[INFO] Tests run: 22, Failures: 0, Errors: 0, Skipped: 0, Time elapsed: 0.032 s -- in org.apache.commons.collections4.iterators.SkippingIteratorTest
[INFO] Running org.apache.commons.collections4.iterators.UnmodifiableListIteratorTest
[INFO] Tests run: 21, Failures: 0, Errors: 0, Skipped: 0, Time elapsed: 0.027 s -- in org.apache.commons.collections4.iterators.UnmodifiableListIteratorTest
[INFO] Running org.apache.commons.collections4.iterators.LoopingListIteratorTest
[INFO] Tests run: 12, Failures: 0, Errors: 0, Skipped: 0, Time elapsed: 0.013 s -- in org.apache.commons.collections4.iterators.LoopingListIteratorTest
[INFO] Running org.apache.commons.collections4.iterators.IteratorChainTest
[INFO] Tests run: 25, Failures: 0, Errors: 0, Skipped: 0, Time elapsed: 0.042 s -- in org.apache.commons.collections4.iterators.IteratorChainTest
[INFO] Running org.apache.commons.collections4.iterators.ReverseListIteratorTest
[INFO] Tests run: 21, Failures: 0, Errors: 0, Skipped: 0, Time elapsed: 0.025 s -- in org.apache.commons.collections4.iterators.ReverseListIteratorTest
[INFO] Running org.apache.commons.collections4.iterators.FilterListIteratorTest
[INFO] Tests run: 15, Failures: 0, Errors: 0, Skipped: 0, Time elapsed: 0.027 s -- in org.apache.commons.collections4.iterators.FilterListIteratorTest
[INFO] Running org.apache.commons.collections4.iterators.LazyIteratorChainTest
[INFO] Tests run: 16, Failures: 0, Errors: 0, Skipped: 0, Time elapsed: 0.026 s -- in org.apache.commons.collections4.iterators.LazyIteratorChainTest
[INFO] Running org.apache.commons.collections4.iterators.ArrayListIteratorTest
[INFO] Tests run: 17, Failures: 0, Errors: 0, Skipped: 0, Time elapsed: 0.020 s -- in org.apache.commons.collections4.iterators.ArrayListIteratorTest
[INFO] Running org.apache.commons.collections4.MultiMapUtilsTest
[INFO] Tests run: 10, Failures: 0, Errors: 0, Skipped: 0, Time elapsed: 0.011 s -- in org.apache.commons.collections4.MultiMapUtilsTest
[INFO] Running org.apache.commons.collections4.trie.UnmodifiableTrieTest
[WARNING] Tests run: 62, Failures: 0, Errors: 0, Skipped: 4, Time elapsed: 0.133 s -- in org.apache.commons.collections4.trie.UnmodifiableTrieTest
[INFO] Running org.apache.commons.collections4.trie.PatriciaTrieTest
[INFO] Tests run: 67, Failures: 0, Errors: 0, Skipped: 0, Time elapsed: 0.126 s -- in org.apache.commons.collections4.trie.PatriciaTrieTest
[INFO] Running org.apache.commons.collections4.trie.PatriciaTrie2Test
[INFO] Tests run: 64, Failures: 0, Errors: 0, Skipped: 0, Time elapsed: 0.112 s -- in org.apache.commons.collections4.trie.PatriciaTrie2Test
[INFO] Running org.apache.commons.collections4.ArrayStackTest
[INFO] Tests run: 62, Failures: 0, Errors: 0, Skipped: 0, Time elapsed: 0.082 s -- in org.apache.commons.collections4.ArrayStackTest
[INFO] 
[INFO] Results:
[INFO] 
[ERROR] Failures: 
[ERROR]   UnmodifiableMapIteratorTest>AbstractIteratorTest.testForEachRemaining:124 expected: <[C, A, B]> but was: <[A, B, C]>
[ERROR]   HashSetValuedHashMapTest>AbstractMultiValuedMapTest.testToString:1342 expected: <true> but was: <false>
[ERROR]   TransformedMultiValuedMapTest>AbstractMultiValuedMapTest.testToString:1342 expected: <true> but was: <false>
[ERROR]   SortedPropertiesTest.testToString:308 expected: <{A=ValueA, B=ValueB, C=ValueC, D=ValueD, E=ValueE, F=ValueF, G=ValueG, H=ValueH, I=ValueI, J=ValueJ, K=ValueK, L=ValueL, M=ValueM, N=ValueN, O=ValueO, P=ValueP, Q=ValueQ, R=ValueR, S=ValueS, T=ValueT, U=ValueU, V=ValueV, W=ValueW, X=ValueX, Y=ValueY, Z=ValueZ}> but was: <{O=ValueO, H=ValueH, I=ValueI, G=ValueG, M=ValueM, E=ValueE, J=ValueJ, L=ValueL, V=ValueV, U=ValueU, K=ValueK, Y=ValueY, C=ValueC, N=ValueN, Q=ValueQ, D=ValueD, B=ValueB, W=ValueW, A=ValueA, X=ValueX, P=ValueP, Z=ValueZ, R=ValueR, T=ValueT, S=ValueS, F=ValueF}>
[INFO] 
[ERROR] Tests run: 8428, Failures: 4, Errors: 0, Skipped: 68
[INFO] 
INFO: Surefire failed when running tests for 192EwClcTzhU5Xg0iMgegUMPsluLBp7M1EtvLETJ0IY=
INFO: Adding excluded groups to newly created one
INFO: Creating new argline for Surefire
CONFIG: nondexFilter=.*
nondexMode=FULL
nondexSeed=1016066
nondexStart=0
nondexEnd=9223372036854775807
nondexPrintstack=false
nondexDir=/home/pedro_campelo/projects/cin/testesDeValidacaoDeSoftware/flaky-tests-experiments/commons-collections/.nondex
nondexJarDir=/home/pedro_campelo/projects/cin/testesDeValidacaoDeSoftware/flaky-tests-experiments/commons-collections/.nondex
nondexExecid=X9v+1OLw6C3njxrJzAEwq5B79iyVB5yWIAdGnjQgy+c=
nondexLogging=CONFIG
test=
[WARNING]  Parameter 'disableXmlReport' (user property 'disableXmlReport') is deprecated: Instead use disable within statelessTestsetReporter since of 3.0.0-M6.
[INFO] Using auto detected provider org.apache.maven.surefire.junitplatform.JUnitPlatformProvider
[INFO] 
[INFO] -------------------------------------------------------
[INFO]  T E S T S
[INFO] -------------------------------------------------------
[INFO] Running org.apache.commons.collections4.SetUtilsTest
[INFO] Tests run: 14, Failures: 0, Errors: 0, Skipped: 0, Time elapsed: 0.204 s -- in org.apache.commons.collections4.SetUtilsTest
[INFO] Running org.apache.commons.collections4.TrieUtilsTest
[INFO] Tests run: 1, Failures: 0, Errors: 0, Skipped: 0, Time elapsed: 0.009 s -- in org.apache.commons.collections4.TrieUtilsTest
[INFO] Running org.apache.commons.collections4.multimap.ArrayListValuedLinkedHashMapTest
[WARNING] Tests run: 58, Failures: 0, Errors: 0, Skipped: 1, Time elapsed: 0.431 s -- in org.apache.commons.collections4.multimap.ArrayListValuedLinkedHashMapTest
[INFO] Running org.apache.commons.collections4.multimap.LinkedHashSetValuedLinkedHashMapTest
[WARNING] Tests run: 52, Failures: 0, Errors: 0, Skipped: 1, Time elapsed: 0.370 s -- in org.apache.commons.collections4.multimap.LinkedHashSetValuedLinkedHashMapTest
[INFO] Running org.apache.commons.collections4.multimap.UnmodifiableMultiValuedMapTest
[WARNING] Tests run: 59, Failures: 0, Errors: 0, Skipped: 16, Time elapsed: 0.328 s -- in org.apache.commons.collections4.multimap.UnmodifiableMultiValuedMapTest
[INFO] Running org.apache.commons.collections4.multimap.ArrayListValuedHashMapTest
[ERROR] Tests run: 57, Failures: 1, Errors: 0, Skipped: 1, Time elapsed: 0.717 s <<< FAILURE! -- in org.apache.commons.collections4.multimap.ArrayListValuedHashMapTest
[ERROR] org.apache.commons.collections4.multimap.ArrayListValuedHashMapTest.testToString -- Time elapsed: 0.002 s <<< FAILURE!
org.opentest4j.AssertionFailedError: expected: <true> but was: <false>
	at org.apache.commons.collections4.multimap.AbstractMultiValuedMapTest.testToString(AbstractMultiValuedMapTest.java:1342)
	at java.base/java.lang.reflect.Method.invoke(Method.java:569)
	at java.base/java.util.ArrayList.forEach(ArrayList.java:1511)
	at java.base/java.util.ArrayList.forEach(ArrayList.java:1511)

[INFO] Running org.apache.commons.collections4.multimap.HashSetValuedHashMapTest
[ERROR] Tests run: 52, Failures: 1, Errors: 0, Skipped: 1, Time elapsed: 39.08 s <<< FAILURE! -- in org.apache.commons.collections4.multimap.HashSetValuedHashMapTest
[ERROR] org.apache.commons.collections4.multimap.HashSetValuedHashMapTest.testToString -- Time elapsed: 0.002 s <<< FAILURE!
org.opentest4j.AssertionFailedError: expected: <true> but was: <false>
	at org.apache.commons.collections4.multimap.AbstractMultiValuedMapTest.testToString(AbstractMultiValuedMapTest.java:1342)
	at java.base/java.lang.reflect.Method.invoke(Method.java:569)
	at java.base/java.util.ArrayList.forEach(ArrayList.java:1511)
	at java.base/java.util.ArrayList.forEach(ArrayList.java:1511)

[INFO] Running org.apache.commons.collections4.multimap.TransformedMultiValuedMapTest
[WARNING] Tests run: 49, Failures: 0, Errors: 0, Skipped: 1, Time elapsed: 0.734 s -- in org.apache.commons.collections4.multimap.TransformedMultiValuedMapTest
[INFO] Running org.apache.commons.collections4.splitmap.TransformedSplitMapTest
[INFO] Tests run: 4, Failures: 0, Errors: 0, Skipped: 0, Time elapsed: 0.013 s -- in org.apache.commons.collections4.splitmap.TransformedSplitMapTest
[INFO] Running org.apache.commons.collections4.EnumerationUtilsTest
[INFO] Tests run: 6, Failures: 0, Errors: 0, Skipped: 0, Time elapsed: 0.013 s -- in org.apache.commons.collections4.EnumerationUtilsTest
[INFO] Running org.apache.commons.collections4.bloomfilter.IndexExtractorFromSimpleBloomFilterTest
[INFO] Tests run: 9, Failures: 0, Errors: 0, Skipped: 0, Time elapsed: 0.022 s -- in org.apache.commons.collections4.bloomfilter.IndexExtractorFromSimpleBloomFilterTest
[INFO] Running org.apache.commons.collections4.bloomfilter.LayeredBloomFilterTest
[ERROR] Tests run: 27, Failures: 1, Errors: 0, Skipped: 0, Time elapsed: 0 s <<< FAILURE! -- in org.apache.commons.collections4.bloomfilter.LayeredBloomFilterTest
[ERROR] org.apache.commons.collections4.bloomfilter.LayeredBloomFilterTest.testExpiration -- Time elapsed: 0 s <<< FAILURE!
org.opentest4j.AssertionFailedError: 
Found filter that should have been deleted: T:2025-12-10T04:22:26.102563800Z (Elapsed:PT-0.296636876S)- EstN:4 (Card:33)
 ==> expected: <true> but was: <false>
	at org.junit.jupiter.api.AssertionFailureBuilder.build(AssertionFailureBuilder.java:151)
	at org.junit.jupiter.api.AssertionFailureBuilder.buildAndThrow(AssertionFailureBuilder.java:132)
	at org.junit.jupiter.api.AssertTrue.failNotTrue(AssertTrue.java:63)
	at org.junit.jupiter.api.AssertTrue.assertTrue(AssertTrue.java:36)
	at org.junit.jupiter.api.Assertions.assertTrue(Assertions.java:214)
	at org.apache.commons.collections4.bloomfilter.LayeredBloomFilterTest.testExpiration(LayeredBloomFilterTest.java:314)
	at java.base/java.lang.reflect.Method.invoke(Method.java:569)
	at java.base/java.util.ArrayList.forEach(ArrayList.java:1511)
	at java.base/java.util.ArrayList.forEach(ArrayList.java:1511)

[INFO] Running org.apache.commons.collections4.bloomfilter.IndexExtractorFromIntArrayTest
[INFO] Tests run: 9, Failures: 0, Errors: 0, Skipped: 0, Time elapsed: 0.017 s -- in org.apache.commons.collections4.bloomfilter.IndexExtractorFromIntArrayTest
[INFO] Running org.apache.commons.collections4.bloomfilter.BloomFilterExtractorFromLayeredBloomFilterTest
[INFO] Tests run: 8, Failures: 0, Errors: 0, Skipped: 0, Time elapsed: 0.019 s -- in org.apache.commons.collections4.bloomfilter.BloomFilterExtractorFromLayeredBloomFilterTest
[INFO] Running org.apache.commons.collections4.bloomfilter.BitMapExtractorFromLongArrayTest
[INFO] Tests run: 7, Failures: 0, Errors: 0, Skipped: 0, Time elapsed: 0.016 s -- in org.apache.commons.collections4.bloomfilter.BitMapExtractorFromLongArrayTest
[INFO] Running org.apache.commons.collections4.bloomfilter.EnhancedDoubleHasherTest
[INFO] Tests run: 14, Failures: 0, Errors: 0, Skipped: 0, Time elapsed: 0.075 s -- in org.apache.commons.collections4.bloomfilter.EnhancedDoubleHasherTest
[INFO] Running org.apache.commons.collections4.bloomfilter.BloomFilterExtractorFromBloomFilterArrayTest
[INFO] Tests run: 8, Failures: 0, Errors: 0, Skipped: 0, Time elapsed: 0.016 s -- in org.apache.commons.collections4.bloomfilter.BloomFilterExtractorFromBloomFilterArrayTest
[INFO] Running org.apache.commons.collections4.bloomfilter.SparseBloomFilterTest
[INFO] Tests run: 20, Failures: 0, Errors: 0, Skipped: 0, Time elapsed: 0.040 s -- in org.apache.commons.collections4.bloomfilter.SparseBloomFilterTest
[INFO] Running org.apache.commons.collections4.bloomfilter.SimpleBloomFilterTest
[INFO] Tests run: 19, Failures: 0, Errors: 0, Skipped: 0, Time elapsed: 0.032 s -- in org.apache.commons.collections4.bloomfilter.SimpleBloomFilterTest
[INFO] Running org.apache.commons.collections4.bloomfilter.DefaultBloomFilterExtractorTest
[INFO] Tests run: 8, Failures: 0, Errors: 0, Skipped: 0, Time elapsed: 0.016 s -- in org.apache.commons.collections4.bloomfilter.DefaultBloomFilterExtractorTest
[INFO] Running org.apache.commons.collections4.bloomfilter.BitMapExtractorFromWrappedBloomFilterTest
[INFO] Tests run: 5, Failures: 0, Errors: 0, Skipped: 0, Time elapsed: 0.011 s -- in org.apache.commons.collections4.bloomfilter.BitMapExtractorFromWrappedBloomFilterTest
[INFO] Running org.apache.commons.collections4.bloomfilter.BitMapTrackerTest
[INFO] Tests run: 1, Failures: 0, Errors: 0, Skipped: 0, Time elapsed: 0.003 s -- in org.apache.commons.collections4.bloomfilter.BitMapTrackerTest
[INFO] Running org.apache.commons.collections4.bloomfilter.CellExtractorFromArrayCountingBloomFilterTest
[INFO] Tests run: 15, Failures: 0, Errors: 0, Skipped: 0, Time elapsed: 0.038 s -- in org.apache.commons.collections4.bloomfilter.CellExtractorFromArrayCountingBloomFilterTest
[INFO] Running org.apache.commons.collections4.bloomfilter.BitMapExtractorFromLayeredBloomFilterTest
[INFO] Tests run: 5, Failures: 0, Errors: 0, Skipped: 0, Time elapsed: 0.009 s -- in org.apache.commons.collections4.bloomfilter.BitMapExtractorFromLayeredBloomFilterTest
[INFO] Running org.apache.commons.collections4.bloomfilter.IndexExtractorTest
[INFO] Tests run: 3, Failures: 0, Errors: 0, Skipped: 0, Time elapsed: 0.017 s -- in org.apache.commons.collections4.bloomfilter.IndexExtractorTest
[INFO] Running org.apache.commons.collections4.bloomfilter.SetOperationsTest
[INFO] Tests run: 12, Failures: 0, Errors: 0, Skipped: 0, Time elapsed: 0.034 s -- in org.apache.commons.collections4.bloomfilter.SetOperationsTest
[INFO] Running org.apache.commons.collections4.bloomfilter.CellExtractorFromLayeredBloomFilterTest
[INFO] Tests run: 15, Failures: 0, Errors: 0, Skipped: 0, Time elapsed: 0.027 s -- in org.apache.commons.collections4.bloomfilter.CellExtractorFromLayeredBloomFilterTest
[INFO] Running org.apache.commons.collections4.bloomfilter.DefaultIndexExtractorTest
[INFO] Tests run: 13, Failures: 0, Errors: 0, Skipped: 0, Time elapsed: 0.043 s -- in org.apache.commons.collections4.bloomfilter.DefaultIndexExtractorTest
[INFO] Running org.apache.commons.collections4.bloomfilter.IndexExtractorFromArrayCountingBloomFilterTest
[INFO] Tests run: 9, Failures: 0, Errors: 0, Skipped: 0, Time elapsed: 0.023 s -- in org.apache.commons.collections4.bloomfilter.IndexExtractorFromArrayCountingBloomFilterTest
[INFO] Running org.apache.commons.collections4.bloomfilter.IndexExtractorFromSparseBloomFilterTest
[INFO] Tests run: 9, Failures: 0, Errors: 0, Skipped: 0, Time elapsed: 0.017 s -- in org.apache.commons.collections4.bloomfilter.IndexExtractorFromSparseBloomFilterTest
[INFO] Running org.apache.commons.collections4.bloomfilter.ArrayTrackerTest
[INFO] Tests run: 1, Failures: 0, Errors: 0, Skipped: 0, Time elapsed: 0.003 s -- in org.apache.commons.collections4.bloomfilter.ArrayTrackerTest
[INFO] Running org.apache.commons.collections4.bloomfilter.IndexExtractorFromUniqueHasherTest
[INFO] Tests run: 9, Failures: 0, Errors: 0, Skipped: 0, Time elapsed: 0.017 s -- in org.apache.commons.collections4.bloomfilter.IndexExtractorFromUniqueHasherTest
[INFO] Running org.apache.commons.collections4.bloomfilter.LayerManagerTest
[INFO] Tests run: 22, Failures: 0, Errors: 0, Skipped: 0, Time elapsed: 0.091 s -- in org.apache.commons.collections4.bloomfilter.LayerManagerTest
[INFO] Running org.apache.commons.collections4.bloomfilter.BloomFilterExtractorTest
[INFO] Tests run: 2, Failures: 0, Errors: 0, Skipped: 0, Time elapsed: 0.008 s -- in org.apache.commons.collections4.bloomfilter.BloomFilterExtractorTest
[INFO] Running org.apache.commons.collections4.bloomfilter.IndexExtractorFromBitmapExtractorTest
[INFO] Tests run: 10, Failures: 0, Errors: 0, Skipped: 0, Time elapsed: 0.022 s -- in org.apache.commons.collections4.bloomfilter.IndexExtractorFromBitmapExtractorTest
[INFO] Running org.apache.commons.collections4.bloomfilter.BitMapExtractorFromSimpleBloomFilterTest
[INFO] Tests run: 5, Failures: 0, Errors: 0, Skipped: 0, Time elapsed: 0.008 s -- in org.apache.commons.collections4.bloomfilter.BitMapExtractorFromSimpleBloomFilterTest
[INFO] Running org.apache.commons.collections4.bloomfilter.IndexFilterTest
[INFO] Tests run: 6, Failures: 0, Errors: 0, Skipped: 0, Time elapsed: 0.048 s -- in org.apache.commons.collections4.bloomfilter.IndexFilterTest
[INFO] Running org.apache.commons.collections4.bloomfilter.WrappedBloomFilterTest
[INFO] Tests run: 21, Failures: 0, Errors: 0, Skipped: 0, Time elapsed: 0.067 s -- in org.apache.commons.collections4.bloomfilter.WrappedBloomFilterTest
[INFO] Running org.apache.commons.collections4.bloomfilter.BitMapsTest
[INFO] Tests run: 7, Failures: 0, Errors: 0, Skipped: 0, Time elapsed: 0.038 s -- in org.apache.commons.collections4.bloomfilter.BitMapsTest
[INFO] Running org.apache.commons.collections4.bloomfilter.CountingPredicateTest
[INFO] Tests run: 3, Failures: 0, Errors: 0, Skipped: 0, Time elapsed: 0.009 s -- in org.apache.commons.collections4.bloomfilter.CountingPredicateTest
[INFO] Running org.apache.commons.collections4.bloomfilter.IndexExtractorFromHasherTest
[INFO] Tests run: 9, Failures: 0, Errors: 0, Skipped: 0, Time elapsed: 0.019 s -- in org.apache.commons.collections4.bloomfilter.IndexExtractorFromHasherTest
[INFO] Running org.apache.commons.collections4.bloomfilter.ShapeTest
[INFO] Tests run: 19, Failures: 0, Errors: 0, Skipped: 0, Time elapsed: 0.076 s -- in org.apache.commons.collections4.bloomfilter.ShapeTest
[INFO] Running org.apache.commons.collections4.bloomfilter.ArrayCountingBloomFilterTest
[INFO] Tests run: 28, Failures: 0, Errors: 0, Skipped: 0, Time elapsed: 0.072 s -- in org.apache.commons.collections4.bloomfilter.ArrayCountingBloomFilterTest
[INFO] Running org.apache.commons.collections4.bloomfilter.BitMapExtractorFromIndexExtractorTest
[INFO] Tests run: 6, Failures: 0, Errors: 0, Skipped: 0, Time elapsed: 0.012 s -- in org.apache.commons.collections4.bloomfilter.BitMapExtractorFromIndexExtractorTest
[INFO] Running org.apache.commons.collections4.bloomfilter.CellExtractorFromDefaultIndexExtractorTest
[INFO] Tests run: 15, Failures: 0, Errors: 0, Skipped: 0, Time elapsed: 0.033 s -- in org.apache.commons.collections4.bloomfilter.CellExtractorFromDefaultIndexExtractorTest
[INFO] Running org.apache.commons.collections4.bloomfilter.DefaultBloomFilterTest
[INFO] Tests run: 25, Failures: 0, Errors: 0, Skipped: 0, Time elapsed: 1.062 s -- in org.apache.commons.collections4.bloomfilter.DefaultBloomFilterTest
[INFO] Running org.apache.commons.collections4.bloomfilter.DefaultBitMapExtractorTest
[INFO] Tests run: 8, Failures: 0, Errors: 0, Skipped: 0, Time elapsed: 0.027 s -- in org.apache.commons.collections4.bloomfilter.DefaultBitMapExtractorTest
[INFO] Running org.apache.commons.collections4.bloomfilter.BitMapExtractorFromSparseBloomFilterTest
[INFO] Tests run: 5, Failures: 0, Errors: 0, Skipped: 0, Time elapsed: 0.016 s -- in org.apache.commons.collections4.bloomfilter.BitMapExtractorFromSparseBloomFilterTest
[INFO] Running org.apache.commons.collections4.bloomfilter.DefaultCellExtractorTest
[INFO] Tests run: 15, Failures: 0, Errors: 0, Skipped: 0, Time elapsed: 0.044 s -- in org.apache.commons.collections4.bloomfilter.DefaultCellExtractorTest
[INFO] Running org.apache.commons.collections4.bloomfilter.BitMapExtractorFromArrayCountingBloomFilterTest
[INFO] Tests run: 5, Failures: 0, Errors: 0, Skipped: 0, Time elapsed: 0.013 s -- in org.apache.commons.collections4.bloomfilter.BitMapExtractorFromArrayCountingBloomFilterTest
[INFO] Running org.apache.commons.collections4.list.NodeCachingLinkedListTest
[INFO] Tests run: 64, Failures: 0, Errors: 0, Skipped: 0, Time elapsed: 0.211 s -- in org.apache.commons.collections4.list.NodeCachingLinkedListTest
[INFO] Running org.apache.commons.collections4.list.PredicatedListTest
[INFO] Tests run: 63, Failures: 0, Errors: 0, Skipped: 0, Time elapsed: 0.192 s -- in org.apache.commons.collections4.list.PredicatedListTest
[INFO] Running org.apache.commons.collections4.list.LazyListTest
[INFO] Tests run: 15, Failures: 0, Errors: 0, Skipped: 0, Time elapsed: 0.034 s -- in org.apache.commons.collections4.list.LazyListTest
[INFO] Running org.apache.commons.collections4.list.DefaultAbstractLinkedListJava21Test
[INFO] Tests run: 68, Failures: 0, Errors: 0, Skipped: 0, Time elapsed: 0.158 s -- in org.apache.commons.collections4.list.DefaultAbstractLinkedListJava21Test
[INFO] Running org.apache.commons.collections4.list.GrowthListTest
[INFO] Tests run: 63, Failures: 0, Errors: 0, Skipped: 0, Time elapsed: 0.141 s -- in org.apache.commons.collections4.list.GrowthListTest
[INFO] Running org.apache.commons.collections4.list.UnmodifiableListTest
[INFO] Tests run: 61, Failures: 0, Errors: 0, Skipped: 0, Time elapsed: 0.144 s -- in org.apache.commons.collections4.list.UnmodifiableListTest
[INFO] Running org.apache.commons.collections4.list.Collections701Test
[INFO] Tests run: 3, Failures: 0, Errors: 0, Skipped: 0, Time elapsed: 0.006 s -- in org.apache.commons.collections4.list.Collections701Test
[INFO] Running org.apache.commons.collections4.list.SetUniqueListTest
[INFO] Tests run: 77, Failures: 0, Errors: 0, Skipped: 0, Time elapsed: 0.201 s -- in org.apache.commons.collections4.list.SetUniqueListTest
[INFO] Running org.apache.commons.collections4.list.TreeListTest
[INFO] Tests run: 66, Failures: 0, Errors: 0, Skipped: 0, Time elapsed: 0.231 s -- in org.apache.commons.collections4.list.TreeListTest
[INFO] Running org.apache.commons.collections4.list.CursorableLinkedListTest
[INFO] Tests run: 112, Failures: 0, Errors: 0, Skipped: 0, Time elapsed: 0.350 s -- in org.apache.commons.collections4.list.CursorableLinkedListTest
[INFO] Running org.apache.commons.collections4.list.TransformedListTest
[INFO] Tests run: 61, Failures: 0, Errors: 0, Skipped: 0, Time elapsed: 0.137 s -- in org.apache.commons.collections4.list.TransformedListTest
[INFO] Running org.apache.commons.collections4.list.FixedSizeListTest
[INFO] Tests run: 65, Failures: 0, Errors: 0, Skipped: 0, Time elapsed: 0.121 s -- in org.apache.commons.collections4.list.FixedSizeListTest
[INFO] Running org.apache.commons.collections4.ListUtilsTest
[INFO] Tests run: 27, Failures: 0, Errors: 0, Skipped: 0, Time elapsed: 0.055 s -- in org.apache.commons.collections4.ListUtilsTest
[INFO] Running org.apache.commons.collections4.IterableUtilsTest
[INFO] Tests run: 42, Failures: 0, Errors: 0, Skipped: 0, Time elapsed: 0.092 s -- in org.apache.commons.collections4.IterableUtilsTest
[INFO] Running org.apache.commons.collections4.functors.NullPredicateTest
[INFO] Tests run: 3, Failures: 0, Errors: 0, Skipped: 0, Time elapsed: 0.008 s -- in org.apache.commons.collections4.functors.NullPredicateTest
[INFO] Running org.apache.commons.collections4.functors.ComparatorPredicateTest
[INFO] Tests run: 6, Failures: 0, Errors: 0, Skipped: 0, Time elapsed: 0.012 s -- in org.apache.commons.collections4.functors.ComparatorPredicateTest
[INFO] Running org.apache.commons.collections4.functors.CatchAndRethrowClosureTest
[INFO] Tests run: 4, Failures: 0, Errors: 0, Skipped: 0, Time elapsed: 0.011 s -- in org.apache.commons.collections4.functors.CatchAndRethrowClosureTest
[INFO] Running org.apache.commons.collections4.functors.EqualPredicateTest
[INFO] Tests run: 4, Failures: 0, Errors: 0, Skipped: 0, Time elapsed: 0.007 s -- in org.apache.commons.collections4.functors.EqualPredicateTest
[INFO] Running org.apache.commons.collections4.functors.AllPredicateTest
[INFO] Tests run: 13, Failures: 0, Errors: 0, Skipped: 0, Time elapsed: 0.042 s -- in org.apache.commons.collections4.functors.AllPredicateTest
[INFO] Running org.apache.commons.collections4.bag.HashBagTest
[INFO] Tests run: 47, Failures: 0, Errors: 0, Skipped: 0, Time elapsed: 0.089 s -- in org.apache.commons.collections4.bag.HashBagTest
[INFO] Running org.apache.commons.collections4.bag.TreeBagTest
[INFO] Tests run: 50, Failures: 0, Errors: 0, Skipped: 0, Time elapsed: 0.089 s -- in org.apache.commons.collections4.bag.TreeBagTest
[INFO] Running org.apache.commons.collections4.bag.PredicatedBagTest
[INFO] Tests run: 50, Failures: 0, Errors: 0, Skipped: 0, Time elapsed: 0.089 s -- in org.apache.commons.collections4.bag.PredicatedBagTest
[INFO] Running org.apache.commons.collections4.bag.CollectionBagTest
[INFO] Tests run: 31, Failures: 0, Errors: 0, Skipped: 0, Time elapsed: 0.076 s -- in org.apache.commons.collections4.bag.CollectionBagTest
[INFO] Running org.apache.commons.collections4.bag.UnmodifiableSortedBagTest
[INFO] Tests run: 49, Failures: 0, Errors: 0, Skipped: 0, Time elapsed: 0.089 s -- in org.apache.commons.collections4.bag.UnmodifiableSortedBagTest
[INFO] Running org.apache.commons.collections4.bag.UnmodifiableBagTest
[INFO] Tests run: 49, Failures: 0, Errors: 0, Skipped: 0, Time elapsed: 0.083 s -- in org.apache.commons.collections4.bag.UnmodifiableBagTest
[INFO] Running org.apache.commons.collections4.bag.SynchronizedBagTest
[INFO] Tests run: 47, Failures: 0, Errors: 0, Skipped: 0, Time elapsed: 0.075 s -- in org.apache.commons.collections4.bag.SynchronizedBagTest
[INFO] Running org.apache.commons.collections4.bag.PredicatedSortedBagTest
[INFO] Tests run: 49, Failures: 0, Errors: 0, Skipped: 0, Time elapsed: 0.080 s -- in org.apache.commons.collections4.bag.PredicatedSortedBagTest
[INFO] Running org.apache.commons.collections4.bag.TransformedBagTest
[INFO] Tests run: 49, Failures: 0, Errors: 0, Skipped: 0, Time elapsed: 0.079 s -- in org.apache.commons.collections4.bag.TransformedBagTest
[INFO] Running org.apache.commons.collections4.bag.CollectionSortedBagTest
[INFO] Tests run: 29, Failures: 0, Errors: 0, Skipped: 0, Time elapsed: 0.042 s -- in org.apache.commons.collections4.bag.CollectionSortedBagTest
[INFO] Running org.apache.commons.collections4.bag.TransformedSortedBagTest
[INFO] Tests run: 49, Failures: 0, Errors: 0, Skipped: 0, Time elapsed: 0.084 s -- in org.apache.commons.collections4.bag.TransformedSortedBagTest
[INFO] Running org.apache.commons.collections4.FluentIterableTest
[INFO] Tests run: 26, Failures: 0, Errors: 0, Skipped: 0, Time elapsed: 0.058 s -- in org.apache.commons.collections4.FluentIterableTest
[INFO] Running org.apache.commons.collections4.PredicateUtilsTest
[INFO] Tests run: 65, Failures: 0, Errors: 0, Skipped: 0, Time elapsed: 0.118 s -- in org.apache.commons.collections4.PredicateUtilsTest
[INFO] Running org.apache.commons.collections4.sequence.SequencesComparatorTest
[INFO] Tests run: 4, Failures: 0, Errors: 0, Skipped: 0, Time elapsed: 0.168 s -- in org.apache.commons.collections4.sequence.SequencesComparatorTest
[INFO] Running org.apache.commons.collections4.IteratorUtilsTest
[INFO] Tests run: 53, Failures: 0, Errors: 0, Skipped: 0, Time elapsed: 0.431 s -- in org.apache.commons.collections4.IteratorUtilsTest
[INFO] Running org.apache.commons.collections4.CollectionUtilsTest
[INFO] Tests run: 161, Failures: 0, Errors: 0, Skipped: 0, Time elapsed: 0.273 s -- in org.apache.commons.collections4.CollectionUtilsTest
[INFO] Running org.apache.commons.collections4.keyvalue.MultiKeyTest
[INFO] Tests run: 18, Failures: 0, Errors: 0, Skipped: 0, Time elapsed: 0.039 s -- in org.apache.commons.collections4.keyvalue.MultiKeyTest
[INFO] Running org.apache.commons.collections4.keyvalue.DefaultMapEntryTest
[INFO] Tests run: 5, Failures: 0, Errors: 0, Skipped: 0, Time elapsed: 0.010 s -- in org.apache.commons.collections4.keyvalue.DefaultMapEntryTest
[INFO] Running org.apache.commons.collections4.keyvalue.DefaultKeyValueTest
[INFO] Tests run: 6, Failures: 0, Errors: 0, Skipped: 0, Time elapsed: 0.011 s -- in org.apache.commons.collections4.keyvalue.DefaultKeyValueTest
[INFO] Running org.apache.commons.collections4.keyvalue.TiedMapEntryTest
[INFO] Tests run: 6, Failures: 0, Errors: 0, Skipped: 0, Time elapsed: 0.010 s -- in org.apache.commons.collections4.keyvalue.TiedMapEntryTest
[INFO] Running org.apache.commons.collections4.keyvalue.UnmodifiableMapEntryTest
[INFO] Tests run: 6, Failures: 0, Errors: 0, Skipped: 0, Time elapsed: 0.009 s -- in org.apache.commons.collections4.keyvalue.UnmodifiableMapEntryTest
[INFO] Running org.apache.commons.collections4.BagUtilsTest
[INFO] Tests run: 8, Failures: 0, Errors: 0, Skipped: 0, Time elapsed: 0.016 s -- in org.apache.commons.collections4.BagUtilsTest
[INFO] Running org.apache.commons.collections4.TransformerUtilsTest
[INFO] Tests run: 18, Failures: 0, Errors: 0, Skipped: 0, Time elapsed: 0.033 s -- in org.apache.commons.collections4.TransformerUtilsTest
[INFO] Running org.apache.commons.collections4.comparators.FixedOrderComparatorTest
[INFO] Running org.apache.commons.collections4.comparators.FixedOrderComparatorTest$Equals
[INFO] Tests run: 28, Failures: 0, Errors: 0, Skipped: 0, Time elapsed: 0.014 s -- in org.apache.commons.collections4.comparators.FixedOrderComparatorTest$Equals
[INFO] Tests run: 0, Failures: 0, Errors: 0, Skipped: 0, Time elapsed: 0.050 s -- in org.apache.commons.collections4.comparators.FixedOrderComparatorTest
[INFO] Running org.apache.commons.collections4.comparators.ComparatorChainTest
[INFO] Tests run: 18, Failures: 0, Errors: 0, Skipped: 0, Time elapsed: 0.045 s -- in org.apache.commons.collections4.comparators.ComparatorChainTest
[INFO] Running org.apache.commons.collections4.comparators.ComparableComparatorTest
[INFO] Tests run: 13, Failures: 0, Errors: 0, Skipped: 0, Time elapsed: 0.029 s -- in org.apache.commons.collections4.comparators.ComparableComparatorTest
[INFO] Running org.apache.commons.collections4.comparators.ReverseComparatorTest
[INFO] Tests run: 13, Failures: 0, Errors: 0, Skipped: 0, Time elapsed: 0.027 s -- in org.apache.commons.collections4.comparators.ReverseComparatorTest
[INFO] Running org.apache.commons.collections4.comparators.BooleanComparatorTest
[INFO] Tests run: 16, Failures: 0, Errors: 0, Skipped: 0, Time elapsed: 0.024 s -- in org.apache.commons.collections4.comparators.BooleanComparatorTest
[INFO] Running org.apache.commons.collections4.comparators.TransformingComparatorTest
[INFO] Tests run: 14, Failures: 0, Errors: 0, Skipped: 0, Time elapsed: 0.025 s -- in org.apache.commons.collections4.comparators.TransformingComparatorTest
[INFO] Running org.apache.commons.collections4.ArrayUtilsTest
[INFO] Tests run: 3, Failures: 0, Errors: 0, Skipped: 0, Time elapsed: 0.004 s -- in org.apache.commons.collections4.ArrayUtilsTest
[INFO] Running org.apache.commons.collections4.queue.PredicatedQueueTest
[INFO] Tests run: 38, Failures: 0, Errors: 0, Skipped: 0, Time elapsed: 0.083 s -- in org.apache.commons.collections4.queue.PredicatedQueueTest
[INFO] Running org.apache.commons.collections4.queue.SynchronizedQueueTest
[WARNING] Tests run: 37, Failures: 0, Errors: 0, Skipped: 1, Time elapsed: 0.060 s -- in org.apache.commons.collections4.queue.SynchronizedQueueTest
[INFO] Running org.apache.commons.collections4.queue.UnmodifiableQueueTest
[INFO] Tests run: 40, Failures: 0, Errors: 0, Skipped: 0, Time elapsed: 0.064 s -- in org.apache.commons.collections4.queue.UnmodifiableQueueTest
[INFO] Running org.apache.commons.collections4.queue.TransformedQueueTest
[INFO] Tests run: 38, Failures: 0, Errors: 0, Skipped: 0, Time elapsed: 0.066 s -- in org.apache.commons.collections4.queue.TransformedQueueTest
[INFO] Running org.apache.commons.collections4.queue.CircularFifoQueueTest
[INFO] Tests run: 55, Failures: 0, Errors: 0, Skipped: 0, Time elapsed: 0.091 s -- in org.apache.commons.collections4.queue.CircularFifoQueueTest
[INFO] Running org.apache.commons.collections4.FactoryUtilsTest
[INFO] Tests run: 16, Failures: 0, Errors: 0, Skipped: 0, Time elapsed: 0.062 s -- in org.apache.commons.collections4.FactoryUtilsTest
[INFO] Running org.apache.commons.collections4.MapUtilsTest
[INFO] Tests run: 66, Failures: 0, Errors: 0, Skipped: 0, Time elapsed: 0.139 s -- in org.apache.commons.collections4.MapUtilsTest
[INFO] Running org.apache.commons.collections4.map.PredicatedMapTest
[INFO] Tests run: 62, Failures: 0, Errors: 0, Skipped: 0, Time elapsed: 0.269 s -- in org.apache.commons.collections4.map.PredicatedMapTest
[INFO] Running org.apache.commons.collections4.map.HashedMapTest
[INFO] Tests run: 63, Failures: 0, Errors: 0, Skipped: 0, Time elapsed: 0.190 s -- in org.apache.commons.collections4.map.HashedMapTest
[INFO] Running org.apache.commons.collections4.map.UnmodifiableOrderedMapTest
[WARNING] Tests run: 66, Failures: 0, Errors: 0, Skipped: 4, Time elapsed: 0.119 s -- in org.apache.commons.collections4.map.UnmodifiableOrderedMapTest
[INFO] Running org.apache.commons.collections4.map.HashMapSanityTest
[INFO] Tests run: 57, Failures: 0, Errors: 0, Skipped: 0, Time elapsed: 0.226 s -- in org.apache.commons.collections4.map.HashMapSanityTest
[INFO] Running org.apache.commons.collections4.map.ConcurrentReferenceHashMapKWeakVWeakIdCTest
[INFO] Tests run: 57, Failures: 0, Errors: 0, Skipped: 0, Time elapsed: 0.171 s -- in org.apache.commons.collections4.map.ConcurrentReferenceHashMapKWeakVWeakIdCTest
[INFO] Running org.apache.commons.collections4.map.CaseInsensitiveMapTest
[INFO] Tests run: 66, Failures: 0, Errors: 0, Skipped: 0, Time elapsed: 0.171 s -- in org.apache.commons.collections4.map.CaseInsensitiveMapTest
[INFO] Running org.apache.commons.collections4.map.TransformedSortedMapTest
[INFO] Tests run: 63, Failures: 0, Errors: 0, Skipped: 0, Time elapsed: 0.108 s -- in org.apache.commons.collections4.map.TransformedSortedMapTest
[INFO] Running org.apache.commons.collections4.map.Flat3MapTest
[INFO] Tests run: 105, Failures: 0, Errors: 0, Skipped: 0, Time elapsed: 0.240 s -- in org.apache.commons.collections4.map.Flat3MapTest
[INFO] Running org.apache.commons.collections4.map.LRUMapTest
[INFO] Tests run: 80, Failures: 0, Errors: 0, Skipped: 0, Time elapsed: 4.301 s -- in org.apache.commons.collections4.map.LRUMapTest
[INFO] Running org.apache.commons.collections4.map.UnmodifiableMapTest
[WARNING] Tests run: 62, Failures: 0, Errors: 0, Skipped: 4, Time elapsed: 0.099 s -- in org.apache.commons.collections4.map.UnmodifiableMapTest
[INFO] Running org.apache.commons.collections4.map.ConcurrentReferenceHashMapKWeakVSoftIdCTest
[INFO] Tests run: 57, Failures: 0, Errors: 0, Skipped: 0, Time elapsed: 0.196 s -- in org.apache.commons.collections4.map.ConcurrentReferenceHashMapKWeakVSoftIdCTest
[INFO] Running org.apache.commons.collections4.map.ConcurrentReferenceHashMapKStrongVWeakIdCTest
[INFO] Tests run: 57, Failures: 0, Errors: 0, Skipped: 0, Time elapsed: 0.212 s -- in org.apache.commons.collections4.map.ConcurrentReferenceHashMapKStrongVWeakIdCTest
[INFO] Running org.apache.commons.collections4.map.ListOrderedMap2Test
[INFO] Tests run: 68, Failures: 0, Errors: 0, Skipped: 0, Time elapsed: 0.230 s -- in org.apache.commons.collections4.map.ListOrderedMap2Test
[INFO] Running org.apache.commons.collections4.map.SingletonMapTest
[WARNING] Tests run: 67, Failures: 0, Errors: 0, Skipped: 3, Time elapsed: 0.148 s -- in org.apache.commons.collections4.map.SingletonMapTest
[INFO] Running org.apache.commons.collections4.map.ConcurrentReferenceHashMapKSoftVStrongTest
[INFO] Tests run: 57, Failures: 0, Errors: 0, Skipped: 0, Time elapsed: 0.195 s -- in org.apache.commons.collections4.map.ConcurrentReferenceHashMapKSoftVStrongTest
[INFO] Running org.apache.commons.collections4.map.FixedSizeSortedMapTest
[WARNING] Tests run: 60, Failures: 0, Errors: 0, Skipped: 3, Time elapsed: 0.110 s -- in org.apache.commons.collections4.map.FixedSizeSortedMapTest
[INFO] Running org.apache.commons.collections4.map.ConcurrentReferenceHashMapKSoftVSoftIdCTest
[INFO] Tests run: 57, Failures: 0, Errors: 0, Skipped: 0, Time elapsed: 0.167 s -- in org.apache.commons.collections4.map.ConcurrentReferenceHashMapKSoftVSoftIdCTest
[INFO] Running org.apache.commons.collections4.map.ConcurrentReferenceHashMapTest
[INFO] Tests run: 1, Failures: 0, Errors: 0, Skipped: 0, Time elapsed: 0.002 s -- in org.apache.commons.collections4.map.ConcurrentReferenceHashMapTest
[INFO] Running org.apache.commons.collections4.map.ConcurrentReferenceHashMapKWeakVStrongIdCTest
[INFO] Tests run: 57, Failures: 0, Errors: 0, Skipped: 0, Time elapsed: 0.189 s -- in org.apache.commons.collections4.map.ConcurrentReferenceHashMapKWeakVStrongIdCTest
[INFO] Running org.apache.commons.collections4.map.ConcurrentReferenceHashMapKStrongVWeakTest
[INFO] Tests run: 57, Failures: 0, Errors: 0, Skipped: 0, Time elapsed: 0.175 s -- in org.apache.commons.collections4.map.ConcurrentReferenceHashMapKStrongVWeakTest
[INFO] Running org.apache.commons.collections4.map.DefaultedMapTest
[INFO] Tests run: 64, Failures: 0, Errors: 0, Skipped: 0, Time elapsed: 0.274 s -- in org.apache.commons.collections4.map.DefaultedMapTest
[INFO] Running org.apache.commons.collections4.map.MultiKeyMapTest
[INFO] Tests run: 73, Failures: 0, Errors: 0, Skipped: 0, Time elapsed: 0.181 s -- in org.apache.commons.collections4.map.MultiKeyMapTest
[INFO] Running org.apache.commons.collections4.map.MultiKeyMapCompress672Test
[INFO] Tests run: 1, Failures: 0, Errors: 0, Skipped: 0, Time elapsed: 0.002 s -- in org.apache.commons.collections4.map.MultiKeyMapCompress672Test
[INFO] Running org.apache.commons.collections4.map.StaticBucketMapTest
[INFO] Tests run: 63, Failures: 0, Errors: 0, Skipped: 0, Time elapsed: 0.180 s -- in org.apache.commons.collections4.map.StaticBucketMapTest
[INFO] Running org.apache.commons.collections4.map.PredicatedSortedMapTest
[INFO] Tests run: 64, Failures: 0, Errors: 0, Skipped: 0, Time elapsed: 0.118 s -- in org.apache.commons.collections4.map.PredicatedSortedMapTest
[INFO] Running org.apache.commons.collections4.map.ConcurrentReferenceHashMapKSoftVWeakTest
[INFO] Tests run: 57, Failures: 0, Errors: 0, Skipped: 0, Time elapsed: 0.168 s -- in org.apache.commons.collections4.map.ConcurrentReferenceHashMapKSoftVWeakTest
[INFO] Running org.apache.commons.collections4.map.UnmodifiableSortedMapTest
[WARNING] Tests run: 65, Failures: 0, Errors: 0, Skipped: 4, Time elapsed: 0.094 s -- in org.apache.commons.collections4.map.UnmodifiableSortedMapTest
[INFO] Running org.apache.commons.collections4.map.ConcurrentReferenceHashMapKSoftVSoftTest
[INFO] Tests run: 57, Failures: 0, Errors: 0, Skipped: 0, Time elapsed: 0.175 s -- in org.apache.commons.collections4.map.ConcurrentReferenceHashMapKSoftVSoftTest
[INFO] Running org.apache.commons.collections4.map.ReferenceIdentityMapTest
[INFO] Tests run: 64, Failures: 0, Errors: 0, Skipped: 0, Time elapsed: 0.341 s -- in org.apache.commons.collections4.map.ReferenceIdentityMapTest
[INFO] Running org.apache.commons.collections4.map.MultiValueMapTest
[INFO] Tests run: 36, Failures: 0, Errors: 0, Skipped: 0, Time elapsed: 0.061 s -- in org.apache.commons.collections4.map.MultiValueMapTest
[INFO] Running org.apache.commons.collections4.map.ConcurrentReferenceHashMapKWeakVStrongTest
[INFO] Tests run: 57, Failures: 0, Errors: 0, Skipped: 0, Time elapsed: 0.161 s -- in org.apache.commons.collections4.map.ConcurrentReferenceHashMapKWeakVStrongTest
[INFO] Running org.apache.commons.collections4.map.LazyMapTest
[INFO] Tests run: 62, Failures: 0, Errors: 0, Skipped: 0, Time elapsed: 0.188 s -- in org.apache.commons.collections4.map.LazyMapTest
[INFO] Running org.apache.commons.collections4.map.ConcurrentReferenceHashMapKWeakVSoftTest
[INFO] Tests run: 57, Failures: 0, Errors: 0, Skipped: 0, Time elapsed: 0.151 s -- in org.apache.commons.collections4.map.ConcurrentReferenceHashMapKWeakVSoftTest
[INFO] Running org.apache.commons.collections4.map.LazySortedMapTest
[INFO] Tests run: 63, Failures: 0, Errors: 0, Skipped: 0, Time elapsed: 0.102 s -- in org.apache.commons.collections4.map.LazySortedMapTest
[INFO] Running org.apache.commons.collections4.map.ConcurrentReferenceHashMapKSoftVWeakIdCTest
[INFO] Tests run: 57, Failures: 0, Errors: 0, Skipped: 0, Time elapsed: 0.151 s -- in org.apache.commons.collections4.map.ConcurrentReferenceHashMapKSoftVWeakIdCTest
[INFO] Running org.apache.commons.collections4.map.ConcurrentReferenceHashMapKStrongVSoftTest
[INFO] Tests run: 57, Failures: 0, Errors: 0, Skipped: 0, Time elapsed: 0.157 s -- in org.apache.commons.collections4.map.ConcurrentReferenceHashMapKStrongVSoftTest
[INFO] Running org.apache.commons.collections4.map.ConcurrentReferenceHashMapKStrongVStrongTest
[INFO] Tests run: 57, Failures: 0, Errors: 0, Skipped: 0, Time elapsed: 0.200 s -- in org.apache.commons.collections4.map.ConcurrentReferenceHashMapKStrongVStrongTest
[INFO] Running org.apache.commons.collections4.map.TransformedMapTest
[INFO] Tests run: 63, Failures: 0, Errors: 0, Skipped: 0, Time elapsed: 0.294 s -- in org.apache.commons.collections4.map.TransformedMapTest
[INFO] Running org.apache.commons.collections4.map.ConcurrentHashMapSanityTest
[INFO] Tests run: 57, Failures: 0, Errors: 0, Skipped: 0, Time elapsed: 0.268 s -- in org.apache.commons.collections4.map.ConcurrentHashMapSanityTest
[INFO] Running org.apache.commons.collections4.map.CompositeMapTest
[INFO] Tests run: 68, Failures: 0, Errors: 0, Skipped: 0, Time elapsed: 0.288 s -- in org.apache.commons.collections4.map.CompositeMapTest
[INFO] Running org.apache.commons.collections4.map.ConcurrentReferenceHashMapKSoftVStrongIdCTest
[INFO] Tests run: 57, Failures: 0, Errors: 0, Skipped: 0, Time elapsed: 0.158 s -- in org.apache.commons.collections4.map.ConcurrentReferenceHashMapKSoftVStrongIdCTest
[INFO] Running org.apache.commons.collections4.map.LinkedMapTest
[INFO] Tests run: 72, Failures: 0, Errors: 0, Skipped: 0, Time elapsed: 0.152 s -- in org.apache.commons.collections4.map.LinkedMapTest
[INFO] Running org.apache.commons.collections4.map.ConcurrentReferenceHashMapKWeakVWeakTest
[INFO] Tests run: 57, Failures: 0, Errors: 0, Skipped: 0, Time elapsed: 0.195 s -- in org.apache.commons.collections4.map.ConcurrentReferenceHashMapKWeakVWeakTest
[INFO] Running org.apache.commons.collections4.map.ConcurrentReferenceHashMapKStrongVSoftIdCTest
[INFO] Tests run: 57, Failures: 0, Errors: 0, Skipped: 0, Time elapsed: 0.215 s -- in org.apache.commons.collections4.map.ConcurrentReferenceHashMapKStrongVSoftIdCTest
[INFO] Running org.apache.commons.collections4.map.ConcurrentReferenceHashMapKStrongVStrongIdCTest
[INFO] Tests run: 57, Failures: 0, Errors: 0, Skipped: 0, Time elapsed: 0.198 s -- in org.apache.commons.collections4.map.ConcurrentReferenceHashMapKStrongVStrongIdCTest
[INFO] Running org.apache.commons.collections4.map.ConcurrentReferenceHashMapDefaultsTest
[INFO] Tests run: 57, Failures: 0, Errors: 0, Skipped: 0, Time elapsed: 0.208 s -- in org.apache.commons.collections4.map.ConcurrentReferenceHashMapDefaultsTest
[INFO] Running org.apache.commons.collections4.map.ReferenceMapTest
[INFO] Tests run: 65, Failures: 0, Errors: 0, Skipped: 0, Time elapsed: 0.371 s -- in org.apache.commons.collections4.map.ReferenceMapTest
[INFO] Running org.apache.commons.collections4.map.FixedSizeMapTest
[WARNING] Tests run: 60, Failures: 0, Errors: 0, Skipped: 3, Time elapsed: 0.171 s -- in org.apache.commons.collections4.map.FixedSizeMapTest
[INFO] Running org.apache.commons.collections4.map.PassiveExpiringMapTest
[INFO] Tests run: 70, Failures: 0, Errors: 0, Skipped: 0, Time elapsed: 6.386 s -- in org.apache.commons.collections4.map.PassiveExpiringMapTest
[INFO] Running org.apache.commons.collections4.map.ListOrderedMapTest
[INFO] Tests run: 77, Failures: 0, Errors: 0, Skipped: 0, Time elapsed: 0.179 s -- in org.apache.commons.collections4.map.ListOrderedMapTest
[INFO] Running org.apache.commons.collections4.bidimap.UnmodifiableSortedBidiMapTest
[WARNING] Tests run: 89, Failures: 0, Errors: 0, Skipped: 4, Time elapsed: 0.209 s -- in org.apache.commons.collections4.bidimap.UnmodifiableSortedBidiMapTest
[INFO] Running org.apache.commons.collections4.bidimap.DualLinkedHashBidiMapTest
[INFO] Tests run: 71, Failures: 0, Errors: 0, Skipped: 0, Time elapsed: 0.216 s -- in org.apache.commons.collections4.bidimap.DualLinkedHashBidiMapTest
[INFO] Running org.apache.commons.collections4.bidimap.TreeBidiMapTest
[WARNING] Tests run: 75, Failures: 0, Errors: 0, Skipped: 1, Time elapsed: 0.149 s -- in org.apache.commons.collections4.bidimap.TreeBidiMapTest
[INFO] Running org.apache.commons.collections4.bidimap.DualTreeBidiMapTest
[INFO] Tests run: 87, Failures: 0, Errors: 0, Skipped: 0, Time elapsed: 0.150 s -- in org.apache.commons.collections4.bidimap.DualTreeBidiMapTest
[INFO] Running org.apache.commons.collections4.bidimap.UnmodifiableOrderedBidiMapTest
[WARNING] Tests run: 77, Failures: 0, Errors: 0, Skipped: 4, Time elapsed: 0.110 s -- in org.apache.commons.collections4.bidimap.UnmodifiableOrderedBidiMapTest
[INFO] Running org.apache.commons.collections4.bidimap.DualTreeBidiMap2Test
[INFO] Tests run: 92, Failures: 0, Errors: 0, Skipped: 0, Time elapsed: 0.171 s -- in org.apache.commons.collections4.bidimap.DualTreeBidiMap2Test
[INFO] Running org.apache.commons.collections4.bidimap.DualHashBidiMapTest
[WARNING] Tests run: 71, Failures: 0, Errors: 0, Skipped: 1, Time elapsed: 0.277 s -- in org.apache.commons.collections4.bidimap.DualHashBidiMapTest
[INFO] Running org.apache.commons.collections4.bidimap.UnmodifiableBidiMapTest
[WARNING] Tests run: 73, Failures: 0, Errors: 0, Skipped: 5, Time elapsed: 0.116 s -- in org.apache.commons.collections4.bidimap.UnmodifiableBidiMapTest
[INFO] Running org.apache.commons.collections4.ComparatorUtilsTest
[INFO] Tests run: 6, Failures: 0, Errors: 0, Skipped: 0, Time elapsed: 0.007 s -- in org.apache.commons.collections4.ComparatorUtilsTest
[INFO] Running org.apache.commons.collections4.QueueUtilsTest
[INFO] Tests run: 5, Failures: 0, Errors: 0, Skipped: 0, Time elapsed: 0.007 s -- in org.apache.commons.collections4.QueueUtilsTest
[INFO] Running org.apache.commons.collections4.properties.PropertiesFactoryTest
[WARNING] Tests run: 19, Failures: 0, Errors: 0, Skipped: 2, Time elapsed: 0.147 s -- in org.apache.commons.collections4.properties.PropertiesFactoryTest
[INFO] Running org.apache.commons.collections4.properties.OrderedPropertiesTest
[INFO] Tests run: 15, Failures: 0, Errors: 0, Skipped: 0, Time elapsed: 0.029 s -- in org.apache.commons.collections4.properties.OrderedPropertiesTest
[INFO] Running org.apache.commons.collections4.properties.SortedPropertiesTest
[ERROR] Tests run: 17, Failures: 1, Errors: 0, Skipped: 0, Time elapsed: 0.034 s <<< FAILURE! -- in org.apache.commons.collections4.properties.SortedPropertiesTest
[ERROR] org.apache.commons.collections4.properties.SortedPropertiesTest.testToString -- Time elapsed: 0.001 s <<< FAILURE!
org.opentest4j.AssertionFailedError: expected: <{A=ValueA, B=ValueB, C=ValueC, D=ValueD, E=ValueE, F=ValueF, G=ValueG, H=ValueH, I=ValueI, J=ValueJ, K=ValueK, L=ValueL, M=ValueM, N=ValueN, O=ValueO, P=ValueP, Q=ValueQ, R=ValueR, S=ValueS, T=ValueT, U=ValueU, V=ValueV, W=ValueW, X=ValueX, Y=ValueY, Z=ValueZ}> but was: <{F=ValueF, L=ValueL, T=ValueT, W=ValueW, D=ValueD, Z=ValueZ, E=ValueE, U=ValueU, Y=ValueY, V=ValueV, H=ValueH, P=ValueP, A=ValueA, J=ValueJ, K=ValueK, N=ValueN, S=ValueS, C=ValueC, O=ValueO, Q=ValueQ, R=ValueR, X=ValueX, I=ValueI, M=ValueM, G=ValueG, B=ValueB}>
	at org.junit.jupiter.api.AssertionFailureBuilder.build(AssertionFailureBuilder.java:151)
	at org.junit.jupiter.api.AssertionFailureBuilder.buildAndThrow(AssertionFailureBuilder.java:132)
	at org.junit.jupiter.api.AssertEquals.failNotEqual(AssertEquals.java:197)
	at org.junit.jupiter.api.AssertEquals.assertEquals(AssertEquals.java:182)
	at org.junit.jupiter.api.AssertEquals.assertEquals(AssertEquals.java:177)
	at org.junit.jupiter.api.Assertions.assertEquals(Assertions.java:1145)
	at org.apache.commons.collections4.properties.SortedPropertiesTest.testToString(SortedPropertiesTest.java:308)
	at java.base/java.lang.reflect.Method.invoke(Method.java:569)
	at java.base/java.util.ArrayList.forEach(ArrayList.java:1511)
	at java.base/java.util.ArrayList.forEach(ArrayList.java:1511)

[INFO] Running org.apache.commons.collections4.properties.EmptyPropertiesTest
[INFO] Tests run: 46, Failures: 0, Errors: 0, Skipped: 0, Time elapsed: 0.065 s -- in org.apache.commons.collections4.properties.EmptyPropertiesTest
[INFO] Running org.apache.commons.collections4.properties.SortedPropertiesFactoryTest
[WARNING] Tests run: 19, Failures: 0, Errors: 0, Skipped: 2, Time elapsed: 0.187 s -- in org.apache.commons.collections4.properties.SortedPropertiesFactoryTest
[INFO] Running org.apache.commons.collections4.properties.OrderedPropertiesFactoryTest
[WARNING] Tests run: 19, Failures: 0, Errors: 0, Skipped: 2, Time elapsed: 0.155 s -- in org.apache.commons.collections4.properties.OrderedPropertiesFactoryTest
[INFO] Running org.apache.commons.collections4.multiset.HashMultiSetTest
[INFO] Tests run: 48, Failures: 0, Errors: 0, Skipped: 0, Time elapsed: 0.076 s -- in org.apache.commons.collections4.multiset.HashMultiSetTest
[INFO] Running org.apache.commons.collections4.multiset.UnmodifiableMultiSetTest
[INFO] Tests run: 54, Failures: 0, Errors: 0, Skipped: 0, Time elapsed: 0.072 s -- in org.apache.commons.collections4.multiset.UnmodifiableMultiSetTest
[INFO] Running org.apache.commons.collections4.multiset.PredicatedMultiSetTest
[INFO] Tests run: 51, Failures: 0, Errors: 0, Skipped: 0, Time elapsed: 0.071 s -- in org.apache.commons.collections4.multiset.PredicatedMultiSetTest
[INFO] Running org.apache.commons.collections4.multiset.SynchronizedMultiSetTest
[INFO] Tests run: 48, Failures: 0, Errors: 0, Skipped: 0, Time elapsed: 0.070 s -- in org.apache.commons.collections4.multiset.SynchronizedMultiSetTest
[INFO] Running org.apache.commons.collections4.ClosureUtilsTest
[INFO] Tests run: 12, Failures: 0, Errors: 0, Skipped: 0, Time elapsed: 0.019 s -- in org.apache.commons.collections4.ClosureUtilsTest
[INFO] Running org.apache.commons.collections4.MultiSetUtilsTest
[INFO] Tests run: 4, Failures: 0, Errors: 0, Skipped: 0, Time elapsed: 0.007 s -- in org.apache.commons.collections4.MultiSetUtilsTest
[INFO] Running org.apache.commons.collections4.collection.IndexedCollectionTest
[INFO] Tests run: 31, Failures: 0, Errors: 0, Skipped: 0, Time elapsed: 0.039 s -- in org.apache.commons.collections4.collection.IndexedCollectionTest
[INFO] Running org.apache.commons.collections4.collection.PredicatedCollectionBuilderTest
[INFO] Tests run: 5, Failures: 0, Errors: 0, Skipped: 0, Time elapsed: 0.006 s -- in org.apache.commons.collections4.collection.PredicatedCollectionBuilderTest
[INFO] Running org.apache.commons.collections4.collection.UnmodifiableBoundedCollectionTest
[INFO] Tests run: 29, Failures: 0, Errors: 0, Skipped: 0, Time elapsed: 0.035 s -- in org.apache.commons.collections4.collection.UnmodifiableBoundedCollectionTest
[INFO] Running org.apache.commons.collections4.collection.UnmodifiableCollectionTest
[INFO] Tests run: 29, Failures: 0, Errors: 0, Skipped: 0, Time elapsed: 0.034 s -- in org.apache.commons.collections4.collection.UnmodifiableCollectionTest
[INFO] Running org.apache.commons.collections4.collection.CompositeCollectionTest
[INFO] Tests run: 45, Failures: 0, Errors: 0, Skipped: 0, Time elapsed: 0.058 s -- in org.apache.commons.collections4.collection.CompositeCollectionTest
[INFO] Running org.apache.commons.collections4.collection.TransformedCollectionTest
[INFO] Tests run: 29, Failures: 0, Errors: 0, Skipped: 0, Time elapsed: 0.038 s -- in org.apache.commons.collections4.collection.TransformedCollectionTest
[INFO] Running org.apache.commons.collections4.collection.SynchronizedCollectionTest
[INFO] Tests run: 27, Failures: 0, Errors: 0, Skipped: 0, Time elapsed: 0.032 s -- in org.apache.commons.collections4.collection.SynchronizedCollectionTest
[INFO] Running org.apache.commons.collections4.collection.PredicatedCollectionTest
[INFO] Tests run: 29, Failures: 0, Errors: 0, Skipped: 0, Time elapsed: 0.036 s -- in org.apache.commons.collections4.collection.PredicatedCollectionTest
[INFO] Running org.apache.commons.collections4.set.TransformedNavigableSetTest
[INFO] Tests run: 31, Failures: 0, Errors: 0, Skipped: 0, Time elapsed: 0.052 s -- in org.apache.commons.collections4.set.TransformedNavigableSetTest
[INFO] Running org.apache.commons.collections4.set.ListOrderedSet2Test
[INFO] Tests run: 32, Failures: 0, Errors: 0, Skipped: 0, Time elapsed: 0.050 s -- in org.apache.commons.collections4.set.ListOrderedSet2Test
[INFO] Running org.apache.commons.collections4.set.PredicatedSetTest
[INFO] Tests run: 32, Failures: 0, Errors: 0, Skipped: 0, Time elapsed: 0.053 s -- in org.apache.commons.collections4.set.PredicatedSetTest
[INFO] Running org.apache.commons.collections4.set.MapBackedSet2Test
[INFO] Tests run: 30, Failures: 0, Errors: 0, Skipped: 0, Time elapsed: 0.042 s -- in org.apache.commons.collections4.set.MapBackedSet2Test
[INFO] Running org.apache.commons.collections4.set.UnmodifiableSortedSetTest
[INFO] Tests run: 32, Failures: 0, Errors: 0, Skipped: 0, Time elapsed: 0.048 s -- in org.apache.commons.collections4.set.UnmodifiableSortedSetTest
[INFO] Running org.apache.commons.collections4.set.UnmodifiableSetTest
[INFO] Tests run: 31, Failures: 0, Errors: 0, Skipped: 0, Time elapsed: 0.051 s -- in org.apache.commons.collections4.set.UnmodifiableSetTest
[INFO] Running org.apache.commons.collections4.set.TransformedSetTest
[INFO] Tests run: 31, Failures: 0, Errors: 0, Skipped: 0, Time elapsed: 0.054 s -- in org.apache.commons.collections4.set.TransformedSetTest
[INFO] Running org.apache.commons.collections4.set.MapBackedSetTest
[INFO] Tests run: 29, Failures: 0, Errors: 0, Skipped: 0, Time elapsed: 0.059 s -- in org.apache.commons.collections4.set.MapBackedSetTest
[INFO] Running org.apache.commons.collections4.set.TransformedSortedSetTest
[INFO] Tests run: 31, Failures: 0, Errors: 0, Skipped: 0, Time elapsed: 0.056 s -- in org.apache.commons.collections4.set.TransformedSortedSetTest
[INFO] Running org.apache.commons.collections4.set.PredicatedSortedSetTest
[INFO] Tests run: 33, Failures: 0, Errors: 0, Skipped: 0, Time elapsed: 0.044 s -- in org.apache.commons.collections4.set.PredicatedSortedSetTest
[INFO] Running org.apache.commons.collections4.set.PredicatedNavigableSetTest
[INFO] Tests run: 33, Failures: 0, Errors: 0, Skipped: 0, Time elapsed: 0.051 s -- in org.apache.commons.collections4.set.PredicatedNavigableSetTest
[INFO] Running org.apache.commons.collections4.set.UnmodifiableNavigableSetTest
[INFO] Tests run: 32, Failures: 0, Errors: 0, Skipped: 0, Time elapsed: 0.045 s -- in org.apache.commons.collections4.set.UnmodifiableNavigableSetTest
[INFO] Running org.apache.commons.collections4.set.ListOrderedSetTest
[INFO] Tests run: 36, Failures: 0, Errors: 0, Skipped: 0, Time elapsed: 0.063 s -- in org.apache.commons.collections4.set.ListOrderedSetTest
[INFO] Running org.apache.commons.collections4.set.CompositeSetTest
[INFO] Tests run: 37, Failures: 0, Errors: 0, Skipped: 0, Time elapsed: 0.066 s -- in org.apache.commons.collections4.set.CompositeSetTest
[INFO] Running org.apache.commons.collections4.SplitMapUtilsTest
[INFO] Tests run: 4, Failures: 0, Errors: 0, Skipped: 0, Time elapsed: 0.009 s -- in org.apache.commons.collections4.SplitMapUtilsTest
[INFO] Running org.apache.commons.collections4.iterators.ArrayIterator2Test
[INFO] Tests run: 14, Failures: 0, Errors: 0, Skipped: 0, Time elapsed: 0.017 s -- in org.apache.commons.collections4.iterators.ArrayIterator2Test
[INFO] Running org.apache.commons.collections4.iterators.PermutationIteratorTest
[INFO] Tests run: 18, Failures: 0, Errors: 0, Skipped: 0, Time elapsed: 0.025 s -- in org.apache.commons.collections4.iterators.PermutationIteratorTest
[INFO] Running org.apache.commons.collections4.iterators.ListIteratorWrapper2Test
[INFO] Tests run: 14, Failures: 0, Errors: 0, Skipped: 0, Time elapsed: 0.017 s -- in org.apache.commons.collections4.iterators.ListIteratorWrapper2Test
[INFO] Running org.apache.commons.collections4.iterators.ObjectGraphIteratorTest
[INFO] Tests run: 27, Failures: 0, Errors: 0, Skipped: 0, Time elapsed: 0.036 s -- in org.apache.commons.collections4.iterators.ObjectGraphIteratorTest
[INFO] Running org.apache.commons.collections4.iterators.SingletonIterator2Test
[INFO] Tests run: 14, Failures: 0, Errors: 0, Skipped: 0, Time elapsed: 0.014 s -- in org.apache.commons.collections4.iterators.SingletonIterator2Test
[INFO] Running org.apache.commons.collections4.iterators.UnmodifiableOrderedMapIteratorTest
[INFO] Tests run: 21, Failures: 0, Errors: 0, Skipped: 0, Time elapsed: 0.024 s -- in org.apache.commons.collections4.iterators.UnmodifiableOrderedMapIteratorTest
[INFO] Running org.apache.commons.collections4.iterators.CartesianProductIteratorTest
[INFO] Tests run: 20, Failures: 0, Errors: 0, Skipped: 0, Time elapsed: 0.038 s -- in org.apache.commons.collections4.iterators.CartesianProductIteratorTest
[INFO] Running org.apache.commons.collections4.iterators.BoundedIteratorTest
[INFO] Tests run: 25, Failures: 0, Errors: 0, Skipped: 0, Time elapsed: 0.045 s -- in org.apache.commons.collections4.iterators.BoundedIteratorTest
[INFO] Running org.apache.commons.collections4.iterators.SingletonIteratorTest
[INFO] Tests run: 15, Failures: 0, Errors: 0, Skipped: 0, Time elapsed: 0.016 s -- in org.apache.commons.collections4.iterators.SingletonIteratorTest
[INFO] Running org.apache.commons.collections4.iterators.ObjectArrayIteratorTest
[INFO] Tests run: 15, Failures: 0, Errors: 0, Skipped: 0, Time elapsed: 0.016 s -- in org.apache.commons.collections4.iterators.ObjectArrayIteratorTest
[INFO] Running org.apache.commons.collections4.iterators.NodeListIteratorTest
[INFO] Tests run: 15, Failures: 0, Errors: 0, Skipped: 0, Time elapsed: 0.025 s -- in org.apache.commons.collections4.iterators.NodeListIteratorTest
[INFO] Running org.apache.commons.collections4.iterators.UnmodifiableIteratorTest
[INFO] Tests run: 16, Failures: 0, Errors: 0, Skipped: 0, Time elapsed: 0.024 s -- in org.apache.commons.collections4.iterators.UnmodifiableIteratorTest
[INFO] Running org.apache.commons.collections4.iterators.ObjectArrayListIteratorTest
[INFO] Tests run: 17, Failures: 0, Errors: 0, Skipped: 0, Time elapsed: 0.018 s -- in org.apache.commons.collections4.iterators.ObjectArrayListIteratorTest
[INFO] Running org.apache.commons.collections4.iterators.IteratorEnumerationTest
[INFO] Tests run: 1, Failures: 0, Errors: 0, Skipped: 0, Time elapsed: 0.001 s -- in org.apache.commons.collections4.iterators.IteratorEnumerationTest
[INFO] Running org.apache.commons.collections4.iterators.CollatingIteratorTest
[INFO] Tests run: 21, Failures: 0, Errors: 0, Skipped: 0, Time elapsed: 0.028 s -- in org.apache.commons.collections4.iterators.CollatingIteratorTest
[INFO] Running org.apache.commons.collections4.iterators.PeekingIteratorTest
[INFO] Tests run: 17, Failures: 0, Errors: 0, Skipped: 0, Time elapsed: 0.022 s -- in org.apache.commons.collections4.iterators.PeekingIteratorTest
[INFO] Running org.apache.commons.collections4.iterators.PushbackIteratorTest
[INFO] Tests run: 16, Failures: 0, Errors: 0, Skipped: 0, Time elapsed: 0.020 s -- in org.apache.commons.collections4.iterators.PushbackIteratorTest
[INFO] Running org.apache.commons.collections4.iterators.SingletonListIteratorTest
[INFO] Tests run: 21, Failures: 0, Errors: 0, Skipped: 0, Time elapsed: 0.023 s -- in org.apache.commons.collections4.iterators.SingletonListIteratorTest
[INFO] Running org.apache.commons.collections4.iterators.ListIteratorWrapperTest
[INFO] Tests run: 14, Failures: 0, Errors: 0, Skipped: 0, Time elapsed: 0.018 s -- in org.apache.commons.collections4.iterators.ListIteratorWrapperTest
[INFO] Running org.apache.commons.collections4.iterators.ObjectArrayListIterator2Test
[INFO] Tests run: 19, Failures: 0, Errors: 0, Skipped: 0, Time elapsed: 0.021 s -- in org.apache.commons.collections4.iterators.ObjectArrayListIterator2Test
[INFO] Running org.apache.commons.collections4.iterators.IteratorIterableTest
[INFO] Tests run: 2, Failures: 0, Errors: 0, Skipped: 0, Time elapsed: 0.002 s -- in org.apache.commons.collections4.iterators.IteratorIterableTest
[INFO] Running org.apache.commons.collections4.iterators.UnmodifiableMapIteratorTest
[ERROR] Tests run: 20, Failures: 1, Errors: 0, Skipped: 0, Time elapsed: 0.026 s <<< FAILURE! -- in org.apache.commons.collections4.iterators.UnmodifiableMapIteratorTest
[ERROR] org.apache.commons.collections4.iterators.UnmodifiableMapIteratorTest.testForEachRemaining -- Time elapsed: 0.001 s <<< FAILURE!
org.opentest4j.AssertionFailedError: expected: <[C, B, A]> but was: <[A, B, C]>
	at org.apache.commons.collections4.iterators.AbstractIteratorTest.testForEachRemaining(AbstractIteratorTest.java:124)
	at java.base/java.lang.reflect.Method.invoke(Method.java:569)
	at java.base/java.util.ArrayList.forEach(ArrayList.java:1511)
	at java.base/java.util.ArrayList.forEach(ArrayList.java:1511)

[INFO] Running org.apache.commons.collections4.iterators.ExtendedIteratorTest
[INFO] Tests run: 11, Failures: 0, Errors: 0, Skipped: 0, Time elapsed: 0.014 s -- in org.apache.commons.collections4.iterators.ExtendedIteratorTest
[INFO] Running org.apache.commons.collections4.iterators.FilterIteratorTest
[INFO] Tests run: 30, Failures: 0, Errors: 0, Skipped: 0, Time elapsed: 0.043 s -- in org.apache.commons.collections4.iterators.FilterIteratorTest
[INFO] Running org.apache.commons.collections4.iterators.ZippingIteratorTest
[INFO] Tests run: 19, Failures: 0, Errors: 0, Skipped: 0, Time elapsed: 0.025 s -- in org.apache.commons.collections4.iterators.ZippingIteratorTest
[INFO] Running org.apache.commons.collections4.iterators.ArrayListIterator2Test
[INFO] Tests run: 14, Failures: 0, Errors: 0, Skipped: 0, Time elapsed: 0.015 s -- in org.apache.commons.collections4.iterators.ArrayListIterator2Test
[INFO] Running org.apache.commons.collections4.iterators.ArrayIteratorTest
[INFO] Tests run: 15, Failures: 0, Errors: 0, Skipped: 0, Time elapsed: 0.016 s -- in org.apache.commons.collections4.iterators.ArrayIteratorTest
[INFO] Running org.apache.commons.collections4.iterators.LoopingIteratorTest
[INFO] Tests run: 8, Failures: 0, Errors: 0, Skipped: 0, Time elapsed: 0.008 s -- in org.apache.commons.collections4.iterators.LoopingIteratorTest
[INFO] Running org.apache.commons.collections4.iterators.UniqueFilterIteratorTest
[INFO] Tests run: 13, Failures: 0, Errors: 0, Skipped: 0, Time elapsed: 0.016 s -- in org.apache.commons.collections4.iterators.UniqueFilterIteratorTest
[INFO] Running org.apache.commons.collections4.iterators.SkippingIteratorTest
[INFO] Tests run: 22, Failures: 0, Errors: 0, Skipped: 0, Time elapsed: 0.028 s -- in org.apache.commons.collections4.iterators.SkippingIteratorTest
[INFO] Running org.apache.commons.collections4.iterators.UnmodifiableListIteratorTest
[INFO] Tests run: 21, Failures: 0, Errors: 0, Skipped: 0, Time elapsed: 0.027 s -- in org.apache.commons.collections4.iterators.UnmodifiableListIteratorTest
[INFO] Running org.apache.commons.collections4.iterators.LoopingListIteratorTest
[INFO] Tests run: 12, Failures: 0, Errors: 0, Skipped: 0, Time elapsed: 0.013 s -- in org.apache.commons.collections4.iterators.LoopingListIteratorTest
[INFO] Running org.apache.commons.collections4.iterators.IteratorChainTest
[INFO] Tests run: 25, Failures: 0, Errors: 0, Skipped: 0, Time elapsed: 0.038 s -- in org.apache.commons.collections4.iterators.IteratorChainTest
[INFO] Running org.apache.commons.collections4.iterators.ReverseListIteratorTest
[INFO] Tests run: 21, Failures: 0, Errors: 0, Skipped: 0, Time elapsed: 0.025 s -- in org.apache.commons.collections4.iterators.ReverseListIteratorTest
[INFO] Running org.apache.commons.collections4.iterators.FilterListIteratorTest
[INFO] Tests run: 15, Failures: 0, Errors: 0, Skipped: 0, Time elapsed: 0.024 s -- in org.apache.commons.collections4.iterators.FilterListIteratorTest
[INFO] Running org.apache.commons.collections4.iterators.LazyIteratorChainTest
[INFO] Tests run: 16, Failures: 0, Errors: 0, Skipped: 0, Time elapsed: 0.021 s -- in org.apache.commons.collections4.iterators.LazyIteratorChainTest
[INFO] Running org.apache.commons.collections4.iterators.ArrayListIteratorTest
[INFO] Tests run: 17, Failures: 0, Errors: 0, Skipped: 0, Time elapsed: 0.018 s -- in org.apache.commons.collections4.iterators.ArrayListIteratorTest
[INFO] Running org.apache.commons.collections4.MultiMapUtilsTest
[INFO] Tests run: 10, Failures: 0, Errors: 0, Skipped: 0, Time elapsed: 0.011 s -- in org.apache.commons.collections4.MultiMapUtilsTest
[INFO] Running org.apache.commons.collections4.trie.UnmodifiableTrieTest
[WARNING] Tests run: 62, Failures: 0, Errors: 0, Skipped: 4, Time elapsed: 0.088 s -- in org.apache.commons.collections4.trie.UnmodifiableTrieTest
[INFO] Running org.apache.commons.collections4.trie.PatriciaTrieTest
[INFO] Tests run: 67, Failures: 0, Errors: 0, Skipped: 0, Time elapsed: 0.106 s -- in org.apache.commons.collections4.trie.PatriciaTrieTest
[INFO] Running org.apache.commons.collections4.trie.PatriciaTrie2Test
[INFO] Tests run: 64, Failures: 0, Errors: 0, Skipped: 0, Time elapsed: 0.106 s -- in org.apache.commons.collections4.trie.PatriciaTrie2Test
[INFO] Running org.apache.commons.collections4.ArrayStackTest
[INFO] Tests run: 62, Failures: 0, Errors: 0, Skipped: 0, Time elapsed: 0.093 s -- in org.apache.commons.collections4.ArrayStackTest
[INFO] 
[INFO] Results:
[INFO] 
[ERROR] Failures: 
[ERROR]   LayeredBloomFilterTest.testExpiration:314 Found filter that should have been deleted: T:2025-12-10T04:22:26.102563800Z (Elapsed:PT-0.296636876S)- EstN:4 (Card:33)
 ==> expected: <true> but was: <false>
[ERROR]   UnmodifiableMapIteratorTest>AbstractIteratorTest.testForEachRemaining:124 expected: <[C, B, A]> but was: <[A, B, C]>
[ERROR]   ArrayListValuedHashMapTest>AbstractMultiValuedMapTest.testToString:1342 expected: <true> but was: <false>
[ERROR]   HashSetValuedHashMapTest>AbstractMultiValuedMapTest.testToString:1342 expected: <true> but was: <false>
[ERROR]   SortedPropertiesTest.testToString:308 expected: <{A=ValueA, B=ValueB, C=ValueC, D=ValueD, E=ValueE, F=ValueF, G=ValueG, H=ValueH, I=ValueI, J=ValueJ, K=ValueK, L=ValueL, M=ValueM, N=ValueN, O=ValueO, P=ValueP, Q=ValueQ, R=ValueR, S=ValueS, T=ValueT, U=ValueU, V=ValueV, W=ValueW, X=ValueX, Y=ValueY, Z=ValueZ}> but was: <{F=ValueF, L=ValueL, T=ValueT, W=ValueW, D=ValueD, Z=ValueZ, E=ValueE, U=ValueU, Y=ValueY, V=ValueV, H=ValueH, P=ValueP, A=ValueA, J=ValueJ, K=ValueK, N=ValueN, S=ValueS, C=ValueC, O=ValueO, Q=ValueQ, R=ValueR, X=ValueX, I=ValueI, M=ValueM, G=ValueG, B=ValueB}>
[INFO] 
[ERROR] Tests run: 8428, Failures: 5, Errors: 0, Skipped: 68
[INFO] 
INFO: Surefire failed when running tests for X9v+1OLw6C3njxrJzAEwq5B79iyVB5yWIAdGnjQgy+c=
[INFO] NonDex SUMMARY:
[INFO] *********
[INFO] mvn nondex:nondex  -DnondexFilter='.*' -DnondexMode=FULL -DnondexSeed=933178 -DnondexStart=0 -DnondexEnd=9223372036854775807 -DnondexPrintstack=false -DnondexDir="/home/pedro_campelo/projects/cin/testesDeValidacaoDeSoftware/flaky-tests-experiments/commons-collections/.nondex" -DnondexJarDir="/home/pedro_campelo/projects/cin/testesDeValidacaoDeSoftware/flaky-tests-experiments/commons-collections/.nondex" -DnondexExecid=npSO52NRv9rykUpZWXnB7PJW4tvTa3FrBp6h71W2kVs= -DnondexLogging=CONFIG
[WARNING] org.apache.commons.collections4.properties.SortedPropertiesTest#testToString
[WARNING] org.apache.commons.collections4.multimap.HashSetValuedHashMapTest#testToString
[WARNING] org.apache.commons.collections4.multimap.TransformedMultiValuedMapTest#testToString
[INFO] *********
[INFO] *********
[INFO] mvn nondex:nondex  -DnondexFilter='.*' -DnondexMode=FULL -DnondexSeed=974622 -DnondexStart=0 -DnondexEnd=9223372036854775807 -DnondexPrintstack=false -DnondexDir="/home/pedro_campelo/projects/cin/testesDeValidacaoDeSoftware/flaky-tests-experiments/commons-collections/.nondex" -DnondexJarDir="/home/pedro_campelo/projects/cin/testesDeValidacaoDeSoftware/flaky-tests-experiments/commons-collections/.nondex" -DnondexExecid=192EwClcTzhU5Xg0iMgegUMPsluLBp7M1EtvLETJ0IY= -DnondexLogging=CONFIG
[WARNING] org.apache.commons.collections4.properties.SortedPropertiesTest#testToString
[WARNING] org.apache.commons.collections4.multimap.HashSetValuedHashMapTest#testToString
[WARNING] org.apache.commons.collections4.multimap.TransformedMultiValuedMapTest#testToString
[WARNING] org.apache.commons.collections4.iterators.UnmodifiableMapIteratorTest#testForEachRemaining
[INFO] *********
[INFO] *********
[INFO] mvn nondex:nondex  -DnondexFilter='.*' -DnondexMode=FULL -DnondexSeed=1016066 -DnondexStart=0 -DnondexEnd=9223372036854775807 -DnondexPrintstack=false -DnondexDir="/home/pedro_campelo/projects/cin/testesDeValidacaoDeSoftware/flaky-tests-experiments/commons-collections/.nondex" -DnondexJarDir="/home/pedro_campelo/projects/cin/testesDeValidacaoDeSoftware/flaky-tests-experiments/commons-collections/.nondex" -DnondexExecid=X9v+1OLw6C3njxrJzAEwq5B79iyVB5yWIAdGnjQgy+c= -DnondexLogging=CONFIG
[WARNING] org.apache.commons.collections4.properties.SortedPropertiesTest#testToString
[WARNING] org.apache.commons.collections4.multimap.HashSetValuedHashMapTest#testToString
[WARNING] org.apache.commons.collections4.multimap.ArrayListValuedHashMapTest#testToString
[WARNING] org.apache.commons.collections4.iterators.UnmodifiableMapIteratorTest#testForEachRemaining
[WARNING] org.apache.commons.collections4.bloomfilter.LayeredBloomFilterTest#testExpiration
[INFO] *********
[INFO] All tests pass without NonDex shuffling
[INFO] ####################
[INFO] Across all seeds:
[INFO] org.apache.commons.collections4.properties.SortedPropertiesTest#testToString
[INFO] org.apache.commons.collections4.multimap.HashSetValuedHashMapTest#testToString
[INFO] org.apache.commons.collections4.multimap.TransformedMultiValuedMapTest#testToString
[INFO] org.apache.commons.collections4.iterators.UnmodifiableMapIteratorTest#testForEachRemaining
[INFO] org.apache.commons.collections4.multimap.ArrayListValuedHashMapTest#testToString
[INFO] org.apache.commons.collections4.bloomfilter.LayeredBloomFilterTest#testExpiration
[INFO] Test results can be found at: 
[INFO] file:///home/pedro_campelo/projects/cin/testesDeValidacaoDeSoftware/flaky-tests-experiments/commons-collections/.nondex/npSO52NRv9rykUpZWXnB7PJW4tvTa3FrBp6h71W2kVs=/test_results.html
[INFO] [NonDex] The id of this run is: npSO52NRv9rykUpZWXnB7PJW4tvTa3FrBp6h71W2kVs=
[INFO] ------------------------------------------------------------------------
[INFO] BUILD FAILURE
[INFO] ------------------------------------------------------------------------
[INFO] Total time:  06:50 min
[INFO] Finished at: 2025-12-10T01:22:57-03:00
[INFO] ------------------------------------------------------------------------
[ERROR] Failed to execute goal edu.illinois:nondex-maven-plugin:2.1.7:nondex (default-cli) on project commons-collections4: Unable to execute mojo: There are test failures.
[ERROR] 
[ERROR] See /home/pedro_campelo/projects/cin/testesDeValidacaoDeSoftware/flaky-tests-experiments/commons-collections/.nondex/npSO52NRv9rykUpZWXnB7PJW4tvTa3FrBp6h71W2kVs= for the individual test results.
[ERROR] See dump files (if any exist) [date].dump, [date]-jvmRun[N].dump and [date].dumpstream.
[ERROR] -> [Help 1]
[ERROR] 
[ERROR] To see the full stack trace of the errors, re-run Maven with the -e switch.
[ERROR] Re-run Maven using the -X switch to enable full debug logging.
[ERROR] 
[ERROR] For more information about the errors and possible solutions, please read the following articles:
[ERROR] [Help 1] http://cwiki.apache.org/confluence/display/MAVEN/MojoExecutionException
