................................s....................................... [  7%]
.....................s..........................................pytest-httpbin server hit an exception serving request: [SSL: UNEXPECTED_MESSAGE] unexpected message (_ssl.c:1000)
attempting to ignore so the rest of the tests can run
..pytest-httpbin server hit an exception serving request: [SSL: UNEXPECTED_EOF_WHILE_READING] EOF occurred in violation of protocol (_ssl.c:1000)
attempting to ignore so the rest of the tests can run
...... [ 14%]
.............................F.............F............s............... [ 21%]
........................................................................ [ 28%]
........................................................................ [ 35%]
.........................................s.............................. [ 42%]
........................................................................ [ 49%]
........................................................................ [ 56%]
........................................................................ [ 63%]
........................................................................ [ 70%]
...............................................................127.0.0.1 - - [10/Dec/2025 00:38:27] "GET /bytes/1024?seed=1 HTTP/1.1" 200 1024
......... [ 77%]
..................x.x...................x............................... [ 84%]
...................................................s.................... [ 91%]
.....x.................................................................. [ 98%]
....................                                                     [100%]
=================================== FAILURES ===================================
_ test_terminal_output_request_charset_detection[big5-\u5377\u9996\u5377\u9996\u5377\u9996\u5377\u9996\u5377\u5377\u9996\u5377\u9996\u5377\u9996\u5377\u9996\u5377\u9996\u5377\u9996\u5377\u9996\u5377\u9996\u5377\u9996\u5377\u9996\u5377\u9996\u5377\u9996\u5377\u9996] _

charset = 'big5', text = '卷首卷首卷首卷首卷卷首卷首卷首卷首卷首卷首卷首卷首卷首卷首卷首卷首卷首'

    @pytest.mark.parametrize('charset, text', CHARSET_TEXT_PAIRS)
    def test_terminal_output_request_charset_detection(charset, text):
        r = http(
            '--offline',
            DUMMY_URL,
            'Content-Type: text/plain',
            env=MockEnvironment(
                stdin=text.encode(charset),
                stdin_isatty=False,
            ),
        )
>       assert text in r
E       AssertionError: assert '卷首卷首卷首卷首卷卷首卷首卷首卷首卷首卷首卷首卷首卷首卷首卷首卷首卷首' in 'POST / HTTP/1.1\r\nAccept: application/json, */*;q=0.5\r\nAccept-Encoding: gzip, deflate, br\r\nConnection: keep-aliv...xt/plain\r\nHost: this-should.never-resolve\r\nUser-Agent: HTTPie/3.2.4\r\n\r\n뻥솤뻥솤뻥솤뻥솤뻥뻥솤뻥솤뻥솤뻥솤뻥솤뻥솤뻥솤뻥솤뻥솤뻥솤뻥솤뻥솤뻥솤\n\n'

tests/test_encoding.py:222: AssertionError
_ test_terminal_output_response_charset_detection[big5-\u5377\u9996\u5377\u9996\u5377\u9996\u5377\u9996\u5377\u5377\u9996\u5377\u9996\u5377\u9996\u5377\u9996\u5377\u9996\u5377\u9996\u5377\u9996\u5377\u9996\u5377\u9996\u5377\u9996\u5377\u9996\u5377\u9996\u5377\u9996] _

text = '卷首卷首卷首卷首卷卷首卷首卷首卷首卷首卷首卷首卷首卷首卷首卷首卷首卷首', charset = 'big5'

    @pytest.mark.parametrize('charset, text', CHARSET_TEXT_PAIRS)
    @responses.activate
    def test_terminal_output_response_charset_detection(text, charset):
        responses.add(
            method=responses.POST,
            url=DUMMY_URL,
            body=text.encode(charset),
            content_type='text/plain',
        )
        r = http('--form', 'POST', DUMMY_URL)
>       assert text in r
E       AssertionError: assert '卷首卷首卷首卷首卷卷首卷首卷首卷首卷首卷首卷首卷首卷首卷首卷首卷首卷首' in 'HTTP/1.1 200 OK\r\nContent-Type: text/plain\r\n\r\n뻥솤뻥솤뻥솤뻥솤뻥뻥솤뻥솤뻥솤뻥솤뻥솤뻥솤뻥솤뻥솤뻥솤뻥솤뻥솤뻥솤뻥솤\n\n'

tests/test_encoding.py:147: AssertionError
=============================== warnings summary ===============================
tests/test_compress.py: 1 warning
tests/test_httpie.py: 2 warnings
tests/test_offline.py: 1 warning
tests/test_uploads.py: 8 warnings
  /home/pedro_campelo/projects/cin/testesDeValidacaoDeSoftware/flaky-tests-experiments/httpie/httpie/cli/argparser.py:159: ResourceWarning: unclosed file <_io.BufferedReader name='/home/pedro_campelo/projects/cin/testesDeValidacaoDeSoftware/flaky-tests-experiments/httpie/tests/fixtures/test.txt'>
    self.args, no_options = super().parse_known_args(args, namespace)
  Enable tracemalloc to get traceback where the object was allocated.
  See https://docs.pytest.org/en/stable/how-to/capture-warnings.html#resource-warnings for more info.

tests/test_compress.py::test_compress_stdin[http]
tests/test_defaults.py::TestAutoContentTypeAndAcceptHeaders::test_GET_with_data_auto_JSON_headers
tests/test_defaults.py::TestAutoContentTypeAndAcceptHeaders::test_GET_with_data_auto_JSON_headers
tests/test_defaults.py::TestAutoContentTypeAndAcceptHeaders::test_GET_with_data_auto_JSON_headers
tests/test_sessions.py::TestSession::test_auth_plugin_prompt_password_in_session
  /usr/lib/python3.12/collections/__init__.py:449: ResourceWarning: unclosed file <_io.BufferedReader name='/home/pedro_campelo/projects/cin/testesDeValidacaoDeSoftware/flaky-tests-experiments/httpie/tests/fixtures/test.txt'>
    result = tuple_new(cls, iterable)
  Enable tracemalloc to get traceback where the object was allocated.
  See https://docs.pytest.org/en/stable/how-to/capture-warnings.html#resource-warnings for more info.

tests/test_ssl.py::TestServerCert::test_verify_no_OK
tests/test_ssl.py::TestServerCert::test_verify_false_OK[fALse]
tests/test_ssl.py::TestServerCert::test_verify_false_OK[false]
  /home/pedro_campelo/projects/cin/testesDeValidacaoDeSoftware/flaky-tests-comparative-study/.venv-httpie/lib/python3.12/site-packages/urllib3/connectionpool.py:1097: InsecureRequestWarning: Unverified HTTPS request is being made to host '127.0.0.1'. Adding certificate verification is strongly advised. See: https://urllib3.readthedocs.io/en/latest/advanced-usage.html#tls-warnings
    warnings.warn(

tests/test_ssl.py::test_ssl_version[tls1]
tests/test_ssl.py::test_ssl_version[tls1.1]
tests/test_ssl.py::test_ssl_version[tls1.2]
  /home/pedro_campelo/projects/cin/testesDeValidacaoDeSoftware/flaky-tests-experiments/httpie/httpie/ssl_.py:76: DeprecationWarning: 'ssl_version' option is deprecated and will be removed in urllib3 v2.6.0. Instead use 'ssl_minimum_version'
    ssl_context = create_urllib3_context(

tests/test_ssl.py::test_ssl_version[tls1]
  /home/pedro_campelo/projects/cin/testesDeValidacaoDeSoftware/flaky-tests-comparative-study/.venv-httpie/lib/python3.12/site-packages/urllib3/util/ssl_.py:301: DeprecationWarning: ssl.TLSVersion.TLSv1 is deprecated
    context.minimum_version = ssl_minimum_version

tests/test_ssl.py::test_ssl_version[tls1]
  /home/pedro_campelo/projects/cin/testesDeValidacaoDeSoftware/flaky-tests-comparative-study/.venv-httpie/lib/python3.12/site-packages/urllib3/util/ssl_.py:306: DeprecationWarning: ssl.TLSVersion.TLSv1 is deprecated
    context.maximum_version = ssl_maximum_version

tests/test_ssl.py::test_ssl_version[tls1.1]
  /home/pedro_campelo/projects/cin/testesDeValidacaoDeSoftware/flaky-tests-comparative-study/.venv-httpie/lib/python3.12/site-packages/urllib3/util/ssl_.py:301: DeprecationWarning: ssl.TLSVersion.TLSv1_1 is deprecated
    context.minimum_version = ssl_minimum_version

tests/test_ssl.py::test_ssl_version[tls1.1]
  /home/pedro_campelo/projects/cin/testesDeValidacaoDeSoftware/flaky-tests-comparative-study/.venv-httpie/lib/python3.12/site-packages/urllib3/util/ssl_.py:306: DeprecationWarning: ssl.TLSVersion.TLSv1_1 is deprecated
    context.maximum_version = ssl_maximum_version

tests/test_encoding.py: 12 warnings
tests/test_stream.py: 8 warnings
  /home/pedro_campelo/projects/cin/testesDeValidacaoDeSoftware/flaky-tests-comparative-study/.venv-httpie/lib/python3.12/site-packages/responses/__init__.py:609: DeprecationWarning: stream argument is deprecated. Use stream parameter in request directly
    warn(

tests/test_downloads.py::TestDownloads::test_download_with_redirect_original_url_used_for_filename
  /home/pedro_campelo/projects/cin/testesDeValidacaoDeSoftware/flaky-tests-experiments/httpie/httpie/core.py:100: ResourceWarning: unclosed file <_io.FileIO name='1.json' mode='ab+' closefd=True>
    exit_status = main_program(
  Enable tracemalloc to get traceback where the object was allocated.
  See https://docs.pytest.org/en/stable/how-to/capture-warnings.html#resource-warnings for more info.

tests/test_cookie_on_redirects.py::test_server_set_cookie_on_redirect_different_domain[True]
  /home/pedro_campelo/projects/cin/testesDeValidacaoDeSoftware/flaky-tests-comparative-study/.venv-httpie/lib/python3.12/site-packages/_pytest/fixtures.py:924: ResourceWarning: unclosed <socket.socket fd=12, family=2, type=1, proto=0, laddr=('127.0.0.1', 38477)>
    next(it)
  Enable tracemalloc to get traceback where the object was allocated.
  See https://docs.pytest.org/en/stable/how-to/capture-warnings.html#resource-warnings for more info.

tests/test_cookie_on_redirects.py::test_server_set_cookie_on_redirect_different_domain[False]
  /home/pedro_campelo/projects/cin/testesDeValidacaoDeSoftware/flaky-tests-comparative-study/.venv-httpie/lib/python3.12/site-packages/_pytest/fixtures.py:924: ResourceWarning: unclosed <socket.socket fd=12, family=2, type=1, proto=0, laddr=('127.0.0.1', 33363)>
    next(it)
  Enable tracemalloc to get traceback where the object was allocated.
  See https://docs.pytest.org/en/stable/how-to/capture-warnings.html#resource-warnings for more info.

tests/test_update_warnings.py::test_daemon_runner
  /home/pedro_campelo/projects/cin/testesDeValidacaoDeSoftware/flaky-tests-experiments/httpie/httpie/internal/daemons.py:67: DeprecationWarning: This process (pid=201321) is multi-threaded, use of fork() may lead to deadlocks in the child.
    pid = os.fork()

tests/test_httpie.py::test_response_headers_multiple_representation[format]
  /home/pedro_campelo/projects/cin/testesDeValidacaoDeSoftware/flaky-tests-comparative-study/.venv-httpie/lib/python3.12/site-packages/_pytest/fixtures.py:924: ResourceWarning: unclosed <socket.socket fd=15, family=2, type=1, proto=0, laddr=('127.0.0.1', 44729)>
    next(it)
  Enable tracemalloc to get traceback where the object was allocated.
  See https://docs.pytest.org/en/stable/how-to/capture-warnings.html#resource-warnings for more info.

tests/test_httpie.py::test_response_headers_multiple_representation[none]
  /home/pedro_campelo/projects/cin/testesDeValidacaoDeSoftware/flaky-tests-comparative-study/.venv-httpie/lib/python3.12/site-packages/_pytest/fixtures.py:924: ResourceWarning: unclosed <socket.socket fd=15, family=2, type=1, proto=0, laddr=('127.0.0.1', 36929)>
    next(it)
  Enable tracemalloc to get traceback where the object was allocated.
  See https://docs.pytest.org/en/stable/how-to/capture-warnings.html#resource-warnings for more info.

tests/test_httpie.py::test_response_headers_multiple_repeated
  /home/pedro_campelo/projects/cin/testesDeValidacaoDeSoftware/flaky-tests-comparative-study/.venv-httpie/lib/python3.12/site-packages/_pytest/fixtures.py:924: ResourceWarning: unclosed <socket.socket fd=15, family=2, type=1, proto=0, laddr=('127.0.0.1', 44375)>
    next(it)
  Enable tracemalloc to get traceback where the object was allocated.
  See https://docs.pytest.org/en/stable/how-to/capture-warnings.html#resource-warnings for more info.

tests/test_httpie.py::test_response_headers_multiple
  /home/pedro_campelo/projects/cin/testesDeValidacaoDeSoftware/flaky-tests-comparative-study/.venv-httpie/lib/python3.12/site-packages/_pytest/fixtures.py:924: ResourceWarning: unclosed <socket.socket fd=15, family=2, type=1, proto=0, laddr=('127.0.0.1', 43407)>
    next(it)
  Enable tracemalloc to get traceback where the object was allocated.
  See https://docs.pytest.org/en/stable/how-to/capture-warnings.html#resource-warnings for more info.

tests/test_cookie.py::TestIntegration::test_cookie_parser
  /home/pedro_campelo/projects/cin/testesDeValidacaoDeSoftware/flaky-tests-experiments/httpie/tests/test_cookie.py:19: DeprecationWarning: setDaemon() is deprecated, set the daemon attribute instead
    self.mock_server_thread.setDaemon(True)

tests/test_json.py::test_duplicate_keys_support_from_input_file
tests/test_json.py::test_nested_json_errors[input_json11-HTTPie Syntax Error: Expecting '['\nfoo[bar][1]something[]\n           ^^^^^^^^^]
  /home/pedro_campelo/projects/cin/testesDeValidacaoDeSoftware/flaky-tests-experiments/httpie/httpie/cli/argparser.py:159: ResourceWarning: unclosed file <_io.BufferedReader name='/home/pedro_campelo/projects/cin/testesDeValidacaoDeSoftware/flaky-tests-experiments/httpie/tests/fixtures/test_with_dupe_keys.json'>
    self.args, no_options = super().parse_known_args(args, namespace)
  Enable tracemalloc to get traceback where the object was allocated.
  See https://docs.pytest.org/en/stable/how-to/capture-warnings.html#resource-warnings for more info.

tests/test_binary.py::TestBinaryRequestData::test_binary_file_path
  /home/pedro_campelo/projects/cin/testesDeValidacaoDeSoftware/flaky-tests-experiments/httpie/httpie/cli/argparser.py:159: ResourceWarning: unclosed file <_io.BufferedReader name='/home/pedro_campelo/projects/cin/testesDeValidacaoDeSoftware/flaky-tests-experiments/httpie/tests/fixtures/test.bin'>
    self.args, no_options = super().parse_known_args(args, namespace)
  Enable tracemalloc to get traceback where the object was allocated.
  See https://docs.pytest.org/en/stable/how-to/capture-warnings.html#resource-warnings for more info.

tests/test_output.py::TestQuietFlag::test_quiet_with_explicit_output_options[-v-quiet_flags0]
tests/test_output.py::TestQuietFlag::test_quiet[quiet_flags3]
tests/test_output.py::TestQuietFlag::test_quiet_with_output_redirection[False-quiet_flags2]
tests/test_output.py::TestQuietFlag::test_quiet[quiet_flags0]
tests/test_output.py::TestQuietFlag::test_quiet_with_explicit_output_options[-p=hH-quiet_flags3]
tests/test_output.py::TestQuietFlag::test_quiet_with_explicit_output_options[-b-quiet_flags1]
tests/test_output.py::TestQuietFlag::test_quiet_with_explicit_output_options[-p=hH-quiet_flags0]
tests/test_output.py::TestQuietFlag::test_quiet_with_explicit_output_options[-b-quiet_flags2]
tests/test_output.py::TestVerboseFlag::test_verbose_json
  /home/pedro_campelo/projects/cin/testesDeValidacaoDeSoftware/flaky-tests-experiments/httpie/httpie/cli/argparser.py:157: ResourceWarning: unclosed file <_io.TextIOWrapper name=27 mode='w+t' encoding='utf-8'>
    self.env = env
  Enable tracemalloc to get traceback where the object was allocated.
  See https://docs.pytest.org/en/stable/how-to/capture-warnings.html#resource-warnings for more info.

tests/test_output.py::TestQuietFlag::test_quiet_with_explicit_output_options[-v-quiet_flags1]
tests/test_output.py::TestQuietFlag::test_quiet_with_explicit_output_options[-h-quiet_flags2]
tests/test_output.py::TestQuietFlag::test_quiet[quiet_flags2]
  /home/pedro_campelo/projects/cin/testesDeValidacaoDeSoftware/flaky-tests-experiments/httpie/httpie/cli/argparser.py:157: ResourceWarning: unclosed file <_io.TextIOWrapper name=30 mode='w+t' encoding='utf-8'>
    self.env = env
  Enable tracemalloc to get traceback where the object was allocated.
  See https://docs.pytest.org/en/stable/how-to/capture-warnings.html#resource-warnings for more info.

tests/test_output.py::TestQuietFlag::test_quiet_quiet_with_check_status_non_zero
tests/test_output.py::TestQuietFlag::test_quiet_with_explicit_output_options[-h-quiet_flags0]
tests/test_output.py::TestQuietFlag::test_quiet[quiet_flags1]
  /home/pedro_campelo/projects/cin/testesDeValidacaoDeSoftware/flaky-tests-experiments/httpie/httpie/cli/argparser.py:157: ResourceWarning: unclosed file <_io.TextIOWrapper name=31 mode='w+t' encoding='utf-8'>
    self.env = env
  Enable tracemalloc to get traceback where the object was allocated.
  See https://docs.pytest.org/en/stable/how-to/capture-warnings.html#resource-warnings for more info.

tests/test_output.py::TestQuietFlag::test_quiet_with_password_prompt[quiet_flags0]
tests/test_output.py::TestQuietFlag::test_quiet_with_password_prompt[quiet_flags3]
tests/test_output.py::TestQuietFlag::test_quiet_with_output_redirection[False-quiet_flags0]
tests/test_output.py::TestQuietFlag::test_quiet_with_explicit_output_options[-h-quiet_flags1]
tests/test_output.py::TestQuietFlag::test_quiet_with_explicit_output_options[-b-quiet_flags0]
  /home/pedro_campelo/projects/cin/testesDeValidacaoDeSoftware/flaky-tests-experiments/httpie/httpie/cli/argparser.py:157: ResourceWarning: unclosed file <_io.TextIOWrapper name=32 mode='w+t' encoding='utf-8'>
    self.env = env
  Enable tracemalloc to get traceback where the object was allocated.
  See https://docs.pytest.org/en/stable/how-to/capture-warnings.html#resource-warnings for more info.

tests/test_output.py::TestQuietFlag::test_quiet_with_explicit_output_options[-v-quiet_flags3]
tests/test_output.py::TestQuietFlag::test_quiet_with_explicit_output_options[-v-quiet_flags2]
tests/test_output.py::TestQuietFlag::test_quiet_with_output_redirection[False-quiet_flags1]
tests/test_output.py::TestQuietFlag::test_quiet_with_output_redirection[True-quiet_flags3]
tests/test_output.py::TestQuietFlag::test_quiet_with_explicit_output_options[-p=hH-quiet_flags2]
  /home/pedro_campelo/projects/cin/testesDeValidacaoDeSoftware/flaky-tests-experiments/httpie/httpie/cli/argparser.py:157: ResourceWarning: unclosed file <_io.TextIOWrapper name=33 mode='w+t' encoding='utf-8'>
    self.env = env
  Enable tracemalloc to get traceback where the object was allocated.
  See https://docs.pytest.org/en/stable/how-to/capture-warnings.html#resource-warnings for more info.

tests/test_output.py::TestQuietFlag::test_quiet_with_password_prompt[quiet_flags2]
tests/test_output.py::TestQuietFlag::test_quiet_quiet_with_check_status_non_zero_pipe
tests/test_output.py::TestQuietFlag::test_quiet_with_explicit_output_options[-h-quiet_flags3]
  /home/pedro_campelo/projects/cin/testesDeValidacaoDeSoftware/flaky-tests-experiments/httpie/httpie/cli/argparser.py:157: ResourceWarning: unclosed file <_io.TextIOWrapper name=28 mode='w+t' encoding='utf-8'>
    self.env = env
  Enable tracemalloc to get traceback where the object was allocated.
  See https://docs.pytest.org/en/stable/how-to/capture-warnings.html#resource-warnings for more info.

tests/test_output.py::TestQuietFlag::test_quiet_with_check_status_non_zero
tests/test_output.py::TestQuietFlag::test_quiet_with_output_redirection[True-quiet_flags2]
tests/test_output.py::TestQuietFlag::test_quiet_with_output_redirection[True-quiet_flags0]
tests/test_output.py::TestQuietFlag::test_quiet_with_check_status_non_zero_pipe
  /home/pedro_campelo/projects/cin/testesDeValidacaoDeSoftware/flaky-tests-experiments/httpie/httpie/cli/argparser.py:157: ResourceWarning: unclosed file <_io.TextIOWrapper name=34 mode='w+t' encoding='utf-8'>
    self.env = env
  Enable tracemalloc to get traceback where the object was allocated.
  See https://docs.pytest.org/en/stable/how-to/capture-warnings.html#resource-warnings for more info.

tests/test_output.py::TestQuietFlag::test_quiet_on_python_warnings[flags2-0]
  /usr/lib/python3.12/ast.py:52: ResourceWarning: unclosed file <_io.BufferedReader name='/home/pedro_campelo/projects/cin/testesDeValidacaoDeSoftware/flaky-tests-experiments/httpie/tests/fixtures/test.bin'>
    return compile(source, filename, mode, flags,
  Enable tracemalloc to get traceback where the object was allocated.
  See https://docs.pytest.org/en/stable/how-to/capture-warnings.html#resource-warnings for more info.

tests/test_output.py::TestQuietFlag::test_quiet_on_python_warnings[flags2-0]
  /usr/lib/python3.12/ast.py:52: ResourceWarning: unclosed file <_io.TextIOWrapper name='/tmp/httpie_stderrow38gy9m' mode='w+t' encoding='utf-8'>
    return compile(source, filename, mode, flags,
  Enable tracemalloc to get traceback where the object was allocated.
  See https://docs.pytest.org/en/stable/how-to/capture-warnings.html#resource-warnings for more info.

tests/test_output.py::TestQuietFlag::test_quiet_on_python_warnings[flags2-0]
  /usr/lib/python3.12/ast.py:52: ResourceWarning: unclosed file <_io.TextIOWrapper name='/tmp/httpie_stderrenbs96yw' mode='w+t' encoding='utf-8'>
    return compile(source, filename, mode, flags,
  Enable tracemalloc to get traceback where the object was allocated.
  See https://docs.pytest.org/en/stable/how-to/capture-warnings.html#resource-warnings for more info.

tests/test_output.py::TestQuietFlag::test_quiet_on_python_warnings[flags2-0]
  /usr/lib/python3.12/ast.py:52: ResourceWarning: unclosed file <_io.TextIOWrapper name='/tmp/httpie_stderro_2u9fw7' mode='w+t' encoding='utf-8'>
    return compile(source, filename, mode, flags,
  Enable tracemalloc to get traceback where the object was allocated.
  See https://docs.pytest.org/en/stable/how-to/capture-warnings.html#resource-warnings for more info.

tests/test_output.py::TestQuietFlag::test_quiet_on_python_warnings[flags2-0]
  /usr/lib/python3.12/ast.py:52: ResourceWarning: unclosed file <_io.FileIO name='/tmp/httpie_stderrdwvtcwq9' mode='rb+' closefd=True>
    return compile(source, filename, mode, flags,
  Enable tracemalloc to get traceback where the object was allocated.
  See https://docs.pytest.org/en/stable/how-to/capture-warnings.html#resource-warnings for more info.

tests/test_output.py::TestQuietFlag::test_quiet_with_output_redirection[False-quiet_flags3]
  /home/pedro_campelo/projects/cin/testesDeValidacaoDeSoftware/flaky-tests-experiments/httpie/httpie/cli/argparser.py:157: ResourceWarning: unclosed file <_io.TextIOWrapper name=29 mode='w+t' encoding='utf-8'>
    self.env = env
  Enable tracemalloc to get traceback where the object was allocated.
  See https://docs.pytest.org/en/stable/how-to/capture-warnings.html#resource-warnings for more info.

tests/test_output.py::TestQuietFlag::test_quiet_with_explicit_output_options[-b-quiet_flags3]
tests/test_output.py::TestQuietFlag::test_double_quiet_on_error
tests/test_output.py::TestQuietFlag::test_quiet_with_output_redirection[True-quiet_flags1]
  /home/pedro_campelo/projects/cin/testesDeValidacaoDeSoftware/flaky-tests-experiments/httpie/httpie/cli/argparser.py:157: ResourceWarning: unclosed file <_io.TextIOWrapper name=35 mode='w+t' encoding='utf-8'>
    self.env = env
  Enable tracemalloc to get traceback where the object was allocated.
  See https://docs.pytest.org/en/stable/how-to/capture-warnings.html#resource-warnings for more info.

tests/test_output.py::TestQuietFlag::test_quiet_with_explicit_output_options[-b-quiet_flags2]
  /usr/lib/python3.12/collections/__init__.py:458: ResourceWarning: unclosed file <_io.TextIOWrapper name=36 mode='w+t' encoding='utf-8'>
    result = self._make(_map(kwds.pop, field_names, self))
  Enable tracemalloc to get traceback where the object was allocated.
  See https://docs.pytest.org/en/stable/how-to/capture-warnings.html#resource-warnings for more info.

tests/test_output.py::TestQuietFlag::test_quiet_with_explicit_output_options[-b-quiet_flags2]
  /usr/lib/python3.12/collections/__init__.py:458: ResourceWarning: unclosed file <_io.TextIOWrapper name='/tmp/httpie_stderre0megttv' mode='w+t' encoding='utf-8'>
    result = self._make(_map(kwds.pop, field_names, self))
  Enable tracemalloc to get traceback where the object was allocated.
  See https://docs.pytest.org/en/stable/how-to/capture-warnings.html#resource-warnings for more info.

tests/test_output.py::TestQuietFlag::test_quiet_with_explicit_output_options[-b-quiet_flags2]
  /usr/lib/python3.12/collections/__init__.py:458: ResourceWarning: unclosed file <_io.FileIO name='/tmp/httpie_stderrghl_lb3f' mode='rb+' closefd=True>
    result = self._make(_map(kwds.pop, field_names, self))
  Enable tracemalloc to get traceback where the object was allocated.
  See https://docs.pytest.org/en/stable/how-to/capture-warnings.html#resource-warnings for more info.

tests/test_output.py::test_ensure_status_code_is_shown_on_all_themes[ OK-solarized]
  /home/pedro_campelo/projects/cin/testesDeValidacaoDeSoftware/flaky-tests-comparative-study/.venv-httpie/lib/python3.12/site-packages/_pytest/fixtures.py:924: ResourceWarning: unclosed <socket.socket fd=27, family=2, type=1, proto=0, laddr=('127.0.0.1', 37537)>
    next(it)
  Enable tracemalloc to get traceback where the object was allocated.
  See https://docs.pytest.org/en/stable/how-to/capture-warnings.html#resource-warnings for more info.

tests/test_output.py::test_ensure_status_code_is_shown_on_all_themes[ OK-auto]
  /home/pedro_campelo/projects/cin/testesDeValidacaoDeSoftware/flaky-tests-comparative-study/.venv-httpie/lib/python3.12/site-packages/_pytest/fixtures.py:924: ResourceWarning: unclosed <socket.socket fd=27, family=2, type=1, proto=0, laddr=('127.0.0.1', 42921)>
    next(it)
  Enable tracemalloc to get traceback where the object was allocated.
  See https://docs.pytest.org/en/stable/how-to/capture-warnings.html#resource-warnings for more info.

tests/test_output.py::test_ensure_status_code_is_shown_on_all_themes[ CUSTOM -solarized]
  /home/pedro_campelo/projects/cin/testesDeValidacaoDeSoftware/flaky-tests-comparative-study/.venv-httpie/lib/python3.12/site-packages/_pytest/fixtures.py:924: ResourceWarning: unclosed <socket.socket fd=27, family=2, type=1, proto=0, laddr=('127.0.0.1', 45751)>
    next(it)
  Enable tracemalloc to get traceback where the object was allocated.
  See https://docs.pytest.org/en/stable/how-to/capture-warnings.html#resource-warnings for more info.

tests/test_output.py::test_ensure_status_code_is_shown_on_all_themes[-solarized]
  /home/pedro_campelo/projects/cin/testesDeValidacaoDeSoftware/flaky-tests-comparative-study/.venv-httpie/lib/python3.12/site-packages/_pytest/fixtures.py:924: ResourceWarning: unclosed <socket.socket fd=27, family=2, type=1, proto=0, laddr=('127.0.0.1', 33315)>
    next(it)
  Enable tracemalloc to get traceback where the object was allocated.
  See https://docs.pytest.org/en/stable/how-to/capture-warnings.html#resource-warnings for more info.

tests/test_output.py::test_ensure_status_code_is_shown_on_all_themes[ OK -auto]
  /home/pedro_campelo/projects/cin/testesDeValidacaoDeSoftware/flaky-tests-comparative-study/.venv-httpie/lib/python3.12/site-packages/_pytest/fixtures.py:924: ResourceWarning: unclosed <socket.socket fd=27, family=2, type=1, proto=0, laddr=('127.0.0.1', 39345)>
    next(it)
  Enable tracemalloc to get traceback where the object was allocated.
  See https://docs.pytest.org/en/stable/how-to/capture-warnings.html#resource-warnings for more info.

tests/test_output.py::test_ensure_status_code_is_shown_on_all_themes[-pie]
  /home/pedro_campelo/projects/cin/testesDeValidacaoDeSoftware/flaky-tests-comparative-study/.venv-httpie/lib/python3.12/site-packages/_pytest/fixtures.py:924: ResourceWarning: unclosed <socket.socket fd=27, family=2, type=1, proto=0, laddr=('127.0.0.1', 38925)>
    next(it)
  Enable tracemalloc to get traceback where the object was allocated.
  See https://docs.pytest.org/en/stable/how-to/capture-warnings.html#resource-warnings for more info.

tests/test_output.py::test_ensure_status_code_is_shown_on_all_themes[ CUSTOM -pie]
  /home/pedro_campelo/projects/cin/testesDeValidacaoDeSoftware/flaky-tests-comparative-study/.venv-httpie/lib/python3.12/site-packages/_pytest/fixtures.py:924: ResourceWarning: unclosed <socket.socket fd=27, family=2, type=1, proto=0, laddr=('127.0.0.1', 42413)>
    next(it)
  Enable tracemalloc to get traceback where the object was allocated.
  See https://docs.pytest.org/en/stable/how-to/capture-warnings.html#resource-warnings for more info.

tests/test_output.py::test_ensure_status_code_is_shown_on_all_themes[ -solarized]
  /home/pedro_campelo/projects/cin/testesDeValidacaoDeSoftware/flaky-tests-comparative-study/.venv-httpie/lib/python3.12/site-packages/_pytest/fixtures.py:924: ResourceWarning: unclosed <socket.socket fd=27, family=2, type=1, proto=0, laddr=('127.0.0.1', 37847)>
    next(it)
  Enable tracemalloc to get traceback where the object was allocated.
  See https://docs.pytest.org/en/stable/how-to/capture-warnings.html#resource-warnings for more info.

tests/test_output.py::test_ensure_status_code_is_shown_on_all_themes[ OK -solarized]
  /home/pedro_campelo/projects/cin/testesDeValidacaoDeSoftware/flaky-tests-comparative-study/.venv-httpie/lib/python3.12/site-packages/_pytest/fixtures.py:924: ResourceWarning: unclosed <socket.socket fd=27, family=2, type=1, proto=0, laddr=('127.0.0.1', 44549)>
    next(it)
  Enable tracemalloc to get traceback where the object was allocated.
  See https://docs.pytest.org/en/stable/how-to/capture-warnings.html#resource-warnings for more info.

tests/test_output.py::test_ensure_status_code_is_shown_on_all_themes[ CUSTOM -auto]
  /home/pedro_campelo/projects/cin/testesDeValidacaoDeSoftware/flaky-tests-comparative-study/.venv-httpie/lib/python3.12/site-packages/_pytest/fixtures.py:924: ResourceWarning: unclosed <socket.socket fd=27, family=2, type=1, proto=0, laddr=('127.0.0.1', 34471)>
    next(it)
  Enable tracemalloc to get traceback where the object was allocated.
  See https://docs.pytest.org/en/stable/how-to/capture-warnings.html#resource-warnings for more info.

tests/test_output.py::test_ensure_status_code_is_shown_on_all_themes[ -pie]
  /home/pedro_campelo/projects/cin/testesDeValidacaoDeSoftware/flaky-tests-comparative-study/.venv-httpie/lib/python3.12/site-packages/_pytest/fixtures.py:924: ResourceWarning: unclosed <socket.socket fd=27, family=2, type=1, proto=0, laddr=('127.0.0.1', 38429)>
    next(it)
  Enable tracemalloc to get traceback where the object was allocated.
  See https://docs.pytest.org/en/stable/how-to/capture-warnings.html#resource-warnings for more info.

tests/test_output.py::test_ensure_status_code_is_shown_on_all_themes[-auto]
  /home/pedro_campelo/projects/cin/testesDeValidacaoDeSoftware/flaky-tests-comparative-study/.venv-httpie/lib/python3.12/site-packages/_pytest/fixtures.py:924: ResourceWarning: unclosed <socket.socket fd=27, family=2, type=1, proto=0, laddr=('127.0.0.1', 45987)>
    next(it)
  Enable tracemalloc to get traceback where the object was allocated.
  See https://docs.pytest.org/en/stable/how-to/capture-warnings.html#resource-warnings for more info.

tests/test_output.py::test_ensure_status_code_is_shown_on_all_themes[ -pie-dark]
  /home/pedro_campelo/projects/cin/testesDeValidacaoDeSoftware/flaky-tests-comparative-study/.venv-httpie/lib/python3.12/site-packages/_pytest/fixtures.py:924: ResourceWarning: unclosed <socket.socket fd=27, family=2, type=1, proto=0, laddr=('127.0.0.1', 41985)>
    next(it)
  Enable tracemalloc to get traceback where the object was allocated.
  See https://docs.pytest.org/en/stable/how-to/capture-warnings.html#resource-warnings for more info.

tests/test_output.py::test_ensure_status_code_is_shown_on_all_themes[ OK-pie-dark]
  /home/pedro_campelo/projects/cin/testesDeValidacaoDeSoftware/flaky-tests-comparative-study/.venv-httpie/lib/python3.12/site-packages/_pytest/fixtures.py:924: ResourceWarning: unclosed <socket.socket fd=27, family=2, type=1, proto=0, laddr=('127.0.0.1', 33021)>
    next(it)
  Enable tracemalloc to get traceback where the object was allocated.
  See https://docs.pytest.org/en/stable/how-to/capture-warnings.html#resource-warnings for more info.

tests/test_output.py::test_ensure_status_code_is_shown_on_all_themes[ OK -pie-dark]
  /home/pedro_campelo/projects/cin/testesDeValidacaoDeSoftware/flaky-tests-comparative-study/.venv-httpie/lib/python3.12/site-packages/_pytest/fixtures.py:924: ResourceWarning: unclosed <socket.socket fd=27, family=2, type=1, proto=0, laddr=('127.0.0.1', 41167)>
    next(it)
  Enable tracemalloc to get traceback where the object was allocated.
  See https://docs.pytest.org/en/stable/how-to/capture-warnings.html#resource-warnings for more info.

tests/test_output.py::test_ensure_status_code_is_shown_on_all_themes[ CUSTOM -pie-dark]
  /home/pedro_campelo/projects/cin/testesDeValidacaoDeSoftware/flaky-tests-comparative-study/.venv-httpie/lib/python3.12/site-packages/_pytest/fixtures.py:924: ResourceWarning: unclosed <socket.socket fd=27, family=2, type=1, proto=0, laddr=('127.0.0.1', 33635)>
    next(it)
  Enable tracemalloc to get traceback where the object was allocated.
  See https://docs.pytest.org/en/stable/how-to/capture-warnings.html#resource-warnings for more info.

tests/test_output.py::test_ensure_status_code_is_shown_on_all_themes[-pie-light]
  /home/pedro_campelo/projects/cin/testesDeValidacaoDeSoftware/flaky-tests-comparative-study/.venv-httpie/lib/python3.12/site-packages/_pytest/fixtures.py:924: ResourceWarning: unclosed <socket.socket fd=27, family=2, type=1, proto=0, laddr=('127.0.0.1', 41919)>
    next(it)
  Enable tracemalloc to get traceback where the object was allocated.
  See https://docs.pytest.org/en/stable/how-to/capture-warnings.html#resource-warnings for more info.

tests/test_output.py::test_ensure_status_code_is_shown_on_all_themes[ OK-pie]
  /home/pedro_campelo/projects/cin/testesDeValidacaoDeSoftware/flaky-tests-comparative-study/.venv-httpie/lib/python3.12/site-packages/_pytest/fixtures.py:924: ResourceWarning: unclosed <socket.socket fd=27, family=2, type=1, proto=0, laddr=('127.0.0.1', 45163)>
    next(it)
  Enable tracemalloc to get traceback where the object was allocated.
  See https://docs.pytest.org/en/stable/how-to/capture-warnings.html#resource-warnings for more info.

tests/test_output.py::test_ensure_status_code_is_shown_on_all_themes[ CUSTOM -pie-light]
  /home/pedro_campelo/projects/cin/testesDeValidacaoDeSoftware/flaky-tests-comparative-study/.venv-httpie/lib/python3.12/site-packages/_pytest/fixtures.py:924: ResourceWarning: unclosed <socket.socket fd=27, family=2, type=1, proto=0, laddr=('127.0.0.1', 46467)>
    next(it)
  Enable tracemalloc to get traceback where the object was allocated.
  See https://docs.pytest.org/en/stable/how-to/capture-warnings.html#resource-warnings for more info.

tests/test_output.py::test_ensure_status_code_is_shown_on_all_themes[ OK-pie-light]
  /home/pedro_campelo/projects/cin/testesDeValidacaoDeSoftware/flaky-tests-comparative-study/.venv-httpie/lib/python3.12/site-packages/_pytest/fixtures.py:924: ResourceWarning: unclosed <socket.socket fd=27, family=2, type=1, proto=0, laddr=('127.0.0.1', 42003)>
    next(it)
  Enable tracemalloc to get traceback where the object was allocated.
  See https://docs.pytest.org/en/stable/how-to/capture-warnings.html#resource-warnings for more info.

tests/test_output.py::test_ensure_status_code_is_shown_on_all_themes[ -auto]
  /home/pedro_campelo/projects/cin/testesDeValidacaoDeSoftware/flaky-tests-comparative-study/.venv-httpie/lib/python3.12/site-packages/_pytest/fixtures.py:924: ResourceWarning: unclosed <socket.socket fd=27, family=2, type=1, proto=0, laddr=('127.0.0.1', 32875)>
    next(it)
  Enable tracemalloc to get traceback where the object was allocated.
  See https://docs.pytest.org/en/stable/how-to/capture-warnings.html#resource-warnings for more info.

tests/test_output.py::test_ensure_status_code_is_shown_on_all_themes[ OK -pie-light]
  /home/pedro_campelo/projects/cin/testesDeValidacaoDeSoftware/flaky-tests-comparative-study/.venv-httpie/lib/python3.12/site-packages/_pytest/fixtures.py:924: ResourceWarning: unclosed <socket.socket fd=27, family=2, type=1, proto=0, laddr=('127.0.0.1', 42687)>
    next(it)
  Enable tracemalloc to get traceback where the object was allocated.
  See https://docs.pytest.org/en/stable/how-to/capture-warnings.html#resource-warnings for more info.

tests/test_output.py::test_ensure_status_code_is_shown_on_all_themes[ -pie-light]
  /home/pedro_campelo/projects/cin/testesDeValidacaoDeSoftware/flaky-tests-comparative-study/.venv-httpie/lib/python3.12/site-packages/_pytest/fixtures.py:924: ResourceWarning: unclosed <socket.socket fd=26, family=2, type=1, proto=0, laddr=('127.0.0.1', 33653)>
    next(it)
  Enable tracemalloc to get traceback where the object was allocated.
  See https://docs.pytest.org/en/stable/how-to/capture-warnings.html#resource-warnings for more info.

tests/test_output.py::test_ensure_status_code_is_shown_on_all_themes[ OK -pie]
  /home/pedro_campelo/projects/cin/testesDeValidacaoDeSoftware/flaky-tests-comparative-study/.venv-httpie/lib/python3.12/site-packages/_pytest/fixtures.py:924: ResourceWarning: unclosed <socket.socket fd=26, family=2, type=1, proto=0, laddr=('127.0.0.1', 38623)>
    next(it)
  Enable tracemalloc to get traceback where the object was allocated.
  See https://docs.pytest.org/en/stable/how-to/capture-warnings.html#resource-warnings for more info.

tests/test_output.py::test_ensure_status_code_is_shown_on_all_themes[-pie-dark]
  /home/pedro_campelo/projects/cin/testesDeValidacaoDeSoftware/flaky-tests-comparative-study/.venv-httpie/lib/python3.12/site-packages/_pytest/fixtures.py:924: ResourceWarning: unclosed <socket.socket fd=26, family=2, type=1, proto=0, laddr=('127.0.0.1', 37259)>
    next(it)
  Enable tracemalloc to get traceback where the object was allocated.
  See https://docs.pytest.org/en/stable/how-to/capture-warnings.html#resource-warnings for more info.

tests/test_redirects.py::test_follow_output_options_used_for_redirects
  /usr/lib/python3.12/ast.py:52: ResourceWarning: unclosed file <_io.FileIO name='/home/pedro_campelo/projects/cin/testesDeValidacaoDeSoftware/flaky-tests-experiments/httpie/tests/fixtures/test.txt' mode='rb' closefd=True>
    return compile(source, filename, mode, flags,
  Enable tracemalloc to get traceback where the object was allocated.
  See https://docs.pytest.org/en/stable/how-to/capture-warnings.html#resource-warnings for more info.

tests/test_sessions.py::TestCookieStorage::test_existing_and_new_cookies_sent_in_request[new=bar;chocolate=milk-new_cookies_dict1-chocolate=milk; cookie1=foo; cookie2=foo; new=bar]
tests/test_sessions.py::TestCookieStorage::test_existing_and_new_cookies_sent_in_request[new=bar;chocolate=milk-new_cookies_dict1-chocolate=milk; cookie1=foo; cookie2=foo; new=bar]
  /usr/lib/python3.12/collections/__init__.py:458: ResourceWarning: unclosed file <_io.BufferedReader name='/home/pedro_campelo/projects/cin/testesDeValidacaoDeSoftware/flaky-tests-experiments/httpie/tests/fixtures/test.txt'>
    result = self._make(_map(kwds.pop, field_names, self))
  Enable tracemalloc to get traceback where the object was allocated.
  See https://docs.pytest.org/en/stable/how-to/capture-warnings.html#resource-warnings for more info.

tests/test_sessions.py::TestCookieStorage::test_existing_and_new_cookies_sent_in_request[new=bar;chocolate=milk-new_cookies_dict1-chocolate=milk; cookie1=foo; cookie2=foo; new=bar]
  /usr/lib/python3.12/collections/__init__.py:458: ResourceWarning: unclosed file <_io.FileIO name='/home/pedro_campelo/projects/cin/testesDeValidacaoDeSoftware/flaky-tests-experiments/httpie/tests/fixtures/test.txt' mode='rb' closefd=True>
    result = self._make(_map(kwds.pop, field_names, self))
  Enable tracemalloc to get traceback where the object was allocated.
  See https://docs.pytest.org/en/stable/how-to/capture-warnings.html#resource-warnings for more info.

tests/test_sessions.py::TestSession::test_download_in_session
  /home/pedro_campelo/projects/cin/testesDeValidacaoDeSoftware/flaky-tests-experiments/httpie/httpie/core.py:100: ResourceWarning: unclosed file <_io.FileIO name='get.json' mode='ab+' closefd=True>
    exit_status = main_program(
  Enable tracemalloc to get traceback where the object was allocated.
  See https://docs.pytest.org/en/stable/how-to/capture-warnings.html#resource-warnings for more info.

tests/test_sessions.py::TestSessionFlow::test_session_update
  /usr/lib/python3.12/collections/__init__.py:449: ResourceWarning: unclosed file <_io.TextIOWrapper name='/tmp/httpie_stderrvie_5wnn' mode='w+t' encoding='utf-8'>
    result = tuple_new(cls, iterable)
  Enable tracemalloc to get traceback where the object was allocated.
  See https://docs.pytest.org/en/stable/how-to/capture-warnings.html#resource-warnings for more info.

tests/test_sessions.py::test_secure_cookies_on_localhost[localhost_http_server-expected_cookies0]
  /home/pedro_campelo/projects/cin/testesDeValidacaoDeSoftware/flaky-tests-comparative-study/.venv-httpie/lib/python3.12/site-packages/_pytest/fixtures.py:924: ResourceWarning: unclosed <socket.socket fd=28, family=2, type=1, proto=0, laddr=('127.0.0.1', 32847)>
    next(it)
  Enable tracemalloc to get traceback where the object was allocated.
  See https://docs.pytest.org/en/stable/how-to/capture-warnings.html#resource-warnings for more info.

tests/test_stream.py::test_auto_streaming[extras0-3]
  /home/pedro_campelo/projects/cin/testesDeValidacaoDeSoftware/flaky-tests-comparative-study/.venv-httpie/lib/python3.12/site-packages/_pytest/fixtures.py:924: ResourceWarning: unclosed <socket.socket fd=26, family=2, type=1, proto=0, laddr=('127.0.0.1', 36883)>
    next(it)
  Enable tracemalloc to get traceback where the object was allocated.
  See https://docs.pytest.org/en/stable/how-to/capture-warnings.html#resource-warnings for more info.

tests/test_stream.py::test_streaming_encoding_detection
  /home/pedro_campelo/projects/cin/testesDeValidacaoDeSoftware/flaky-tests-comparative-study/.venv-httpie/lib/python3.12/site-packages/_pytest/fixtures.py:924: ResourceWarning: unclosed <socket.socket fd=26, family=2, type=1, proto=0, laddr=('127.0.0.1', 46327)>
    next(it)
  Enable tracemalloc to get traceback where the object was allocated.
  See https://docs.pytest.org/en/stable/how-to/capture-warnings.html#resource-warnings for more info.

tests/test_stream.py::test_auto_streaming[extras2-1]
  /home/pedro_campelo/projects/cin/testesDeValidacaoDeSoftware/flaky-tests-comparative-study/.venv-httpie/lib/python3.12/site-packages/_pytest/fixtures.py:924: ResourceWarning: unclosed <socket.socket fd=26, family=2, type=1, proto=0, laddr=('127.0.0.1', 37355)>
    next(it)
  Enable tracemalloc to get traceback where the object was allocated.
  See https://docs.pytest.org/en/stable/how-to/capture-warnings.html#resource-warnings for more info.

tests/test_stream.py::test_auto_streaming[extras1-3]
  /home/pedro_campelo/projects/cin/testesDeValidacaoDeSoftware/flaky-tests-comparative-study/.venv-httpie/lib/python3.12/site-packages/_pytest/fixtures.py:924: ResourceWarning: unclosed <socket.socket fd=26, family=2, type=1, proto=0, laddr=('127.0.0.1', 36847)>
    next(it)
  Enable tracemalloc to get traceback where the object was allocated.
  See https://docs.pytest.org/en/stable/how-to/capture-warnings.html#resource-warnings for more info.

-- Docs: https://docs.pytest.org/en/stable/how-to/capture-warnings.html
=========================== short test summary info ============================
FAILED tests/test_encoding.py::test_terminal_output_request_charset_detection[big5-\u5377\u9996\u5377\u9996\u5377\u9996\u5377\u9996\u5377\u5377\u9996\u5377\u9996\u5377\u9996\u5377\u9996\u5377\u9996\u5377\u9996\u5377\u9996\u5377\u9996\u5377\u9996\u5377\u9996\u5377\u9996\u5377\u9996\u5377\u9996]
FAILED tests/test_encoding.py::test_terminal_output_response_charset_detection[big5-\u5377\u9996\u5377\u9996\u5377\u9996\u5377\u9996\u5377\u5377\u9996\u5377\u9996\u5377\u9996\u5377\u9996\u5377\u9996\u5377\u9996\u5377\u9996\u5377\u9996\u5377\u9996\u5377\u9996\u5377\u9996\u5377\u9996\u5377\u9996]
2 failed, 1017 passed, 5 skipped, 4 xfailed, 139 warnings in 123.20s (0:02:03)
