project: guava
tool: NonDex
log: /home/pedro_campelo/projects/cin/testesDeValidacaoDeSoftware/flaky-tests-comparative-study/results/guava/nondex/2025-12-10_15-00-53/nondex.log

error_lines: 16
warning_lines: 6
failed_lines: 11


last 10 relevant lines from log:
[ERROR] -> [Help 1]
[ERROR] 
[ERROR] To see the full stack trace of the errors, re-run Maven with the -e switch.
[ERROR] Re-run Maven using the -X switch to enable full debug logging.
[ERROR] 
[ERROR] For more information about the errors and possible solutions, please read the following articles:
[ERROR] [Help 1] http://cwiki.apache.org/confluence/display/MAVEN/MojoFailureException
[ERROR] 
[ERROR] After correcting the problems, you can resume the build with the command
[ERROR]   mvn <args> -rf :guava-testlib
