............................................s........................... [  7%]
.................s................................127.0.0.1 - - [10/Dec/2025 00:14:17] "GET /get HTTP/1.1" 200 269
............s......... [ 14%]
.........................F........................pytest-httpbin server hit an exception serving request: [SSL: UNEXPECTED_EOF_WHILE_READING] EOF occurred in violation of protocol (_ssl.c:1000)
attempting to ignore so the rest of the tests can run
...................... [ 21%]
........................................................................ [ 28%]
............................................................x.x......... [ 35%]
....................x................................................... [ 42%]
.....................................s.................................. [ 49%]
........................................................................ [ 56%]
........................................................................ [ 63%]
........................................................................ [ 70%]
........................................................................ [ 77%]
........................................................................ [ 84%]
......................................x.....................F........... [ 91%]
...........F...................................................s........ [ 98%]
....................                                                     [100%]
=================================== FAILURES ===================================
____________________________ test_meta_elapsed_time ____________________________

httpbin = <pytest_httpbin.serve.Server object at 0x7e75c0dfe9f0>

    def test_meta_elapsed_time(httpbin):
        r = http('--meta', httpbin + '/delay/1')
>       assert f'{ELAPSED_TIME_LABEL}: 1.' in r
E       AssertionError: assert 'Elapsed time: 1.' in 'Elapsed time: 0.099513634s\n\n'

tests/test_meta.py:10: AssertionError
----------------------------- Captured stderr call -----------------------------
127.0.0.1 - - [10/Dec/2025 00:15:00] "GET /delay/1 HTTP/1.1" 200 319
_ test_terminal_output_request_charset_detection[big5-\u5377\u9996\u5377\u9996\u5377\u9996\u5377\u9996\u5377\u5377\u9996\u5377\u9996\u5377\u9996\u5377\u9996\u5377\u9996\u5377\u9996\u5377\u9996\u5377\u9996\u5377\u9996\u5377\u9996\u5377\u9996\u5377\u9996\u5377\u9996] _

charset = 'big5', text = '卷首卷首卷首卷首卷卷首卷首卷首卷首卷首卷首卷首卷首卷首卷首卷首卷首卷首'

    @pytest.mark.parametrize('charset, text', CHARSET_TEXT_PAIRS)
    def test_terminal_output_request_charset_detection(charset, text):
        r = http(
            '--offline',
            DUMMY_URL,
            'Content-Type: text/plain',
            env=MockEnvironment(
                stdin=text.encode(charset),
                stdin_isatty=False,
            ),
        )
>       assert text in r
E       AssertionError: assert '卷首卷首卷首卷首卷卷首卷首卷首卷首卷首卷首卷首卷首卷首卷首卷首卷首卷首' in 'POST / HTTP/1.1\r\nAccept: application/json, */*;q=0.5\r\nAccept-Encoding: gzip, deflate, br\r\nConnection: keep-aliv...xt/plain\r\nHost: this-should.never-resolve\r\nUser-Agent: HTTPie/3.2.4\r\n\r\n뻥솤뻥솤뻥솤뻥솤뻥뻥솤뻥솤뻥솤뻥솤뻥솤뻥솤뻥솤뻥솤뻥솤뻥솤뻥솤뻥솤뻥솤\n\n'

tests/test_encoding.py:222: AssertionError
_ test_terminal_output_response_charset_detection[big5-\u5377\u9996\u5377\u9996\u5377\u9996\u5377\u9996\u5377\u5377\u9996\u5377\u9996\u5377\u9996\u5377\u9996\u5377\u9996\u5377\u9996\u5377\u9996\u5377\u9996\u5377\u9996\u5377\u9996\u5377\u9996\u5377\u9996\u5377\u9996] _

text = '卷首卷首卷首卷首卷卷首卷首卷首卷首卷首卷首卷首卷首卷首卷首卷首卷首卷首', charset = 'big5'

    @pytest.mark.parametrize('charset, text', CHARSET_TEXT_PAIRS)
    @responses.activate
    def test_terminal_output_response_charset_detection(text, charset):
        responses.add(
            method=responses.POST,
            url=DUMMY_URL,
            body=text.encode(charset),
            content_type='text/plain',
        )
        r = http('--form', 'POST', DUMMY_URL)
>       assert text in r
E       AssertionError: assert '卷首卷首卷首卷首卷卷首卷首卷首卷首卷首卷首卷首卷首卷首卷首卷首卷首卷首' in 'HTTP/1.1 200 OK\r\nContent-Type: text/plain\r\n\r\n뻥솤뻥솤뻥솤뻥솤뻥뻥솤뻥솤뻥솤뻥솤뻥솤뻥솤뻥솤뻥솤뻥솤뻥솤뻥솤뻥솤뻥솤\n\n'

tests/test_encoding.py:147: AssertionError
=============================== warnings summary ===============================
tests/test_cookie.py::TestIntegration::test_cookie_parser
  /home/pedro_campelo/projects/cin/testesDeValidacaoDeSoftware/flaky-tests-experiments/httpie/tests/test_cookie.py:19: DeprecationWarning: setDaemon() is deprecated, set the daemon attribute instead
    self.mock_server_thread.setDaemon(True)

tests/test_compress.py: 1 warning
tests/test_httpie.py: 1 warning
tests/test_sessions.py: 1 warning
tests/test_uploads.py: 6 warnings
tests/test_offline.py: 1 warning
  /home/pedro_campelo/projects/cin/testesDeValidacaoDeSoftware/flaky-tests-experiments/httpie/httpie/cli/argparser.py:159: ResourceWarning: unclosed file <_io.BufferedReader name='/home/pedro_campelo/projects/cin/testesDeValidacaoDeSoftware/flaky-tests-experiments/httpie/tests/fixtures/test.txt'>
    self.args, no_options = super().parse_known_args(args, namespace)
  Enable tracemalloc to get traceback where the object was allocated.
  See https://docs.pytest.org/en/stable/how-to/capture-warnings.html#resource-warnings for more info.

tests/test_compress.py::test_compress_raw[http]
tests/test_uploads.py::TestRequestBodyFromFilePath::test_multiple_request_bodies_from_file_by_path
tests/test_cli_ui.py::test_naked_invocation[args1-usage:\n    http --pretty {all, colors, format, none} [METHOD] URL [REQUEST_ITEM ...]\n\nerror:\n    argument --pretty: expected one argument\n\nfor more information:\n    run 'http --help' or visit https://httpie.io/docs/cli\n\n]
tests/test_defaults.py::TestAutoContentTypeAndAcceptHeaders::test_POST_explicit_JSON_JSON_ACCEPT
tests/test_errors.py::test_error
tests/test_errors.py::test_error
tests/test_errors.py::test_error
  /usr/lib/python3.12/collections/__init__.py:458: ResourceWarning: unclosed file <_io.BufferedReader name='/home/pedro_campelo/projects/cin/testesDeValidacaoDeSoftware/flaky-tests-experiments/httpie/tests/fixtures/test.txt'>
    result = self._make(_map(kwds.pop, field_names, self))
  Enable tracemalloc to get traceback where the object was allocated.
  See https://docs.pytest.org/en/stable/how-to/capture-warnings.html#resource-warnings for more info.

tests/test_httpie.py::test_DELETE[http]
tests/test_uploads.py::TestRequestBodyFromFilePath::test_multiple_request_bodies_from_file_by_path
tests/test_errors.py::test_error
  /usr/lib/python3.12/collections/__init__.py:458: ResourceWarning: unclosed file <_io.FileIO name='/home/pedro_campelo/projects/cin/testesDeValidacaoDeSoftware/flaky-tests-experiments/httpie/tests/fixtures/test.txt' mode='rb' closefd=True>
    result = self._make(_map(kwds.pop, field_names, self))
  Enable tracemalloc to get traceback where the object was allocated.
  See https://docs.pytest.org/en/stable/how-to/capture-warnings.html#resource-warnings for more info.

tests/test_update_warnings.py::test_daemon_runner
  /home/pedro_campelo/projects/cin/testesDeValidacaoDeSoftware/flaky-tests-experiments/httpie/httpie/internal/daemons.py:67: DeprecationWarning: This process (pid=186423) is multi-threaded, use of fork() may lead to deadlocks in the child.
    pid = os.fork()

tests/test_ssl.py::test_ssl_version[tls1]
tests/test_ssl.py::test_ssl_version[tls1.1]
tests/test_ssl.py::test_ssl_version[tls1.2]
  /home/pedro_campelo/projects/cin/testesDeValidacaoDeSoftware/flaky-tests-experiments/httpie/httpie/ssl_.py:76: DeprecationWarning: 'ssl_version' option is deprecated and will be removed in urllib3 v2.6.0. Instead use 'ssl_minimum_version'
    ssl_context = create_urllib3_context(

tests/test_ssl.py::test_ssl_version[tls1]
  /home/pedro_campelo/projects/cin/testesDeValidacaoDeSoftware/flaky-tests-comparative-study/.venv/lib/python3.12/site-packages/urllib3/util/ssl_.py:301: DeprecationWarning: ssl.TLSVersion.TLSv1 is deprecated
    context.minimum_version = ssl_minimum_version

tests/test_ssl.py::test_ssl_version[tls1]
  /home/pedro_campelo/projects/cin/testesDeValidacaoDeSoftware/flaky-tests-comparative-study/.venv/lib/python3.12/site-packages/urllib3/util/ssl_.py:306: DeprecationWarning: ssl.TLSVersion.TLSv1 is deprecated
    context.maximum_version = ssl_maximum_version

tests/test_ssl.py::test_ssl_version[tls1.1]
  /home/pedro_campelo/projects/cin/testesDeValidacaoDeSoftware/flaky-tests-comparative-study/.venv/lib/python3.12/site-packages/urllib3/util/ssl_.py:301: DeprecationWarning: ssl.TLSVersion.TLSv1_1 is deprecated
    context.minimum_version = ssl_minimum_version

tests/test_ssl.py::test_ssl_version[tls1.1]
  /home/pedro_campelo/projects/cin/testesDeValidacaoDeSoftware/flaky-tests-comparative-study/.venv/lib/python3.12/site-packages/urllib3/util/ssl_.py:306: DeprecationWarning: ssl.TLSVersion.TLSv1_1 is deprecated
    context.maximum_version = ssl_maximum_version

tests/test_ssl.py::TestServerCert::test_verify_no_OK
tests/test_ssl.py::TestServerCert::test_verify_false_OK[false]
tests/test_ssl.py::TestServerCert::test_verify_false_OK[fALse]
  /home/pedro_campelo/projects/cin/testesDeValidacaoDeSoftware/flaky-tests-comparative-study/.venv/lib/python3.12/site-packages/urllib3/connectionpool.py:1097: InsecureRequestWarning: Unverified HTTPS request is being made to host '127.0.0.1'. Adding certificate verification is strongly advised. See: https://urllib3.readthedocs.io/en/latest/advanced-usage.html#tls-warnings
    warnings.warn(

tests/test_sessions.py::test_secure_cookies_on_localhost[localhost_http_server-expected_cookies0]
  /home/pedro_campelo/projects/cin/testesDeValidacaoDeSoftware/flaky-tests-comparative-study/.venv/lib/python3.12/site-packages/_pytest/fixtures.py:924: ResourceWarning: unclosed <socket.socket fd=20, family=2, type=1, proto=0, laddr=('127.0.0.1', 44403)>
    next(it)
  Enable tracemalloc to get traceback where the object was allocated.
  See https://docs.pytest.org/en/stable/how-to/capture-warnings.html#resource-warnings for more info.

tests/test_sessions.py::TestSession::test_download_in_session
  /home/pedro_campelo/projects/cin/testesDeValidacaoDeSoftware/flaky-tests-experiments/httpie/httpie/core.py:100: ResourceWarning: unclosed file <_io.FileIO name='get.json' mode='ab+' closefd=True>
    exit_status = main_program(
  Enable tracemalloc to get traceback where the object was allocated.
  See https://docs.pytest.org/en/stable/how-to/capture-warnings.html#resource-warnings for more info.

tests/test_output.py::test_ensure_status_code_is_shown_on_all_themes[ OK-pie]
  /home/pedro_campelo/projects/cin/testesDeValidacaoDeSoftware/flaky-tests-comparative-study/.venv/lib/python3.12/site-packages/_pytest/fixtures.py:924: ResourceWarning: unclosed <socket.socket fd=20, family=2, type=1, proto=0, laddr=('127.0.0.1', 36325)>
    next(it)
  Enable tracemalloc to get traceback where the object was allocated.
  See https://docs.pytest.org/en/stable/how-to/capture-warnings.html#resource-warnings for more info.

tests/test_output.py::test_ensure_status_code_is_shown_on_all_themes[-solarized]
  /home/pedro_campelo/projects/cin/testesDeValidacaoDeSoftware/flaky-tests-comparative-study/.venv/lib/python3.12/site-packages/_pytest/fixtures.py:924: ResourceWarning: unclosed <socket.socket fd=16, family=2, type=1, proto=0, laddr=('127.0.0.1', 39095)>
    next(it)
  Enable tracemalloc to get traceback where the object was allocated.
  See https://docs.pytest.org/en/stable/how-to/capture-warnings.html#resource-warnings for more info.

tests/test_output.py::test_ensure_status_code_is_shown_on_all_themes[ CUSTOM -solarized]
  /home/pedro_campelo/projects/cin/testesDeValidacaoDeSoftware/flaky-tests-comparative-study/.venv/lib/python3.12/site-packages/_pytest/fixtures.py:924: ResourceWarning: unclosed <socket.socket fd=16, family=2, type=1, proto=0, laddr=('127.0.0.1', 39859)>
    next(it)
  Enable tracemalloc to get traceback where the object was allocated.
  See https://docs.pytest.org/en/stable/how-to/capture-warnings.html#resource-warnings for more info.

tests/test_output.py::test_ensure_status_code_is_shown_on_all_themes[ OK -pie-light]
  /home/pedro_campelo/projects/cin/testesDeValidacaoDeSoftware/flaky-tests-comparative-study/.venv/lib/python3.12/site-packages/_pytest/fixtures.py:924: ResourceWarning: unclosed <socket.socket fd=16, family=2, type=1, proto=0, laddr=('127.0.0.1', 43711)>
    next(it)
  Enable tracemalloc to get traceback where the object was allocated.
  See https://docs.pytest.org/en/stable/how-to/capture-warnings.html#resource-warnings for more info.

tests/test_output.py::test_ensure_status_code_is_shown_on_all_themes[ OK -pie-dark]
  /home/pedro_campelo/projects/cin/testesDeValidacaoDeSoftware/flaky-tests-comparative-study/.venv/lib/python3.12/site-packages/_pytest/fixtures.py:924: ResourceWarning: unclosed <socket.socket fd=16, family=2, type=1, proto=0, laddr=('127.0.0.1', 39685)>
    next(it)
  Enable tracemalloc to get traceback where the object was allocated.
  See https://docs.pytest.org/en/stable/how-to/capture-warnings.html#resource-warnings for more info.

tests/test_output.py::test_ensure_status_code_is_shown_on_all_themes[ -pie-light]
  /home/pedro_campelo/projects/cin/testesDeValidacaoDeSoftware/flaky-tests-comparative-study/.venv/lib/python3.12/site-packages/_pytest/fixtures.py:924: ResourceWarning: unclosed <socket.socket fd=16, family=2, type=1, proto=0, laddr=('127.0.0.1', 35555)>
    next(it)
  Enable tracemalloc to get traceback where the object was allocated.
  See https://docs.pytest.org/en/stable/how-to/capture-warnings.html#resource-warnings for more info.

tests/test_output.py::test_ensure_status_code_is_shown_on_all_themes[ OK -auto]
  /home/pedro_campelo/projects/cin/testesDeValidacaoDeSoftware/flaky-tests-comparative-study/.venv/lib/python3.12/site-packages/_pytest/fixtures.py:924: ResourceWarning: unclosed <socket.socket fd=16, family=2, type=1, proto=0, laddr=('127.0.0.1', 42527)>
    next(it)
  Enable tracemalloc to get traceback where the object was allocated.
  See https://docs.pytest.org/en/stable/how-to/capture-warnings.html#resource-warnings for more info.

tests/test_output.py::test_ensure_status_code_is_shown_on_all_themes[ OK -pie]
  /home/pedro_campelo/projects/cin/testesDeValidacaoDeSoftware/flaky-tests-comparative-study/.venv/lib/python3.12/site-packages/_pytest/fixtures.py:924: ResourceWarning: unclosed <socket.socket fd=16, family=2, type=1, proto=0, laddr=('127.0.0.1', 40601)>
    next(it)
  Enable tracemalloc to get traceback where the object was allocated.
  See https://docs.pytest.org/en/stable/how-to/capture-warnings.html#resource-warnings for more info.

tests/test_output.py::test_ensure_status_code_is_shown_on_all_themes[-pie]
  /home/pedro_campelo/projects/cin/testesDeValidacaoDeSoftware/flaky-tests-comparative-study/.venv/lib/python3.12/site-packages/_pytest/fixtures.py:924: ResourceWarning: unclosed <socket.socket fd=16, family=2, type=1, proto=0, laddr=('127.0.0.1', 41995)>
    next(it)
  Enable tracemalloc to get traceback where the object was allocated.
  See https://docs.pytest.org/en/stable/how-to/capture-warnings.html#resource-warnings for more info.

tests/test_output.py::test_ensure_status_code_is_shown_on_all_themes[ OK-pie-dark]
  /home/pedro_campelo/projects/cin/testesDeValidacaoDeSoftware/flaky-tests-comparative-study/.venv/lib/python3.12/site-packages/_pytest/fixtures.py:924: ResourceWarning: unclosed <socket.socket fd=16, family=2, type=1, proto=0, laddr=('127.0.0.1', 32933)>
    next(it)
  Enable tracemalloc to get traceback where the object was allocated.
  See https://docs.pytest.org/en/stable/how-to/capture-warnings.html#resource-warnings for more info.

tests/test_output.py::test_ensure_status_code_is_shown_on_all_themes[ -pie]
  /home/pedro_campelo/projects/cin/testesDeValidacaoDeSoftware/flaky-tests-comparative-study/.venv/lib/python3.12/site-packages/_pytest/fixtures.py:924: ResourceWarning: unclosed <socket.socket fd=16, family=2, type=1, proto=0, laddr=('127.0.0.1', 41351)>
    next(it)
  Enable tracemalloc to get traceback where the object was allocated.
  See https://docs.pytest.org/en/stable/how-to/capture-warnings.html#resource-warnings for more info.

tests/test_output.py::test_ensure_status_code_is_shown_on_all_themes[ OK-pie-light]
  /home/pedro_campelo/projects/cin/testesDeValidacaoDeSoftware/flaky-tests-comparative-study/.venv/lib/python3.12/site-packages/_pytest/fixtures.py:924: ResourceWarning: unclosed <socket.socket fd=16, family=2, type=1, proto=0, laddr=('127.0.0.1', 34551)>
    next(it)
  Enable tracemalloc to get traceback where the object was allocated.
  See https://docs.pytest.org/en/stable/how-to/capture-warnings.html#resource-warnings for more info.

tests/test_output.py::test_ensure_status_code_is_shown_on_all_themes[-auto]
  /home/pedro_campelo/projects/cin/testesDeValidacaoDeSoftware/flaky-tests-comparative-study/.venv/lib/python3.12/site-packages/_pytest/fixtures.py:924: ResourceWarning: unclosed <socket.socket fd=16, family=2, type=1, proto=0, laddr=('127.0.0.1', 37973)>
    next(it)
  Enable tracemalloc to get traceback where the object was allocated.
  See https://docs.pytest.org/en/stable/how-to/capture-warnings.html#resource-warnings for more info.

tests/test_output.py::test_ensure_status_code_is_shown_on_all_themes[ OK-solarized]
  /home/pedro_campelo/projects/cin/testesDeValidacaoDeSoftware/flaky-tests-comparative-study/.venv/lib/python3.12/site-packages/_pytest/fixtures.py:924: ResourceWarning: unclosed <socket.socket fd=16, family=2, type=1, proto=0, laddr=('127.0.0.1', 39681)>
    next(it)
  Enable tracemalloc to get traceback where the object was allocated.
  See https://docs.pytest.org/en/stable/how-to/capture-warnings.html#resource-warnings for more info.

tests/test_output.py::test_ensure_status_code_is_shown_on_all_themes[ -pie-dark]
  /home/pedro_campelo/projects/cin/testesDeValidacaoDeSoftware/flaky-tests-comparative-study/.venv/lib/python3.12/site-packages/_pytest/fixtures.py:924: ResourceWarning: unclosed <socket.socket fd=16, family=2, type=1, proto=0, laddr=('127.0.0.1', 33947)>
    next(it)
  Enable tracemalloc to get traceback where the object was allocated.
  See https://docs.pytest.org/en/stable/how-to/capture-warnings.html#resource-warnings for more info.

tests/test_output.py::test_ensure_status_code_is_shown_on_all_themes[ CUSTOM -pie-dark]
  /home/pedro_campelo/projects/cin/testesDeValidacaoDeSoftware/flaky-tests-comparative-study/.venv/lib/python3.12/site-packages/_pytest/fixtures.py:924: ResourceWarning: unclosed <socket.socket fd=16, family=2, type=1, proto=0, laddr=('127.0.0.1', 42773)>
    next(it)
  Enable tracemalloc to get traceback where the object was allocated.
  See https://docs.pytest.org/en/stable/how-to/capture-warnings.html#resource-warnings for more info.

tests/test_output.py::test_ensure_status_code_is_shown_on_all_themes[ OK-auto]
  /home/pedro_campelo/projects/cin/testesDeValidacaoDeSoftware/flaky-tests-comparative-study/.venv/lib/python3.12/site-packages/_pytest/fixtures.py:924: ResourceWarning: unclosed <socket.socket fd=16, family=2, type=1, proto=0, laddr=('127.0.0.1', 36197)>
    next(it)
  Enable tracemalloc to get traceback where the object was allocated.
  See https://docs.pytest.org/en/stable/how-to/capture-warnings.html#resource-warnings for more info.

tests/test_output.py::test_ensure_status_code_is_shown_on_all_themes[ -auto]
  /home/pedro_campelo/projects/cin/testesDeValidacaoDeSoftware/flaky-tests-comparative-study/.venv/lib/python3.12/site-packages/_pytest/fixtures.py:924: ResourceWarning: unclosed <socket.socket fd=16, family=2, type=1, proto=0, laddr=('127.0.0.1', 43337)>
    next(it)
  Enable tracemalloc to get traceback where the object was allocated.
  See https://docs.pytest.org/en/stable/how-to/capture-warnings.html#resource-warnings for more info.

tests/test_output.py::test_ensure_status_code_is_shown_on_all_themes[ OK -solarized]
  /home/pedro_campelo/projects/cin/testesDeValidacaoDeSoftware/flaky-tests-comparative-study/.venv/lib/python3.12/site-packages/_pytest/fixtures.py:924: ResourceWarning: unclosed <socket.socket fd=16, family=2, type=1, proto=0, laddr=('127.0.0.1', 38791)>
    next(it)
  Enable tracemalloc to get traceback where the object was allocated.
  See https://docs.pytest.org/en/stable/how-to/capture-warnings.html#resource-warnings for more info.

tests/test_output.py::test_ensure_status_code_is_shown_on_all_themes[ CUSTOM -pie-light]
  /home/pedro_campelo/projects/cin/testesDeValidacaoDeSoftware/flaky-tests-comparative-study/.venv/lib/python3.12/site-packages/_pytest/fixtures.py:924: ResourceWarning: unclosed <socket.socket fd=16, family=2, type=1, proto=0, laddr=('127.0.0.1', 41519)>
    next(it)
  Enable tracemalloc to get traceback where the object was allocated.
  See https://docs.pytest.org/en/stable/how-to/capture-warnings.html#resource-warnings for more info.

tests/test_output.py::test_ensure_status_code_is_shown_on_all_themes[-pie-light]
  /home/pedro_campelo/projects/cin/testesDeValidacaoDeSoftware/flaky-tests-comparative-study/.venv/lib/python3.12/site-packages/_pytest/fixtures.py:924: ResourceWarning: unclosed <socket.socket fd=16, family=2, type=1, proto=0, laddr=('127.0.0.1', 34351)>
    next(it)
  Enable tracemalloc to get traceback where the object was allocated.
  See https://docs.pytest.org/en/stable/how-to/capture-warnings.html#resource-warnings for more info.

tests/test_output.py::test_ensure_status_code_is_shown_on_all_themes[ CUSTOM -auto]
  /home/pedro_campelo/projects/cin/testesDeValidacaoDeSoftware/flaky-tests-comparative-study/.venv/lib/python3.12/site-packages/_pytest/fixtures.py:924: ResourceWarning: unclosed <socket.socket fd=16, family=2, type=1, proto=0, laddr=('127.0.0.1', 34885)>
    next(it)
  Enable tracemalloc to get traceback where the object was allocated.
  See https://docs.pytest.org/en/stable/how-to/capture-warnings.html#resource-warnings for more info.

tests/test_output.py::test_ensure_status_code_is_shown_on_all_themes[-pie-dark]
  /home/pedro_campelo/projects/cin/testesDeValidacaoDeSoftware/flaky-tests-comparative-study/.venv/lib/python3.12/site-packages/_pytest/fixtures.py:924: ResourceWarning: unclosed <socket.socket fd=16, family=2, type=1, proto=0, laddr=('127.0.0.1', 32861)>
    next(it)
  Enable tracemalloc to get traceback where the object was allocated.
  See https://docs.pytest.org/en/stable/how-to/capture-warnings.html#resource-warnings for more info.

tests/test_output.py::test_ensure_status_code_is_shown_on_all_themes[ CUSTOM -pie]
  /home/pedro_campelo/projects/cin/testesDeValidacaoDeSoftware/flaky-tests-comparative-study/.venv/lib/python3.12/site-packages/_pytest/fixtures.py:924: ResourceWarning: unclosed <socket.socket fd=16, family=2, type=1, proto=0, laddr=('127.0.0.1', 39315)>
    next(it)
  Enable tracemalloc to get traceback where the object was allocated.
  See https://docs.pytest.org/en/stable/how-to/capture-warnings.html#resource-warnings for more info.

tests/test_output.py::test_ensure_status_code_is_shown_on_all_themes[ -solarized]
  /home/pedro_campelo/projects/cin/testesDeValidacaoDeSoftware/flaky-tests-comparative-study/.venv/lib/python3.12/site-packages/_pytest/fixtures.py:924: ResourceWarning: unclosed <socket.socket fd=16, family=2, type=1, proto=0, laddr=('127.0.0.1', 43687)>
    next(it)
  Enable tracemalloc to get traceback where the object was allocated.
  See https://docs.pytest.org/en/stable/how-to/capture-warnings.html#resource-warnings for more info.

tests/test_output.py::TestQuietFlag::test_quiet_quiet_with_check_status_non_zero
tests/test_output.py::TestQuietFlag::test_quiet_with_password_prompt[quiet_flags0]
  /home/pedro_campelo/projects/cin/testesDeValidacaoDeSoftware/flaky-tests-experiments/httpie/httpie/cli/argparser.py:157: ResourceWarning: unclosed file <_io.TextIOWrapper name=17 mode='w+t' encoding='utf-8'>
    self.env = env
  Enable tracemalloc to get traceback where the object was allocated.
  See https://docs.pytest.org/en/stable/how-to/capture-warnings.html#resource-warnings for more info.

tests/test_output.py::TestQuietFlag::test_quiet_with_explicit_output_options[-h-quiet_flags3]
tests/test_output.py::TestQuietFlag::test_quiet_with_explicit_output_options[-b-quiet_flags1]
tests/test_output.py::TestQuietFlag::test_quiet_with_output_redirection[False-quiet_flags0]
tests/test_output.py::TestQuietFlag::test_quiet_with_output_redirection[False-quiet_flags3]
  /home/pedro_campelo/projects/cin/testesDeValidacaoDeSoftware/flaky-tests-experiments/httpie/httpie/cli/argparser.py:157: ResourceWarning: unclosed file <_io.TextIOWrapper name=20 mode='w+t' encoding='utf-8'>
    self.env = env
  Enable tracemalloc to get traceback where the object was allocated.
  See https://docs.pytest.org/en/stable/how-to/capture-warnings.html#resource-warnings for more info.

tests/test_output.py::TestQuietFlag::test_quiet_with_explicit_output_options[-h-quiet_flags1]
tests/test_output.py::TestQuietFlag::test_quiet_with_explicit_output_options[-h-quiet_flags0]
tests/test_output.py::TestQuietFlag::test_quiet_with_output_redirection[True-quiet_flags2]
tests/test_output.py::TestQuietFlag::test_quiet_with_output_redirection[True-quiet_flags3]
tests/test_output.py::TestQuietFlag::test_quiet_with_password_prompt[quiet_flags1]
tests/test_output.py::TestQuietFlag::test_quiet_with_explicit_output_options[-p=hH-quiet_flags3]
tests/test_output.py::TestQuietFlag::test_quiet_with_password_prompt[quiet_flags2]
  /home/pedro_campelo/projects/cin/testesDeValidacaoDeSoftware/flaky-tests-experiments/httpie/httpie/cli/argparser.py:157: ResourceWarning: unclosed file <_io.TextIOWrapper name=22 mode='w+t' encoding='utf-8'>
    self.env = env
  Enable tracemalloc to get traceback where the object was allocated.
  See https://docs.pytest.org/en/stable/how-to/capture-warnings.html#resource-warnings for more info.

tests/test_output.py::TestQuietFlag::test_double_quiet_on_error
tests/test_output.py::TestQuietFlag::test_quiet_with_output_redirection[False-quiet_flags1]
  /home/pedro_campelo/projects/cin/testesDeValidacaoDeSoftware/flaky-tests-experiments/httpie/httpie/cli/argparser.py:157: ResourceWarning: unclosed file <_io.TextIOWrapper name=18 mode='w+t' encoding='utf-8'>
    self.env = env
  Enable tracemalloc to get traceback where the object was allocated.
  See https://docs.pytest.org/en/stable/how-to/capture-warnings.html#resource-warnings for more info.

tests/test_output.py::TestQuietFlag::test_quiet_with_check_status_non_zero
tests/test_output.py::TestQuietFlag::test_quiet_with_explicit_output_options[-b-quiet_flags0]
tests/test_output.py::TestQuietFlag::test_quiet_with_output_redirection[True-quiet_flags1]
tests/test_output.py::TestQuietFlag::test_quiet_with_password_prompt[quiet_flags3]
tests/test_output.py::TestQuietFlag::test_quiet_with_explicit_output_options[-p=hH-quiet_flags1]
tests/test_downloads.py::TestDownloads::test_download_with_redirect_original_url_used_for_filename
  /home/pedro_campelo/projects/cin/testesDeValidacaoDeSoftware/flaky-tests-experiments/httpie/httpie/cli/argparser.py:157: ResourceWarning: unclosed file <_io.TextIOWrapper name=23 mode='w+t' encoding='utf-8'>
    self.env = env
  Enable tracemalloc to get traceback where the object was allocated.
  See https://docs.pytest.org/en/stable/how-to/capture-warnings.html#resource-warnings for more info.

tests/test_output.py::TestQuietFlag::test_quiet_with_explicit_output_options[-b-quiet_flags2]
tests/test_output.py::TestQuietFlag::test_quiet_with_explicit_output_options[-v-quiet_flags1]
tests/test_output.py::TestQuietFlag::test_quiet_with_explicit_output_options[-p=hH-quiet_flags0]
tests/test_output.py::TestQuietFlag::test_quiet_with_output_redirection[False-quiet_flags2]
  /home/pedro_campelo/projects/cin/testesDeValidacaoDeSoftware/flaky-tests-experiments/httpie/httpie/cli/argparser.py:157: ResourceWarning: unclosed file <_io.TextIOWrapper name=24 mode='w+t' encoding='utf-8'>
    self.env = env
  Enable tracemalloc to get traceback where the object was allocated.
  See https://docs.pytest.org/en/stable/how-to/capture-warnings.html#resource-warnings for more info.

tests/test_output.py::TestQuietFlag::test_quiet_quiet_with_check_status_non_zero_pipe
tests/test_output.py::TestQuietFlag::test_quiet_with_explicit_output_options[-b-quiet_flags3]
tests/test_output.py::TestQuietFlag::test_quiet_with_explicit_output_options[-v-quiet_flags0]
tests/test_output.py::TestQuietFlag::test_quiet_with_check_status_non_zero_pipe
  /home/pedro_campelo/projects/cin/testesDeValidacaoDeSoftware/flaky-tests-experiments/httpie/httpie/cli/argparser.py:157: ResourceWarning: unclosed file <_io.TextIOWrapper name=25 mode='w+t' encoding='utf-8'>
    self.env = env
  Enable tracemalloc to get traceback where the object was allocated.
  See https://docs.pytest.org/en/stable/how-to/capture-warnings.html#resource-warnings for more info.

tests/test_output.py::TestQuietFlag::test_quiet_with_output_redirection[True-quiet_flags0]
tests/test_output.py::TestQuietFlag::test_quiet[quiet_flags2]
tests/test_output.py::TestQuietFlag::test_quiet_with_explicit_output_options[-v-quiet_flags3]
  /home/pedro_campelo/projects/cin/testesDeValidacaoDeSoftware/flaky-tests-experiments/httpie/httpie/cli/argparser.py:157: ResourceWarning: unclosed file <_io.TextIOWrapper name=26 mode='w+t' encoding='utf-8'>
    self.env = env
  Enable tracemalloc to get traceback where the object was allocated.
  See https://docs.pytest.org/en/stable/how-to/capture-warnings.html#resource-warnings for more info.

tests/test_output.py::TestQuietFlag::test_quiet[quiet_flags3]
tests/test_output.py::TestQuietFlag::test_quiet[quiet_flags1]
  /home/pedro_campelo/projects/cin/testesDeValidacaoDeSoftware/flaky-tests-experiments/httpie/httpie/cli/argparser.py:157: ResourceWarning: unclosed file <_io.TextIOWrapper name=27 mode='w+t' encoding='utf-8'>
    self.env = env
  Enable tracemalloc to get traceback where the object was allocated.
  See https://docs.pytest.org/en/stable/how-to/capture-warnings.html#resource-warnings for more info.

tests/test_output.py::TestQuietFlag::test_quiet_with_explicit_output_options[-v-quiet_flags2]
tests/test_output.py::TestQuietFlag::test_quiet[quiet_flags0]
  /home/pedro_campelo/projects/cin/testesDeValidacaoDeSoftware/flaky-tests-experiments/httpie/httpie/cli/argparser.py:157: ResourceWarning: unclosed file <_io.TextIOWrapper name=28 mode='w+t' encoding='utf-8'>
    self.env = env
  Enable tracemalloc to get traceback where the object was allocated.
  See https://docs.pytest.org/en/stable/how-to/capture-warnings.html#resource-warnings for more info.

tests/test_output.py::TestQuietFlag::test_quiet_with_explicit_output_options[-p=hH-quiet_flags2]
  /home/pedro_campelo/projects/cin/testesDeValidacaoDeSoftware/flaky-tests-experiments/httpie/httpie/cli/argparser.py:157: ResourceWarning: unclosed file <_io.TextIOWrapper name=29 mode='w+t' encoding='utf-8'>
    self.env = env
  Enable tracemalloc to get traceback where the object was allocated.
  See https://docs.pytest.org/en/stable/how-to/capture-warnings.html#resource-warnings for more info.

tests/test_downloads.py::TestDownloads::test_download_with_redirect_original_url_used_for_filename
  /home/pedro_campelo/projects/cin/testesDeValidacaoDeSoftware/flaky-tests-experiments/httpie/httpie/core.py:100: ResourceWarning: unclosed file <_io.FileIO name='1.json' mode='ab+' closefd=True>
    exit_status = main_program(
  Enable tracemalloc to get traceback where the object was allocated.
  See https://docs.pytest.org/en/stable/how-to/capture-warnings.html#resource-warnings for more info.

tests/test_binary.py::TestBinaryResponseData::test_binary_suppresses_when_not_terminal_but_pretty
tests/test_httpie_cli.py::test_httpie_sessions_upgrade[extra_args1-extra_variables1-old_session_file0-new_session_file0]
  /usr/lib/python3.12/collections/__init__.py:458: ResourceWarning: unclosed file <_io.BufferedReader name='/home/pedro_campelo/projects/cin/testesDeValidacaoDeSoftware/flaky-tests-experiments/httpie/tests/fixtures/test.bin'>
    result = self._make(_map(kwds.pop, field_names, self))
  Enable tracemalloc to get traceback where the object was allocated.
  See https://docs.pytest.org/en/stable/how-to/capture-warnings.html#resource-warnings for more info.

tests/test_cookie_on_redirects.py::test_server_set_cookie_on_redirect_different_domain[False]
  /home/pedro_campelo/projects/cin/testesDeValidacaoDeSoftware/flaky-tests-comparative-study/.venv/lib/python3.12/site-packages/_pytest/fixtures.py:924: ResourceWarning: unclosed <socket.socket fd=21, family=2, type=1, proto=0, laddr=('127.0.0.1', 42935)>
    next(it)
  Enable tracemalloc to get traceback where the object was allocated.
  See https://docs.pytest.org/en/stable/how-to/capture-warnings.html#resource-warnings for more info.

tests/test_cookie_on_redirects.py::test_server_set_cookie_on_redirect_different_domain[True]
  /home/pedro_campelo/projects/cin/testesDeValidacaoDeSoftware/flaky-tests-comparative-study/.venv/lib/python3.12/site-packages/_pytest/fixtures.py:924: ResourceWarning: unclosed <socket.socket fd=17, family=2, type=1, proto=0, laddr=('127.0.0.1', 40631)>
    next(it)
  Enable tracemalloc to get traceback where the object was allocated.
  See https://docs.pytest.org/en/stable/how-to/capture-warnings.html#resource-warnings for more info.

tests/test_stream.py: 8 warnings
tests/test_encoding.py: 12 warnings
  /home/pedro_campelo/projects/cin/testesDeValidacaoDeSoftware/flaky-tests-comparative-study/.venv/lib/python3.12/site-packages/responses/__init__.py:609: DeprecationWarning: stream argument is deprecated. Use stream parameter in request directly
    warn(

tests/test_stream.py::test_auto_streaming[extras0-3]
  /home/pedro_campelo/projects/cin/testesDeValidacaoDeSoftware/flaky-tests-comparative-study/.venv/lib/python3.12/site-packages/_pytest/fixtures.py:924: ResourceWarning: unclosed <socket.socket fd=17, family=2, type=1, proto=0, laddr=('127.0.0.1', 36479)>
    next(it)
  Enable tracemalloc to get traceback where the object was allocated.
  See https://docs.pytest.org/en/stable/how-to/capture-warnings.html#resource-warnings for more info.

tests/test_stream.py::test_streaming_encoding_detection
  /home/pedro_campelo/projects/cin/testesDeValidacaoDeSoftware/flaky-tests-comparative-study/.venv/lib/python3.12/site-packages/_pytest/fixtures.py:924: ResourceWarning: unclosed <socket.socket fd=17, family=2, type=1, proto=0, laddr=('127.0.0.1', 34683)>
    next(it)
  Enable tracemalloc to get traceback where the object was allocated.
  See https://docs.pytest.org/en/stable/how-to/capture-warnings.html#resource-warnings for more info.

tests/test_stream.py::test_auto_streaming[extras2-1]
  /home/pedro_campelo/projects/cin/testesDeValidacaoDeSoftware/flaky-tests-comparative-study/.venv/lib/python3.12/site-packages/_pytest/fixtures.py:924: ResourceWarning: unclosed <socket.socket fd=17, family=2, type=1, proto=0, laddr=('127.0.0.1', 38545)>
    next(it)
  Enable tracemalloc to get traceback where the object was allocated.
  See https://docs.pytest.org/en/stable/how-to/capture-warnings.html#resource-warnings for more info.

tests/test_stream.py::test_auto_streaming[extras1-3]
  /home/pedro_campelo/projects/cin/testesDeValidacaoDeSoftware/flaky-tests-comparative-study/.venv/lib/python3.12/site-packages/_pytest/fixtures.py:924: ResourceWarning: unclosed <socket.socket fd=17, family=2, type=1, proto=0, laddr=('127.0.0.1', 34153)>
    next(it)
  Enable tracemalloc to get traceback where the object was allocated.
  See https://docs.pytest.org/en/stable/how-to/capture-warnings.html#resource-warnings for more info.

tests/test_json.py::test_duplicate_keys_support_from_input_file
tests/test_json.py::test_nested_json_syntax[input_json16-expected_json16]
  /home/pedro_campelo/projects/cin/testesDeValidacaoDeSoftware/flaky-tests-experiments/httpie/httpie/cli/argparser.py:159: ResourceWarning: unclosed file <_io.BufferedReader name='/home/pedro_campelo/projects/cin/testesDeValidacaoDeSoftware/flaky-tests-experiments/httpie/tests/fixtures/test_with_dupe_keys.json'>
    self.args, no_options = super().parse_known_args(args, namespace)
  Enable tracemalloc to get traceback where the object was allocated.
  See https://docs.pytest.org/en/stable/how-to/capture-warnings.html#resource-warnings for more info.

tests/test_uploads.py::TestMultipartFormDataFileUpload::test_upload_multiple_fields_with_the_same_name
  /usr/lib/python3.12/collections/__init__.py:449: ResourceWarning: unclosed file <_io.BufferedReader name='/home/pedro_campelo/projects/cin/testesDeValidacaoDeSoftware/flaky-tests-experiments/httpie/tests/fixtures/test.txt'>
    result = tuple_new(cls, iterable)
  Enable tracemalloc to get traceback where the object was allocated.
  See https://docs.pytest.org/en/stable/how-to/capture-warnings.html#resource-warnings for more info.

tests/test_httpie.py::test_response_headers_multiple_representation[format]
  /home/pedro_campelo/projects/cin/testesDeValidacaoDeSoftware/flaky-tests-comparative-study/.venv/lib/python3.12/site-packages/_pytest/fixtures.py:924: ResourceWarning: unclosed <socket.socket fd=26, family=2, type=1, proto=0, laddr=('127.0.0.1', 37779)>
    next(it)
  Enable tracemalloc to get traceback where the object was allocated.
  See https://docs.pytest.org/en/stable/how-to/capture-warnings.html#resource-warnings for more info.

tests/test_httpie.py::test_response_headers_multiple
  /home/pedro_campelo/projects/cin/testesDeValidacaoDeSoftware/flaky-tests-comparative-study/.venv/lib/python3.12/site-packages/_pytest/fixtures.py:924: ResourceWarning: unclosed <socket.socket fd=26, family=2, type=1, proto=0, laddr=('127.0.0.1', 39433)>
    next(it)
  Enable tracemalloc to get traceback where the object was allocated.
  See https://docs.pytest.org/en/stable/how-to/capture-warnings.html#resource-warnings for more info.

tests/test_httpie.py::test_response_headers_multiple_representation[none]
  /home/pedro_campelo/projects/cin/testesDeValidacaoDeSoftware/flaky-tests-comparative-study/.venv/lib/python3.12/site-packages/_pytest/fixtures.py:924: ResourceWarning: unclosed <socket.socket fd=26, family=2, type=1, proto=0, laddr=('127.0.0.1', 38123)>
    next(it)
  Enable tracemalloc to get traceback where the object was allocated.
  See https://docs.pytest.org/en/stable/how-to/capture-warnings.html#resource-warnings for more info.

tests/test_httpie.py::test_response_headers_multiple_repeated
  /home/pedro_campelo/projects/cin/testesDeValidacaoDeSoftware/flaky-tests-comparative-study/.venv/lib/python3.12/site-packages/_pytest/fixtures.py:924: ResourceWarning: unclosed <socket.socket fd=26, family=2, type=1, proto=0, laddr=('127.0.0.1', 44489)>
    next(it)
  Enable tracemalloc to get traceback where the object was allocated.
  See https://docs.pytest.org/en/stable/how-to/capture-warnings.html#resource-warnings for more info.

-- Docs: https://docs.pytest.org/en/stable/how-to/capture-warnings.html
=========================== short test summary info ============================
FAILED tests/test_meta.py::test_meta_elapsed_time - AssertionError: assert 'E...
FAILED tests/test_encoding.py::test_terminal_output_request_charset_detection[big5-\u5377\u9996\u5377\u9996\u5377\u9996\u5377\u9996\u5377\u5377\u9996\u5377\u9996\u5377\u9996\u5377\u9996\u5377\u9996\u5377\u9996\u5377\u9996\u5377\u9996\u5377\u9996\u5377\u9996\u5377\u9996\u5377\u9996\u5377\u9996]
FAILED tests/test_encoding.py::test_terminal_output_response_charset_detection[big5-\u5377\u9996\u5377\u9996\u5377\u9996\u5377\u9996\u5377\u5377\u9996\u5377\u9996\u5377\u9996\u5377\u9996\u5377\u9996\u5377\u9996\u5377\u9996\u5377\u9996\u5377\u9996\u5377\u9996\u5377\u9996\u5377\u9996\u5377\u9996]
3 failed, 1016 passed, 5 skipped, 4 xfailed, 132 warnings in 129.72s (0:02:09)
