
==================================== ERRORS ====================================
____________________ ERROR collecting tests/test_blackd.py _____________________
tests/test_blackd.py:11: in <module>
    from aiohttp import web
E   ModuleNotFoundError: No module named 'aiohttp'

The above exception was the direct cause of the following exception:
tests/test_blackd.py:17: in <module>
    raise RuntimeError("Please install Black with the 'd' extra") from e
E   RuntimeError: Please install Black with the 'd' extra
=========================== short test summary info ============================
ERROR tests/test_blackd.py - RuntimeError: Please install Black with the 'd' ...
!!!!!!!!!!!!!!!!!!!! Interrupted: 1 error during collection !!!!!!!!!!!!!!!!!!!!
1 skipped, 1 error in 0.65s
