Traceback (most recent call last):
  File "/home/pedro_campelo/projects/cin/testesDeValidacaoDeSoftware/flaky-tests-comparative-study/.venv/lib/python3.12/site-packages/_pytest/config/__init__.py", line 2183, in apply_warning_filters
    warnings.filterwarnings(*parse_warning_filter(arg, escape=False))
                             ^^^^^^^^^^^^^^^^^^^^^^^^^^^^^^^^^^^^^^^
  File "/home/pedro_campelo/projects/cin/testesDeValidacaoDeSoftware/flaky-tests-comparative-study/.venv/lib/python3.12/site-packages/_pytest/config/__init__.py", line 2121, in parse_warning_filter
    category: type[Warning] = _resolve_warning_category(category_)
                              ^^^^^^^^^^^^^^^^^^^^^^^^^^^^^^^^^^^^
  File "/home/pedro_campelo/projects/cin/testesDeValidacaoDeSoftware/flaky-tests-comparative-study/.venv/lib/python3.12/site-packages/_pytest/config/__init__.py", line 2168, in _resolve_warning_category
    m = __import__(module, None, None, [klass])
        ^^^^^^^^^^^^^^^^^^^^^^^^^^^^^^^^^^^^^^^
ModuleNotFoundError: No module named 'trio'

During handling of the above exception, another exception occurred:

Traceback (most recent call last):
  File "/home/pedro_campelo/projects/cin/testesDeValidacaoDeSoftware/flaky-tests-comparative-study/.venv/bin/pytest", line 7, in <module>
    sys.exit(console_main())
             ^^^^^^^^^^^^^^
  File "/home/pedro_campelo/projects/cin/testesDeValidacaoDeSoftware/flaky-tests-comparative-study/.venv/lib/python3.12/site-packages/_pytest/config/__init__.py", line 223, in console_main
    code = main()
           ^^^^^^
  File "/home/pedro_campelo/projects/cin/testesDeValidacaoDeSoftware/flaky-tests-comparative-study/.venv/lib/python3.12/site-packages/_pytest/config/__init__.py", line 193, in main
    config = _prepareconfig(new_args, plugins)
             ^^^^^^^^^^^^^^^^^^^^^^^^^^^^^^^^^
  File "/home/pedro_campelo/projects/cin/testesDeValidacaoDeSoftware/flaky-tests-comparative-study/.venv/lib/python3.12/site-packages/_pytest/config/__init__.py", line 361, in _prepareconfig
    config: Config = pluginmanager.hook.pytest_cmdline_parse(
                     ^^^^^^^^^^^^^^^^^^^^^^^^^^^^^^^^^^^^^^^^
  File "/home/pedro_campelo/projects/cin/testesDeValidacaoDeSoftware/flaky-tests-comparative-study/.venv/lib/python3.12/site-packages/pluggy/_hooks.py", line 512, in __call__
    return self._hookexec(self.name, self._hookimpls.copy(), kwargs, firstresult)
           ^^^^^^^^^^^^^^^^^^^^^^^^^^^^^^^^^^^^^^^^^^^^^^^^^^^^^^^^^^^^^^^^^^^^^^
  File "/home/pedro_campelo/projects/cin/testesDeValidacaoDeSoftware/flaky-tests-comparative-study/.venv/lib/python3.12/site-packages/pluggy/_manager.py", line 120, in _hookexec
    return self._inner_hookexec(hook_name, methods, kwargs, firstresult)
           ^^^^^^^^^^^^^^^^^^^^^^^^^^^^^^^^^^^^^^^^^^^^^^^^^^^^^^^^^^^^^
  File "/home/pedro_campelo/projects/cin/testesDeValidacaoDeSoftware/flaky-tests-comparative-study/.venv/lib/python3.12/site-packages/pluggy/_callers.py", line 167, in _multicall
    raise exception
  File "/home/pedro_campelo/projects/cin/testesDeValidacaoDeSoftware/flaky-tests-comparative-study/.venv/lib/python3.12/site-packages/pluggy/_callers.py", line 139, in _multicall
    teardown.throw(exception)
  File "/home/pedro_campelo/projects/cin/testesDeValidacaoDeSoftware/flaky-tests-comparative-study/.venv/lib/python3.12/site-packages/_pytest/helpconfig.py", line 124, in pytest_cmdline_parse
    config = yield
             ^^^^^
  File "/home/pedro_campelo/projects/cin/testesDeValidacaoDeSoftware/flaky-tests-comparative-study/.venv/lib/python3.12/site-packages/pluggy/_callers.py", line 121, in _multicall
    res = hook_impl.function(*args)
          ^^^^^^^^^^^^^^^^^^^^^^^^^
  File "/home/pedro_campelo/projects/cin/testesDeValidacaoDeSoftware/flaky-tests-comparative-study/.venv/lib/python3.12/site-packages/_pytest/config/__init__.py", line 1186, in pytest_cmdline_parse
    self.parse(args)
  File "/home/pedro_campelo/projects/cin/testesDeValidacaoDeSoftware/flaky-tests-comparative-study/.venv/lib/python3.12/site-packages/_pytest/config/__init__.py", line 1556, in parse
    self.hook.pytest_load_initial_conftests(
  File "/home/pedro_campelo/projects/cin/testesDeValidacaoDeSoftware/flaky-tests-comparative-study/.venv/lib/python3.12/site-packages/pluggy/_hooks.py", line 512, in __call__
    return self._hookexec(self.name, self._hookimpls.copy(), kwargs, firstresult)
           ^^^^^^^^^^^^^^^^^^^^^^^^^^^^^^^^^^^^^^^^^^^^^^^^^^^^^^^^^^^^^^^^^^^^^^
  File "/home/pedro_campelo/projects/cin/testesDeValidacaoDeSoftware/flaky-tests-comparative-study/.venv/lib/python3.12/site-packages/pluggy/_manager.py", line 120, in _hookexec
    return self._inner_hookexec(hook_name, methods, kwargs, firstresult)
           ^^^^^^^^^^^^^^^^^^^^^^^^^^^^^^^^^^^^^^^^^^^^^^^^^^^^^^^^^^^^^
  File "/home/pedro_campelo/projects/cin/testesDeValidacaoDeSoftware/flaky-tests-comparative-study/.venv/lib/python3.12/site-packages/pluggy/_callers.py", line 167, in _multicall
    raise exception
  File "/home/pedro_campelo/projects/cin/testesDeValidacaoDeSoftware/flaky-tests-comparative-study/.venv/lib/python3.12/site-packages/pluggy/_callers.py", line 116, in _multicall
    next(function_gen)  # first yield
    ^^^^^^^^^^^^^^^^^^
  File "/home/pedro_campelo/projects/cin/testesDeValidacaoDeSoftware/flaky-tests-comparative-study/.venv/lib/python3.12/site-packages/_pytest/warnings.py", line 125, in pytest_load_initial_conftests
    with catch_warnings_for_item(
  File "/usr/lib/python3.12/contextlib.py", line 137, in __enter__
    return next(self.gen)
           ^^^^^^^^^^^^^^
  File "/home/pedro_campelo/projects/cin/testesDeValidacaoDeSoftware/flaky-tests-comparative-study/.venv/lib/python3.12/site-packages/_pytest/warnings.py", line 46, in catch_warnings_for_item
    apply_warning_filters(config_filters, cmdline_filters)
  File "/home/pedro_campelo/projects/cin/testesDeValidacaoDeSoftware/flaky-tests-comparative-study/.venv/lib/python3.12/site-packages/_pytest/config/__init__.py", line 2185, in apply_warning_filters
    warnings.warn(
pytest.PytestConfigWarning: Failed to import filter module 'trio': ignore: trio.MultiError is deprecated since Trio 0.22.0:trio.TrioDeprecationWarning
