.x...................................................................... [  7%]
.....................s.......................................s.......... [ 14%]
........................................................................ [ 21%]
........................................................................ [ 28%]
...................F.......................s............................ [ 35%]
.......................................................s....s........... [ 42%]
........................................................................ [ 49%]
..........................................x........................xx... [ 56%]
........................................................................ [ 63%]
........................................................................ [ 70%]
........................................................................ [ 77%]
........................................................................ [ 84%]
........................................................................ [ 91%]
...........F.......F...............................pytest-httpbin server hit an exception serving request: [SSL: UNEXPECTED_EOF_WHILE_READING] EOF occurred in violation of protocol (_ssl.c:1000)
attempting to ignore so the rest of the tests can run
..................... [ 98%]
....................                                                     [100%]
=================================== FAILURES ===================================
____________________________ test_meta_elapsed_time ____________________________

httpbin = <pytest_httpbin.serve.Server object at 0x773950937c80>

    def test_meta_elapsed_time(httpbin):
        r = http('--meta', httpbin + '/delay/1')
>       assert f'{ELAPSED_TIME_LABEL}: 1.' in r
E       AssertionError: assert 'Elapsed time: 1.' in 'Elapsed time: -0.338648482s\n\n'

tests/test_meta.py:10: AssertionError
----------------------------- Captured stderr call -----------------------------
127.0.0.1 - - [10/Dec/2025 12:57:20] "GET /delay/1 HTTP/1.1" 200 319
_ test_terminal_output_request_charset_detection[big5-\u5377\u9996\u5377\u9996\u5377\u9996\u5377\u9996\u5377\u5377\u9996\u5377\u9996\u5377\u9996\u5377\u9996\u5377\u9996\u5377\u9996\u5377\u9996\u5377\u9996\u5377\u9996\u5377\u9996\u5377\u9996\u5377\u9996\u5377\u9996] _

charset = 'big5', text = '卷首卷首卷首卷首卷卷首卷首卷首卷首卷首卷首卷首卷首卷首卷首卷首卷首卷首'

    @pytest.mark.parametrize('charset, text', CHARSET_TEXT_PAIRS)
    def test_terminal_output_request_charset_detection(charset, text):
        r = http(
            '--offline',
            DUMMY_URL,
            'Content-Type: text/plain',
            env=MockEnvironment(
                stdin=text.encode(charset),
                stdin_isatty=False,
            ),
        )
>       assert text in r
E       AssertionError: assert '卷首卷首卷首卷首卷卷首卷首卷首卷首卷首卷首卷首卷首卷首卷首卷首卷首卷首' in 'POST / HTTP/1.1\r\nAccept: application/json, */*;q=0.5\r\nAccept-Encoding: gzip, deflate, br\r\nConnection: keep-aliv...xt/plain\r\nHost: this-should.never-resolve\r\nUser-Agent: HTTPie/3.2.4\r\n\r\n뻥솤뻥솤뻥솤뻥솤뻥뻥솤뻥솤뻥솤뻥솤뻥솤뻥솤뻥솤뻥솤뻥솤뻥솤뻥솤뻥솤뻥솤\n\n'

tests/test_encoding.py:222: AssertionError
_ test_terminal_output_response_charset_detection[big5-\u5377\u9996\u5377\u9996\u5377\u9996\u5377\u9996\u5377\u5377\u9996\u5377\u9996\u5377\u9996\u5377\u9996\u5377\u9996\u5377\u9996\u5377\u9996\u5377\u9996\u5377\u9996\u5377\u9996\u5377\u9996\u5377\u9996\u5377\u9996] _

text = '卷首卷首卷首卷首卷卷首卷首卷首卷首卷首卷首卷首卷首卷首卷首卷首卷首卷首', charset = 'big5'

    @pytest.mark.parametrize('charset, text', CHARSET_TEXT_PAIRS)
    @responses.activate
    def test_terminal_output_response_charset_detection(text, charset):
        responses.add(
            method=responses.POST,
            url=DUMMY_URL,
            body=text.encode(charset),
            content_type='text/plain',
        )
        r = http('--form', 'POST', DUMMY_URL)
>       assert text in r
E       AssertionError: assert '卷首卷首卷首卷首卷卷首卷首卷首卷首卷首卷首卷首卷首卷首卷首卷首卷首卷首' in 'HTTP/1.1 200 OK\r\nContent-Type: text/plain\r\n\r\n뻥솤뻥솤뻥솤뻥솤뻥뻥솤뻥솤뻥솤뻥솤뻥솤뻥솤뻥솤뻥솤뻥솤뻥솤뻥솤뻥솤뻥솤\n\n'

tests/test_encoding.py:147: AssertionError
=============================== warnings summary ===============================
tests/test_redirects.py::test_max_redirects
tests/test_redirects.py::test_max_redirects
  <frozen importlib._bootstrap_external>:753: ResourceWarning: unclosed file <_io.BufferedReader name='/home/pedro_campelo/projects/cin/testesDeValidacaoDeSoftware/flaky-tests-experiments/httpie/tests/fixtures/test.txt'>
  Enable tracemalloc to get traceback where the object was allocated.
  See https://docs.pytest.org/en/stable/how-to/capture-warnings.html#resource-warnings for more info.

tests/test_sessions.py::TestCookieStorage::test_cookie_storage_priority[cookie1=not_foo--not_foo]
tests/test_sessions.py::TestCookieStorage::test_cookie_storage_priority[cookie1=not_foo--not_foo]
tests/test_httpie.py::test_headers_fully_omit[https]
  /usr/lib/python3.12/collections/__init__.py:449: ResourceWarning: unclosed file <_io.BufferedReader name='/home/pedro_campelo/projects/cin/testesDeValidacaoDeSoftware/flaky-tests-experiments/httpie/tests/fixtures/test.txt'>
    result = tuple_new(cls, iterable)
  Enable tracemalloc to get traceback where the object was allocated.
  See https://docs.pytest.org/en/stable/how-to/capture-warnings.html#resource-warnings for more info.

tests/test_sessions.py::test_secure_cookies_on_localhost[localhost_http_server-expected_cookies0]
  /home/pedro_campelo/projects/cin/testesDeValidacaoDeSoftware/flaky-tests-comparative-study/.venv-httpie/lib/python3.12/site-packages/_pytest/fixtures.py:924: ResourceWarning: unclosed <socket.socket fd=14, family=2, type=1, proto=0, laddr=('127.0.0.1', 33579)>
    next(it)
  Enable tracemalloc to get traceback where the object was allocated.
  See https://docs.pytest.org/en/stable/how-to/capture-warnings.html#resource-warnings for more info.

tests/test_sessions.py::TestSession::test_download_in_session
  /home/pedro_campelo/projects/cin/testesDeValidacaoDeSoftware/flaky-tests-experiments/httpie/httpie/core.py:100: ResourceWarning: unclosed file <_io.FileIO name='get.json' mode='ab+' closefd=True>
    exit_status = main_program(
  Enable tracemalloc to get traceback where the object was allocated.
  See https://docs.pytest.org/en/stable/how-to/capture-warnings.html#resource-warnings for more info.

tests/test_httpie.py::test_headers_empty_value[https]
tests/test_uploads.py::TestMultipartFormDataFileUpload::test_multipart_preserve_order
tests/test_uploads.py::TestMultipartFormDataFileUpload::test_form_no_files_urlencoded
tests/test_encoding.py::test_unicode_url_query_arg_item
  /usr/lib/python3.12/collections/__init__.py:449: ResourceWarning: unclosed file <_io.FileIO name='/home/pedro_campelo/projects/cin/testesDeValidacaoDeSoftware/flaky-tests-experiments/httpie/tests/fixtures/test.txt' mode='rb' closefd=True>
    result = tuple_new(cls, iterable)
  Enable tracemalloc to get traceback where the object was allocated.
  See https://docs.pytest.org/en/stable/how-to/capture-warnings.html#resource-warnings for more info.

tests/test_compress.py::test_compress_json[https]
tests/test_httpie.py::test_response_headers_multiple_representation[format]
tests/test_offline.py::test_offline_raw_empty_should_use_POST
tests/test_uploads.py::TestMultipartFormDataFileUpload::test_multipart_preserve_order
tests/test_uploads.py::TestMultipartFormDataFileUpload::test_upload_custom_content_type
tests/test_uploads.py::TestRequestBodyFromFilePath::test_multiple_request_bodies_from_file_by_path
tests/test_uploads.py::TestRequestBodyFromFilePath::test_request_body_from_file_by_path
tests/test_uploads.py::TestRequestBodyFromFilePath::test_request_body_from_file_by_path_with_explicit_content_type
  /home/pedro_campelo/projects/cin/testesDeValidacaoDeSoftware/flaky-tests-experiments/httpie/httpie/cli/argparser.py:159: ResourceWarning: unclosed file <_io.BufferedReader name='/home/pedro_campelo/projects/cin/testesDeValidacaoDeSoftware/flaky-tests-experiments/httpie/tests/fixtures/test.txt'>
    self.args, no_options = super().parse_known_args(args, namespace)
  Enable tracemalloc to get traceback where the object was allocated.
  See https://docs.pytest.org/en/stable/how-to/capture-warnings.html#resource-warnings for more info.

tests/test_httpie.py::test_POST_raw[http]
  /usr/lib/python3.12/collections/__init__.py:458: ResourceWarning: unclosed file <_io.FileIO name='/home/pedro_campelo/projects/cin/testesDeValidacaoDeSoftware/flaky-tests-experiments/httpie/tests/fixtures/test.txt' mode='rb' closefd=True>
    result = self._make(_map(kwds.pop, field_names, self))
  Enable tracemalloc to get traceback where the object was allocated.
  See https://docs.pytest.org/en/stable/how-to/capture-warnings.html#resource-warnings for more info.

tests/test_compress.py::test_compress_json[http]
  /usr/lib/python3.12/collections/__init__.py:458: ResourceWarning: unclosed file <_io.BufferedReader name='/home/pedro_campelo/projects/cin/testesDeValidacaoDeSoftware/flaky-tests-experiments/httpie/tests/fixtures/test.txt'>
    result = self._make(_map(kwds.pop, field_names, self))
  Enable tracemalloc to get traceback where the object was allocated.
  See https://docs.pytest.org/en/stable/how-to/capture-warnings.html#resource-warnings for more info.

tests/test_httpie.py::test_response_headers_multiple_representation[format]
  /home/pedro_campelo/projects/cin/testesDeValidacaoDeSoftware/flaky-tests-comparative-study/.venv-httpie/lib/python3.12/site-packages/_pytest/fixtures.py:924: ResourceWarning: unclosed <socket.socket fd=14, family=2, type=1, proto=0, laddr=('127.0.0.1', 35395)>
    next(it)
  Enable tracemalloc to get traceback where the object was allocated.
  See https://docs.pytest.org/en/stable/how-to/capture-warnings.html#resource-warnings for more info.

tests/test_httpie.py::test_response_headers_multiple
  /home/pedro_campelo/projects/cin/testesDeValidacaoDeSoftware/flaky-tests-comparative-study/.venv-httpie/lib/python3.12/site-packages/_pytest/fixtures.py:924: ResourceWarning: unclosed <socket.socket fd=14, family=2, type=1, proto=0, laddr=('127.0.0.1', 42955)>
    next(it)
  Enable tracemalloc to get traceback where the object was allocated.
  See https://docs.pytest.org/en/stable/how-to/capture-warnings.html#resource-warnings for more info.

tests/test_httpie.py::test_response_headers_multiple_representation[none]
  /home/pedro_campelo/projects/cin/testesDeValidacaoDeSoftware/flaky-tests-comparative-study/.venv-httpie/lib/python3.12/site-packages/_pytest/fixtures.py:924: ResourceWarning: unclosed <socket.socket fd=14, family=2, type=1, proto=0, laddr=('127.0.0.1', 46649)>
    next(it)
  Enable tracemalloc to get traceback where the object was allocated.
  See https://docs.pytest.org/en/stable/how-to/capture-warnings.html#resource-warnings for more info.

tests/test_httpie.py::test_response_headers_multiple_repeated
  /home/pedro_campelo/projects/cin/testesDeValidacaoDeSoftware/flaky-tests-comparative-study/.venv-httpie/lib/python3.12/site-packages/_pytest/fixtures.py:924: ResourceWarning: unclosed <socket.socket fd=12, family=2, type=1, proto=0, laddr=('127.0.0.1', 37831)>
    next(it)
  Enable tracemalloc to get traceback where the object was allocated.
  See https://docs.pytest.org/en/stable/how-to/capture-warnings.html#resource-warnings for more info.

tests/test_cookie_on_redirects.py::test_server_set_cookie_on_redirect_different_domain[True]
  /home/pedro_campelo/projects/cin/testesDeValidacaoDeSoftware/flaky-tests-comparative-study/.venv-httpie/lib/python3.12/site-packages/_pytest/fixtures.py:924: ResourceWarning: unclosed <socket.socket fd=12, family=2, type=1, proto=0, laddr=('127.0.0.1', 37165)>
    next(it)
  Enable tracemalloc to get traceback where the object was allocated.
  See https://docs.pytest.org/en/stable/how-to/capture-warnings.html#resource-warnings for more info.

tests/test_cookie_on_redirects.py::test_server_set_cookie_on_redirect_different_domain[False]
  /home/pedro_campelo/projects/cin/testesDeValidacaoDeSoftware/flaky-tests-comparative-study/.venv-httpie/lib/python3.12/site-packages/_pytest/fixtures.py:924: ResourceWarning: unclosed <socket.socket fd=12, family=2, type=1, proto=0, laddr=('127.0.0.1', 34503)>
    next(it)
  Enable tracemalloc to get traceback where the object was allocated.
  See https://docs.pytest.org/en/stable/how-to/capture-warnings.html#resource-warnings for more info.

tests/test_update_warnings.py::test_check_updates_first_time_after_data_fetch[True-higher_build_channel]
  /usr/lib/python3.12/unittest/mock.py:2188: ResourceWarning: unclosed file <_io.TextIOWrapper name='/tmp/httpie_stderrn34pcoz6' mode='w+t' encoding='utf-8'>
    def __init__(self, name, parent):
  Enable tracemalloc to get traceback where the object was allocated.
  See https://docs.pytest.org/en/stable/how-to/capture-warnings.html#resource-warnings for more info.

tests/test_update_warnings.py::test_daemon_runner
  /home/pedro_campelo/projects/cin/testesDeValidacaoDeSoftware/flaky-tests-experiments/httpie/httpie/internal/daemons.py:67: DeprecationWarning: This process (pid=56956) is multi-threaded, use of fork() may lead to deadlocks in the child.
    pid = os.fork()

tests/test_stream.py: 8 warnings
tests/test_encoding.py: 12 warnings
  /home/pedro_campelo/projects/cin/testesDeValidacaoDeSoftware/flaky-tests-comparative-study/.venv-httpie/lib/python3.12/site-packages/responses/__init__.py:609: DeprecationWarning: stream argument is deprecated. Use stream parameter in request directly
    warn(

tests/test_stream.py::test_auto_streaming[extras1-3]
  /home/pedro_campelo/projects/cin/testesDeValidacaoDeSoftware/flaky-tests-comparative-study/.venv-httpie/lib/python3.12/site-packages/_pytest/fixtures.py:924: ResourceWarning: unclosed <socket.socket fd=24, family=2, type=1, proto=0, laddr=('127.0.0.1', 35767)>
    next(it)
  Enable tracemalloc to get traceback where the object was allocated.
  See https://docs.pytest.org/en/stable/how-to/capture-warnings.html#resource-warnings for more info.

tests/test_stream.py::test_auto_streaming[extras2-1]
  /home/pedro_campelo/projects/cin/testesDeValidacaoDeSoftware/flaky-tests-comparative-study/.venv-httpie/lib/python3.12/site-packages/_pytest/fixtures.py:924: ResourceWarning: unclosed <socket.socket fd=24, family=2, type=1, proto=0, laddr=('127.0.0.1', 33985)>
    next(it)
  Enable tracemalloc to get traceback where the object was allocated.
  See https://docs.pytest.org/en/stable/how-to/capture-warnings.html#resource-warnings for more info.

tests/test_stream.py::test_auto_streaming[extras0-3]
  /home/pedro_campelo/projects/cin/testesDeValidacaoDeSoftware/flaky-tests-comparative-study/.venv-httpie/lib/python3.12/site-packages/_pytest/fixtures.py:924: ResourceWarning: unclosed <socket.socket fd=24, family=2, type=1, proto=0, laddr=('127.0.0.1', 35341)>
    next(it)
  Enable tracemalloc to get traceback where the object was allocated.
  See https://docs.pytest.org/en/stable/how-to/capture-warnings.html#resource-warnings for more info.

tests/test_stream.py::test_streaming_encoding_detection
  /home/pedro_campelo/projects/cin/testesDeValidacaoDeSoftware/flaky-tests-comparative-study/.venv-httpie/lib/python3.12/site-packages/_pytest/fixtures.py:924: ResourceWarning: unclosed <socket.socket fd=24, family=2, type=1, proto=0, laddr=('127.0.0.1', 42601)>
    next(it)
  Enable tracemalloc to get traceback where the object was allocated.
  See https://docs.pytest.org/en/stable/how-to/capture-warnings.html#resource-warnings for more info.

tests/test_binary.py::TestBinaryResponseData::test_binary_included_and_correct_when_suitable
  /usr/lib/python3.12/collections/__init__.py:449: ResourceWarning: unclosed file <_io.BufferedReader name='/home/pedro_campelo/projects/cin/testesDeValidacaoDeSoftware/flaky-tests-experiments/httpie/tests/fixtures/test.bin'>
    result = tuple_new(cls, iterable)
  Enable tracemalloc to get traceback where the object was allocated.
  See https://docs.pytest.org/en/stable/how-to/capture-warnings.html#resource-warnings for more info.

tests/test_binary.py::TestBinaryResponseData::test_binary_included_and_correct_when_suitable
  /usr/lib/python3.12/collections/__init__.py:449: ResourceWarning: unclosed file <_io.FileIO name='/home/pedro_campelo/projects/cin/testesDeValidacaoDeSoftware/flaky-tests-experiments/httpie/tests/fixtures/test.bin' mode='rb' closefd=True>
    result = tuple_new(cls, iterable)
  Enable tracemalloc to get traceback where the object was allocated.
  See https://docs.pytest.org/en/stable/how-to/capture-warnings.html#resource-warnings for more info.

tests/test_output.py::test_ensure_status_code_is_shown_on_all_themes[-pie-dark]
  /home/pedro_campelo/projects/cin/testesDeValidacaoDeSoftware/flaky-tests-comparative-study/.venv-httpie/lib/python3.12/site-packages/_pytest/fixtures.py:924: ResourceWarning: unclosed <socket.socket fd=29, family=2, type=1, proto=0, laddr=('127.0.0.1', 46313)>
    next(it)
  Enable tracemalloc to get traceback where the object was allocated.
  See https://docs.pytest.org/en/stable/how-to/capture-warnings.html#resource-warnings for more info.

tests/test_output.py::test_ensure_status_code_is_shown_on_all_themes[ CUSTOM -auto]
  /home/pedro_campelo/projects/cin/testesDeValidacaoDeSoftware/flaky-tests-comparative-study/.venv-httpie/lib/python3.12/site-packages/_pytest/fixtures.py:924: ResourceWarning: unclosed <socket.socket fd=29, family=2, type=1, proto=0, laddr=('127.0.0.1', 45617)>
    next(it)
  Enable tracemalloc to get traceback where the object was allocated.
  See https://docs.pytest.org/en/stable/how-to/capture-warnings.html#resource-warnings for more info.

tests/test_output.py::test_ensure_status_code_is_shown_on_all_themes[ -pie-dark]
  /home/pedro_campelo/projects/cin/testesDeValidacaoDeSoftware/flaky-tests-comparative-study/.venv-httpie/lib/python3.12/site-packages/_pytest/fixtures.py:924: ResourceWarning: unclosed <socket.socket fd=24, family=2, type=1, proto=0, laddr=('127.0.0.1', 38227)>
    next(it)
  Enable tracemalloc to get traceback where the object was allocated.
  See https://docs.pytest.org/en/stable/how-to/capture-warnings.html#resource-warnings for more info.

tests/test_output.py::test_ensure_status_code_is_shown_on_all_themes[ -pie-light]
  /home/pedro_campelo/projects/cin/testesDeValidacaoDeSoftware/flaky-tests-comparative-study/.venv-httpie/lib/python3.12/site-packages/_pytest/fixtures.py:924: ResourceWarning: unclosed <socket.socket fd=24, family=2, type=1, proto=0, laddr=('127.0.0.1', 37591)>
    next(it)
  Enable tracemalloc to get traceback where the object was allocated.
  See https://docs.pytest.org/en/stable/how-to/capture-warnings.html#resource-warnings for more info.

tests/test_output.py::test_ensure_status_code_is_shown_on_all_themes[ -auto]
  /home/pedro_campelo/projects/cin/testesDeValidacaoDeSoftware/flaky-tests-comparative-study/.venv-httpie/lib/python3.12/site-packages/_pytest/fixtures.py:924: ResourceWarning: unclosed <socket.socket fd=24, family=2, type=1, proto=0, laddr=('127.0.0.1', 42307)>
    next(it)
  Enable tracemalloc to get traceback where the object was allocated.
  See https://docs.pytest.org/en/stable/how-to/capture-warnings.html#resource-warnings for more info.

tests/test_output.py::test_ensure_status_code_is_shown_on_all_themes[ CUSTOM -solarized]
  /home/pedro_campelo/projects/cin/testesDeValidacaoDeSoftware/flaky-tests-comparative-study/.venv-httpie/lib/python3.12/site-packages/_pytest/fixtures.py:924: ResourceWarning: unclosed <socket.socket fd=24, family=2, type=1, proto=0, laddr=('127.0.0.1', 39901)>
    next(it)
  Enable tracemalloc to get traceback where the object was allocated.
  See https://docs.pytest.org/en/stable/how-to/capture-warnings.html#resource-warnings for more info.

tests/test_output.py::test_ensure_status_code_is_shown_on_all_themes[ OK-pie-dark]
  /home/pedro_campelo/projects/cin/testesDeValidacaoDeSoftware/flaky-tests-comparative-study/.venv-httpie/lib/python3.12/site-packages/_pytest/fixtures.py:924: ResourceWarning: unclosed <socket.socket fd=24, family=2, type=1, proto=0, laddr=('127.0.0.1', 33215)>
    next(it)
  Enable tracemalloc to get traceback where the object was allocated.
  See https://docs.pytest.org/en/stable/how-to/capture-warnings.html#resource-warnings for more info.

tests/test_output.py::test_ensure_status_code_is_shown_on_all_themes[ OK -solarized]
  /home/pedro_campelo/projects/cin/testesDeValidacaoDeSoftware/flaky-tests-comparative-study/.venv-httpie/lib/python3.12/site-packages/_pytest/fixtures.py:924: ResourceWarning: unclosed <socket.socket fd=24, family=2, type=1, proto=0, laddr=('127.0.0.1', 34315)>
    next(it)
  Enable tracemalloc to get traceback where the object was allocated.
  See https://docs.pytest.org/en/stable/how-to/capture-warnings.html#resource-warnings for more info.

tests/test_output.py::test_ensure_status_code_is_shown_on_all_themes[ OK-solarized]
  /home/pedro_campelo/projects/cin/testesDeValidacaoDeSoftware/flaky-tests-comparative-study/.venv-httpie/lib/python3.12/site-packages/_pytest/fixtures.py:924: ResourceWarning: unclosed <socket.socket fd=24, family=2, type=1, proto=0, laddr=('127.0.0.1', 38219)>
    next(it)
  Enable tracemalloc to get traceback where the object was allocated.
  See https://docs.pytest.org/en/stable/how-to/capture-warnings.html#resource-warnings for more info.

tests/test_output.py::test_ensure_status_code_is_shown_on_all_themes[ -pie]
  /home/pedro_campelo/projects/cin/testesDeValidacaoDeSoftware/flaky-tests-comparative-study/.venv-httpie/lib/python3.12/site-packages/_pytest/fixtures.py:924: ResourceWarning: unclosed <socket.socket fd=24, family=2, type=1, proto=0, laddr=('127.0.0.1', 34903)>
    next(it)
  Enable tracemalloc to get traceback where the object was allocated.
  See https://docs.pytest.org/en/stable/how-to/capture-warnings.html#resource-warnings for more info.

tests/test_output.py::test_ensure_status_code_is_shown_on_all_themes[ OK -pie]
  /home/pedro_campelo/projects/cin/testesDeValidacaoDeSoftware/flaky-tests-comparative-study/.venv-httpie/lib/python3.12/site-packages/_pytest/fixtures.py:924: ResourceWarning: unclosed <socket.socket fd=24, family=2, type=1, proto=0, laddr=('127.0.0.1', 44037)>
    next(it)
  Enable tracemalloc to get traceback where the object was allocated.
  See https://docs.pytest.org/en/stable/how-to/capture-warnings.html#resource-warnings for more info.

tests/test_output.py::test_ensure_status_code_is_shown_on_all_themes[ CUSTOM -pie-dark]
  /home/pedro_campelo/projects/cin/testesDeValidacaoDeSoftware/flaky-tests-comparative-study/.venv-httpie/lib/python3.12/site-packages/_pytest/fixtures.py:924: ResourceWarning: unclosed <socket.socket fd=23, family=2, type=1, proto=0, laddr=('127.0.0.1', 43227)>
    next(it)
  Enable tracemalloc to get traceback where the object was allocated.
  See https://docs.pytest.org/en/stable/how-to/capture-warnings.html#resource-warnings for more info.

tests/test_output.py::test_ensure_status_code_is_shown_on_all_themes[-pie-light]
  /home/pedro_campelo/projects/cin/testesDeValidacaoDeSoftware/flaky-tests-comparative-study/.venv-httpie/lib/python3.12/site-packages/_pytest/fixtures.py:924: ResourceWarning: unclosed <socket.socket fd=23, family=2, type=1, proto=0, laddr=('127.0.0.1', 45009)>
    next(it)
  Enable tracemalloc to get traceback where the object was allocated.
  See https://docs.pytest.org/en/stable/how-to/capture-warnings.html#resource-warnings for more info.

tests/test_output.py::test_ensure_status_code_is_shown_on_all_themes[ OK-pie-light]
  /home/pedro_campelo/projects/cin/testesDeValidacaoDeSoftware/flaky-tests-comparative-study/.venv-httpie/lib/python3.12/site-packages/_pytest/fixtures.py:924: ResourceWarning: unclosed <socket.socket fd=23, family=2, type=1, proto=0, laddr=('127.0.0.1', 38809)>
    next(it)
  Enable tracemalloc to get traceback where the object was allocated.
  See https://docs.pytest.org/en/stable/how-to/capture-warnings.html#resource-warnings for more info.

tests/test_output.py::test_ensure_status_code_is_shown_on_all_themes[ OK -pie-light]
  /home/pedro_campelo/projects/cin/testesDeValidacaoDeSoftware/flaky-tests-comparative-study/.venv-httpie/lib/python3.12/site-packages/_pytest/fixtures.py:924: ResourceWarning: unclosed <socket.socket fd=23, family=2, type=1, proto=0, laddr=('127.0.0.1', 45957)>
    next(it)
  Enable tracemalloc to get traceback where the object was allocated.
  See https://docs.pytest.org/en/stable/how-to/capture-warnings.html#resource-warnings for more info.

tests/test_output.py::test_ensure_status_code_is_shown_on_all_themes[-pie]
  /home/pedro_campelo/projects/cin/testesDeValidacaoDeSoftware/flaky-tests-comparative-study/.venv-httpie/lib/python3.12/site-packages/_pytest/fixtures.py:924: ResourceWarning: unclosed <socket.socket fd=23, family=2, type=1, proto=0, laddr=('127.0.0.1', 38961)>
    next(it)
  Enable tracemalloc to get traceback where the object was allocated.
  See https://docs.pytest.org/en/stable/how-to/capture-warnings.html#resource-warnings for more info.

tests/test_output.py::test_ensure_status_code_is_shown_on_all_themes[ OK-auto]
  /home/pedro_campelo/projects/cin/testesDeValidacaoDeSoftware/flaky-tests-comparative-study/.venv-httpie/lib/python3.12/site-packages/_pytest/fixtures.py:924: ResourceWarning: unclosed <socket.socket fd=23, family=2, type=1, proto=0, laddr=('127.0.0.1', 34135)>
    next(it)
  Enable tracemalloc to get traceback where the object was allocated.
  See https://docs.pytest.org/en/stable/how-to/capture-warnings.html#resource-warnings for more info.

tests/test_output.py::test_ensure_status_code_is_shown_on_all_themes[-solarized]
  /home/pedro_campelo/projects/cin/testesDeValidacaoDeSoftware/flaky-tests-comparative-study/.venv-httpie/lib/python3.12/site-packages/_pytest/fixtures.py:924: ResourceWarning: unclosed <socket.socket fd=23, family=2, type=1, proto=0, laddr=('127.0.0.1', 45085)>
    next(it)
  Enable tracemalloc to get traceback where the object was allocated.
  See https://docs.pytest.org/en/stable/how-to/capture-warnings.html#resource-warnings for more info.

tests/test_output.py::test_ensure_status_code_is_shown_on_all_themes[-auto]
  /home/pedro_campelo/projects/cin/testesDeValidacaoDeSoftware/flaky-tests-comparative-study/.venv-httpie/lib/python3.12/site-packages/_pytest/fixtures.py:924: ResourceWarning: unclosed <socket.socket fd=23, family=2, type=1, proto=0, laddr=('127.0.0.1', 41615)>
    next(it)
  Enable tracemalloc to get traceback where the object was allocated.
  See https://docs.pytest.org/en/stable/how-to/capture-warnings.html#resource-warnings for more info.

tests/test_output.py::test_ensure_status_code_is_shown_on_all_themes[ OK-pie]
  /home/pedro_campelo/projects/cin/testesDeValidacaoDeSoftware/flaky-tests-comparative-study/.venv-httpie/lib/python3.12/site-packages/_pytest/fixtures.py:924: ResourceWarning: unclosed <socket.socket fd=23, family=2, type=1, proto=0, laddr=('127.0.0.1', 44441)>
    next(it)
  Enable tracemalloc to get traceback where the object was allocated.
  See https://docs.pytest.org/en/stable/how-to/capture-warnings.html#resource-warnings for more info.

tests/test_output.py::test_ensure_status_code_is_shown_on_all_themes[ CUSTOM -pie]
  /home/pedro_campelo/projects/cin/testesDeValidacaoDeSoftware/flaky-tests-comparative-study/.venv-httpie/lib/python3.12/site-packages/_pytest/fixtures.py:924: ResourceWarning: unclosed <socket.socket fd=23, family=2, type=1, proto=0, laddr=('127.0.0.1', 37527)>
    next(it)
  Enable tracemalloc to get traceback where the object was allocated.
  See https://docs.pytest.org/en/stable/how-to/capture-warnings.html#resource-warnings for more info.

tests/test_output.py::test_ensure_status_code_is_shown_on_all_themes[ -solarized]
  /home/pedro_campelo/projects/cin/testesDeValidacaoDeSoftware/flaky-tests-comparative-study/.venv-httpie/lib/python3.12/site-packages/_pytest/fixtures.py:924: ResourceWarning: unclosed <socket.socket fd=23, family=2, type=1, proto=0, laddr=('127.0.0.1', 46755)>
    next(it)
  Enable tracemalloc to get traceback where the object was allocated.
  See https://docs.pytest.org/en/stable/how-to/capture-warnings.html#resource-warnings for more info.

tests/test_output.py::test_ensure_status_code_is_shown_on_all_themes[ OK -auto]
  /home/pedro_campelo/projects/cin/testesDeValidacaoDeSoftware/flaky-tests-comparative-study/.venv-httpie/lib/python3.12/site-packages/_pytest/fixtures.py:924: ResourceWarning: unclosed <socket.socket fd=23, family=2, type=1, proto=0, laddr=('127.0.0.1', 42005)>
    next(it)
  Enable tracemalloc to get traceback where the object was allocated.
  See https://docs.pytest.org/en/stable/how-to/capture-warnings.html#resource-warnings for more info.

tests/test_output.py::test_ensure_status_code_is_shown_on_all_themes[ CUSTOM -pie-light]
  /home/pedro_campelo/projects/cin/testesDeValidacaoDeSoftware/flaky-tests-comparative-study/.venv-httpie/lib/python3.12/site-packages/_pytest/fixtures.py:924: ResourceWarning: unclosed <socket.socket fd=23, family=2, type=1, proto=0, laddr=('127.0.0.1', 34817)>
    next(it)
  Enable tracemalloc to get traceback where the object was allocated.
  See https://docs.pytest.org/en/stable/how-to/capture-warnings.html#resource-warnings for more info.

tests/test_output.py::test_ensure_status_code_is_shown_on_all_themes[ OK -pie-dark]
  /home/pedro_campelo/projects/cin/testesDeValidacaoDeSoftware/flaky-tests-comparative-study/.venv-httpie/lib/python3.12/site-packages/_pytest/fixtures.py:924: ResourceWarning: unclosed <socket.socket fd=23, family=2, type=1, proto=0, laddr=('127.0.0.1', 32791)>
    next(it)
  Enable tracemalloc to get traceback where the object was allocated.
  See https://docs.pytest.org/en/stable/how-to/capture-warnings.html#resource-warnings for more info.

tests/test_output.py::TestQuietFlag::test_quiet_quiet_with_check_status_non_zero_pipe
tests/test_output.py::TestQuietFlag::test_quiet_with_output_redirection[False-quiet_flags2]
tests/test_output.py::TestQuietFlag::test_quiet[quiet_flags3]
  /home/pedro_campelo/projects/cin/testesDeValidacaoDeSoftware/flaky-tests-experiments/httpie/httpie/cli/argparser.py:157: ResourceWarning: unclosed file <_io.TextIOWrapper name=24 mode='w+t' encoding='utf-8'>
    self.env = env
  Enable tracemalloc to get traceback where the object was allocated.
  See https://docs.pytest.org/en/stable/how-to/capture-warnings.html#resource-warnings for more info.

tests/test_output.py::TestQuietFlag::test_quiet_with_output_redirection[False-quiet_flags3]
tests/test_output.py::TestQuietFlag::test_quiet_with_output_redirection[False-quiet_flags0]
tests/test_output.py::TestQuietFlag::test_quiet_with_explicit_output_options[-h-quiet_flags2]
  /home/pedro_campelo/projects/cin/testesDeValidacaoDeSoftware/flaky-tests-experiments/httpie/httpie/cli/argparser.py:157: ResourceWarning: unclosed file <_io.TextIOWrapper name=26 mode='w+t' encoding='utf-8'>
    self.env = env
  Enable tracemalloc to get traceback where the object was allocated.
  See https://docs.pytest.org/en/stable/how-to/capture-warnings.html#resource-warnings for more info.

tests/test_output.py::TestQuietFlag::test_quiet_with_output_redirection[True-quiet_flags3]
  /home/pedro_campelo/projects/cin/testesDeValidacaoDeSoftware/flaky-tests-experiments/httpie/httpie/cli/argparser.py:157: ResourceWarning: unclosed file <_io.TextIOWrapper name=29 mode='w+t' encoding='utf-8'>
    self.env = env
  Enable tracemalloc to get traceback where the object was allocated.
  See https://docs.pytest.org/en/stable/how-to/capture-warnings.html#resource-warnings for more info.

tests/test_output.py::TestQuietFlag::test_quiet_with_explicit_output_options[-v-quiet_flags3]
tests/test_output.py::TestQuietFlag::test_quiet_with_output_redirection[True-quiet_flags2]
tests/test_output.py::TestQuietFlag::test_double_quiet_on_error
tests/test_output.py::TestQuietFlag::test_quiet_with_password_prompt[quiet_flags1]
  /home/pedro_campelo/projects/cin/testesDeValidacaoDeSoftware/flaky-tests-experiments/httpie/httpie/cli/argparser.py:157: ResourceWarning: unclosed file <_io.TextIOWrapper name=30 mode='w+t' encoding='utf-8'>
    self.env = env
  Enable tracemalloc to get traceback where the object was allocated.
  See https://docs.pytest.org/en/stable/how-to/capture-warnings.html#resource-warnings for more info.

tests/test_output.py::TestQuietFlag::test_quiet_with_explicit_output_options[-v-quiet_flags2]
tests/test_output.py::TestQuietFlag::test_quiet_with_explicit_output_options[-v-quiet_flags0]
tests/test_output.py::TestQuietFlag::test_quiet_with_output_redirection[True-quiet_flags0]
tests/test_output.py::TestQuietFlag::test_quiet_with_explicit_output_options[-p=hH-quiet_flags1]
tests/test_output.py::TestQuietFlag::test_quiet_with_password_prompt[quiet_flags0]
tests/test_output.py::TestQuietFlag::test_quiet[quiet_flags2]
  /home/pedro_campelo/projects/cin/testesDeValidacaoDeSoftware/flaky-tests-experiments/httpie/httpie/cli/argparser.py:157: ResourceWarning: unclosed file <_io.TextIOWrapper name=31 mode='w+t' encoding='utf-8'>
    self.env = env
  Enable tracemalloc to get traceback where the object was allocated.
  See https://docs.pytest.org/en/stable/how-to/capture-warnings.html#resource-warnings for more info.

tests/test_output.py::TestQuietFlag::test_quiet_with_output_redirection[False-quiet_flags1]
tests/test_output.py::TestQuietFlag::test_quiet_with_output_redirection[True-quiet_flags1]
tests/test_output.py::TestQuietFlag::test_quiet_with_explicit_output_options[-p=hH-quiet_flags0]
tests/test_output.py::TestQuietFlag::test_quiet_with_explicit_output_options[-p=hH-quiet_flags2]
tests/test_compress.py::test_cannot_combine_compress_with_chunked
  /home/pedro_campelo/projects/cin/testesDeValidacaoDeSoftware/flaky-tests-experiments/httpie/httpie/cli/argparser.py:157: ResourceWarning: unclosed file <_io.TextIOWrapper name=32 mode='w+t' encoding='utf-8'>
    self.env = env
  Enable tracemalloc to get traceback where the object was allocated.
  See https://docs.pytest.org/en/stable/how-to/capture-warnings.html#resource-warnings for more info.

tests/test_output.py::TestQuietFlag::test_quiet_with_explicit_output_options[-v-quiet_flags1]
tests/test_output.py::TestQuietFlag::test_quiet_with_explicit_output_options[-b-quiet_flags3]
tests/test_output.py::TestQuietFlag::test_quiet_with_password_prompt[quiet_flags2]
tests/test_output.py::TestQuietFlag::test_quiet_with_explicit_output_options[-h-quiet_flags1]
  /home/pedro_campelo/projects/cin/testesDeValidacaoDeSoftware/flaky-tests-experiments/httpie/httpie/cli/argparser.py:157: ResourceWarning: unclosed file <_io.TextIOWrapper name=33 mode='w+t' encoding='utf-8'>
    self.env = env
  Enable tracemalloc to get traceback where the object was allocated.
  See https://docs.pytest.org/en/stable/how-to/capture-warnings.html#resource-warnings for more info.

tests/test_output.py::TestQuietFlag::test_quiet_with_check_status_non_zero
tests/test_output.py::TestQuietFlag::test_quiet_with_explicit_output_options[-b-quiet_flags2]
  /home/pedro_campelo/projects/cin/testesDeValidacaoDeSoftware/flaky-tests-experiments/httpie/httpie/cli/argparser.py:157: ResourceWarning: unclosed file <_io.TextIOWrapper name=34 mode='w+t' encoding='utf-8'>
    self.env = env
  Enable tracemalloc to get traceback where the object was allocated.
  See https://docs.pytest.org/en/stable/how-to/capture-warnings.html#resource-warnings for more info.

tests/test_output.py::TestQuietFlag::test_quiet_quiet_with_check_status_non_zero
tests/test_output.py::TestQuietFlag::test_quiet_with_explicit_output_options[-b-quiet_flags1]
tests/test_output.py::TestQuietFlag::test_quiet[quiet_flags0]
  /home/pedro_campelo/projects/cin/testesDeValidacaoDeSoftware/flaky-tests-experiments/httpie/httpie/cli/argparser.py:157: ResourceWarning: unclosed file <_io.TextIOWrapper name=35 mode='w+t' encoding='utf-8'>
    self.env = env
  Enable tracemalloc to get traceback where the object was allocated.
  See https://docs.pytest.org/en/stable/how-to/capture-warnings.html#resource-warnings for more info.

tests/test_output.py::TestQuietFlag::test_quiet_with_explicit_output_options[-b-quiet_flags0]
tests/test_output.py::TestQuietFlag::test_quiet_with_explicit_output_options[-p=hH-quiet_flags3]
tests/test_output.py::TestQuietFlag::test_quiet_with_explicit_output_options[-h-quiet_flags0]
  /home/pedro_campelo/projects/cin/testesDeValidacaoDeSoftware/flaky-tests-experiments/httpie/httpie/cli/argparser.py:157: ResourceWarning: unclosed file <_io.TextIOWrapper name=36 mode='w+t' encoding='utf-8'>
    self.env = env
  Enable tracemalloc to get traceback where the object was allocated.
  See https://docs.pytest.org/en/stable/how-to/capture-warnings.html#resource-warnings for more info.

tests/test_output.py::TestQuietFlag::test_quiet[quiet_flags1]
tests/test_output.py::TestQuietFlag::test_quiet_with_password_prompt[quiet_flags3]
  /home/pedro_campelo/projects/cin/testesDeValidacaoDeSoftware/flaky-tests-experiments/httpie/httpie/cli/argparser.py:157: ResourceWarning: unclosed file <_io.TextIOWrapper name=37 mode='w+t' encoding='utf-8'>
    self.env = env
  Enable tracemalloc to get traceback where the object was allocated.
  See https://docs.pytest.org/en/stable/how-to/capture-warnings.html#resource-warnings for more info.

tests/test_output.py::TestQuietFlag::test_quiet_with_explicit_output_options[-h-quiet_flags3]
  /home/pedro_campelo/projects/cin/testesDeValidacaoDeSoftware/flaky-tests-experiments/httpie/httpie/cli/argparser.py:157: ResourceWarning: unclosed file <_io.TextIOWrapper name=38 mode='w+t' encoding='utf-8'>
    self.env = env
  Enable tracemalloc to get traceback where the object was allocated.
  See https://docs.pytest.org/en/stable/how-to/capture-warnings.html#resource-warnings for more info.

tests/test_json.py::test_duplicate_keys_support_from_input_file
tests/test_json.py::test_json_formatter_with_body_preceded_by_non_json_data[none-json_data2-)]}',]
  /home/pedro_campelo/projects/cin/testesDeValidacaoDeSoftware/flaky-tests-experiments/httpie/httpie/cli/argparser.py:159: ResourceWarning: unclosed file <_io.BufferedReader name='/home/pedro_campelo/projects/cin/testesDeValidacaoDeSoftware/flaky-tests-experiments/httpie/tests/fixtures/test_with_dupe_keys.json'>
    self.args, no_options = super().parse_known_args(args, namespace)
  Enable tracemalloc to get traceback where the object was allocated.
  See https://docs.pytest.org/en/stable/how-to/capture-warnings.html#resource-warnings for more info.

tests/test_uploads.py::TestMultipartFormDataFileUpload::test_multipart
  /home/pedro_campelo/projects/cin/testesDeValidacaoDeSoftware/flaky-tests-comparative-study/.venv-httpie/lib/python3.12/site-packages/werkzeug/datastructures.py:1099: ResourceWarning: unclosed file <_io.FileIO name='/home/pedro_campelo/projects/cin/testesDeValidacaoDeSoftware/flaky-tests-experiments/httpie/tests/fixtures/test.txt' mode='rb' closefd=True>
    def __iter__(self):
  Enable tracemalloc to get traceback where the object was allocated.
  See https://docs.pytest.org/en/stable/how-to/capture-warnings.html#resource-warnings for more info.

tests/test_encoding.py::test_terminal_output_response_content_type_charset_with_stream[format-utf-8-V\u0161ichni lid\xe9 jsou si rovni. V\u0161ichni lid\xe9 jsou si rovni.]
  /usr/lib/python3.12/contextlib.py:446: ResourceWarning: unclosed file <_io.BufferedReader name='/home/pedro_campelo/projects/cin/testesDeValidacaoDeSoftware/flaky-tests-experiments/httpie/tests/fixtures/test.txt'>
    def __exit__(self, exctype, excinst, exctb):
  Enable tracemalloc to get traceback where the object was allocated.
  See https://docs.pytest.org/en/stable/how-to/capture-warnings.html#resource-warnings for more info.

tests/test_ssl.py::TestServerCert::test_verify_false_OK[fALse]
tests/test_ssl.py::TestServerCert::test_verify_false_OK[false]
tests/test_ssl.py::TestServerCert::test_verify_no_OK
  /home/pedro_campelo/projects/cin/testesDeValidacaoDeSoftware/flaky-tests-comparative-study/.venv-httpie/lib/python3.12/site-packages/urllib3/connectionpool.py:1097: InsecureRequestWarning: Unverified HTTPS request is being made to host '127.0.0.1'. Adding certificate verification is strongly advised. See: https://urllib3.readthedocs.io/en/latest/advanced-usage.html#tls-warnings
    warnings.warn(

tests/test_ssl.py::test_ssl_version[tls1.2]
tests/test_ssl.py::test_ssl_version[tls1.1]
tests/test_ssl.py::test_ssl_version[tls1]
/home/pedro_campelo/projects/cin/testesDeValidacaoDeSoftware/flaky-tests-comparative-study/.venv-httpie/lib/python3.12/site-packages/_pytest/unraisableexception.py:33: ResourceWarning: unclosed file <_io.BufferedReader name='/home/pedro_campelo/projects/cin/testesDeValidacaoDeSoftware/flaky-tests-experiments/httpie/tests/fixtures/test.txt'>
  gc.collect()
ResourceWarning: Enable tracemalloc to get the object allocation traceback
/home/pedro_campelo/projects/cin/testesDeValidacaoDeSoftware/flaky-tests-comparative-study/.venv-httpie/lib/python3.12/site-packages/_pytest/unraisableexception.py:33: ResourceWarning: unclosed file <_io.TextIOWrapper name='/tmp/httpie_stderr5z3z1sci' mode='w+t' encoding='utf-8'>
  gc.collect()
ResourceWarning: Enable tracemalloc to get the object allocation traceback
  /home/pedro_campelo/projects/cin/testesDeValidacaoDeSoftware/flaky-tests-experiments/httpie/httpie/ssl_.py:76: DeprecationWarning: 'ssl_version' option is deprecated and will be removed in urllib3 v2.6.0. Instead use 'ssl_minimum_version'
    ssl_context = create_urllib3_context(

tests/test_ssl.py::test_ssl_version[tls1.1]
  /home/pedro_campelo/projects/cin/testesDeValidacaoDeSoftware/flaky-tests-comparative-study/.venv-httpie/lib/python3.12/site-packages/urllib3/util/ssl_.py:301: DeprecationWarning: ssl.TLSVersion.TLSv1_1 is deprecated
    context.minimum_version = ssl_minimum_version

tests/test_ssl.py::test_ssl_version[tls1.1]
  /home/pedro_campelo/projects/cin/testesDeValidacaoDeSoftware/flaky-tests-comparative-study/.venv-httpie/lib/python3.12/site-packages/urllib3/util/ssl_.py:306: DeprecationWarning: ssl.TLSVersion.TLSv1_1 is deprecated
    context.maximum_version = ssl_maximum_version

tests/test_ssl.py::test_ssl_version[tls1]
  /home/pedro_campelo/projects/cin/testesDeValidacaoDeSoftware/flaky-tests-comparative-study/.venv-httpie/lib/python3.12/site-packages/urllib3/util/ssl_.py:301: DeprecationWarning: ssl.TLSVersion.TLSv1 is deprecated
    context.minimum_version = ssl_minimum_version

tests/test_ssl.py::test_ssl_version[tls1]
  /home/pedro_campelo/projects/cin/testesDeValidacaoDeSoftware/flaky-tests-comparative-study/.venv-httpie/lib/python3.12/site-packages/urllib3/util/ssl_.py:306: DeprecationWarning: ssl.TLSVersion.TLSv1 is deprecated
    context.maximum_version = ssl_maximum_version

tests/test_downloads.py::TestDownloads::test_download_with_redirect_original_url_used_for_filename
  /home/pedro_campelo/projects/cin/testesDeValidacaoDeSoftware/flaky-tests-experiments/httpie/httpie/core.py:100: ResourceWarning: unclosed file <_io.FileIO name='1.json' mode='ab+' closefd=True>
    exit_status = main_program(
  Enable tracemalloc to get traceback where the object was allocated.
  See https://docs.pytest.org/en/stable/how-to/capture-warnings.html#resource-warnings for more info.

tests/test_cookie.py::TestIntegration::test_cookie_parser
  /home/pedro_campelo/projects/cin/testesDeValidacaoDeSoftware/flaky-tests-experiments/httpie/tests/test_cookie.py:19: DeprecationWarning: setDaemon() is deprecated, set the daemon attribute instead
    self.mock_server_thread.setDaemon(True)

-- Docs: https://docs.pytest.org/en/stable/how-to/capture-warnings.html
=========================== short test summary info ============================
FAILED tests/test_meta.py::test_meta_elapsed_time - AssertionError: assert 'E...
FAILED tests/test_encoding.py::test_terminal_output_request_charset_detection[big5-\u5377\u9996\u5377\u9996\u5377\u9996\u5377\u9996\u5377\u5377\u9996\u5377\u9996\u5377\u9996\u5377\u9996\u5377\u9996\u5377\u9996\u5377\u9996\u5377\u9996\u5377\u9996\u5377\u9996\u5377\u9996\u5377\u9996\u5377\u9996]
FAILED tests/test_encoding.py::test_terminal_output_response_charset_detection[big5-\u5377\u9996\u5377\u9996\u5377\u9996\u5377\u9996\u5377\u5377\u9996\u5377\u9996\u5377\u9996\u5377\u9996\u5377\u9996\u5377\u9996\u5377\u9996\u5377\u9996\u5377\u9996\u5377\u9996\u5377\u9996\u5377\u9996\u5377\u9996]
3 failed, 1016 passed, 5 skipped, 4 xfailed, 133 warnings in 117.02s (0:01:57)
